[0.011s] Invoking command in '/home/nisarg/Documents/repo/libchamp-imp/ros2_ws/build/quadruped_mujoco': CMAKE_PREFIX_PATH=${CMAKE_PREFIX_PATH}:/home/nisarg/Documents/repo/helium-quadruped-mjc/install/helium_quadruped_simulation:/home/nisarg/Documents/repo/helium-quadruped-mjc/install/helium_quadruped_description:/home/nisarg/Documents/repo/helium-quadruped-mjc/install/helium_quadruped_controller:/opt/ros/humble /usr/bin/cmake --build /home/nisarg/Documents/repo/libchamp-imp/ros2_ws/build/quadruped_mujoco -- -j12 -l12
[0.069s] [  1%] Built target quadruped_mujoco__cpp
[0.077s] [  3%] Built target mujoco_interface_node
[0.091s] [ 12%] Built target quadruped_mujoco__rosidl_generator_c
[0.102s] [ 12%] Built target ament_cmake_python_copy_quadruped_mujoco
[0.123s] [ 22%] Built target quadruped_mujoco__rosidl_typesupport_cpp
[0.127s] [ 31%] Built target quadruped_mujoco__rosidl_typesupport_fastrtps_cpp
[0.129s] [ 40%] Built target quadruped_mujoco__rosidl_typesupport_introspection_cpp
[0.140s] [ 49%] Built target quadruped_mujoco__rosidl_typesupport_c
[0.141s] [ 58%] Built target quadruped_mujoco__rosidl_typesupport_fastrtps_c
[0.144s] [ 67%] Built target quadruped_mujoco__rosidl_typesupport_introspection_c
[0.158s] [ 70%] Built target quadruped_mujoco_lib
[0.166s] [ 70%] Built target quadruped_mujoco
[0.169s] [35m[1mConsolidate compiler generated dependencies of target mujoco_sim_node[0m
[0.181s] [ 74%] Built target quadruped_mujoco__py
[0.181s] [ 74%] Built target mujoco_sim_node
[0.183s] [ 76%] Built target turn_node
[0.184s] [ 79%] Built target trot_node
[0.187s] [ 84%] Built target quadruped_controller_node
[0.187s] [ 84%] Built target waypoint_nav_node
[0.202s] [ 92%] Built target quadruped_mujoco__rosidl_generator_py
[0.223s] [ 96%] Built target quadruped_mujoco__rosidl_typesupport_introspection_c__pyext
[0.223s] [ 97%] Built target quadruped_mujoco__rosidl_typesupport_fastrtps_c__pyext
[0.225s] [100%] Built target quadruped_mujoco__rosidl_typesupport_c__pyext
[0.297s] running egg_info
[0.297s] writing quadruped_mujoco.egg-info/PKG-INFO
[0.297s] writing dependency_links to quadruped_mujoco.egg-info/dependency_links.txt
[0.298s] writing top-level names to quadruped_mujoco.egg-info/top_level.txt
[0.299s] reading manifest file 'quadruped_mujoco.egg-info/SOURCES.txt'
[0.299s] writing manifest file 'quadruped_mujoco.egg-info/SOURCES.txt'
[0.320s] [100%] Built target ament_cmake_python_build_quadruped_mujoco_egg
[0.332s] Invoked command in '/home/nisarg/Documents/repo/libchamp-imp/ros2_ws/build/quadruped_mujoco' returned '0': CMAKE_PREFIX_PATH=${CMAKE_PREFIX_PATH}:/home/nisarg/Documents/repo/helium-quadruped-mjc/install/helium_quadruped_simulation:/home/nisarg/Documents/repo/helium-quadruped-mjc/install/helium_quadruped_description:/home/nisarg/Documents/repo/helium-quadruped-mjc/install/helium_quadruped_controller:/opt/ros/humble /usr/bin/cmake --build /home/nisarg/Documents/repo/libchamp-imp/ros2_ws/build/quadruped_mujoco -- -j12 -l12
[0.345s] Invoking command in '/home/nisarg/Documents/repo/libchamp-imp/ros2_ws/build/quadruped_mujoco': CMAKE_PREFIX_PATH=${CMAKE_PREFIX_PATH}:/home/nisarg/Documents/repo/helium-quadruped-mjc/install/helium_quadruped_simulation:/home/nisarg/Documents/repo/helium-quadruped-mjc/install/helium_quadruped_description:/home/nisarg/Documents/repo/helium-quadruped-mjc/install/helium_quadruped_controller:/opt/ros/humble /usr/bin/cmake --install /home/nisarg/Documents/repo/libchamp-imp/ros2_ws/build/quadruped_mujoco
[0.365s] -- Install configuration: ""
[0.366s] -- Up-to-date: /home/nisarg/Documents/repo/libchamp-imp/ros2_ws/install/quadruped_mujoco/share/ament_index/resource_index/rosidl_interfaces/quadruped_mujoco
[0.367s] -- Up-to-date: /home/nisarg/Documents/repo/libchamp-imp/ros2_ws/install/quadruped_mujoco/include/quadruped_mujoco/quadruped_mujoco
[0.367s] -- Up-to-date: /home/nisarg/Documents/repo/libchamp-imp/ros2_ws/install/quadruped_mujoco/include/quadruped_mujoco/quadruped_mujoco/msg
[0.368s] -- Up-to-date: /home/nisarg/Documents/repo/libchamp-imp/ros2_ws/install/quadruped_mujoco/include/quadruped_mujoco/quadruped_mujoco/msg/contacts_stamped.h
[0.368s] -- Up-to-date: /home/nisarg/Documents/repo/libchamp-imp/ros2_ws/install/quadruped_mujoco/include/quadruped_mujoco/quadruped_mujoco/msg/velocities.h
[0.368s] -- Up-to-date: /home/nisarg/Documents/repo/libchamp-imp/ros2_ws/install/quadruped_mujoco/include/quadruped_mujoco/quadruped_mujoco/msg/joints.h
[0.369s] -- Up-to-date: /home/nisarg/Documents/repo/libchamp-imp/ros2_ws/install/quadruped_mujoco/include/quadruped_mujoco/quadruped_mujoco/msg/contacts.h
[0.369s] -- Up-to-date: /home/nisarg/Documents/repo/libchamp-imp/ros2_ws/install/quadruped_mujoco/include/quadruped_mujoco/quadruped_mujoco/msg/detail
[0.369s] -- Up-to-date: /home/nisarg/Documents/repo/libchamp-imp/ros2_ws/install/quadruped_mujoco/include/quadruped_mujoco/quadruped_mujoco/msg/detail/velocities__functions.h
[0.369s] -- Up-to-date: /home/nisarg/Documents/repo/libchamp-imp/ros2_ws/install/quadruped_mujoco/include/quadruped_mujoco/quadruped_mujoco/msg/detail/contacts__type_support.h
[0.369s] -- Up-to-date: /home/nisarg/Documents/repo/libchamp-imp/ros2_ws/install/quadruped_mujoco/include/quadruped_mujoco/quadruped_mujoco/msg/detail/contacts_stamped__functions.c
[0.369s] -- Up-to-date: /home/nisarg/Documents/repo/libchamp-imp/ros2_ws/install/quadruped_mujoco/include/quadruped_mujoco/quadruped_mujoco/msg/detail/contacts_stamped__functions.h
[0.369s] -- Up-to-date: /home/nisarg/Documents/repo/libchamp-imp/ros2_ws/install/quadruped_mujoco/include/quadruped_mujoco/quadruped_mujoco/msg/detail/joints__type_support.h
[0.370s] -- Up-to-date: /home/nisarg/Documents/repo/libchamp-imp/ros2_ws/install/quadruped_mujoco/include/quadruped_mujoco/quadruped_mujoco/msg/detail/pose__functions.h
[0.370s] -- Up-to-date: /home/nisarg/Documents/repo/libchamp-imp/ros2_ws/install/quadruped_mujoco/include/quadruped_mujoco/quadruped_mujoco/msg/detail/joints__struct.h
[0.370s] -- Up-to-date: /home/nisarg/Documents/repo/libchamp-imp/ros2_ws/install/quadruped_mujoco/include/quadruped_mujoco/quadruped_mujoco/msg/detail/pose__type_support.h
[0.370s] -- Up-to-date: /home/nisarg/Documents/repo/libchamp-imp/ros2_ws/install/quadruped_mujoco/include/quadruped_mujoco/quadruped_mujoco/msg/detail/joints__functions.h
[0.370s] -- Up-to-date: /home/nisarg/Documents/repo/libchamp-imp/ros2_ws/install/quadruped_mujoco/include/quadruped_mujoco/quadruped_mujoco/msg/detail/contacts__struct.h
[0.370s] -- Up-to-date: /home/nisarg/Documents/repo/libchamp-imp/ros2_ws/install/quadruped_mujoco/include/quadruped_mujoco/quadruped_mujoco/msg/detail/joints__functions.c
[0.371s] -- Up-to-date: /home/nisarg/Documents/repo/libchamp-imp/ros2_ws/install/quadruped_mujoco/include/quadruped_mujoco/quadruped_mujoco/msg/detail/velocities__functions.c
[0.371s] -- Up-to-date: /home/nisarg/Documents/repo/libchamp-imp/ros2_ws/install/quadruped_mujoco/include/quadruped_mujoco/quadruped_mujoco/msg/detail/pose__functions.c
[0.371s] -- Up-to-date: /home/nisarg/Documents/repo/libchamp-imp/ros2_ws/install/quadruped_mujoco/include/quadruped_mujoco/quadruped_mujoco/msg/detail/velocities__struct.h
[0.372s] -- Up-to-date: /home/nisarg/Documents/repo/libchamp-imp/ros2_ws/install/quadruped_mujoco/include/quadruped_mujoco/quadruped_mujoco/msg/detail/contacts__functions.h
[0.373s] -- Up-to-date: /home/nisarg/Documents/repo/libchamp-imp/ros2_ws/install/quadruped_mujoco/include/quadruped_mujoco/quadruped_mujoco/msg/detail/contacts__functions.c
[0.373s] -- Up-to-date: /home/nisarg/Documents/repo/libchamp-imp/ros2_ws/install/quadruped_mujoco/include/quadruped_mujoco/quadruped_mujoco/msg/detail/pose__struct.h
[0.373s] -- Up-to-date: /home/nisarg/Documents/repo/libchamp-imp/ros2_ws/install/quadruped_mujoco/include/quadruped_mujoco/quadruped_mujoco/msg/detail/contacts_stamped__struct.h
[0.373s] -- Up-to-date: /home/nisarg/Documents/repo/libchamp-imp/ros2_ws/install/quadruped_mujoco/include/quadruped_mujoco/quadruped_mujoco/msg/detail/velocities__type_support.h
[0.373s] -- Up-to-date: /home/nisarg/Documents/repo/libchamp-imp/ros2_ws/install/quadruped_mujoco/include/quadruped_mujoco/quadruped_mujoco/msg/detail/contacts_stamped__type_support.h
[0.374s] -- Up-to-date: /home/nisarg/Documents/repo/libchamp-imp/ros2_ws/install/quadruped_mujoco/include/quadruped_mujoco/quadruped_mujoco/msg/rosidl_generator_c__visibility_control.h
[0.374s] -- Up-to-date: /home/nisarg/Documents/repo/libchamp-imp/ros2_ws/install/quadruped_mujoco/include/quadruped_mujoco/quadruped_mujoco/msg/pose.h
[0.375s] -- Up-to-date: /home/nisarg/Documents/repo/libchamp-imp/ros2_ws/install/quadruped_mujoco/share/quadruped_mujoco/environment/library_path.sh
[0.375s] -- Up-to-date: /home/nisarg/Documents/repo/libchamp-imp/ros2_ws/install/quadruped_mujoco/share/quadruped_mujoco/environment/library_path.dsv
[0.375s] -- Up-to-date: /home/nisarg/Documents/repo/libchamp-imp/ros2_ws/install/quadruped_mujoco/lib/libquadruped_mujoco__rosidl_generator_c.so
[0.375s] -- Up-to-date: /home/nisarg/Documents/repo/libchamp-imp/ros2_ws/install/quadruped_mujoco/include/quadruped_mujoco/quadruped_mujoco
[0.375s] -- Up-to-date: /home/nisarg/Documents/repo/libchamp-imp/ros2_ws/install/quadruped_mujoco/include/quadruped_mujoco/quadruped_mujoco/msg
[0.376s] -- Up-to-date: /home/nisarg/Documents/repo/libchamp-imp/ros2_ws/install/quadruped_mujoco/include/quadruped_mujoco/quadruped_mujoco/msg/rosidl_typesupport_fastrtps_c__visibility_control.h
[0.376s] -- Up-to-date: /home/nisarg/Documents/repo/libchamp-imp/ros2_ws/install/quadruped_mujoco/include/quadruped_mujoco/quadruped_mujoco/msg/detail
[0.377s] -- Up-to-date: /home/nisarg/Documents/repo/libchamp-imp/ros2_ws/install/quadruped_mujoco/include/quadruped_mujoco/quadruped_mujoco/msg/detail/joints__rosidl_typesupport_fastrtps_c.h
[0.378s] -- Up-to-date: /home/nisarg/Documents/repo/libchamp-imp/ros2_ws/install/quadruped_mujoco/include/quadruped_mujoco/quadruped_mujoco/msg/detail/velocities__rosidl_typesupport_fastrtps_c.h
[0.378s] -- Up-to-date: /home/nisarg/Documents/repo/libchamp-imp/ros2_ws/install/quadruped_mujoco/include/quadruped_mujoco/quadruped_mujoco/msg/detail/contacts_stamped__rosidl_typesupport_fastrtps_c.h
[0.379s] -- Up-to-date: /home/nisarg/Documents/repo/libchamp-imp/ros2_ws/install/quadruped_mujoco/include/quadruped_mujoco/quadruped_mujoco/msg/detail/contacts__rosidl_typesupport_fastrtps_c.h
[0.379s] -- Up-to-date: /home/nisarg/Documents/repo/libchamp-imp/ros2_ws/install/quadruped_mujoco/include/quadruped_mujoco/quadruped_mujoco/msg/detail/pose__rosidl_typesupport_fastrtps_c.h
[0.380s] -- Up-to-date: /home/nisarg/Documents/repo/libchamp-imp/ros2_ws/install/quadruped_mujoco/lib/libquadruped_mujoco__rosidl_typesupport_fastrtps_c.so
[0.380s] -- Up-to-date: /home/nisarg/Documents/repo/libchamp-imp/ros2_ws/install/quadruped_mujoco/include/quadruped_mujoco/quadruped_mujoco
[0.381s] -- Up-to-date: /home/nisarg/Documents/repo/libchamp-imp/ros2_ws/install/quadruped_mujoco/include/quadruped_mujoco/quadruped_mujoco/msg
[0.381s] -- Up-to-date: /home/nisarg/Documents/repo/libchamp-imp/ros2_ws/install/quadruped_mujoco/include/quadruped_mujoco/quadruped_mujoco/msg/pose.hpp
[0.381s] -- Up-to-date: /home/nisarg/Documents/repo/libchamp-imp/ros2_ws/install/quadruped_mujoco/include/quadruped_mujoco/quadruped_mujoco/msg/contacts.hpp
[0.381s] -- Up-to-date: /home/nisarg/Documents/repo/libchamp-imp/ros2_ws/install/quadruped_mujoco/include/quadruped_mujoco/quadruped_mujoco/msg/velocities.hpp
[0.382s] -- Up-to-date: /home/nisarg/Documents/repo/libchamp-imp/ros2_ws/install/quadruped_mujoco/include/quadruped_mujoco/quadruped_mujoco/msg/joints.hpp
[0.382s] -- Up-to-date: /home/nisarg/Documents/repo/libchamp-imp/ros2_ws/install/quadruped_mujoco/include/quadruped_mujoco/quadruped_mujoco/msg/detail
[0.382s] -- Up-to-date: /home/nisarg/Documents/repo/libchamp-imp/ros2_ws/install/quadruped_mujoco/include/quadruped_mujoco/quadruped_mujoco/msg/detail/pose__traits.hpp
[0.383s] -- Up-to-date: /home/nisarg/Documents/repo/libchamp-imp/ros2_ws/install/quadruped_mujoco/include/quadruped_mujoco/quadruped_mujoco/msg/detail/velocities__struct.hpp
[0.383s] -- Up-to-date: /home/nisarg/Documents/repo/libchamp-imp/ros2_ws/install/quadruped_mujoco/include/quadruped_mujoco/quadruped_mujoco/msg/detail/joints__traits.hpp
[0.383s] -- Up-to-date: /home/nisarg/Documents/repo/libchamp-imp/ros2_ws/install/quadruped_mujoco/include/quadruped_mujoco/quadruped_mujoco/msg/detail/contacts_stamped__builder.hpp
[0.384s] -- Up-to-date: /home/nisarg/Documents/repo/libchamp-imp/ros2_ws/install/quadruped_mujoco/include/quadruped_mujoco/quadruped_mujoco/msg/detail/contacts__type_support.hpp
[0.385s] -- Up-to-date: /home/nisarg/Documents/repo/libchamp-imp/ros2_ws/install/quadruped_mujoco/include/quadruped_mujoco/quadruped_mujoco/msg/detail/contacts__struct.hpp
[0.385s] -- Up-to-date: /home/nisarg/Documents/repo/libchamp-imp/ros2_ws/install/quadruped_mujoco/include/quadruped_mujoco/quadruped_mujoco/msg/detail/velocities__traits.hpp
[0.386s] -- Up-to-date: /home/nisarg/Documents/repo/libchamp-imp/ros2_ws/install/quadruped_mujoco/include/quadruped_mujoco/quadruped_mujoco/msg/detail/joints__type_support.hpp
[0.386s] -- Up-to-date: /home/nisarg/Documents/repo/libchamp-imp/ros2_ws/install/quadruped_mujoco/include/quadruped_mujoco/quadruped_mujoco/msg/detail/contacts_stamped__type_support.hpp
[0.386s] -- Up-to-date: /home/nisarg/Documents/repo/libchamp-imp/ros2_ws/install/quadruped_mujoco/include/quadruped_mujoco/quadruped_mujoco/msg/detail/pose__struct.hpp
[0.387s] -- Up-to-date: /home/nisarg/Documents/repo/libchamp-imp/ros2_ws/install/quadruped_mujoco/include/quadruped_mujoco/quadruped_mujoco/msg/detail/velocities__builder.hpp
[0.387s] -- Up-to-date: /home/nisarg/Documents/repo/libchamp-imp/ros2_ws/install/quadruped_mujoco/include/quadruped_mujoco/quadruped_mujoco/msg/detail/contacts_stamped__struct.hpp
[0.387s] -- Up-to-date: /home/nisarg/Documents/repo/libchamp-imp/ros2_ws/install/quadruped_mujoco/include/quadruped_mujoco/quadruped_mujoco/msg/detail/pose__type_support.hpp
[0.387s] -- Up-to-date: /home/nisarg/Documents/repo/libchamp-imp/ros2_ws/install/quadruped_mujoco/include/quadruped_mujoco/quadruped_mujoco/msg/detail/joints__builder.hpp
[0.388s] -- Up-to-date: /home/nisarg/Documents/repo/libchamp-imp/ros2_ws/install/quadruped_mujoco/include/quadruped_mujoco/quadruped_mujoco/msg/detail/joints__struct.hpp
[0.388s] -- Up-to-date: /home/nisarg/Documents/repo/libchamp-imp/ros2_ws/install/quadruped_mujoco/include/quadruped_mujoco/quadruped_mujoco/msg/detail/contacts__traits.hpp
[0.388s] -- Up-to-date: /home/nisarg/Documents/repo/libchamp-imp/ros2_ws/install/quadruped_mujoco/include/quadruped_mujoco/quadruped_mujoco/msg/detail/velocities__type_support.hpp
[0.389s] -- Up-to-date: /home/nisarg/Documents/repo/libchamp-imp/ros2_ws/install/quadruped_mujoco/include/quadruped_mujoco/quadruped_mujoco/msg/detail/contacts_stamped__traits.hpp
[0.389s] -- Up-to-date: /home/nisarg/Documents/repo/libchamp-imp/ros2_ws/install/quadruped_mujoco/include/quadruped_mujoco/quadruped_mujoco/msg/detail/contacts__builder.hpp
[0.389s] -- Up-to-date: /home/nisarg/Documents/repo/libchamp-imp/ros2_ws/install/quadruped_mujoco/include/quadruped_mujoco/quadruped_mujoco/msg/detail/pose__builder.hpp
[0.389s] -- Up-to-date: /home/nisarg/Documents/repo/libchamp-imp/ros2_ws/install/quadruped_mujoco/include/quadruped_mujoco/quadruped_mujoco/msg/contacts_stamped.hpp
[0.390s] -- Up-to-date: /home/nisarg/Documents/repo/libchamp-imp/ros2_ws/install/quadruped_mujoco/include/quadruped_mujoco/quadruped_mujoco/msg/rosidl_generator_cpp__visibility_control.hpp
[0.390s] -- Up-to-date: /home/nisarg/Documents/repo/libchamp-imp/ros2_ws/install/quadruped_mujoco/include/quadruped_mujoco/quadruped_mujoco
[0.391s] -- Up-to-date: /home/nisarg/Documents/repo/libchamp-imp/ros2_ws/install/quadruped_mujoco/include/quadruped_mujoco/quadruped_mujoco/msg
[0.391s] -- Up-to-date: /home/nisarg/Documents/repo/libchamp-imp/ros2_ws/install/quadruped_mujoco/include/quadruped_mujoco/quadruped_mujoco/msg/rosidl_typesupport_fastrtps_cpp__visibility_control.h
[0.392s] -- Up-to-date: /home/nisarg/Documents/repo/libchamp-imp/ros2_ws/install/quadruped_mujoco/include/quadruped_mujoco/quadruped_mujoco/msg/detail
[0.392s] -- Up-to-date: /home/nisarg/Documents/repo/libchamp-imp/ros2_ws/install/quadruped_mujoco/include/quadruped_mujoco/quadruped_mujoco/msg/detail/contacts_stamped__rosidl_typesupport_fastrtps_cpp.hpp
[0.392s] -- Up-to-date: /home/nisarg/Documents/repo/libchamp-imp/ros2_ws/install/quadruped_mujoco/include/quadruped_mujoco/quadruped_mujoco/msg/detail/joints__rosidl_typesupport_fastrtps_cpp.hpp
[0.392s] -- Up-to-date: /home/nisarg/Documents/repo/libchamp-imp/ros2_ws/install/quadruped_mujoco/include/quadruped_mujoco/quadruped_mujoco/msg/detail/dds_fastrtps
[0.393s] -- Up-to-date: /home/nisarg/Documents/repo/libchamp-imp/ros2_ws/install/quadruped_mujoco/include/quadruped_mujoco/quadruped_mujoco/msg/detail/velocities__rosidl_typesupport_fastrtps_cpp.hpp
[0.393s] -- Up-to-date: /home/nisarg/Documents/repo/libchamp-imp/ros2_ws/install/quadruped_mujoco/include/quadruped_mujoco/quadruped_mujoco/msg/detail/contacts__rosidl_typesupport_fastrtps_cpp.hpp
[0.393s] -- Up-to-date: /home/nisarg/Documents/repo/libchamp-imp/ros2_ws/install/quadruped_mujoco/include/quadruped_mujoco/quadruped_mujoco/msg/detail/pose__rosidl_typesupport_fastrtps_cpp.hpp
[0.393s] -- Up-to-date: /home/nisarg/Documents/repo/libchamp-imp/ros2_ws/install/quadruped_mujoco/lib/libquadruped_mujoco__rosidl_typesupport_fastrtps_cpp.so
[0.394s] -- Up-to-date: /home/nisarg/Documents/repo/libchamp-imp/ros2_ws/install/quadruped_mujoco/include/quadruped_mujoco/quadruped_mujoco
[0.394s] -- Up-to-date: /home/nisarg/Documents/repo/libchamp-imp/ros2_ws/install/quadruped_mujoco/include/quadruped_mujoco/quadruped_mujoco/msg
[0.394s] -- Up-to-date: /home/nisarg/Documents/repo/libchamp-imp/ros2_ws/install/quadruped_mujoco/include/quadruped_mujoco/quadruped_mujoco/msg/detail
[0.394s] -- Up-to-date: /home/nisarg/Documents/repo/libchamp-imp/ros2_ws/install/quadruped_mujoco/include/quadruped_mujoco/quadruped_mujoco/msg/detail/joints__rosidl_typesupport_introspection_c.h
[0.394s] -- Up-to-date: /home/nisarg/Documents/repo/libchamp-imp/ros2_ws/install/quadruped_mujoco/include/quadruped_mujoco/quadruped_mujoco/msg/detail/joints__type_support.c
[0.394s] -- Up-to-date: /home/nisarg/Documents/repo/libchamp-imp/ros2_ws/install/quadruped_mujoco/include/quadruped_mujoco/quadruped_mujoco/msg/detail/velocities__type_support.c
[0.395s] -- Up-to-date: /home/nisarg/Documents/repo/libchamp-imp/ros2_ws/install/quadruped_mujoco/include/quadruped_mujoco/quadruped_mujoco/msg/detail/contacts__rosidl_typesupport_introspection_c.h
[0.395s] -- Up-to-date: /home/nisarg/Documents/repo/libchamp-imp/ros2_ws/install/quadruped_mujoco/include/quadruped_mujoco/quadruped_mujoco/msg/detail/velocities__rosidl_typesupport_introspection_c.h
[0.395s] -- Up-to-date: /home/nisarg/Documents/repo/libchamp-imp/ros2_ws/install/quadruped_mujoco/include/quadruped_mujoco/quadruped_mujoco/msg/detail/pose__rosidl_typesupport_introspection_c.h
[0.395s] -- Up-to-date: /home/nisarg/Documents/repo/libchamp-imp/ros2_ws/install/quadruped_mujoco/include/quadruped_mujoco/quadruped_mujoco/msg/detail/contacts__type_support.c
[0.395s] -- Up-to-date: /home/nisarg/Documents/repo/libchamp-imp/ros2_ws/install/quadruped_mujoco/include/quadruped_mujoco/quadruped_mujoco/msg/detail/contacts_stamped__type_support.c
[0.395s] -- Up-to-date: /home/nisarg/Documents/repo/libchamp-imp/ros2_ws/install/quadruped_mujoco/include/quadruped_mujoco/quadruped_mujoco/msg/detail/contacts_stamped__rosidl_typesupport_introspection_c.h
[0.395s] -- Up-to-date: /home/nisarg/Documents/repo/libchamp-imp/ros2_ws/install/quadruped_mujoco/include/quadruped_mujoco/quadruped_mujoco/msg/detail/pose__type_support.c
[0.396s] -- Up-to-date: /home/nisarg/Documents/repo/libchamp-imp/ros2_ws/install/quadruped_mujoco/include/quadruped_mujoco/quadruped_mujoco/msg/rosidl_typesupport_introspection_c__visibility_control.h
[0.396s] -- Up-to-date: /home/nisarg/Documents/repo/libchamp-imp/ros2_ws/install/quadruped_mujoco/lib/libquadruped_mujoco__rosidl_typesupport_introspection_c.so
[0.396s] -- Up-to-date: /home/nisarg/Documents/repo/libchamp-imp/ros2_ws/install/quadruped_mujoco/lib/libquadruped_mujoco__rosidl_typesupport_c.so
[0.396s] -- Up-to-date: /home/nisarg/Documents/repo/libchamp-imp/ros2_ws/install/quadruped_mujoco/include/quadruped_mujoco/quadruped_mujoco
[0.396s] -- Up-to-date: /home/nisarg/Documents/repo/libchamp-imp/ros2_ws/install/quadruped_mujoco/include/quadruped_mujoco/quadruped_mujoco/msg
[0.397s] -- Up-to-date: /home/nisarg/Documents/repo/libchamp-imp/ros2_ws/install/quadruped_mujoco/include/quadruped_mujoco/quadruped_mujoco/msg/detail
[0.397s] -- Up-to-date: /home/nisarg/Documents/repo/libchamp-imp/ros2_ws/install/quadruped_mujoco/include/quadruped_mujoco/quadruped_mujoco/msg/detail/joints__type_support.cpp
[0.397s] -- Up-to-date: /home/nisarg/Documents/repo/libchamp-imp/ros2_ws/install/quadruped_mujoco/include/quadruped_mujoco/quadruped_mujoco/msg/detail/velocities__rosidl_typesupport_introspection_cpp.hpp
[0.397s] -- Up-to-date: /home/nisarg/Documents/repo/libchamp-imp/ros2_ws/install/quadruped_mujoco/include/quadruped_mujoco/quadruped_mujoco/msg/detail/velocities__type_support.cpp
[0.397s] -- Up-to-date: /home/nisarg/Documents/repo/libchamp-imp/ros2_ws/install/quadruped_mujoco/include/quadruped_mujoco/quadruped_mujoco/msg/detail/contacts__type_support.cpp
[0.397s] -- Up-to-date: /home/nisarg/Documents/repo/libchamp-imp/ros2_ws/install/quadruped_mujoco/include/quadruped_mujoco/quadruped_mujoco/msg/detail/joints__rosidl_typesupport_introspection_cpp.hpp
[0.397s] -- Up-to-date: /home/nisarg/Documents/repo/libchamp-imp/ros2_ws/install/quadruped_mujoco/include/quadruped_mujoco/quadruped_mujoco/msg/detail/contacts__rosidl_typesupport_introspection_cpp.hpp
[0.398s] -- Up-to-date: /home/nisarg/Documents/repo/libchamp-imp/ros2_ws/install/quadruped_mujoco/include/quadruped_mujoco/quadruped_mujoco/msg/detail/pose__rosidl_typesupport_introspection_cpp.hpp
[0.398s] -- Up-to-date: /home/nisarg/Documents/repo/libchamp-imp/ros2_ws/install/quadruped_mujoco/include/quadruped_mujoco/quadruped_mujoco/msg/detail/pose__type_support.cpp
[0.398s] -- Up-to-date: /home/nisarg/Documents/repo/libchamp-imp/ros2_ws/install/quadruped_mujoco/include/quadruped_mujoco/quadruped_mujoco/msg/detail/contacts_stamped__rosidl_typesupport_introspection_cpp.hpp
[0.398s] -- Up-to-date: /home/nisarg/Documents/repo/libchamp-imp/ros2_ws/install/quadruped_mujoco/include/quadruped_mujoco/quadruped_mujoco/msg/detail/contacts_stamped__type_support.cpp
[0.398s] -- Up-to-date: /home/nisarg/Documents/repo/libchamp-imp/ros2_ws/install/quadruped_mujoco/lib/libquadruped_mujoco__rosidl_typesupport_introspection_cpp.so
[0.398s] -- Up-to-date: /home/nisarg/Documents/repo/libchamp-imp/ros2_ws/install/quadruped_mujoco/lib/libquadruped_mujoco__rosidl_typesupport_cpp.so
[0.398s] -- Up-to-date: /home/nisarg/Documents/repo/libchamp-imp/ros2_ws/install/quadruped_mujoco/share/quadruped_mujoco/environment/pythonpath.sh
[0.399s] -- Up-to-date: /home/nisarg/Documents/repo/libchamp-imp/ros2_ws/install/quadruped_mujoco/share/quadruped_mujoco/environment/pythonpath.dsv
[0.399s] -- Up-to-date: /home/nisarg/Documents/repo/libchamp-imp/ros2_ws/install/quadruped_mujoco/local/lib/python3.10/dist-packages/quadruped_mujoco-0.1.0-py3.10.egg-info
[0.399s] -- Installing: /home/nisarg/Documents/repo/libchamp-imp/ros2_ws/install/quadruped_mujoco/local/lib/python3.10/dist-packages/quadruped_mujoco-0.1.0-py3.10.egg-info/PKG-INFO
[0.399s] -- Installing: /home/nisarg/Documents/repo/libchamp-imp/ros2_ws/install/quadruped_mujoco/local/lib/python3.10/dist-packages/quadruped_mujoco-0.1.0-py3.10.egg-info/dependency_links.txt
[0.399s] -- Installing: /home/nisarg/Documents/repo/libchamp-imp/ros2_ws/install/quadruped_mujoco/local/lib/python3.10/dist-packages/quadruped_mujoco-0.1.0-py3.10.egg-info/top_level.txt
[0.400s] -- Installing: /home/nisarg/Documents/repo/libchamp-imp/ros2_ws/install/quadruped_mujoco/local/lib/python3.10/dist-packages/quadruped_mujoco-0.1.0-py3.10.egg-info/SOURCES.txt
[0.400s] -- Up-to-date: /home/nisarg/Documents/repo/libchamp-imp/ros2_ws/install/quadruped_mujoco/local/lib/python3.10/dist-packages/quadruped_mujoco
[0.400s] -- Up-to-date: /home/nisarg/Documents/repo/libchamp-imp/ros2_ws/install/quadruped_mujoco/local/lib/python3.10/dist-packages/quadruped_mujoco/_quadruped_mujoco_s.ep.rosidl_typesupport_c.c
[0.400s] -- Up-to-date: /home/nisarg/Documents/repo/libchamp-imp/ros2_ws/install/quadruped_mujoco/local/lib/python3.10/dist-packages/quadruped_mujoco/libquadruped_mujoco__rosidl_generator_py.so
[0.400s] -- Up-to-date: /home/nisarg/Documents/repo/libchamp-imp/ros2_ws/install/quadruped_mujoco/local/lib/python3.10/dist-packages/quadruped_mujoco/msg
[0.400s] -- Up-to-date: /home/nisarg/Documents/repo/libchamp-imp/ros2_ws/install/quadruped_mujoco/local/lib/python3.10/dist-packages/quadruped_mujoco/msg/_velocities_s.c
[0.400s] -- Up-to-date: /home/nisarg/Documents/repo/libchamp-imp/ros2_ws/install/quadruped_mujoco/local/lib/python3.10/dist-packages/quadruped_mujoco/msg/_contacts_stamped.py
[0.400s] -- Up-to-date: /home/nisarg/Documents/repo/libchamp-imp/ros2_ws/install/quadruped_mujoco/local/lib/python3.10/dist-packages/quadruped_mujoco/msg/_contacts.py
[0.400s] -- Up-to-date: /home/nisarg/Documents/repo/libchamp-imp/ros2_ws/install/quadruped_mujoco/local/lib/python3.10/dist-packages/quadruped_mujoco/msg/_joints_s.c
[0.401s] -- Up-to-date: /home/nisarg/Documents/repo/libchamp-imp/ros2_ws/install/quadruped_mujoco/local/lib/python3.10/dist-packages/quadruped_mujoco/msg/__init__.py
[0.401s] -- Up-to-date: /home/nisarg/Documents/repo/libchamp-imp/ros2_ws/install/quadruped_mujoco/local/lib/python3.10/dist-packages/quadruped_mujoco/msg/_contacts_stamped_s.c
[0.401s] -- Up-to-date: /home/nisarg/Documents/repo/libchamp-imp/ros2_ws/install/quadruped_mujoco/local/lib/python3.10/dist-packages/quadruped_mujoco/msg/_pose_s.c
[0.401s] -- Up-to-date: /home/nisarg/Documents/repo/libchamp-imp/ros2_ws/install/quadruped_mujoco/local/lib/python3.10/dist-packages/quadruped_mujoco/msg/_joints.py
[0.401s] -- Up-to-date: /home/nisarg/Documents/repo/libchamp-imp/ros2_ws/install/quadruped_mujoco/local/lib/python3.10/dist-packages/quadruped_mujoco/msg/_contacts_s.c
[0.401s] -- Up-to-date: /home/nisarg/Documents/repo/libchamp-imp/ros2_ws/install/quadruped_mujoco/local/lib/python3.10/dist-packages/quadruped_mujoco/msg/_velocities.py
[0.401s] -- Up-to-date: /home/nisarg/Documents/repo/libchamp-imp/ros2_ws/install/quadruped_mujoco/local/lib/python3.10/dist-packages/quadruped_mujoco/msg/_pose.py
[0.402s] -- Up-to-date: /home/nisarg/Documents/repo/libchamp-imp/ros2_ws/install/quadruped_mujoco/local/lib/python3.10/dist-packages/quadruped_mujoco/quadruped_mujoco_s__rosidl_typesupport_introspection_c.cpython-310-x86_64-linux-gnu.so
[0.402s] -- Up-to-date: /home/nisarg/Documents/repo/libchamp-imp/ros2_ws/install/quadruped_mujoco/local/lib/python3.10/dist-packages/quadruped_mujoco/quadruped_mujoco_s__rosidl_typesupport_c.cpython-310-x86_64-linux-gnu.so
[0.402s] -- Up-to-date: /home/nisarg/Documents/repo/libchamp-imp/ros2_ws/install/quadruped_mujoco/local/lib/python3.10/dist-packages/quadruped_mujoco/__init__.py
[0.402s] -- Up-to-date: /home/nisarg/Documents/repo/libchamp-imp/ros2_ws/install/quadruped_mujoco/local/lib/python3.10/dist-packages/quadruped_mujoco/_quadruped_mujoco_s.ep.rosidl_typesupport_fastrtps_c.c
[0.402s] -- Up-to-date: /home/nisarg/Documents/repo/libchamp-imp/ros2_ws/install/quadruped_mujoco/local/lib/python3.10/dist-packages/quadruped_mujoco/quadruped_mujoco_s__rosidl_typesupport_fastrtps_c.cpython-310-x86_64-linux-gnu.so
[0.402s] -- Up-to-date: /home/nisarg/Documents/repo/libchamp-imp/ros2_ws/install/quadruped_mujoco/local/lib/python3.10/dist-packages/quadruped_mujoco/_quadruped_mujoco_s.ep.rosidl_typesupport_introspection_c.c
[0.453s] Listing '/home/nisarg/Documents/repo/libchamp-imp/ros2_ws/install/quadruped_mujoco/local/lib/python3.10/dist-packages/quadruped_mujoco'...
[0.453s] Listing '/home/nisarg/Documents/repo/libchamp-imp/ros2_ws/install/quadruped_mujoco/local/lib/python3.10/dist-packages/quadruped_mujoco/msg'...
[0.457s] -- Up-to-date: /home/nisarg/Documents/repo/libchamp-imp/ros2_ws/install/quadruped_mujoco/local/lib/python3.10/dist-packages/quadruped_mujoco/quadruped_mujoco_s__rosidl_typesupport_fastrtps_c.cpython-310-x86_64-linux-gnu.so
[0.457s] -- Up-to-date: /home/nisarg/Documents/repo/libchamp-imp/ros2_ws/install/quadruped_mujoco/local/lib/python3.10/dist-packages/quadruped_mujoco/quadruped_mujoco_s__rosidl_typesupport_introspection_c.cpython-310-x86_64-linux-gnu.so
[0.457s] -- Up-to-date: /home/nisarg/Documents/repo/libchamp-imp/ros2_ws/install/quadruped_mujoco/local/lib/python3.10/dist-packages/quadruped_mujoco/quadruped_mujoco_s__rosidl_typesupport_c.cpython-310-x86_64-linux-gnu.so
[0.457s] -- Up-to-date: /home/nisarg/Documents/repo/libchamp-imp/ros2_ws/install/quadruped_mujoco/lib/libquadruped_mujoco__rosidl_generator_py.so
[0.458s] -- Up-to-date: /home/nisarg/Documents/repo/libchamp-imp/ros2_ws/install/quadruped_mujoco/share/quadruped_mujoco/msg/Contacts.idl
[0.458s] -- Up-to-date: /home/nisarg/Documents/repo/libchamp-imp/ros2_ws/install/quadruped_mujoco/share/quadruped_mujoco/msg/Joints.idl
[0.458s] -- Up-to-date: /home/nisarg/Documents/repo/libchamp-imp/ros2_ws/install/quadruped_mujoco/share/quadruped_mujoco/msg/Pose.idl
[0.458s] -- Up-to-date: /home/nisarg/Documents/repo/libchamp-imp/ros2_ws/install/quadruped_mujoco/share/quadruped_mujoco/msg/Velocities.idl
[0.458s] -- Up-to-date: /home/nisarg/Documents/repo/libchamp-imp/ros2_ws/install/quadruped_mujoco/share/quadruped_mujoco/msg/ContactsStamped.idl
[0.458s] -- Up-to-date: /home/nisarg/Documents/repo/libchamp-imp/ros2_ws/install/quadruped_mujoco/share/quadruped_mujoco/msg/Contacts.msg
[0.458s] -- Up-to-date: /home/nisarg/Documents/repo/libchamp-imp/ros2_ws/install/quadruped_mujoco/share/quadruped_mujoco/msg/Joints.msg
[0.458s] -- Up-to-date: /home/nisarg/Documents/repo/libchamp-imp/ros2_ws/install/quadruped_mujoco/share/quadruped_mujoco/msg/Pose.msg
[0.458s] -- Up-to-date: /home/nisarg/Documents/repo/libchamp-imp/ros2_ws/install/quadruped_mujoco/share/quadruped_mujoco/msg/Velocities.msg
[0.458s] -- Up-to-date: /home/nisarg/Documents/repo/libchamp-imp/ros2_ws/install/quadruped_mujoco/share/quadruped_mujoco/msg/ContactsStamped.msg
[0.458s] -- Up-to-date: /home/nisarg/Documents/repo/libchamp-imp/ros2_ws/install/quadruped_mujoco/lib/libquadruped_mujoco_lib.so
[0.458s] -- Up-to-date: /home/nisarg/Documents/repo/libchamp-imp/ros2_ws/install/quadruped_mujoco/lib/quadruped_mujoco/trot_node
[0.458s] -- Up-to-date: /home/nisarg/Documents/repo/libchamp-imp/ros2_ws/install/quadruped_mujoco/lib/quadruped_mujoco/turn_node
[0.458s] -- Up-to-date: /home/nisarg/Documents/repo/libchamp-imp/ros2_ws/install/quadruped_mujoco/lib/quadruped_mujoco/waypoint_nav_node
[0.459s] -- Up-to-date: /home/nisarg/Documents/repo/libchamp-imp/ros2_ws/install/quadruped_mujoco/lib/quadruped_mujoco/quadruped_controller_node
[0.459s] -- Up-to-date: /home/nisarg/Documents/repo/libchamp-imp/ros2_ws/install/quadruped_mujoco/lib/quadruped_mujoco/mujoco_sim_node
[0.459s] -- Up-to-date: /home/nisarg/Documents/repo/libchamp-imp/ros2_ws/install/quadruped_mujoco/include/
[0.459s] -- Up-to-date: /home/nisarg/Documents/repo/libchamp-imp/ros2_ws/install/quadruped_mujoco/include//quadruped_mujoco
[0.459s] -- Up-to-date: /home/nisarg/Documents/repo/libchamp-imp/ros2_ws/install/quadruped_mujoco/include//quadruped_mujoco/macros
[0.459s] -- Up-to-date: /home/nisarg/Documents/repo/libchamp-imp/ros2_ws/install/quadruped_mujoco/include//quadruped_mujoco/macros/macros.h
[0.459s] -- Up-to-date: /home/nisarg/Documents/repo/libchamp-imp/ros2_ws/install/quadruped_mujoco/include//quadruped_mujoco/geometry
[0.459s] -- Up-to-date: /home/nisarg/Documents/repo/libchamp-imp/ros2_ws/install/quadruped_mujoco/include//quadruped_mujoco/geometry/geometry.hpp
[0.459s] -- Up-to-date: /home/nisarg/Documents/repo/libchamp-imp/ros2_ws/install/quadruped_mujoco/include//quadruped_mujoco/controllers
[0.459s] -- Up-to-date: /home/nisarg/Documents/repo/libchamp-imp/ros2_ws/install/quadruped_mujoco/include//quadruped_mujoco/controllers/turn_controller.hpp
[0.459s] -- Up-to-date: /home/nisarg/Documents/repo/libchamp-imp/ros2_ws/install/quadruped_mujoco/include//quadruped_mujoco/controllers/waypoint_controller.hpp
[0.460s] -- Up-to-date: /home/nisarg/Documents/repo/libchamp-imp/ros2_ws/install/quadruped_mujoco/include//quadruped_mujoco/controllers/trot_controller.hpp
[0.460s] -- Up-to-date: /home/nisarg/Documents/repo/libchamp-imp/ros2_ws/install/quadruped_mujoco/include//quadruped_mujoco/controllers/quadruped_controller.hpp
[0.460s] -- Up-to-date: /home/nisarg/Documents/repo/libchamp-imp/ros2_ws/install/quadruped_mujoco/include//quadruped_mujoco/mujoco_interface.hpp
[0.460s] -- Up-to-date: /home/nisarg/Documents/repo/libchamp-imp/ros2_ws/install/quadruped_mujoco/include//quadruped_mujoco/kinematics
[0.460s] -- Up-to-date: /home/nisarg/Documents/repo/libchamp-imp/ros2_ws/install/quadruped_mujoco/include//quadruped_mujoco/kinematics/kinematics.hpp
[0.460s] -- Up-to-date: /home/nisarg/Documents/repo/libchamp-imp/ros2_ws/install/quadruped_mujoco/include//quadruped_mujoco/leg_controller
[0.460s] -- Up-to-date: /home/nisarg/Documents/repo/libchamp-imp/ros2_ws/install/quadruped_mujoco/include//quadruped_mujoco/leg_controller/trajectory_planner.hpp
[0.460s] -- Up-to-date: /home/nisarg/Documents/repo/libchamp-imp/ros2_ws/install/quadruped_mujoco/include//quadruped_mujoco/leg_controller/phase_generator.hpp
[0.460s] -- Up-to-date: /home/nisarg/Documents/repo/libchamp-imp/ros2_ws/install/quadruped_mujoco/include//quadruped_mujoco/leg_controller/leg_controller.hpp
[0.460s] -- Up-to-date: /home/nisarg/Documents/repo/libchamp-imp/ros2_ws/install/quadruped_mujoco/include//quadruped_mujoco/bla
[0.460s] -- Up-to-date: /home/nisarg/Documents/repo/libchamp-imp/ros2_ws/install/quadruped_mujoco/include//quadruped_mujoco/bla/basic_linear_algebra.h
[0.460s] -- Up-to-date: /home/nisarg/Documents/repo/libchamp-imp/ros2_ws/install/quadruped_mujoco/include//quadruped_mujoco/body_controller
[0.460s] -- Up-to-date: /home/nisarg/Documents/repo/libchamp-imp/ros2_ws/install/quadruped_mujoco/include//quadruped_mujoco/body_controller/body_controller.hpp
[0.460s] -- Up-to-date: /home/nisarg/Documents/repo/libchamp-imp/ros2_ws/install/quadruped_mujoco/include//quadruped_mujoco/quadruped_base
[0.460s] -- Up-to-date: /home/nisarg/Documents/repo/libchamp-imp/ros2_ws/install/quadruped_mujoco/include//quadruped_mujoco/quadruped_base/gait_config.hpp
[0.460s] -- Up-to-date: /home/nisarg/Documents/repo/libchamp-imp/ros2_ws/install/quadruped_mujoco/include//quadruped_mujoco/quadruped_base/quadruped_components.hpp
[0.460s] -- Up-to-date: /home/nisarg/Documents/repo/libchamp-imp/ros2_ws/install/quadruped_mujoco/include//quadruped_mujoco/quadruped_base/quadruped_base.hpp
[0.460s] -- Up-to-date: /home/nisarg/Documents/repo/libchamp-imp/ros2_ws/install/quadruped_mujoco/include//quadruped_mujoco/quadruped_base/quadruped_leg.hpp
[0.460s] -- Up-to-date: /home/nisarg/Documents/repo/libchamp-imp/ros2_ws/install/quadruped_mujoco/share/quadruped_mujoco/launch
[0.460s] -- Up-to-date: /home/nisarg/Documents/repo/libchamp-imp/ros2_ws/install/quadruped_mujoco/share/quadruped_mujoco/launch/turn.launch.py
[0.460s] -- Installing: /home/nisarg/Documents/repo/libchamp-imp/ros2_ws/install/quadruped_mujoco/share/quadruped_mujoco/launch/trot.launch.py
[0.460s] -- Up-to-date: /home/nisarg/Documents/repo/libchamp-imp/ros2_ws/install/quadruped_mujoco/share/quadruped_mujoco/launch/simulation.launch.py
[0.460s] -- Up-to-date: /home/nisarg/Documents/repo/libchamp-imp/ros2_ws/install/quadruped_mujoco/share/quadruped_mujoco/launch/waypoint_nav.launch.py
[0.460s] -- Up-to-date: /home/nisarg/Documents/repo/libchamp-imp/ros2_ws/install/quadruped_mujoco/share/quadruped_mujoco/launch/view_model.launch.py
[0.461s] -- Up-to-date: /home/nisarg/Documents/repo/libchamp-imp/ros2_ws/install/quadruped_mujoco/share/quadruped_mujoco/launch/trot_without_sim.launch.py
[0.461s] -- Up-to-date: /home/nisarg/Documents/repo/libchamp-imp/ros2_ws/install/quadruped_mujoco/share/ament_index/resource_index/package_run_dependencies/quadruped_mujoco
[0.461s] -- Up-to-date: /home/nisarg/Documents/repo/libchamp-imp/ros2_ws/install/quadruped_mujoco/share/ament_index/resource_index/parent_prefix_path/quadruped_mujoco
[0.461s] -- Up-to-date: /home/nisarg/Documents/repo/libchamp-imp/ros2_ws/install/quadruped_mujoco/share/quadruped_mujoco/environment/ament_prefix_path.sh
[0.461s] -- Up-to-date: /home/nisarg/Documents/repo/libchamp-imp/ros2_ws/install/quadruped_mujoco/share/quadruped_mujoco/environment/ament_prefix_path.dsv
[0.461s] -- Up-to-date: /home/nisarg/Documents/repo/libchamp-imp/ros2_ws/install/quadruped_mujoco/share/quadruped_mujoco/environment/path.sh
[0.461s] -- Up-to-date: /home/nisarg/Documents/repo/libchamp-imp/ros2_ws/install/quadruped_mujoco/share/quadruped_mujoco/environment/path.dsv
[0.461s] -- Up-to-date: /home/nisarg/Documents/repo/libchamp-imp/ros2_ws/install/quadruped_mujoco/share/quadruped_mujoco/local_setup.bash
[0.461s] -- Up-to-date: /home/nisarg/Documents/repo/libchamp-imp/ros2_ws/install/quadruped_mujoco/share/quadruped_mujoco/local_setup.sh
[0.461s] -- Up-to-date: /home/nisarg/Documents/repo/libchamp-imp/ros2_ws/install/quadruped_mujoco/share/quadruped_mujoco/local_setup.zsh
[0.461s] -- Up-to-date: /home/nisarg/Documents/repo/libchamp-imp/ros2_ws/install/quadruped_mujoco/share/quadruped_mujoco/local_setup.dsv
[0.461s] -- Installing: /home/nisarg/Documents/repo/libchamp-imp/ros2_ws/install/quadruped_mujoco/share/quadruped_mujoco/package.dsv
[0.461s] -- Up-to-date: /home/nisarg/Documents/repo/libchamp-imp/ros2_ws/install/quadruped_mujoco/share/ament_index/resource_index/packages/quadruped_mujoco
[0.461s] -- Up-to-date: /home/nisarg/Documents/repo/libchamp-imp/ros2_ws/install/quadruped_mujoco/share/quadruped_mujoco/cmake/export_quadruped_mujoco__rosidl_generator_cExport.cmake
[0.461s] -- Up-to-date: /home/nisarg/Documents/repo/libchamp-imp/ros2_ws/install/quadruped_mujoco/share/quadruped_mujoco/cmake/export_quadruped_mujoco__rosidl_generator_cExport-noconfig.cmake
[0.461s] -- Up-to-date: /home/nisarg/Documents/repo/libchamp-imp/ros2_ws/install/quadruped_mujoco/share/quadruped_mujoco/cmake/export_quadruped_mujoco__rosidl_typesupport_fastrtps_cExport.cmake
[0.461s] -- Up-to-date: /home/nisarg/Documents/repo/libchamp-imp/ros2_ws/install/quadruped_mujoco/share/quadruped_mujoco/cmake/export_quadruped_mujoco__rosidl_typesupport_fastrtps_cExport-noconfig.cmake
[0.461s] -- Up-to-date: /home/nisarg/Documents/repo/libchamp-imp/ros2_ws/install/quadruped_mujoco/share/quadruped_mujoco/cmake/export_quadruped_mujoco__rosidl_generator_cppExport.cmake
[0.461s] -- Up-to-date: /home/nisarg/Documents/repo/libchamp-imp/ros2_ws/install/quadruped_mujoco/share/quadruped_mujoco/cmake/export_quadruped_mujoco__rosidl_typesupport_fastrtps_cppExport.cmake
[0.461s] -- Up-to-date: /home/nisarg/Documents/repo/libchamp-imp/ros2_ws/install/quadruped_mujoco/share/quadruped_mujoco/cmake/export_quadruped_mujoco__rosidl_typesupport_fastrtps_cppExport-noconfig.cmake
[0.461s] -- Up-to-date: /home/nisarg/Documents/repo/libchamp-imp/ros2_ws/install/quadruped_mujoco/share/quadruped_mujoco/cmake/quadruped_mujoco__rosidl_typesupport_introspection_cExport.cmake
[0.461s] -- Up-to-date: /home/nisarg/Documents/repo/libchamp-imp/ros2_ws/install/quadruped_mujoco/share/quadruped_mujoco/cmake/quadruped_mujoco__rosidl_typesupport_introspection_cExport-noconfig.cmake
[0.461s] -- Up-to-date: /home/nisarg/Documents/repo/libchamp-imp/ros2_ws/install/quadruped_mujoco/share/quadruped_mujoco/cmake/quadruped_mujoco__rosidl_typesupport_cExport.cmake
[0.461s] -- Up-to-date: /home/nisarg/Documents/repo/libchamp-imp/ros2_ws/install/quadruped_mujoco/share/quadruped_mujoco/cmake/quadruped_mujoco__rosidl_typesupport_cExport-noconfig.cmake
[0.461s] -- Up-to-date: /home/nisarg/Documents/repo/libchamp-imp/ros2_ws/install/quadruped_mujoco/share/quadruped_mujoco/cmake/quadruped_mujoco__rosidl_typesupport_introspection_cppExport.cmake
[0.461s] -- Up-to-date: /home/nisarg/Documents/repo/libchamp-imp/ros2_ws/install/quadruped_mujoco/share/quadruped_mujoco/cmake/quadruped_mujoco__rosidl_typesupport_introspection_cppExport-noconfig.cmake
[0.462s] -- Up-to-date: /home/nisarg/Documents/repo/libchamp-imp/ros2_ws/install/quadruped_mujoco/share/quadruped_mujoco/cmake/quadruped_mujoco__rosidl_typesupport_cppExport.cmake
[0.462s] -- Up-to-date: /home/nisarg/Documents/repo/libchamp-imp/ros2_ws/install/quadruped_mujoco/share/quadruped_mujoco/cmake/quadruped_mujoco__rosidl_typesupport_cppExport-noconfig.cmake
[0.462s] -- Up-to-date: /home/nisarg/Documents/repo/libchamp-imp/ros2_ws/install/quadruped_mujoco/share/quadruped_mujoco/cmake/export_quadruped_mujoco__rosidl_generator_pyExport.cmake
[0.462s] -- Up-to-date: /home/nisarg/Documents/repo/libchamp-imp/ros2_ws/install/quadruped_mujoco/share/quadruped_mujoco/cmake/export_quadruped_mujoco__rosidl_generator_pyExport-noconfig.cmake
[0.462s] -- Up-to-date: /home/nisarg/Documents/repo/libchamp-imp/ros2_ws/install/quadruped_mujoco/share/quadruped_mujoco/cmake/quadruped_mujocoExport.cmake
[0.462s] -- Up-to-date: /home/nisarg/Documents/repo/libchamp-imp/ros2_ws/install/quadruped_mujoco/share/quadruped_mujoco/cmake/quadruped_mujocoExport-noconfig.cmake
[0.462s] -- Up-to-date: /home/nisarg/Documents/repo/libchamp-imp/ros2_ws/install/quadruped_mujoco/share/quadruped_mujoco/cmake/rosidl_cmake-extras.cmake
[0.462s] -- Up-to-date: /home/nisarg/Documents/repo/libchamp-imp/ros2_ws/install/quadruped_mujoco/share/quadruped_mujoco/cmake/ament_cmake_export_dependencies-extras.cmake
[0.462s] -- Up-to-date: /home/nisarg/Documents/repo/libchamp-imp/ros2_ws/install/quadruped_mujoco/share/quadruped_mujoco/cmake/ament_cmake_export_include_directories-extras.cmake
[0.462s] -- Up-to-date: /home/nisarg/Documents/repo/libchamp-imp/ros2_ws/install/quadruped_mujoco/share/quadruped_mujoco/cmake/ament_cmake_export_libraries-extras.cmake
[0.462s] -- Up-to-date: /home/nisarg/Documents/repo/libchamp-imp/ros2_ws/install/quadruped_mujoco/share/quadruped_mujoco/cmake/ament_cmake_export_targets-extras.cmake
[0.462s] -- Up-to-date: /home/nisarg/Documents/repo/libchamp-imp/ros2_ws/install/quadruped_mujoco/share/quadruped_mujoco/cmake/rosidl_cmake_export_typesupport_targets-extras.cmake
[0.462s] -- Up-to-date: /home/nisarg/Documents/repo/libchamp-imp/ros2_ws/install/quadruped_mujoco/share/quadruped_mujoco/cmake/rosidl_cmake_export_typesupport_libraries-extras.cmake
[0.462s] -- Up-to-date: /home/nisarg/Documents/repo/libchamp-imp/ros2_ws/install/quadruped_mujoco/share/quadruped_mujoco/cmake/quadruped_mujocoConfig.cmake
[0.462s] -- Up-to-date: /home/nisarg/Documents/repo/libchamp-imp/ros2_ws/install/quadruped_mujoco/share/quadruped_mujoco/cmake/quadruped_mujocoConfig-version.cmake
[0.462s] -- Up-to-date: /home/nisarg/Documents/repo/libchamp-imp/ros2_ws/install/quadruped_mujoco/share/quadruped_mujoco/package.xml
[0.463s] Invoked command in '/home/nisarg/Documents/repo/libchamp-imp/ros2_ws/build/quadruped_mujoco' returned '0': CMAKE_PREFIX_PATH=${CMAKE_PREFIX_PATH}:/home/nisarg/Documents/repo/helium-quadruped-mjc/install/helium_quadruped_simulation:/home/nisarg/Documents/repo/helium-quadruped-mjc/install/helium_quadruped_description:/home/nisarg/Documents/repo/helium-quadruped-mjc/install/helium_quadruped_controller:/opt/ros/humble /usr/bin/cmake --install /home/nisarg/Documents/repo/libchamp-imp/ros2_ws/build/quadruped_mujoco
