[0.000000] (-) TimerEvent: {}
[0.000510] (quadruped_mujoco) JobQueued: {'identifier': 'quadruped_mujoco', 'dependencies': OrderedDict()}
[0.000606] (quadruped_mujoco) JobStarted: {'identifier': 'quadruped_mujoco'}
[0.006777] (quadruped_mujoco) JobProgress: {'identifier': 'quadruped_mujoco', 'progress': 'cmake'}
[0.007218] (quadruped_mujoco) JobProgress: {'identifier': 'quadruped_mujoco', 'progress': 'build'}
[0.007813] (quadruped_mujoco) Command: {'cmd': ['/usr/bin/cmake', '--build', '/home/nisarg/Documents/repo/libchamp-imp/ros2_ws/build/quadruped_mujoco', '--', '-j12', '-l12'], 'cwd': '/home/nisarg/Documents/repo/libchamp-imp/ros2_ws/build/quadruped_mujoco', 'env': OrderedDict([('LANGUAGE', 'en_IN:en'), ('USER', 'nisarg'), ('ROS_PACKAGE_PATH', '/home/nisarg/quadruped_ws/install/unitree_legged_sdk/share'), ('XDG_SESSION_TYPE', 'x11'), ('SHLVL', '1'), ('LD_LIBRARY_PATH', '/home/nisarg/.mujoco/mujoco210/bin:/home/nisarg/quadruped_ws/install/unitree_go/lib:/home/nisarg/quadruped_ws/install/unitree_api/lib:/home/nisarg/quadruped_ws/install/champ_msgs/lib:/usr/lib/x86_64-linux-gnu/gazebo-11/plugins:/opt/ros/humble/opt/rviz_ogre_vendor/lib:/opt/ros/humble/lib/x86_64-linux-gnu:/opt/ros/humble/lib'), ('HOME', '/home/nisarg'), ('CONDA_SHLVL', '0'), ('DESKTOP_SESSION', 'ubuntu'), ('ROS_PYTHON_VERSION', '3'), ('GNOME_SHELL_SESSION_MODE', 'ubuntu'), ('GTK_MODULES', 'gail:atk-bridge'), ('DBUS_STARTER_BUS_TYPE', 'session'), ('SYSTEMD_EXEC_PID', '2064'), ('DBUS_SESSION_BUS_ADDRESS', 'unix:path=/run/user/1000/bus,guid=e03bf6c2ed0ad06e9aa581ee67d7e20e'), ('COLORTERM', 'truecolor'), ('_CE_M', ''), ('COLCON_PREFIX_PATH', '/home/nisarg/Documents/repo/helium-quadruped-mjc/install:/home/nisarg/quadruped_ws/install'), ('ROS_DISTRO', 'humble'), ('GTK_IM_MODULE', 'ibus'), ('LOGNAME', 'nisarg'), ('_', '/usr/bin/colcon'), ('ROS_VERSION', '2'), ('PKG_CONFIG_PATH', '/home/nisarg/quadruped_ws/install/unitree_legged_sdk/lib/x86_64-linux-gnu/pkgconfig:/home/nisarg/quadruped_ws/install/unitree_legged_sdk/lib/pkgconfig'), ('XDG_SESSION_CLASS', 'user'), ('USERNAME', 'nisarg'), ('TERM', 'xterm-256color'), ('GNOME_DESKTOP_SESSION_ID', 'this-is-deprecated'), ('_CE_CONDA', ''), ('ROS_LOCALHOST_ONLY', '0'), ('WINDOWPATH', '2'), ('PATH', '/home/nisarg/miniconda3/condabin:/opt/ros/humble/bin:/usr/local/sbin:/usr/local/bin:/usr/sbin:/usr/bin:/sbin:/bin:/usr/games:/usr/local/games:/snap/bin:/snap/bin'), ('SESSION_MANAGER', 'local/nisarg-OMEN:@/tmp/.ICE-unix/2064,unix/nisarg-OMEN:/tmp/.ICE-unix/2064'), ('XDG_MENU_PREFIX', 'gnome-'), ('GNOME_TERMINAL_SCREEN', '/org/gnome/Terminal/screen/a2c74410_1cec_4ef8_bca7_33967d08ea0c'), ('XDG_RUNTIME_DIR', '/run/user/1000'), ('DISPLAY', ':1'), ('LANG', 'en_US.UTF-8'), ('XDG_CURRENT_DESKTOP', 'ubuntu:GNOME'), ('XMODIFIERS', '@im=ibus'), ('XDG_SESSION_DESKTOP', 'ubuntu'), ('XAUTHORITY', '/run/user/1000/gdm/Xauthority'), ('GNOME_TERMINAL_SERVICE', ':1.107'), ('SSH_AGENT_LAUNCHER', 'gnome-keyring'), ('SSH_AUTH_SOCK', '/run/user/1000/keyring/ssh'), ('ROS_DOMAIN_ID', '47'), ('AMENT_PREFIX_PATH', '/home/nisarg/Documents/repo/helium-quadruped-mjc/install/helium_quadruped_simulation:/home/nisarg/Documents/repo/helium-quadruped-mjc/install/helium_quadruped_description:/home/nisarg/Documents/repo/helium-quadruped-mjc/install/helium_quadruped_controller:/home/nisarg/quadruped_ws/install/unitree_go:/home/nisarg/quadruped_ws/install/unitree_api:/home/nisarg/quadruped_ws/install/champ_teleop:/home/nisarg/quadruped_ws/install/champ_msgs:/home/nisarg/quadruped_ws/install/champ_description:/home/nisarg/quadruped_ws/install/champ:/opt/ros/humble'), ('CONDA_PYTHON_EXE', '/home/nisarg/miniconda3/bin/python'), ('SHELL', '/bin/bash'), ('QT_ACCESSIBILITY', '1'), ('GDMSESSION', 'ubuntu'), ('GPG_AGENT_INFO', '/run/user/1000/gnupg/S.gpg-agent:0:1'), ('QT_IM_MODULE', 'ibus'), ('PWD', '/home/nisarg/Documents/repo/libchamp-imp/ros2_ws/build/quadruped_mujoco'), ('LC_ALL', 'en_US.UTF-8'), ('XDG_CONFIG_DIRS', '/etc/xdg/xdg-ubuntu:/etc/xdg'), ('CONDA_EXE', '/home/nisarg/miniconda3/bin/conda'), ('DBUS_STARTER_ADDRESS', 'unix:path=/run/user/1000/bus,guid=e03bf6c2ed0ad06e9aa581ee67d7e20e'), ('MUJOCO_PLUGIN_PATH', '/lib'), ('XDG_DATA_DIRS', '/usr/share/ubuntu:/usr/share/gnome:/usr/local/share/:/usr/share/:/var/lib/snapd/desktop'), ('PYTHONPATH', '/home/nisarg/Documents/repo/helium-quadruped-mjc/install/helium_quadruped_simulation/lib/python3.10/site-packages:/home/nisarg/Documents/repo/helium-quadruped-mjc/install/helium_quadruped_description/lib/python3.10/site-packages:/home/nisarg/Documents/repo/helium-quadruped-mjc/install/helium_quadruped_controller/lib/python3.10/site-packages:/home/nisarg/quadruped_ws/install/unitree_go/local/lib/python3.10/dist-packages:/home/nisarg/quadruped_ws/install/unitree_api/local/lib/python3.10/dist-packages:/home/nisarg/quadruped_ws/install/champ_msgs/local/lib/python3.10/dist-packages:/opt/ros/humble/lib/python3.10/site-packages:/opt/ros/humble/local/lib/python3.10/dist-packages'), ('COLCON', '1'), ('VTE_VERSION', '6800'), ('CMAKE_PREFIX_PATH', '/home/nisarg/quadruped_ws/install/unitree_go:/home/nisarg/quadruped_ws/install/unitree_api:/home/nisarg/quadruped_ws/install/champ_teleop:/home/nisarg/quadruped_ws/install/champ_msgs:/home/nisarg/quadruped_ws/install/champ_description:/home/nisarg/quadruped_ws/install/champ:/home/nisarg/Documents/repo/helium-quadruped-mjc/install/helium_quadruped_simulation:/home/nisarg/Documents/repo/helium-quadruped-mjc/install/helium_quadruped_description:/home/nisarg/Documents/repo/helium-quadruped-mjc/install/helium_quadruped_controller:/opt/ros/humble'), ('MUJOCO_KEY_PATH', '/home/nisarg/.mujoco/mjkey.txt')]), 'shell': False}
[0.099790] (-) TimerEvent: {}
[0.124730] (quadruped_mujoco) StdoutLine: {'line': b'[  1%] Built target quadruped_mujoco__cpp\n'}
[0.135411] (quadruped_mujoco) StdoutLine: {'line': b'[ 10%] Built target quadruped_mujoco__rosidl_generator_c\n'}
[0.141656] (quadruped_mujoco) StdoutLine: {'line': b'[ 13%] Built target mujoco_interface_node\n'}
[0.148915] (quadruped_mujoco) StdoutLine: {'line': b'[ 13%] Built target ament_cmake_python_copy_quadruped_mujoco\n'}
[0.161383] (quadruped_mujoco) StdoutLine: {'line': b'[ 23%] Built target quadruped_mujoco__rosidl_typesupport_introspection_cpp\n'}
[0.165004] (quadruped_mujoco) StdoutLine: {'line': b'[ 32%] Built target quadruped_mujoco__rosidl_typesupport_c\n'}
[0.165286] (quadruped_mujoco) StdoutLine: {'line': b'[ 42%] Built target quadruped_mujoco__rosidl_typesupport_fastrtps_cpp\n'}
[0.165720] (quadruped_mujoco) StdoutLine: {'line': b'[ 52%] Built target quadruped_mujoco__rosidl_typesupport_introspection_c\n'}
[0.168231] (quadruped_mujoco) StdoutLine: {'line': b'[ 71%] Built target quadruped_mujoco__rosidl_typesupport_cpp\n'}
[0.168412] (quadruped_mujoco) StdoutLine: {'line': b'[ 71%] Built target quadruped_mujoco__rosidl_typesupport_fastrtps_c\n'}
[0.188993] (quadruped_mujoco) StdoutLine: {'line': b'[ 71%] Built target quadruped_mujoco\n'}
[0.199724] (quadruped_mujoco) StdoutLine: {'line': b'\x1b[35m\x1b[1mConsolidate compiler generated dependencies of target turn_node\x1b[0m\n'}
[0.199904] (-) TimerEvent: {}
[0.200121] (quadruped_mujoco) StdoutLine: {'line': b'\x1b[35m\x1b[1mConsolidate compiler generated dependencies of target quadruped_controller_node\x1b[0m\n'}
[0.200760] (quadruped_mujoco) StdoutLine: {'line': b'\x1b[35m\x1b[1mConsolidate compiler generated dependencies of target waypoint_nav_node\x1b[0m\n'}
[0.203282] (quadruped_mujoco) StdoutLine: {'line': b'\x1b[35m\x1b[1mConsolidate compiler generated dependencies of target trot_node\x1b[0m\n'}
[0.211394] (quadruped_mujoco) StdoutLine: {'line': b'[ 72%] Built target quadruped_mujoco__py\n'}
[0.212138] (quadruped_mujoco) StdoutLine: {'line': b'[ 73%] \x1b[32mBuilding CXX object CMakeFiles/turn_node.dir/src/nodes/turn_node.cpp.o\x1b[0m\n'}
[0.212449] (quadruped_mujoco) StdoutLine: {'line': b'[ 75%] \x1b[32mBuilding CXX object CMakeFiles/quadruped_controller_node.dir/src/nodes/quadruped_controller_node.cpp.o\x1b[0m\n'}
[0.213061] (quadruped_mujoco) StdoutLine: {'line': b'[ 76%] \x1b[32mBuilding CXX object CMakeFiles/waypoint_nav_node.dir/src/nodes/waypoint_nav_node.cpp.o\x1b[0m\n'}
[0.220012] (quadruped_mujoco) StdoutLine: {'line': b'[ 78%] \x1b[32mBuilding CXX object CMakeFiles/trot_node.dir/src/nodes/trot_node.cpp.o\x1b[0m\n'}
[0.234201] (quadruped_mujoco) StdoutLine: {'line': b'[ 86%] Built target quadruped_mujoco__rosidl_generator_py\n'}
[0.253002] (quadruped_mujoco) StdoutLine: {'line': b'[ 89%] Built target quadruped_mujoco__rosidl_typesupport_introspection_c__pyext\n'}
[0.253803] (quadruped_mujoco) StdoutLine: {'line': b'[ 91%] Built target quadruped_mujoco__rosidl_typesupport_fastrtps_c__pyext\n'}
[0.254866] (quadruped_mujoco) StdoutLine: {'line': b'[ 94%] Built target quadruped_mujoco__rosidl_typesupport_c__pyext\n'}
[0.300003] (-) TimerEvent: {}
[0.360362] (quadruped_mujoco) StdoutLine: {'line': b'running egg_info\n'}
[0.360934] (quadruped_mujoco) StdoutLine: {'line': b'writing quadruped_mujoco.egg-info/PKG-INFO\n'}
[0.361145] (quadruped_mujoco) StdoutLine: {'line': b'writing dependency_links to quadruped_mujoco.egg-info/dependency_links.txt\n'}
[0.361259] (quadruped_mujoco) StdoutLine: {'line': b'writing top-level names to quadruped_mujoco.egg-info/top_level.txt\n'}
[0.362983] (quadruped_mujoco) StdoutLine: {'line': b"reading manifest file 'quadruped_mujoco.egg-info/SOURCES.txt'\n"}
[0.363384] (quadruped_mujoco) StdoutLine: {'line': b"writing manifest file 'quadruped_mujoco.egg-info/SOURCES.txt'\n"}
[0.385514] (quadruped_mujoco) StdoutLine: {'line': b'[ 94%] Built target ament_cmake_python_build_quadruped_mujoco_egg\n'}
[0.400122] (-) TimerEvent: {}
[0.500402] (-) TimerEvent: {}
[0.600719] (-) TimerEvent: {}
[0.701014] (-) TimerEvent: {}
[0.801378] (-) TimerEvent: {}
[0.901768] (-) TimerEvent: {}
[1.002135] (-) TimerEvent: {}
[1.102478] (-) TimerEvent: {}
[1.202799] (-) TimerEvent: {}
[1.303128] (-) TimerEvent: {}
[1.403417] (-) TimerEvent: {}
[1.503754] (-) TimerEvent: {}
[1.604091] (-) TimerEvent: {}
[1.704402] (-) TimerEvent: {}
[1.804736] (-) TimerEvent: {}
[1.905073] (-) TimerEvent: {}
[2.005392] (-) TimerEvent: {}
[2.043588] (quadruped_mujoco) StderrLine: {'line': b'In file included from \x1b[01m\x1b[K/home/nisarg/Documents/repo/libchamp-imp/ros2_ws/src/quadruped_mujoco/include/quadruped_mujoco/leg_controller/leg_controller.hpp:6\x1b[m\x1b[K,\n'}
[2.043902] (quadruped_mujoco) StderrLine: {'line': b'                 from \x1b[01m\x1b[K/home/nisarg/Documents/repo/libchamp-imp/ros2_ws/src/quadruped_mujoco/include/quadruped_mujoco/controllers/quadruped_controller.hpp:12\x1b[m\x1b[K,\n'}
[2.044004] (quadruped_mujoco) StderrLine: {'line': b'                 from \x1b[01m\x1b[K/home/nisarg/Documents/repo/libchamp-imp/ros2_ws/src/quadruped_mujoco/include/quadruped_mujoco/controllers/trot_controller.hpp:4\x1b[m\x1b[K,\n'}
[2.044194] (quadruped_mujoco) StderrLine: {'line': b'                 from \x1b[01m\x1b[K/home/nisarg/Documents/repo/libchamp-imp/ros2_ws/src/quadruped_mujoco/src/nodes/trot_node.cpp:2\x1b[m\x1b[K:\n'}
[2.044395] (quadruped_mujoco) StderrLine: {'line': b'\x1b[01m\x1b[K/home/nisarg/Documents/repo/libchamp-imp/ros2_ws/src/quadruped_mujoco/include/quadruped_mujoco/leg_controller/phase_generator.hpp:\x1b[m\x1b[K In constructor \xe2\x80\x98\x1b[01m\x1b[Kchamp::PhaseGenerator::PhaseGenerator(champ::QuadrupedBase&, champ::PhaseGenerator::Time)\x1b[m\x1b[K\xe2\x80\x99:\n'}
[2.044489] (quadruped_mujoco) StderrLine: {'line': b'\x1b[01m\x1b[K/home/nisarg/Documents/repo/libchamp-imp/ros2_ws/src/quadruped_mujoco/include/quadruped_mujoco/leg_controller/phase_generator.hpp:64:18:\x1b[m\x1b[K \x1b[01;35m\x1b[Kwarning: \x1b[m\x1b[K\xe2\x80\x98\x1b[01m\x1b[Kchamp::PhaseGenerator::has_swung_\x1b[m\x1b[K\xe2\x80\x99 will be initialized after [\x1b[01;35m\x1b[K\x1b]8;;https://gcc.gnu.org/onlinedocs/gcc/Warning-Options.html#index-Wreorder\x07-Wreorder\x1b]8;;\x07\x1b[m\x1b[K]\n'}
[2.044577] (quadruped_mujoco) StderrLine: {'line': b'   64 |             bool \x1b[01;35m\x1b[Khas_swung_\x1b[m\x1b[K;\n'}
[2.044633] (quadruped_mujoco) StderrLine: {'line': b'      |                  \x1b[01;35m\x1b[K^~~~~~~~~~\x1b[m\x1b[K\n'}
[2.044686] (quadruped_mujoco) StderrLine: {'line': b'\x1b[01m\x1b[K/home/nisarg/Documents/repo/libchamp-imp/ros2_ws/src/quadruped_mujoco/include/quadruped_mujoco/leg_controller/phase_generator.hpp:17:18:\x1b[m\x1b[K \x1b[01;35m\x1b[Kwarning: \x1b[m\x1b[K  \xe2\x80\x98\x1b[01m\x1b[Kbool champ::PhaseGenerator::has_started\x1b[m\x1b[K\xe2\x80\x99 [\x1b[01;35m\x1b[K\x1b]8;;https://gcc.gnu.org/onlinedocs/gcc/Warning-Options.html#index-Wreorder\x07-Wreorder\x1b]8;;\x07\x1b[m\x1b[K]\n'}
[2.044820] (quadruped_mujoco) StderrLine: {'line': b'   17 |             bool \x1b[01;35m\x1b[Khas_started\x1b[m\x1b[K;\n'}
[2.044902] (quadruped_mujoco) StderrLine: {'line': b'      |                  \x1b[01;35m\x1b[K^~~~~~~~~~~\x1b[m\x1b[K\n'}
[2.044979] (quadruped_mujoco) StderrLine: {'line': b'\x1b[01m\x1b[K/home/nisarg/Documents/repo/libchamp-imp/ros2_ws/src/quadruped_mujoco/include/quadruped_mujoco/leg_controller/phase_generator.hpp:19:13:\x1b[m\x1b[K \x1b[01;35m\x1b[Kwarning: \x1b[m\x1b[K  when initialized here [\x1b[01;35m\x1b[K\x1b]8;;https://gcc.gnu.org/onlinedocs/gcc/Warning-Options.html#index-Wreorder\x07-Wreorder\x1b]8;;\x07\x1b[m\x1b[K]\n'}
[2.045065] (quadruped_mujoco) StderrLine: {'line': b'   19 |             \x1b[01;35m\x1b[KPhaseGenerator\x1b[m\x1b[K(QuadrupedBase &base, Time time = now()):\n'}
[2.045266] (quadruped_mujoco) StderrLine: {'line': b'      |             \x1b[01;35m\x1b[K^~~~~~~~~~~~~~\x1b[m\x1b[K\n'}
[2.045414] (quadruped_mujoco) StderrLine: {'line': b'\x1b[01m\x1b[K/home/nisarg/Documents/repo/libchamp-imp/ros2_ws/src/quadruped_mujoco/include/quadruped_mujoco/leg_controller/phase_generator.hpp:\x1b[m\x1b[K In member function \xe2\x80\x98\x1b[01m\x1b[Kvoid champ::PhaseGenerator::run(float, float, champ::PhaseGenerator::Time)\x1b[m\x1b[K\xe2\x80\x99:\n'}
[2.045552] (quadruped_mujoco) StderrLine: {'line': b'\x1b[01m\x1b[K/home/nisarg/Documents/repo/libchamp-imp/ros2_ws/src/quadruped_mujoco/include/quadruped_mujoco/leg_controller/phase_generator.hpp:32:28:\x1b[m\x1b[K \x1b[01;35m\x1b[Kwarning: \x1b[m\x1b[Kunused parameter \xe2\x80\x98\x1b[01m\x1b[Ktarget_velocity\x1b[m\x1b[K\xe2\x80\x99 [\x1b[01;35m\x1b[K\x1b]8;;https://gcc.gnu.org/onlinedocs/gcc/Warning-Options.html#index-Wunused-parameter\x07-Wunused-parameter\x1b]8;;\x07\x1b[m\x1b[K]\n'}
[2.045686] (quadruped_mujoco) StderrLine: {'line': b'   32 |             void run(\x1b[01;35m\x1b[Kfloat target_velocity\x1b[m\x1b[K, float step_length, Time time = now())\n'}
[2.045797] (quadruped_mujoco) StderrLine: {'line': b'      |                      \x1b[01;35m\x1b[K~~~~~~^~~~~~~~~~~~~~~\x1b[m\x1b[K\n'}
[2.045894] (quadruped_mujoco) StderrLine: {'line': b'\x1b[01m\x1b[K/home/nisarg/Documents/repo/libchamp-imp/ros2_ws/src/quadruped_mujoco/include/quadruped_mujoco/leg_controller/phase_generator.hpp:32:51:\x1b[m\x1b[K \x1b[01;35m\x1b[Kwarning: \x1b[m\x1b[Kunused parameter \xe2\x80\x98\x1b[01m\x1b[Kstep_length\x1b[m\x1b[K\xe2\x80\x99 [\x1b[01;35m\x1b[K\x1b]8;;https://gcc.gnu.org/onlinedocs/gcc/Warning-Options.html#index-Wunused-parameter\x07-Wunused-parameter\x1b]8;;\x07\x1b[m\x1b[K]\n'}
[2.046007] (quadruped_mujoco) StderrLine: {'line': b'   32 |             void run(float target_velocity, \x1b[01;35m\x1b[Kfloat step_length\x1b[m\x1b[K, Time time = now())\n'}
[2.046097] (quadruped_mujoco) StderrLine: {'line': b'      |                                             \x1b[01;35m\x1b[K~~~~~~^~~~~~~~~~~\x1b[m\x1b[K\n'}
[2.046186] (quadruped_mujoco) StderrLine: {'line': b'In file included from \x1b[01m\x1b[K/home/nisarg/Documents/repo/libchamp-imp/ros2_ws/src/quadruped_mujoco/include/quadruped_mujoco/controllers/quadruped_controller.hpp:12\x1b[m\x1b[K,\n'}
[2.046276] (quadruped_mujoco) StderrLine: {'line': b'                 from \x1b[01m\x1b[K/home/nisarg/Documents/repo/libchamp-imp/ros2_ws/src/quadruped_mujoco/include/quadruped_mujoco/controllers/trot_controller.hpp:4\x1b[m\x1b[K,\n'}
[2.046383] (quadruped_mujoco) StderrLine: {'line': b'                 from \x1b[01m\x1b[K/home/nisarg/Documents/repo/libchamp-imp/ros2_ws/src/quadruped_mujoco/src/nodes/trot_node.cpp:2\x1b[m\x1b[K:\n'}
[2.046495] (quadruped_mujoco) StderrLine: {'line': b'\x1b[01m\x1b[K/home/nisarg/Documents/repo/libchamp-imp/ros2_ws/src/quadruped_mujoco/include/quadruped_mujoco/leg_controller/leg_controller.hpp:\x1b[m\x1b[K In constructor \xe2\x80\x98\x1b[01m\x1b[Kchamp::LegController::LegController(champ::QuadrupedBase&, champ::PhaseGenerator::Time)\x1b[m\x1b[K\xe2\x80\x99:\n'}
[2.046597] (quadruped_mujoco) StderrLine: {'line': b'\x1b[01m\x1b[K/home/nisarg/Documents/repo/libchamp-imp/ros2_ws/src/quadruped_mujoco/include/quadruped_mujoco/leg_controller/leg_controller.hpp:13:69:\x1b[m\x1b[K \x1b[01;35m\x1b[Kwarning: \x1b[m\x1b[Kunused parameter \xe2\x80\x98\x1b[01m\x1b[Ktime\x1b[m\x1b[K\xe2\x80\x99 [\x1b[01;35m\x1b[K\x1b]8;;https://gcc.gnu.org/onlinedocs/gcc/Warning-Options.html#index-Wunused-parameter\x07-Wunused-parameter\x1b]8;;\x07\x1b[m\x1b[K]\n'}
[2.046695] (quadruped_mujoco) StderrLine: {'line': b'   13 |             LegController(QuadrupedBase &base, \x1b[01;35m\x1b[KPhaseGenerator::Time time = PhaseGenerator::now()\x1b[m\x1b[K):\n'}
[2.046779] (quadruped_mujoco) StderrLine: {'line': b'      |                                                \x1b[01;35m\x1b[K~~~~~~~~~~~~~~~~~~~~~^~~~~~~~~~~~~~~~~~~~~~~~~~~~\x1b[m\x1b[K\n'}
[2.049976] (quadruped_mujoco) StderrLine: {'line': b'In file included from \x1b[01m\x1b[K/home/nisarg/Documents/repo/libchamp-imp/ros2_ws/src/quadruped_mujoco/src/nodes/trot_node.cpp:2\x1b[m\x1b[K:\n'}
[2.050281] (quadruped_mujoco) StderrLine: {'line': b'\x1b[01m\x1b[K/home/nisarg/Documents/repo/libchamp-imp/ros2_ws/src/quadruped_mujoco/include/quadruped_mujoco/controllers/trot_controller.hpp:\x1b[m\x1b[K In member function \xe2\x80\x98\x1b[01m\x1b[Kvirtual void champ::TrotController::execute(const champ::Velocities&)\x1b[m\x1b[K\xe2\x80\x99:\n'}
[2.050403] (quadruped_mujoco) StderrLine: {'line': b'\x1b[01m\x1b[K/home/nisarg/Documents/repo/libchamp-imp/ros2_ws/src/quadruped_mujoco/include/quadruped_mujoco/controllers/trot_controller.hpp:21:63:\x1b[m\x1b[K \x1b[01;31m\x1b[Kerror: \x1b[m\x1b[Kcannot convert \xe2\x80\x98\x1b[01m\x1b[Kchamp::Velocities\x1b[m\x1b[K\xe2\x80\x99 to \xe2\x80\x98\x1b[01m\x1b[Kconst champ::Pose&\x1b[m\x1b[K\xe2\x80\x99\n'}
[2.050472] (quadruped_mujoco) StderrLine: {'line': b'   21 |                 body_controller_.poseCommand(foot_positions_, \x1b[01;31m\x1b[Kreq_vel_\x1b[m\x1b[K);\n'}
[2.050532] (quadruped_mujoco) StderrLine: {'line': b'      |                                                               \x1b[01;31m\x1b[K^~~~~~~~\x1b[m\x1b[K\n'}
[2.050591] (quadruped_mujoco) StderrLine: {'line': b'      |                                                               \x1b[01;31m\x1b[K|\x1b[m\x1b[K\n'}
[2.050649] (quadruped_mujoco) StderrLine: {'line': b'      |                                                               \x1b[01;31m\x1b[Kchamp::Velocities\x1b[m\x1b[K\n'}
[2.050704] (quadruped_mujoco) StderrLine: {'line': b'In file included from \x1b[01m\x1b[K/home/nisarg/Documents/repo/libchamp-imp/ros2_ws/src/quadruped_mujoco/include/quadruped_mujoco/controllers/quadruped_controller.hpp:11\x1b[m\x1b[K,\n'}
[2.050771] (quadruped_mujoco) StderrLine: {'line': b'                 from \x1b[01m\x1b[K/home/nisarg/Documents/repo/libchamp-imp/ros2_ws/src/quadruped_mujoco/include/quadruped_mujoco/controllers/trot_controller.hpp:4\x1b[m\x1b[K,\n'}
[2.050825] (quadruped_mujoco) StderrLine: {'line': b'                 from \x1b[01m\x1b[K/home/nisarg/Documents/repo/libchamp-imp/ros2_ws/src/quadruped_mujoco/src/nodes/trot_node.cpp:2\x1b[m\x1b[K:\n'}
[2.050881] (quadruped_mujoco) StderrLine: {'line': b'\x1b[01m\x1b[K/home/nisarg/Documents/repo/libchamp-imp/ros2_ws/src/quadruped_mujoco/include/quadruped_mujoco/body_controller/body_controller.hpp:23:89:\x1b[m\x1b[K \x1b[01;36m\x1b[Knote: \x1b[m\x1b[K  initializing argument 2 of \xe2\x80\x98\x1b[01m\x1b[Kvoid champ::BodyController::poseCommand(geometry::Transformation (&)[4], const champ::Pose&)\x1b[m\x1b[K\xe2\x80\x99\n'}
[2.050943] (quadruped_mujoco) StderrLine: {'line': b'   23 |             void poseCommand(geometry::Transformation (&foot_positions)[4], \x1b[01;36m\x1b[Kconst Pose &req_pose\x1b[m\x1b[K)\n'}
[2.051002] (quadruped_mujoco) StderrLine: {'line': b'      |                                                                             \x1b[01;36m\x1b[K~~~~~~~~~~~~^~~~~~~~\x1b[m\x1b[K\n'}
[2.051064] (quadruped_mujoco) StderrLine: {'line': b'In file included from \x1b[01m\x1b[K/home/nisarg/Documents/repo/libchamp-imp/ros2_ws/src/quadruped_mujoco/src/nodes/trot_node.cpp:2\x1b[m\x1b[K:\n'}
[2.051118] (quadruped_mujoco) StderrLine: {'line': b'\x1b[01m\x1b[K/home/nisarg/Documents/repo/libchamp-imp/ros2_ws/src/quadruped_mujoco/include/quadruped_mujoco/controllers/trot_controller.hpp:27:36:\x1b[m\x1b[K \x1b[01;31m\x1b[Kerror: \x1b[m\x1b[Kno matching function for call to \xe2\x80\x98\x1b[01m\x1b[Kchamp::Kinematics::inverse(float [12], geometry::Transformation [4])\x1b[m\x1b[K\xe2\x80\x99\n'}
[2.051173] (quadruped_mujoco) StderrLine: {'line': b'   27 |                 \x1b[01;31m\x1b[Kkinematics_.inverse(target_joints_, foot_positions_)\x1b[m\x1b[K;\n'}
[2.051226] (quadruped_mujoco) StderrLine: {'line': b'      |                 \x1b[01;31m\x1b[K~~~~~~~~~~~~~~~~~~~^~~~~~~~~~~~~~~~~~~~~~~~~~~~~~~~~\x1b[m\x1b[K\n'}
[2.051278] (quadruped_mujoco) StderrLine: {'line': b'In file included from \x1b[01m\x1b[K/home/nisarg/Documents/repo/libchamp-imp/ros2_ws/src/quadruped_mujoco/include/quadruped_mujoco/controllers/quadruped_controller.hpp:13\x1b[m\x1b[K,\n'}
[2.051338] (quadruped_mujoco) StderrLine: {'line': b'                 from \x1b[01m\x1b[K/home/nisarg/Documents/repo/libchamp-imp/ros2_ws/src/quadruped_mujoco/include/quadruped_mujoco/controllers/trot_controller.hpp:4\x1b[m\x1b[K,\n'}
[2.051400] (quadruped_mujoco) StderrLine: {'line': b'                 from \x1b[01m\x1b[K/home/nisarg/Documents/repo/libchamp-imp/ros2_ws/src/quadruped_mujoco/src/nodes/trot_node.cpp:2\x1b[m\x1b[K:\n'}
[2.051449] (quadruped_mujoco) StderrLine: {'line': b'\x1b[01m\x1b[K/home/nisarg/Documents/repo/libchamp-imp/ros2_ws/src/quadruped_mujoco/include/quadruped_mujoco/kinematics/kinematics.hpp:13:25:\x1b[m\x1b[K \x1b[01;36m\x1b[Knote: \x1b[m\x1b[Kcandidate: \xe2\x80\x98\x1b[01m\x1b[Kstatic void champ::Kinematics::inverse(float&, float&, float&, champ::QuadrupedLeg&, geometry::Transformation&)\x1b[m\x1b[K\xe2\x80\x99\n'}
[2.051510] (quadruped_mujoco) StderrLine: {'line': b'   13 |             static void \x1b[01;36m\x1b[Kinverse\x1b[m\x1b[K(float &hip_joint, float &upper_leg_joint, float &lower_leg_joint,\n'}
[2.051561] (quadruped_mujoco) StderrLine: {'line': b'      |                         \x1b[01;36m\x1b[K^~~~~~~\x1b[m\x1b[K\n'}
[2.051611] (quadruped_mujoco) StderrLine: {'line': b'\x1b[01m\x1b[K/home/nisarg/Documents/repo/libchamp-imp/ros2_ws/src/quadruped_mujoco/include/quadruped_mujoco/kinematics/kinematics.hpp:13:25:\x1b[m\x1b[K \x1b[01;36m\x1b[Knote: \x1b[m\x1b[K  candidate expects 5 arguments, 2 provided\n'}
[2.051663] (quadruped_mujoco) StderrLine: {'line': b'In file included from \x1b[01m\x1b[K/home/nisarg/Documents/repo/libchamp-imp/ros2_ws/src/quadruped_mujoco/src/nodes/trot_node.cpp:2\x1b[m\x1b[K:\n'}
[2.051717] (quadruped_mujoco) StderrLine: {'line': b'\x1b[01m\x1b[K/home/nisarg/Documents/repo/libchamp-imp/ros2_ws/src/quadruped_mujoco/include/quadruped_mujoco/controllers/trot_controller.hpp:\x1b[m\x1b[K In member function \xe2\x80\x98\x1b[01m\x1b[Kvirtual void champ::TrotController::initializeGaitConfig()\x1b[m\x1b[K\xe2\x80\x99:\n'}
[2.051767] (quadruped_mujoco) StderrLine: {'line': b'\x1b[01m\x1b[K/home/nisarg/Documents/repo/libchamp-imp/ros2_ws/src/quadruped_mujoco/include/quadruped_mujoco/controllers/trot_controller.hpp:44:29:\x1b[m\x1b[K \x1b[01;31m\x1b[Kerror: \x1b[m\x1b[K\xe2\x80\x98\x1b[01m\x1b[Kclass champ::GaitConfig\x1b[m\x1b[K\xe2\x80\x99 has no member named \xe2\x80\x98\x1b[01m\x1b[Kcom_x_translation\x1b[m\x1b[K\xe2\x80\x99\n'}
[2.051822] (quadruped_mujoco) StderrLine: {'line': b'   44 |                 gait_config.\x1b[01;31m\x1b[Kcom_x_translation\x1b[m\x1b[K = 0.0;\n'}
[2.051869] (quadruped_mujoco) StderrLine: {'line': b'      |                             \x1b[01;31m\x1b[K^~~~~~~~~~~~~~~~~\x1b[m\x1b[K\n'}
[2.080627] (quadruped_mujoco) StderrLine: {'line': b'In file included from \x1b[01m\x1b[K/home/nisarg/Documents/repo/libchamp-imp/ros2_ws/src/quadruped_mujoco/include/quadruped_mujoco/leg_controller/leg_controller.hpp:6\x1b[m\x1b[K,\n'}
[2.081021] (quadruped_mujoco) StderrLine: {'line': b'                 from \x1b[01m\x1b[K/home/nisarg/Documents/repo/libchamp-imp/ros2_ws/src/quadruped_mujoco/include/quadruped_mujoco/controllers/quadruped_controller.hpp:12\x1b[m\x1b[K,\n'}
[2.081179] (quadruped_mujoco) StderrLine: {'line': b'                 from \x1b[01m\x1b[K/home/nisarg/Documents/repo/libchamp-imp/ros2_ws/src/quadruped_mujoco/src/nodes/quadruped_controller_node.cpp:2\x1b[m\x1b[K:\n'}
[2.081252] (quadruped_mujoco) StderrLine: {'line': b'\x1b[01m\x1b[K/home/nisarg/Documents/repo/libchamp-imp/ros2_ws/src/quadruped_mujoco/include/quadruped_mujoco/leg_controller/phase_generator.hpp:\x1b[m\x1b[K In constructor \xe2\x80\x98\x1b[01m\x1b[Kchamp::PhaseGenerator::PhaseGenerator(champ::QuadrupedBase&, champ::PhaseGenerator::Time)\x1b[m\x1b[K\xe2\x80\x99:\n'}
[2.081345] (quadruped_mujoco) StderrLine: {'line': b'\x1b[01m\x1b[K/home/nisarg/Documents/repo/libchamp-imp/ros2_ws/src/quadruped_mujoco/include/quadruped_mujoco/leg_controller/phase_generator.hpp:64:18:\x1b[m\x1b[K \x1b[01;35m\x1b[Kwarning: \x1b[m\x1b[K\xe2\x80\x98\x1b[01m\x1b[Kchamp::PhaseGenerator::has_swung_\x1b[m\x1b[K\xe2\x80\x99 will be initialized after [\x1b[01;35m\x1b[K\x1b]8;;https://gcc.gnu.org/onlinedocs/gcc/Warning-Options.html#index-Wreorder\x07-Wreorder\x1b]8;;\x07\x1b[m\x1b[K]\n'}
[2.081410] (quadruped_mujoco) StderrLine: {'line': b'   64 |             bool \x1b[01;35m\x1b[Khas_swung_\x1b[m\x1b[K;\n'}
[2.081463] (quadruped_mujoco) StderrLine: {'line': b'      |                  \x1b[01;35m\x1b[K^~~~~~~~~~\x1b[m\x1b[K\n'}
[2.081512] (quadruped_mujoco) StderrLine: {'line': b'\x1b[01m\x1b[K/home/nisarg/Documents/repo/libchamp-imp/ros2_ws/src/quadruped_mujoco/include/quadruped_mujoco/leg_controller/phase_generator.hpp:17:18:\x1b[m\x1b[K \x1b[01;35m\x1b[Kwarning: \x1b[m\x1b[K  \xe2\x80\x98\x1b[01m\x1b[Kbool champ::PhaseGenerator::has_started\x1b[m\x1b[K\xe2\x80\x99 [\x1b[01;35m\x1b[K\x1b]8;;https://gcc.gnu.org/onlinedocs/gcc/Warning-Options.html#index-Wreorder\x07-Wreorder\x1b]8;;\x07\x1b[m\x1b[K]\n'}
[2.081567] (quadruped_mujoco) StderrLine: {'line': b'   17 |             bool \x1b[01;35m\x1b[Khas_started\x1b[m\x1b[K;\n'}
[2.081617] (quadruped_mujoco) StderrLine: {'line': b'      |                  \x1b[01;35m\x1b[K^~~~~~~~~~~\x1b[m\x1b[K\n'}
[2.081669] (quadruped_mujoco) StderrLine: {'line': b'\x1b[01m\x1b[K/home/nisarg/Documents/repo/libchamp-imp/ros2_ws/src/quadruped_mujoco/include/quadruped_mujoco/leg_controller/phase_generator.hpp:19:13:\x1b[m\x1b[K \x1b[01;35m\x1b[Kwarning: \x1b[m\x1b[K  when initialized here [\x1b[01;35m\x1b[K\x1b]8;;https://gcc.gnu.org/onlinedocs/gcc/Warning-Options.html#index-Wreorder\x07-Wreorder\x1b]8;;\x07\x1b[m\x1b[K]\n'}
[2.081727] (quadruped_mujoco) StderrLine: {'line': b'   19 |             \x1b[01;35m\x1b[KPhaseGenerator\x1b[m\x1b[K(QuadrupedBase &base, Time time = now()):\n'}
[2.081780] (quadruped_mujoco) StderrLine: {'line': b'      |             \x1b[01;35m\x1b[K^~~~~~~~~~~~~~\x1b[m\x1b[K\n'}
[2.081833] (quadruped_mujoco) StderrLine: {'line': b'\x1b[01m\x1b[K/home/nisarg/Documents/repo/libchamp-imp/ros2_ws/src/quadruped_mujoco/include/quadruped_mujoco/leg_controller/phase_generator.hpp:\x1b[m\x1b[K In member function \xe2\x80\x98\x1b[01m\x1b[Kvoid champ::PhaseGenerator::run(float, float, champ::PhaseGenerator::Time)\x1b[m\x1b[K\xe2\x80\x99:\n'}
[2.081887] (quadruped_mujoco) StderrLine: {'line': b'\x1b[01m\x1b[K/home/nisarg/Documents/repo/libchamp-imp/ros2_ws/src/quadruped_mujoco/include/quadruped_mujoco/leg_controller/phase_generator.hpp:32:28:\x1b[m\x1b[K \x1b[01;35m\x1b[Kwarning: \x1b[m\x1b[Kunused parameter \xe2\x80\x98\x1b[01m\x1b[Ktarget_velocity\x1b[m\x1b[K\xe2\x80\x99 [\x1b[01;35m\x1b[K\x1b]8;;https://gcc.gnu.org/onlinedocs/gcc/Warning-Options.html#index-Wunused-parameter\x07-Wunused-parameter\x1b]8;;\x07\x1b[m\x1b[K]\n'}
[2.081951] (quadruped_mujoco) StderrLine: {'line': b'   32 |             void run(\x1b[01;35m\x1b[Kfloat target_velocity\x1b[m\x1b[K, float step_length, Time time = now())\n'}
[2.082002] (quadruped_mujoco) StderrLine: {'line': b'      |                      \x1b[01;35m\x1b[K~~~~~~^~~~~~~~~~~~~~~\x1b[m\x1b[K\n'}
[2.082047] (quadruped_mujoco) StderrLine: {'line': b'\x1b[01m\x1b[K/home/nisarg/Documents/repo/libchamp-imp/ros2_ws/src/quadruped_mujoco/include/quadruped_mujoco/leg_controller/phase_generator.hpp:32:51:\x1b[m\x1b[K \x1b[01;35m\x1b[Kwarning: \x1b[m\x1b[Kunused parameter \xe2\x80\x98\x1b[01m\x1b[Kstep_length\x1b[m\x1b[K\xe2\x80\x99 [\x1b[01;35m\x1b[K\x1b]8;;https://gcc.gnu.org/onlinedocs/gcc/Warning-Options.html#index-Wunused-parameter\x07-Wunused-parameter\x1b]8;;\x07\x1b[m\x1b[K]\n'}
[2.082098] (quadruped_mujoco) StderrLine: {'line': b'   32 |             void run(float target_velocity, \x1b[01;35m\x1b[Kfloat step_length\x1b[m\x1b[K, Time time = now())\n'}
[2.082146] (quadruped_mujoco) StderrLine: {'line': b'      |                                             \x1b[01;35m\x1b[K~~~~~~^~~~~~~~~~~\x1b[m\x1b[K\n'}
[2.082191] (quadruped_mujoco) StderrLine: {'line': b'In file included from \x1b[01m\x1b[K/home/nisarg/Documents/repo/libchamp-imp/ros2_ws/src/quadruped_mujoco/include/quadruped_mujoco/controllers/quadruped_controller.hpp:12\x1b[m\x1b[K,\n'}
[2.082233] (quadruped_mujoco) StderrLine: {'line': b'                 from \x1b[01m\x1b[K/home/nisarg/Documents/repo/libchamp-imp/ros2_ws/src/quadruped_mujoco/src/nodes/quadruped_controller_node.cpp:2\x1b[m\x1b[K:\n'}
[2.082279] (quadruped_mujoco) StderrLine: {'line': b'\x1b[01m\x1b[K/home/nisarg/Documents/repo/libchamp-imp/ros2_ws/src/quadruped_mujoco/include/quadruped_mujoco/leg_controller/leg_controller.hpp:\x1b[m\x1b[K In constructor \xe2\x80\x98\x1b[01m\x1b[Kchamp::LegController::LegController(champ::QuadrupedBase&, champ::PhaseGenerator::Time)\x1b[m\x1b[K\xe2\x80\x99:\n'}
[2.082340] (quadruped_mujoco) StderrLine: {'line': b'\x1b[01m\x1b[K/home/nisarg/Documents/repo/libchamp-imp/ros2_ws/src/quadruped_mujoco/include/quadruped_mujoco/leg_controller/leg_controller.hpp:13:69:\x1b[m\x1b[K \x1b[01;35m\x1b[Kwarning: \x1b[m\x1b[Kunused parameter \xe2\x80\x98\x1b[01m\x1b[Ktime\x1b[m\x1b[K\xe2\x80\x99 [\x1b[01;35m\x1b[K\x1b]8;;https://gcc.gnu.org/onlinedocs/gcc/Warning-Options.html#index-Wunused-parameter\x07-Wunused-parameter\x1b]8;;\x07\x1b[m\x1b[K]\n'}
[2.082404] (quadruped_mujoco) StderrLine: {'line': b'   13 |             LegController(QuadrupedBase &base, \x1b[01;35m\x1b[KPhaseGenerator::Time time = PhaseGenerator::now()\x1b[m\x1b[K):\n'}
[2.082461] (quadruped_mujoco) StderrLine: {'line': b'      |                                                \x1b[01;35m\x1b[K~~~~~~~~~~~~~~~~~~~~~^~~~~~~~~~~~~~~~~~~~~~~~~~~~\x1b[m\x1b[K\n'}
[2.105498] (-) TimerEvent: {}
[2.205904] (-) TimerEvent: {}
[2.306209] (-) TimerEvent: {}
[2.343412] (quadruped_mujoco) StderrLine: {'line': b'In file included from \x1b[01m\x1b[K/home/nisarg/Documents/repo/libchamp-imp/ros2_ws/src/quadruped_mujoco/include/quadruped_mujoco/leg_controller/leg_controller.hpp:6\x1b[m\x1b[K,\n'}
[2.343722] (quadruped_mujoco) StderrLine: {'line': b'                 from \x1b[01m\x1b[K/home/nisarg/Documents/repo/libchamp-imp/ros2_ws/src/quadruped_mujoco/include/quadruped_mujoco/controllers/quadruped_controller.hpp:12\x1b[m\x1b[K,\n'}
[2.343791] (quadruped_mujoco) StderrLine: {'line': b'                 from \x1b[01m\x1b[K/home/nisarg/Documents/repo/libchamp-imp/ros2_ws/src/quadruped_mujoco/include/quadruped_mujoco/controllers/turn_controller.hpp:4\x1b[m\x1b[K,\n'}
[2.343850] (quadruped_mujoco) StderrLine: {'line': b'                 from \x1b[01m\x1b[K/home/nisarg/Documents/repo/libchamp-imp/ros2_ws/src/quadruped_mujoco/src/nodes/turn_node.cpp:2\x1b[m\x1b[K:\n'}
[2.343911] (quadruped_mujoco) StderrLine: {'line': b'\x1b[01m\x1b[K/home/nisarg/Documents/repo/libchamp-imp/ros2_ws/src/quadruped_mujoco/include/quadruped_mujoco/leg_controller/phase_generator.hpp:\x1b[m\x1b[K In constructor \xe2\x80\x98\x1b[01m\x1b[Kchamp::PhaseGenerator::PhaseGenerator(champ::QuadrupedBase&, champ::PhaseGenerator::Time)\x1b[m\x1b[K\xe2\x80\x99:\n'}
[2.344063] (quadruped_mujoco) StderrLine: {'line': b'\x1b[01m\x1b[K/home/nisarg/Documents/repo/libchamp-imp/ros2_ws/src/quadruped_mujoco/include/quadruped_mujoco/leg_controller/phase_generator.hpp:64:18:\x1b[m\x1b[K \x1b[01;35m\x1b[Kwarning: \x1b[m\x1b[K\xe2\x80\x98\x1b[01m\x1b[Kchamp::PhaseGenerator::has_swung_\x1b[m\x1b[K\xe2\x80\x99 will be initialized after [\x1b[01;35m\x1b[K\x1b]8;;https://gcc.gnu.org/onlinedocs/gcc/Warning-Options.html#index-Wreorder\x07-Wreorder\x1b]8;;\x07\x1b[m\x1b[K]\n'}
[2.344104] (quadruped_mujoco) StderrLine: {'line': b'   64 |             bool \x1b[01;35m\x1b[Khas_swung_\x1b[m\x1b[K;\n'}
[2.344136] (quadruped_mujoco) StderrLine: {'line': b'      |                  \x1b[01;35m\x1b[K^~~~~~~~~~\x1b[m\x1b[K\n'}
[2.344166] (quadruped_mujoco) StderrLine: {'line': b'\x1b[01m\x1b[K/home/nisarg/Documents/repo/libchamp-imp/ros2_ws/src/quadruped_mujoco/include/quadruped_mujoco/leg_controller/phase_generator.hpp:17:18:\x1b[m\x1b[K \x1b[01;35m\x1b[Kwarning: \x1b[m\x1b[K  \xe2\x80\x98\x1b[01m\x1b[Kbool champ::PhaseGenerator::has_started\x1b[m\x1b[K\xe2\x80\x99 [\x1b[01;35m\x1b[K\x1b]8;;https://gcc.gnu.org/onlinedocs/gcc/Warning-Options.html#index-Wreorder\x07-Wreorder\x1b]8;;\x07\x1b[m\x1b[K]\n'}
[2.344196] (quadruped_mujoco) StderrLine: {'line': b'   17 |             bool \x1b[01;35m\x1b[Khas_started\x1b[m\x1b[K;\n'}
[2.344237] (quadruped_mujoco) StderrLine: {'line': b'      |                  \x1b[01;35m\x1b[K^~~~~~~~~~~\x1b[m\x1b[K\n'}
[2.344273] (quadruped_mujoco) StderrLine: {'line': b'\x1b[01m\x1b[K/home/nisarg/Documents/repo/libchamp-imp/ros2_ws/src/quadruped_mujoco/include/quadruped_mujoco/leg_controller/phase_generator.hpp:19:13:\x1b[m\x1b[K \x1b[01;35m\x1b[Kwarning: \x1b[m\x1b[K  when initialized here [\x1b[01;35m\x1b[K\x1b]8;;https://gcc.gnu.org/onlinedocs/gcc/Warning-Options.html#index-Wreorder\x07-Wreorder\x1b]8;;\x07\x1b[m\x1b[K]\n'}
[2.344342] (quadruped_mujoco) StderrLine: {'line': b'   19 |             \x1b[01;35m\x1b[KPhaseGenerator\x1b[m\x1b[K(QuadrupedBase &base, Time time = now()):\n'}
[2.344467] (quadruped_mujoco) StderrLine: {'line': b'      |             \x1b[01;35m\x1b[K^~~~~~~~~~~~~~\x1b[m\x1b[K\n'}
[2.344516] (quadruped_mujoco) StderrLine: {'line': b'\x1b[01m\x1b[K/home/nisarg/Documents/repo/libchamp-imp/ros2_ws/src/quadruped_mujoco/include/quadruped_mujoco/leg_controller/phase_generator.hpp:\x1b[m\x1b[K In member function \xe2\x80\x98\x1b[01m\x1b[Kvoid champ::PhaseGenerator::run(float, float, champ::PhaseGenerator::Time)\x1b[m\x1b[K\xe2\x80\x99:\n'}
[2.344568] (quadruped_mujoco) StderrLine: {'line': b'\x1b[01m\x1b[K/home/nisarg/Documents/repo/libchamp-imp/ros2_ws/src/quadruped_mujoco/include/quadruped_mujoco/leg_controller/phase_generator.hpp:32:28:\x1b[m\x1b[K \x1b[01;35m\x1b[Kwarning: \x1b[m\x1b[Kunused parameter \xe2\x80\x98\x1b[01m\x1b[Ktarget_velocity\x1b[m\x1b[K\xe2\x80\x99 [\x1b[01;35m\x1b[K\x1b]8;;https://gcc.gnu.org/onlinedocs/gcc/Warning-Options.html#index-Wunused-parameter\x07-Wunused-parameter\x1b]8;;\x07\x1b[m\x1b[K]\n'}
[2.344619] (quadruped_mujoco) StderrLine: {'line': b'   32 |             void run(\x1b[01;35m\x1b[Kfloat target_velocity\x1b[m\x1b[K, float step_length, Time time = now())\n'}
[2.344665] (quadruped_mujoco) StderrLine: {'line': b'      |                      \x1b[01;35m\x1b[K~~~~~~^~~~~~~~~~~~~~~\x1b[m\x1b[K\n'}
[2.344710] (quadruped_mujoco) StderrLine: {'line': b'\x1b[01m\x1b[K/home/nisarg/Documents/repo/libchamp-imp/ros2_ws/src/quadruped_mujoco/include/quadruped_mujoco/leg_controller/phase_generator.hpp:32:51:\x1b[m\x1b[K \x1b[01;35m\x1b[Kwarning: \x1b[m\x1b[Kunused parameter \xe2\x80\x98\x1b[01m\x1b[Kstep_length\x1b[m\x1b[K\xe2\x80\x99 [\x1b[01;35m\x1b[K\x1b]8;;https://gcc.gnu.org/onlinedocs/gcc/Warning-Options.html#index-Wunused-parameter\x07-Wunused-parameter\x1b]8;;\x07\x1b[m\x1b[K]\n'}
[2.344754] (quadruped_mujoco) StderrLine: {'line': b'   32 |             void run(float target_velocity, \x1b[01;35m\x1b[Kfloat step_length\x1b[m\x1b[K, Time time = now())\n'}
[2.344800] (quadruped_mujoco) StderrLine: {'line': b'      |                                             \x1b[01;35m\x1b[K~~~~~~^~~~~~~~~~~\x1b[m\x1b[K\n'}
[2.344848] (quadruped_mujoco) StderrLine: {'line': b'In file included from \x1b[01m\x1b[K/home/nisarg/Documents/repo/libchamp-imp/ros2_ws/src/quadruped_mujoco/include/quadruped_mujoco/controllers/quadruped_controller.hpp:12\x1b[m\x1b[K,\n'}
[2.344895] (quadruped_mujoco) StderrLine: {'line': b'                 from \x1b[01m\x1b[K/home/nisarg/Documents/repo/libchamp-imp/ros2_ws/src/quadruped_mujoco/include/quadruped_mujoco/controllers/turn_controller.hpp:4\x1b[m\x1b[K,\n'}
[2.344941] (quadruped_mujoco) StderrLine: {'line': b'                 from \x1b[01m\x1b[K/home/nisarg/Documents/repo/libchamp-imp/ros2_ws/src/quadruped_mujoco/src/nodes/turn_node.cpp:2\x1b[m\x1b[K:\n'}
[2.344987] (quadruped_mujoco) StderrLine: {'line': b'\x1b[01m\x1b[K/home/nisarg/Documents/repo/libchamp-imp/ros2_ws/src/quadruped_mujoco/include/quadruped_mujoco/leg_controller/leg_controller.hpp:\x1b[m\x1b[K In constructor \xe2\x80\x98\x1b[01m\x1b[Kchamp::LegController::LegController(champ::QuadrupedBase&, champ::PhaseGenerator::Time)\x1b[m\x1b[K\xe2\x80\x99:\n'}
[2.345036] (quadruped_mujoco) StderrLine: {'line': b'\x1b[01m\x1b[K/home/nisarg/Documents/repo/libchamp-imp/ros2_ws/src/quadruped_mujoco/include/quadruped_mujoco/leg_controller/leg_controller.hpp:13:69:\x1b[m\x1b[K \x1b[01;35m\x1b[Kwarning: \x1b[m\x1b[Kunused parameter \xe2\x80\x98\x1b[01m\x1b[Ktime\x1b[m\x1b[K\xe2\x80\x99 [\x1b[01;35m\x1b[K\x1b]8;;https://gcc.gnu.org/onlinedocs/gcc/Warning-Options.html#index-Wunused-parameter\x07-Wunused-parameter\x1b]8;;\x07\x1b[m\x1b[K]\n'}
[2.345092] (quadruped_mujoco) StderrLine: {'line': b'   13 |             LegController(QuadrupedBase &base, \x1b[01;35m\x1b[KPhaseGenerator::Time time = PhaseGenerator::now()\x1b[m\x1b[K):\n'}
[2.345138] (quadruped_mujoco) StderrLine: {'line': b'      |                                                \x1b[01;35m\x1b[K~~~~~~~~~~~~~~~~~~~~~^~~~~~~~~~~~~~~~~~~~~~~~~~~~\x1b[m\x1b[K\n'}
[2.352951] (quadruped_mujoco) StderrLine: {'line': b'In file included from \x1b[01m\x1b[K/home/nisarg/Documents/repo/libchamp-imp/ros2_ws/src/quadruped_mujoco/src/nodes/turn_node.cpp:2\x1b[m\x1b[K:\n'}
[2.353219] (quadruped_mujoco) StderrLine: {'line': b'\x1b[01m\x1b[K/home/nisarg/Documents/repo/libchamp-imp/ros2_ws/src/quadruped_mujoco/include/quadruped_mujoco/controllers/turn_controller.hpp:\x1b[m\x1b[K In member function \xe2\x80\x98\x1b[01m\x1b[Kvirtual void champ::TurnController::execute(const champ::Velocities&)\x1b[m\x1b[K\xe2\x80\x99:\n'}
[2.353314] (quadruped_mujoco) StderrLine: {'line': b'\x1b[01m\x1b[K/home/nisarg/Documents/repo/libchamp-imp/ros2_ws/src/quadruped_mujoco/include/quadruped_mujoco/controllers/turn_controller.hpp:29:66:\x1b[m\x1b[K \x1b[01;31m\x1b[Kerror: \x1b[m\x1b[Kbinding reference of type \xe2\x80\x98\x1b[01m\x1b[Kchamp::Velocities&\x1b[m\x1b[K\xe2\x80\x99 to \xe2\x80\x98\x1b[01m\x1b[Kconst champ::Velocities\x1b[m\x1b[K\xe2\x80\x99 discards qualifiers\n'}
[2.353420] (quadruped_mujoco) StderrLine: {'line': b'   29 |                 leg_controller_.velocityCommand(foot_positions_, \x1b[01;31m\x1b[Kvel_cmd\x1b[m\x1b[K);\n'}
[2.353502] (quadruped_mujoco) StderrLine: {'line': b'      |                                                                  \x1b[01;31m\x1b[K^~~~~~~\x1b[m\x1b[K\n'}
[2.353580] (quadruped_mujoco) StderrLine: {'line': b'In file included from \x1b[01m\x1b[K/home/nisarg/Documents/repo/libchamp-imp/ros2_ws/src/quadruped_mujoco/include/quadruped_mujoco/controllers/quadruped_controller.hpp:12\x1b[m\x1b[K,\n'}
[2.353661] (quadruped_mujoco) StderrLine: {'line': b'                 from \x1b[01m\x1b[K/home/nisarg/Documents/repo/libchamp-imp/ros2_ws/src/quadruped_mujoco/include/quadruped_mujoco/controllers/turn_controller.hpp:4\x1b[m\x1b[K,\n'}
[2.353756] (quadruped_mujoco) StderrLine: {'line': b'                 from \x1b[01m\x1b[K/home/nisarg/Documents/repo/libchamp-imp/ros2_ws/src/quadruped_mujoco/src/nodes/turn_node.cpp:2\x1b[m\x1b[K:\n'}
[2.353841] (quadruped_mujoco) StderrLine: {'line': b'\x1b[01m\x1b[K/home/nisarg/Documents/repo/libchamp-imp/ros2_ws/src/quadruped_mujoco/include/quadruped_mujoco/leg_controller/leg_controller.hpp:28:44:\x1b[m\x1b[K \x1b[01;36m\x1b[Knote: \x1b[m\x1b[K  initializing argument 2 of \xe2\x80\x98\x1b[01m\x1b[Kvoid champ::LegController::velocityCommand(geometry::Transformation*, champ::Velocities&, champ::PhaseGenerator::Time)\x1b[m\x1b[K\xe2\x80\x99\n'}
[2.353931] (quadruped_mujoco) StderrLine: {'line': b'   28 |                                \x1b[01;36m\x1b[KVelocities &req_vel\x1b[m\x1b[K,\n'}
[2.354011] (quadruped_mujoco) StderrLine: {'line': b'      |                                \x1b[01;36m\x1b[K~~~~~~~~~~~~^~~~~~~\x1b[m\x1b[K\n'}
[2.354089] (quadruped_mujoco) StderrLine: {'line': b'In file included from \x1b[01m\x1b[K/home/nisarg/Documents/repo/libchamp-imp/ros2_ws/src/quadruped_mujoco/src/nodes/turn_node.cpp:2\x1b[m\x1b[K:\n'}
[2.354166] (quadruped_mujoco) StderrLine: {'line': b'\x1b[01m\x1b[K/home/nisarg/Documents/repo/libchamp-imp/ros2_ws/src/quadruped_mujoco/include/quadruped_mujoco/controllers/turn_controller.hpp:\x1b[m\x1b[K In member function \xe2\x80\x98\x1b[01m\x1b[Kvirtual void champ::TurnController::initializeGaitConfig()\x1b[m\x1b[K\xe2\x80\x99:\n'}
[2.354243] (quadruped_mujoco) StderrLine: {'line': b'\x1b[01m\x1b[K/home/nisarg/Documents/repo/libchamp-imp/ros2_ws/src/quadruped_mujoco/include/quadruped_mujoco/controllers/turn_controller.hpp:55:29:\x1b[m\x1b[K \x1b[01;31m\x1b[Kerror: \x1b[m\x1b[K\xe2\x80\x98\x1b[01m\x1b[Kclass champ::GaitConfig\x1b[m\x1b[K\xe2\x80\x99 has no member named \xe2\x80\x98\x1b[01m\x1b[Kcom_x_translation\x1b[m\x1b[K\xe2\x80\x99\n'}
[2.354338] (quadruped_mujoco) StderrLine: {'line': b'   55 |                 gait_config.\x1b[01;31m\x1b[Kcom_x_translation\x1b[m\x1b[K = 0.0;\n'}
[2.354425] (quadruped_mujoco) StderrLine: {'line': b'      |                             \x1b[01;31m\x1b[K^~~~~~~~~~~~~~~~~\x1b[m\x1b[K\n'}
[2.406319] (-) TimerEvent: {}
[2.420127] (quadruped_mujoco) StderrLine: {'line': b'In file included from \x1b[01m\x1b[K/usr/include/x86_64-linux-gnu/c++/11/bits/c++allocator.h:33\x1b[m\x1b[K,\n'}
[2.420379] (quadruped_mujoco) StderrLine: {'line': b'                 from \x1b[01m\x1b[K/usr/include/c++/11/bits/allocator.h:46\x1b[m\x1b[K,\n'}
[2.420571] (quadruped_mujoco) StderrLine: {'line': b'                 from \x1b[01m\x1b[K/usr/include/c++/11/memory:64\x1b[m\x1b[K,\n'}
[2.420627] (quadruped_mujoco) StderrLine: {'line': b'                 from \x1b[01m\x1b[K/opt/ros/humble/include/rclcpp/rclcpp/rclcpp.hpp:153\x1b[m\x1b[K,\n'}
[2.420665] (quadruped_mujoco) StderrLine: {'line': b'                 from \x1b[01m\x1b[K/home/nisarg/Documents/repo/libchamp-imp/ros2_ws/src/quadruped_mujoco/src/nodes/quadruped_controller_node.cpp:1\x1b[m\x1b[K:\n'}
[2.420698] (quadruped_mujoco) StderrLine: {'line': b'/usr/include/c++/11/ext/new_allocator.h: In instantiation of \xe2\x80\x98\x1b[01m\x1b[Kvoid __gnu_cxx::new_allocator<_Tp>::construct(_Up*, _Args&& ...) [with _Up = champ::QuadrupedController; _Args = {std::shared_ptr<rclcpp::Node>&}; _Tp = champ::QuadrupedController]\x1b[m\x1b[K\xe2\x80\x99:\n'}
[2.420742] (quadruped_mujoco) StderrLine: {'line': b'\x1b[01m\x1b[K/usr/include/c++/11/bits/alloc_traits.h:516:17:\x1b[m\x1b[K   required from \xe2\x80\x98\x1b[01m\x1b[Kstatic void std::allocator_traits<std::allocator<_Tp1> >::construct(std::allocator_traits<std::allocator<_Tp1> >::allocator_type&, _Up*, _Args&& ...) [with _Up = champ::QuadrupedController; _Args = {std::shared_ptr<rclcpp::Node>&}; _Tp = champ::QuadrupedController; std::allocator_traits<std::allocator<_Tp1> >::allocator_type = std::allocator<champ::QuadrupedController>]\x1b[m\x1b[K\xe2\x80\x99\n'}
[2.420777] (quadruped_mujoco) StderrLine: {'line': b'\x1b[01m\x1b[K/usr/include/c++/11/bits/shared_ptr_base.h:519:39:\x1b[m\x1b[K   required from \xe2\x80\x98\x1b[01m\x1b[Kstd::_Sp_counted_ptr_inplace<_Tp, _Alloc, _Lp>::_Sp_counted_ptr_inplace(_Alloc, _Args&& ...) [with _Args = {std::shared_ptr<rclcpp::Node>&}; _Tp = champ::QuadrupedController; _Alloc = std::allocator<champ::QuadrupedController>; __gnu_cxx::_Lock_policy _Lp = __gnu_cxx::_S_atomic]\x1b[m\x1b[K\xe2\x80\x99\n'}
[2.420814] (quadruped_mujoco) StderrLine: {'line': b'\x1b[01m\x1b[K/usr/include/c++/11/bits/shared_ptr_base.h:650:16:\x1b[m\x1b[K   required from \xe2\x80\x98\x1b[01m\x1b[Kstd::__shared_count<_Lp>::__shared_count(_Tp*&, std::_Sp_alloc_shared_tag<_Alloc>, _Args&& ...) [with _Tp = champ::QuadrupedController; _Alloc = std::allocator<champ::QuadrupedController>; _Args = {std::shared_ptr<rclcpp::Node>&}; __gnu_cxx::_Lock_policy _Lp = __gnu_cxx::_S_atomic]\x1b[m\x1b[K\xe2\x80\x99\n'}
[2.420851] (quadruped_mujoco) StderrLine: {'line': b'\x1b[01m\x1b[K/usr/include/c++/11/bits/shared_ptr_base.h:1342:14:\x1b[m\x1b[K   required from \xe2\x80\x98\x1b[01m\x1b[Kstd::__shared_ptr<_Tp, _Lp>::__shared_ptr(std::_Sp_alloc_shared_tag<_Tp>, _Args&& ...) [with _Alloc = std::allocator<champ::QuadrupedController>; _Args = {std::shared_ptr<rclcpp::Node>&}; _Tp = champ::QuadrupedController; __gnu_cxx::_Lock_policy _Lp = __gnu_cxx::_S_atomic]\x1b[m\x1b[K\xe2\x80\x99\n'}
[2.420885] (quadruped_mujoco) StderrLine: {'line': b'\x1b[01m\x1b[K/usr/include/c++/11/bits/shared_ptr.h:409:59:\x1b[m\x1b[K   required from \xe2\x80\x98\x1b[01m\x1b[Kstd::shared_ptr<_Tp>::shared_ptr(std::_Sp_alloc_shared_tag<_Tp>, _Args&& ...) [with _Alloc = std::allocator<champ::QuadrupedController>; _Args = {std::shared_ptr<rclcpp::Node>&}; _Tp = champ::QuadrupedController]\x1b[m\x1b[K\xe2\x80\x99\n'}
[2.420936] (quadruped_mujoco) StderrLine: {'line': b'\x1b[01m\x1b[K/usr/include/c++/11/bits/shared_ptr.h:862:14:\x1b[m\x1b[K   required from \xe2\x80\x98\x1b[01m\x1b[Kstd::shared_ptr<_Tp> std::allocate_shared(const _Alloc&, _Args&& ...) [with _Tp = champ::QuadrupedController; _Alloc = std::allocator<champ::QuadrupedController>; _Args = {std::shared_ptr<rclcpp::Node>&}]\x1b[m\x1b[K\xe2\x80\x99\n'}
[2.420982] (quadruped_mujoco) StderrLine: {'line': b'\x1b[01m\x1b[K/usr/include/c++/11/bits/shared_ptr.h:878:39:\x1b[m\x1b[K   required from \xe2\x80\x98\x1b[01m\x1b[Kstd::shared_ptr<_Tp> std::make_shared(_Args&& ...) [with _Tp = champ::QuadrupedController; _Args = {std::shared_ptr<rclcpp::Node>&}]\x1b[m\x1b[K\xe2\x80\x99\n'}
[2.421033] (quadruped_mujoco) StderrLine: {'line': b'\x1b[01m\x1b[K/home/nisarg/Documents/repo/libchamp-imp/ros2_ws/src/quadruped_mujoco/src/nodes/quadruped_controller_node.cpp:9:67:\x1b[m\x1b[K   required from here\n'}
[2.421081] (quadruped_mujoco) StderrLine: {'line': b'\x1b[01m\x1b[K/usr/include/c++/11/ext/new_allocator.h:162:11:\x1b[m\x1b[K \x1b[01;31m\x1b[Kerror: \x1b[m\x1b[Kinvalid new-expression of abstract class type \xe2\x80\x98\x1b[01m\x1b[Kchamp::QuadrupedController\x1b[m\x1b[K\xe2\x80\x99\n'}
[2.421128] (quadruped_mujoco) StderrLine: {'line': b'  162 |         { \x1b[01;31m\x1b[K::new((void *)__p) _Up(std::forward<_Args>(__args)...)\x1b[m\x1b[K; }\n'}
[2.421178] (quadruped_mujoco) StderrLine: {'line': b'      |           \x1b[01;31m\x1b[K^~~~~~~~~~~~~~~~~~~~~~~~~~~~~~~~~~~~~~~~~~~~~~~~~~~~~~\x1b[m\x1b[K\n'}
[2.421227] (quadruped_mujoco) StderrLine: {'line': b'In file included from \x1b[01m\x1b[K/home/nisarg/Documents/repo/libchamp-imp/ros2_ws/src/quadruped_mujoco/src/nodes/quadruped_controller_node.cpp:2\x1b[m\x1b[K:\n'}
[2.421273] (quadruped_mujoco) StderrLine: {'line': b'\x1b[01m\x1b[K/home/nisarg/Documents/repo/libchamp-imp/ros2_ws/src/quadruped_mujoco/include/quadruped_mujoco/controllers/quadruped_controller.hpp:20:11:\x1b[m\x1b[K \x1b[01;36m\x1b[Knote: \x1b[m\x1b[K  because the following virtual functions are pure within \xe2\x80\x98\x1b[01m\x1b[Kchamp::QuadrupedController\x1b[m\x1b[K\xe2\x80\x99:\n'}
[2.421336] (quadruped_mujoco) StderrLine: {'line': b'   20 |     class \x1b[01;36m\x1b[KQuadrupedController\x1b[m\x1b[K\n'}
[2.421401] (quadruped_mujoco) StderrLine: {'line': b'      |           \x1b[01;36m\x1b[K^~~~~~~~~~~~~~~~~~~\x1b[m\x1b[K\n'}
[2.421451] (quadruped_mujoco) StderrLine: {'line': b'\x1b[01m\x1b[K/home/nisarg/Documents/repo/libchamp-imp/ros2_ws/src/quadruped_mujoco/include/quadruped_mujoco/controllers/quadruped_controller.hpp:38:26:\x1b[m\x1b[K \x1b[01;36m\x1b[Knote: \x1b[m\x1b[K    \xe2\x80\x98\x1b[01m\x1b[Kvirtual void champ::QuadrupedController::initializeGaitConfig()\x1b[m\x1b[K\xe2\x80\x99\n'}
[2.421501] (quadruped_mujoco) StderrLine: {'line': b'   38 |             virtual void \x1b[01;36m\x1b[KinitializeGaitConfig\x1b[m\x1b[K() = 0;\n'}
[2.421533] (quadruped_mujoco) StderrLine: {'line': b'      |                          \x1b[01;36m\x1b[K^~~~~~~~~~~~~~~~~~~~\x1b[m\x1b[K\n'}
[2.421572] (quadruped_mujoco) StderrLine: {'line': b'\x1b[01m\x1b[K/home/nisarg/Documents/repo/libchamp-imp/ros2_ws/src/quadruped_mujoco/include/quadruped_mujoco/controllers/quadruped_controller.hpp:39:26:\x1b[m\x1b[K \x1b[01;36m\x1b[Knote: \x1b[m\x1b[K    \xe2\x80\x98\x1b[01m\x1b[Kvirtual void champ::QuadrupedController::execute(const champ::Velocities&)\x1b[m\x1b[K\xe2\x80\x99\n'}
[2.421608] (quadruped_mujoco) StderrLine: {'line': b'   39 |             virtual void \x1b[01;36m\x1b[Kexecute\x1b[m\x1b[K(const Velocities &req_vel) = 0;\n'}
[2.421651] (quadruped_mujoco) StderrLine: {'line': b'      |                          \x1b[01;36m\x1b[K^~~~~~~\x1b[m\x1b[K\n'}
[2.482084] (quadruped_mujoco) StderrLine: {'line': b'gmake[2]: *** [CMakeFiles/quadruped_controller_node.dir/build.make:76: CMakeFiles/quadruped_controller_node.dir/src/nodes/quadruped_controller_node.cpp.o] Error 1\n'}
[2.482392] (quadruped_mujoco) StderrLine: {'line': b'gmake[1]: *** [CMakeFiles/Makefile2:628: CMakeFiles/quadruped_controller_node.dir/all] Error 2\n'}
[2.482473] (quadruped_mujoco) StderrLine: {'line': b'gmake[1]: *** Waiting for unfinished jobs....\n'}
[2.506396] (-) TimerEvent: {}
[2.606715] (-) TimerEvent: {}
[2.700750] (quadruped_mujoco) StderrLine: {'line': b'In file included from \x1b[01m\x1b[K/home/nisarg/Documents/repo/libchamp-imp/ros2_ws/src/quadruped_mujoco/include/quadruped_mujoco/leg_controller/leg_controller.hpp:6\x1b[m\x1b[K,\n'}
[2.701021] (quadruped_mujoco) StderrLine: {'line': b'                 from \x1b[01m\x1b[K/home/nisarg/Documents/repo/libchamp-imp/ros2_ws/src/quadruped_mujoco/include/quadruped_mujoco/controllers/quadruped_controller.hpp:12\x1b[m\x1b[K,\n'}
[2.701127] (quadruped_mujoco) StderrLine: {'line': b'                 from \x1b[01m\x1b[K/home/nisarg/Documents/repo/libchamp-imp/ros2_ws/src/quadruped_mujoco/include/quadruped_mujoco/controllers/waypoint_controller.hpp:4\x1b[m\x1b[K,\n'}
[2.701231] (quadruped_mujoco) StderrLine: {'line': b'                 from \x1b[01m\x1b[K/home/nisarg/Documents/repo/libchamp-imp/ros2_ws/src/quadruped_mujoco/src/nodes/waypoint_nav_node.cpp:2\x1b[m\x1b[K:\n'}
[2.701336] (quadruped_mujoco) StderrLine: {'line': b'\x1b[01m\x1b[K/home/nisarg/Documents/repo/libchamp-imp/ros2_ws/src/quadruped_mujoco/include/quadruped_mujoco/leg_controller/phase_generator.hpp:\x1b[m\x1b[K In constructor \xe2\x80\x98\x1b[01m\x1b[Kchamp::PhaseGenerator::PhaseGenerator(champ::QuadrupedBase&, champ::PhaseGenerator::Time)\x1b[m\x1b[K\xe2\x80\x99:\n'}
[2.701510] (quadruped_mujoco) StderrLine: {'line': b'\x1b[01m\x1b[K/home/nisarg/Documents/repo/libchamp-imp/ros2_ws/src/quadruped_mujoco/include/quadruped_mujoco/leg_controller/phase_generator.hpp:64:18:\x1b[m\x1b[K \x1b[01;35m\x1b[Kwarning: \x1b[m\x1b[K\xe2\x80\x98\x1b[01m\x1b[Kchamp::PhaseGenerator::has_swung_\x1b[m\x1b[K\xe2\x80\x99 will be initialized after [\x1b[01;35m\x1b[K\x1b]8;;https://gcc.gnu.org/onlinedocs/gcc/Warning-Options.html#index-Wreorder\x07-Wreorder\x1b]8;;\x07\x1b[m\x1b[K]\n'}
[2.701631] (quadruped_mujoco) StderrLine: {'line': b'   64 |             bool \x1b[01;35m\x1b[Khas_swung_\x1b[m\x1b[K;\n'}
[2.701720] (quadruped_mujoco) StderrLine: {'line': b'      |                  \x1b[01;35m\x1b[K^~~~~~~~~~\x1b[m\x1b[K\n'}
[2.701812] (quadruped_mujoco) StderrLine: {'line': b'\x1b[01m\x1b[K/home/nisarg/Documents/repo/libchamp-imp/ros2_ws/src/quadruped_mujoco/include/quadruped_mujoco/leg_controller/phase_generator.hpp:17:18:\x1b[m\x1b[K \x1b[01;35m\x1b[Kwarning: \x1b[m\x1b[K  \xe2\x80\x98\x1b[01m\x1b[Kbool champ::PhaseGenerator::has_started\x1b[m\x1b[K\xe2\x80\x99 [\x1b[01;35m\x1b[K\x1b]8;;https://gcc.gnu.org/onlinedocs/gcc/Warning-Options.html#index-Wreorder\x07-Wreorder\x1b]8;;\x07\x1b[m\x1b[K]\n'}
[2.701913] (quadruped_mujoco) StderrLine: {'line': b'   17 |             bool \x1b[01;35m\x1b[Khas_started\x1b[m\x1b[K;\n'}
[2.702003] (quadruped_mujoco) StderrLine: {'line': b'      |                  \x1b[01;35m\x1b[K^~~~~~~~~~~\x1b[m\x1b[K\n'}
[2.702084] (quadruped_mujoco) StderrLine: {'line': b'\x1b[01m\x1b[K/home/nisarg/Documents/repo/libchamp-imp/ros2_ws/src/quadruped_mujoco/include/quadruped_mujoco/leg_controller/phase_generator.hpp:19:13:\x1b[m\x1b[K \x1b[01;35m\x1b[Kwarning: \x1b[m\x1b[K  when initialized here [\x1b[01;35m\x1b[K\x1b]8;;https://gcc.gnu.org/onlinedocs/gcc/Warning-Options.html#index-Wreorder\x07-Wreorder\x1b]8;;\x07\x1b[m\x1b[K]\n'}
[2.702170] (quadruped_mujoco) StderrLine: {'line': b'   19 |             \x1b[01;35m\x1b[KPhaseGenerator\x1b[m\x1b[K(QuadrupedBase &base, Time time = now()):\n'}
[2.702251] (quadruped_mujoco) StderrLine: {'line': b'      |             \x1b[01;35m\x1b[K^~~~~~~~~~~~~~\x1b[m\x1b[K\n'}
[2.702351] (quadruped_mujoco) StderrLine: {'line': b'\x1b[01m\x1b[K/home/nisarg/Documents/repo/libchamp-imp/ros2_ws/src/quadruped_mujoco/include/quadruped_mujoco/leg_controller/phase_generator.hpp:\x1b[m\x1b[K In member function \xe2\x80\x98\x1b[01m\x1b[Kvoid champ::PhaseGenerator::run(float, float, champ::PhaseGenerator::Time)\x1b[m\x1b[K\xe2\x80\x99:\n'}
[2.702446] (quadruped_mujoco) StderrLine: {'line': b'\x1b[01m\x1b[K/home/nisarg/Documents/repo/libchamp-imp/ros2_ws/src/quadruped_mujoco/include/quadruped_mujoco/leg_controller/phase_generator.hpp:32:28:\x1b[m\x1b[K \x1b[01;35m\x1b[Kwarning: \x1b[m\x1b[Kunused parameter \xe2\x80\x98\x1b[01m\x1b[Ktarget_velocity\x1b[m\x1b[K\xe2\x80\x99 [\x1b[01;35m\x1b[K\x1b]8;;https://gcc.gnu.org/onlinedocs/gcc/Warning-Options.html#index-Wunused-parameter\x07-Wunused-parameter\x1b]8;;\x07\x1b[m\x1b[K]\n'}
[2.702532] (quadruped_mujoco) StderrLine: {'line': b'   32 |             void run(\x1b[01;35m\x1b[Kfloat target_velocity\x1b[m\x1b[K, float step_length, Time time = now())\n'}
[2.702612] (quadruped_mujoco) StderrLine: {'line': b'      |                      \x1b[01;35m\x1b[K~~~~~~^~~~~~~~~~~~~~~\x1b[m\x1b[K\n'}
[2.702690] (quadruped_mujoco) StderrLine: {'line': b'\x1b[01m\x1b[K/home/nisarg/Documents/repo/libchamp-imp/ros2_ws/src/quadruped_mujoco/include/quadruped_mujoco/leg_controller/phase_generator.hpp:32:51:\x1b[m\x1b[K \x1b[01;35m\x1b[Kwarning: \x1b[m\x1b[Kunused parameter \xe2\x80\x98\x1b[01m\x1b[Kstep_length\x1b[m\x1b[K\xe2\x80\x99 [\x1b[01;35m\x1b[K\x1b]8;;https://gcc.gnu.org/onlinedocs/gcc/Warning-Options.html#index-Wunused-parameter\x07-Wunused-parameter\x1b]8;;\x07\x1b[m\x1b[K]\n'}
[2.702786] (quadruped_mujoco) StderrLine: {'line': b'   32 |             void run(float target_velocity, \x1b[01;35m\x1b[Kfloat step_length\x1b[m\x1b[K, Time time = now())\n'}
[2.702866] (quadruped_mujoco) StderrLine: {'line': b'      |                                             \x1b[01;35m\x1b[K~~~~~~^~~~~~~~~~~\x1b[m\x1b[K\n'}
[2.702945] (quadruped_mujoco) StderrLine: {'line': b'In file included from \x1b[01m\x1b[K/home/nisarg/Documents/repo/libchamp-imp/ros2_ws/src/quadruped_mujoco/include/quadruped_mujoco/controllers/quadruped_controller.hpp:12\x1b[m\x1b[K,\n'}
[2.703027] (quadruped_mujoco) StderrLine: {'line': b'                 from \x1b[01m\x1b[K/home/nisarg/Documents/repo/libchamp-imp/ros2_ws/src/quadruped_mujoco/include/quadruped_mujoco/controllers/waypoint_controller.hpp:4\x1b[m\x1b[K,\n'}
[2.703108] (quadruped_mujoco) StderrLine: {'line': b'                 from \x1b[01m\x1b[K/home/nisarg/Documents/repo/libchamp-imp/ros2_ws/src/quadruped_mujoco/src/nodes/waypoint_nav_node.cpp:2\x1b[m\x1b[K:\n'}
[2.703187] (quadruped_mujoco) StderrLine: {'line': b'\x1b[01m\x1b[K/home/nisarg/Documents/repo/libchamp-imp/ros2_ws/src/quadruped_mujoco/include/quadruped_mujoco/leg_controller/leg_controller.hpp:\x1b[m\x1b[K In constructor \xe2\x80\x98\x1b[01m\x1b[Kchamp::LegController::LegController(champ::QuadrupedBase&, champ::PhaseGenerator::Time)\x1b[m\x1b[K\xe2\x80\x99:\n'}
[2.703267] (quadruped_mujoco) StderrLine: {'line': b'\x1b[01m\x1b[K/home/nisarg/Documents/repo/libchamp-imp/ros2_ws/src/quadruped_mujoco/include/quadruped_mujoco/leg_controller/leg_controller.hpp:13:69:\x1b[m\x1b[K \x1b[01;35m\x1b[Kwarning: \x1b[m\x1b[Kunused parameter \xe2\x80\x98\x1b[01m\x1b[Ktime\x1b[m\x1b[K\xe2\x80\x99 [\x1b[01;35m\x1b[K\x1b]8;;https://gcc.gnu.org/onlinedocs/gcc/Warning-Options.html#index-Wunused-parameter\x07-Wunused-parameter\x1b]8;;\x07\x1b[m\x1b[K]\n'}
[2.703372] (quadruped_mujoco) StderrLine: {'line': b'   13 |             LegController(QuadrupedBase &base, \x1b[01;35m\x1b[KPhaseGenerator::Time time = PhaseGenerator::now()\x1b[m\x1b[K):\n'}
[2.703459] (quadruped_mujoco) StderrLine: {'line': b'      |                                                \x1b[01;35m\x1b[K~~~~~~~~~~~~~~~~~~~~~^~~~~~~~~~~~~~~~~~~~~~~~~~~~\x1b[m\x1b[K\n'}
[2.706840] (-) TimerEvent: {}
[2.733887] (quadruped_mujoco) StderrLine: {'line': b'In file included from \x1b[01m\x1b[K/home/nisarg/Documents/repo/libchamp-imp/ros2_ws/src/quadruped_mujoco/src/nodes/waypoint_nav_node.cpp:2\x1b[m\x1b[K:\n'}
[2.734400] (quadruped_mujoco) StderrLine: {'line': b'\x1b[01m\x1b[K/home/nisarg/Documents/repo/libchamp-imp/ros2_ws/src/quadruped_mujoco/include/quadruped_mujoco/controllers/waypoint_controller.hpp:\x1b[m\x1b[K In member function \xe2\x80\x98\x1b[01m\x1b[Kbool champ::WaypointController::execute()\x1b[m\x1b[K\xe2\x80\x99:\n'}
[2.734478] (quadruped_mujoco) StderrLine: {'line': b'\x1b[01m\x1b[K/home/nisarg/Documents/repo/libchamp-imp/ros2_ws/src/quadruped_mujoco/include/quadruped_mujoco/controllers/waypoint_controller.hpp:61:71:\x1b[m\x1b[K \x1b[01;31m\x1b[Kerror: \x1b[m\x1b[K\xe2\x80\x98\x1b[01m\x1b[Kchamp::QuadrupedBase champ::QuadrupedController::base_\x1b[m\x1b[K\xe2\x80\x99 is protected within this context\n'}
[2.734571] (quadruped_mujoco) StderrLine: {'line': b'   61 |                 float dx = target.pose.position.x - base_controller_->\x1b[01;31m\x1b[Kbase_\x1b[m\x1b[K.position.x;\n'}
[2.734628] (quadruped_mujoco) StderrLine: {'line': b'      |                                                                       \x1b[01;31m\x1b[K^~~~~\x1b[m\x1b[K\n'}
[2.734681] (quadruped_mujoco) StderrLine: {'line': b'In file included from \x1b[01m\x1b[K/home/nisarg/Documents/repo/libchamp-imp/ros2_ws/src/quadruped_mujoco/include/quadruped_mujoco/controllers/waypoint_controller.hpp:4\x1b[m\x1b[K,\n'}
[2.734727] (quadruped_mujoco) StderrLine: {'line': b'                 from \x1b[01m\x1b[K/home/nisarg/Documents/repo/libchamp-imp/ros2_ws/src/quadruped_mujoco/src/nodes/waypoint_nav_node.cpp:2\x1b[m\x1b[K:\n'}
[2.734775] (quadruped_mujoco) StderrLine: {'line': b'\x1b[01m\x1b[K/home/nisarg/Documents/repo/libchamp-imp/ros2_ws/src/quadruped_mujoco/include/quadruped_mujoco/controllers/quadruped_controller.hpp:23:27:\x1b[m\x1b[K \x1b[01;36m\x1b[Knote: \x1b[m\x1b[Kdeclared protected here\n'}
[2.734827] (quadruped_mujoco) StderrLine: {'line': b'   23 |             QuadrupedBase \x1b[01;36m\x1b[Kbase_\x1b[m\x1b[K;\n'}
[2.734873] (quadruped_mujoco) StderrLine: {'line': b'      |                           \x1b[01;36m\x1b[K^~~~~\x1b[m\x1b[K\n'}
[2.734915] (quadruped_mujoco) StderrLine: {'line': b'In file included from \x1b[01m\x1b[K/home/nisarg/Documents/repo/libchamp-imp/ros2_ws/src/quadruped_mujoco/src/nodes/waypoint_nav_node.cpp:2\x1b[m\x1b[K:\n'}
[2.734948] (quadruped_mujoco) StderrLine: {'line': b'\x1b[01m\x1b[K/home/nisarg/Documents/repo/libchamp-imp/ros2_ws/src/quadruped_mujoco/include/quadruped_mujoco/controllers/waypoint_controller.hpp:61:77:\x1b[m\x1b[K \x1b[01;31m\x1b[Kerror: \x1b[m\x1b[K\xe2\x80\x98\x1b[01m\x1b[Kclass champ::QuadrupedBase\x1b[m\x1b[K\xe2\x80\x99 has no member named \xe2\x80\x98\x1b[01m\x1b[Kposition\x1b[m\x1b[K\xe2\x80\x99\n'}
[2.734985] (quadruped_mujoco) StderrLine: {'line': b'   61 |                 float dx = target.pose.position.x - base_controller_->base_.\x1b[01;31m\x1b[Kposition\x1b[m\x1b[K.x;\n'}
[2.735017] (quadruped_mujoco) StderrLine: {'line': b'      |                                                                             \x1b[01;31m\x1b[K^~~~~~~~\x1b[m\x1b[K\n'}
[2.735058] (quadruped_mujoco) StderrLine: {'line': b'\x1b[01m\x1b[K/home/nisarg/Documents/repo/libchamp-imp/ros2_ws/src/quadruped_mujoco/include/quadruped_mujoco/controllers/waypoint_controller.hpp:62:71:\x1b[m\x1b[K \x1b[01;31m\x1b[Kerror: \x1b[m\x1b[K\xe2\x80\x98\x1b[01m\x1b[Kchamp::QuadrupedBase champ::QuadrupedController::base_\x1b[m\x1b[K\xe2\x80\x99 is protected within this context\n'}
[2.735095] (quadruped_mujoco) StderrLine: {'line': b'   62 |                 float dy = target.pose.position.y - base_controller_->\x1b[01;31m\x1b[Kbase_\x1b[m\x1b[K.position.y;\n'}
[2.735144] (quadruped_mujoco) StderrLine: {'line': b'      |                                                                       \x1b[01;31m\x1b[K^~~~~\x1b[m\x1b[K\n'}
[2.735185] (quadruped_mujoco) StderrLine: {'line': b'In file included from \x1b[01m\x1b[K/home/nisarg/Documents/repo/libchamp-imp/ros2_ws/src/quadruped_mujoco/include/quadruped_mujoco/controllers/waypoint_controller.hpp:4\x1b[m\x1b[K,\n'}
[2.735219] (quadruped_mujoco) StderrLine: {'line': b'                 from \x1b[01m\x1b[K/home/nisarg/Documents/repo/libchamp-imp/ros2_ws/src/quadruped_mujoco/src/nodes/waypoint_nav_node.cpp:2\x1b[m\x1b[K:\n'}
[2.735252] (quadruped_mujoco) StderrLine: {'line': b'\x1b[01m\x1b[K/home/nisarg/Documents/repo/libchamp-imp/ros2_ws/src/quadruped_mujoco/include/quadruped_mujoco/controllers/quadruped_controller.hpp:23:27:\x1b[m\x1b[K \x1b[01;36m\x1b[Knote: \x1b[m\x1b[Kdeclared protected here\n'}
[2.735286] (quadruped_mujoco) StderrLine: {'line': b'   23 |             QuadrupedBase \x1b[01;36m\x1b[Kbase_\x1b[m\x1b[K;\n'}
[2.735320] (quadruped_mujoco) StderrLine: {'line': b'      |                           \x1b[01;36m\x1b[K^~~~~\x1b[m\x1b[K\n'}
[2.735365] (quadruped_mujoco) StderrLine: {'line': b'In file included from \x1b[01m\x1b[K/home/nisarg/Documents/repo/libchamp-imp/ros2_ws/src/quadruped_mujoco/src/nodes/waypoint_nav_node.cpp:2\x1b[m\x1b[K:\n'}
[2.735411] (quadruped_mujoco) StderrLine: {'line': b'\x1b[01m\x1b[K/home/nisarg/Documents/repo/libchamp-imp/ros2_ws/src/quadruped_mujoco/include/quadruped_mujoco/controllers/waypoint_controller.hpp:62:77:\x1b[m\x1b[K \x1b[01;31m\x1b[Kerror: \x1b[m\x1b[K\xe2\x80\x98\x1b[01m\x1b[Kclass champ::QuadrupedBase\x1b[m\x1b[K\xe2\x80\x99 has no member named \xe2\x80\x98\x1b[01m\x1b[Kposition\x1b[m\x1b[K\xe2\x80\x99\n'}
[2.735450] (quadruped_mujoco) StderrLine: {'line': b'   62 |                 float dy = target.pose.position.y - base_controller_->base_.\x1b[01;31m\x1b[Kposition\x1b[m\x1b[K.y;\n'}
[2.735486] (quadruped_mujoco) StderrLine: {'line': b'      |                                                                             \x1b[01;31m\x1b[K^~~~~~~~\x1b[m\x1b[K\n'}
[2.735533] (quadruped_mujoco) StderrLine: {'line': b'\x1b[01m\x1b[K/home/nisarg/Documents/repo/libchamp-imp/ros2_ws/src/quadruped_mujoco/include/quadruped_mujoco/controllers/waypoint_controller.hpp:74:72:\x1b[m\x1b[K \x1b[01;31m\x1b[Kerror: \x1b[m\x1b[K\xe2\x80\x98\x1b[01m\x1b[Kchamp::QuadrupedBase champ::QuadrupedController::base_\x1b[m\x1b[K\xe2\x80\x99 is protected within this context\n'}
[2.735566] (quadruped_mujoco) StderrLine: {'line': b'   74 |                 float angle_diff = angle_to_target - base_controller_->\x1b[01;31m\x1b[Kbase_\x1b[m\x1b[K.orientation.yaw;\n'}
[2.735598] (quadruped_mujoco) StderrLine: {'line': b'      |                                                                        \x1b[01;31m\x1b[K^~~~~\x1b[m\x1b[K\n'}
[2.735630] (quadruped_mujoco) StderrLine: {'line': b'In file included from \x1b[01m\x1b[K/home/nisarg/Documents/repo/libchamp-imp/ros2_ws/src/quadruped_mujoco/include/quadruped_mujoco/controllers/waypoint_controller.hpp:4\x1b[m\x1b[K,\n'}
[2.735663] (quadruped_mujoco) StderrLine: {'line': b'                 from \x1b[01m\x1b[K/home/nisarg/Documents/repo/libchamp-imp/ros2_ws/src/quadruped_mujoco/src/nodes/waypoint_nav_node.cpp:2\x1b[m\x1b[K:\n'}
[2.735693] (quadruped_mujoco) StderrLine: {'line': b'\x1b[01m\x1b[K/home/nisarg/Documents/repo/libchamp-imp/ros2_ws/src/quadruped_mujoco/include/quadruped_mujoco/controllers/quadruped_controller.hpp:23:27:\x1b[m\x1b[K \x1b[01;36m\x1b[Knote: \x1b[m\x1b[Kdeclared protected here\n'}
[2.735727] (quadruped_mujoco) StderrLine: {'line': b'   23 |             QuadrupedBase \x1b[01;36m\x1b[Kbase_\x1b[m\x1b[K;\n'}
[2.735757] (quadruped_mujoco) StderrLine: {'line': b'      |                           \x1b[01;36m\x1b[K^~~~~\x1b[m\x1b[K\n'}
[2.735788] (quadruped_mujoco) StderrLine: {'line': b'In file included from \x1b[01m\x1b[K/home/nisarg/Documents/repo/libchamp-imp/ros2_ws/src/quadruped_mujoco/src/nodes/waypoint_nav_node.cpp:2\x1b[m\x1b[K:\n'}
[2.735818] (quadruped_mujoco) StderrLine: {'line': b'\x1b[01m\x1b[K/home/nisarg/Documents/repo/libchamp-imp/ros2_ws/src/quadruped_mujoco/include/quadruped_mujoco/controllers/waypoint_controller.hpp:74:78:\x1b[m\x1b[K \x1b[01;31m\x1b[Kerror: \x1b[m\x1b[K\xe2\x80\x98\x1b[01m\x1b[Kclass champ::QuadrupedBase\x1b[m\x1b[K\xe2\x80\x99 has no member named \xe2\x80\x98\x1b[01m\x1b[Korientation\x1b[m\x1b[K\xe2\x80\x99\n'}
[2.735852] (quadruped_mujoco) StderrLine: {'line': b'   74 |                 float angle_diff = angle_to_target - base_controller_->base_.\x1b[01;31m\x1b[Korientation\x1b[m\x1b[K.yaw;\n'}
[2.735884] (quadruped_mujoco) StderrLine: {'line': b'      |                                                                              \x1b[01;31m\x1b[K^~~~~~~~~~~\x1b[m\x1b[K\n'}
[2.735914] (quadruped_mujoco) StderrLine: {'line': b'\x1b[01m\x1b[K/home/nisarg/Documents/repo/libchamp-imp/ros2_ws/src/quadruped_mujoco/include/quadruped_mujoco/controllers/waypoint_controller.hpp:85:35:\x1b[m\x1b[K \x1b[01;31m\x1b[Kerror: \x1b[m\x1b[K\xe2\x80\x98\x1b[01m\x1b[Kchamp::LegController champ::QuadrupedController::leg_controller_\x1b[m\x1b[K\xe2\x80\x99 is protected within this context\n'}
[2.735951] (quadruped_mujoco) StderrLine: {'line': b'   85 |                 base_controller_->\x1b[01;31m\x1b[Kleg_controller_\x1b[m\x1b[K.velocityCommand(foot_positions_, req_vel);\n'}
[2.735983] (quadruped_mujoco) StderrLine: {'line': b'      |                                   \x1b[01;31m\x1b[K^~~~~~~~~~~~~~~\x1b[m\x1b[K\n'}
[2.736025] (quadruped_mujoco) StderrLine: {'line': b'In file included from \x1b[01m\x1b[K/home/nisarg/Documents/repo/libchamp-imp/ros2_ws/src/quadruped_mujoco/include/quadruped_mujoco/controllers/waypoint_controller.hpp:4\x1b[m\x1b[K,\n'}
[2.736072] (quadruped_mujoco) StderrLine: {'line': b'                 from \x1b[01m\x1b[K/home/nisarg/Documents/repo/libchamp-imp/ros2_ws/src/quadruped_mujoco/src/nodes/waypoint_nav_node.cpp:2\x1b[m\x1b[K:\n'}
[2.736120] (quadruped_mujoco) StderrLine: {'line': b'\x1b[01m\x1b[K/home/nisarg/Documents/repo/libchamp-imp/ros2_ws/src/quadruped_mujoco/include/quadruped_mujoco/controllers/quadruped_controller.hpp:25:27:\x1b[m\x1b[K \x1b[01;36m\x1b[Knote: \x1b[m\x1b[Kdeclared protected here\n'}
[2.736177] (quadruped_mujoco) StderrLine: {'line': b'   25 |             LegController \x1b[01;36m\x1b[Kleg_controller_\x1b[m\x1b[K;\n'}
[2.736222] (quadruped_mujoco) StderrLine: {'line': b'      |                           \x1b[01;36m\x1b[K^~~~~~~~~~~~~~~\x1b[m\x1b[K\n'}
[2.736254] (quadruped_mujoco) StderrLine: {'line': b'In file included from \x1b[01m\x1b[K/home/nisarg/Documents/repo/libchamp-imp/ros2_ws/src/quadruped_mujoco/src/nodes/waypoint_nav_node.cpp:2\x1b[m\x1b[K:\n'}
[2.736287] (quadruped_mujoco) StderrLine: {'line': b'\x1b[01m\x1b[K/home/nisarg/Documents/repo/libchamp-imp/ros2_ws/src/quadruped_mujoco/include/quadruped_mujoco/controllers/waypoint_controller.hpp:86:35:\x1b[m\x1b[K \x1b[01;31m\x1b[Kerror: \x1b[m\x1b[K\xe2\x80\x98\x1b[01m\x1b[Kchamp::Kinematics champ::QuadrupedController::kinematics_\x1b[m\x1b[K\xe2\x80\x99 is protected within this context\n'}
[2.736321] (quadruped_mujoco) StderrLine: {'line': b'   86 |                 base_controller_->\x1b[01;31m\x1b[Kkinematics_\x1b[m\x1b[K.inverse(target_joints_, foot_positions_);\n'}
[2.736370] (quadruped_mujoco) StderrLine: {'line': b'      |                                   \x1b[01;31m\x1b[K^~~~~~~~~~~\x1b[m\x1b[K\n'}
[2.736402] (quadruped_mujoco) StderrLine: {'line': b'In file included from \x1b[01m\x1b[K/home/nisarg/Documents/repo/libchamp-imp/ros2_ws/src/quadruped_mujoco/include/quadruped_mujoco/controllers/waypoint_controller.hpp:4\x1b[m\x1b[K,\n'}
[2.736440] (quadruped_mujoco) StderrLine: {'line': b'                 from \x1b[01m\x1b[K/home/nisarg/Documents/repo/libchamp-imp/ros2_ws/src/quadruped_mujoco/src/nodes/waypoint_nav_node.cpp:2\x1b[m\x1b[K:\n'}
[2.736475] (quadruped_mujoco) StderrLine: {'line': b'\x1b[01m\x1b[K/home/nisarg/Documents/repo/libchamp-imp/ros2_ws/src/quadruped_mujoco/include/quadruped_mujoco/controllers/quadruped_controller.hpp:26:24:\x1b[m\x1b[K \x1b[01;36m\x1b[Knote: \x1b[m\x1b[Kdeclared protected here\n'}
[2.736506] (quadruped_mujoco) StderrLine: {'line': b'   26 |             Kinematics \x1b[01;36m\x1b[Kkinematics_\x1b[m\x1b[K;\n'}
[2.736535] (quadruped_mujoco) StderrLine: {'line': b'      |                        \x1b[01;36m\x1b[K^~~~~~~~~~~\x1b[m\x1b[K\n'}
[2.736565] (quadruped_mujoco) StderrLine: {'line': b'In file included from \x1b[01m\x1b[K/home/nisarg/Documents/repo/libchamp-imp/ros2_ws/src/quadruped_mujoco/src/nodes/waypoint_nav_node.cpp:2\x1b[m\x1b[K:\n'}
[2.736595] (quadruped_mujoco) StderrLine: {'line': b'\x1b[01m\x1b[K/home/nisarg/Documents/repo/libchamp-imp/ros2_ws/src/quadruped_mujoco/include/quadruped_mujoco/controllers/waypoint_controller.hpp:86:54:\x1b[m\x1b[K \x1b[01;31m\x1b[Kerror: \x1b[m\x1b[Kno matching function for call to \xe2\x80\x98\x1b[01m\x1b[Kchamp::Kinematics::inverse(float [12], geometry::Transformation [4])\x1b[m\x1b[K\xe2\x80\x99\n'}
[2.736629] (quadruped_mujoco) StderrLine: {'line': b'   86 |                 \x1b[01;31m\x1b[Kbase_controller_->kinematics_.inverse(target_joints_, foot_positions_)\x1b[m\x1b[K;\n'}
[2.736660] (quadruped_mujoco) StderrLine: {'line': b'      |                 \x1b[01;31m\x1b[K~~~~~~~~~~~~~~~~~~~~~~~~~~~~~~~~~~~~~^~~~~~~~~~~~~~~~~~~~~~~~~~~~~~~~~\x1b[m\x1b[K\n'}
[2.736692] (quadruped_mujoco) StderrLine: {'line': b'In file included from \x1b[01m\x1b[K/home/nisarg/Documents/repo/libchamp-imp/ros2_ws/src/quadruped_mujoco/include/quadruped_mujoco/controllers/quadruped_controller.hpp:13\x1b[m\x1b[K,\n'}
[2.736721] (quadruped_mujoco) StderrLine: {'line': b'                 from \x1b[01m\x1b[K/home/nisarg/Documents/repo/libchamp-imp/ros2_ws/src/quadruped_mujoco/include/quadruped_mujoco/controllers/waypoint_controller.hpp:4\x1b[m\x1b[K,\n'}
[2.736751] (quadruped_mujoco) StderrLine: {'line': b'                 from \x1b[01m\x1b[K/home/nisarg/Documents/repo/libchamp-imp/ros2_ws/src/quadruped_mujoco/src/nodes/waypoint_nav_node.cpp:2\x1b[m\x1b[K:\n'}
[2.736780] (quadruped_mujoco) StderrLine: {'line': b'\x1b[01m\x1b[K/home/nisarg/Documents/repo/libchamp-imp/ros2_ws/src/quadruped_mujoco/include/quadruped_mujoco/kinematics/kinematics.hpp:13:25:\x1b[m\x1b[K \x1b[01;36m\x1b[Knote: \x1b[m\x1b[Kcandidate: \xe2\x80\x98\x1b[01m\x1b[Kstatic void champ::Kinematics::inverse(float&, float&, float&, champ::QuadrupedLeg&, geometry::Transformation&)\x1b[m\x1b[K\xe2\x80\x99\n'}
[2.736813] (quadruped_mujoco) StderrLine: {'line': b'   13 |             static void \x1b[01;36m\x1b[Kinverse\x1b[m\x1b[K(float &hip_joint, float &upper_leg_joint, float &lower_leg_joint,\n'}
[2.736842] (quadruped_mujoco) StderrLine: {'line': b'      |                         \x1b[01;36m\x1b[K^~~~~~~\x1b[m\x1b[K\n'}
[2.736870] (quadruped_mujoco) StderrLine: {'line': b'\x1b[01m\x1b[K/home/nisarg/Documents/repo/libchamp-imp/ros2_ws/src/quadruped_mujoco/include/quadruped_mujoco/kinematics/kinematics.hpp:13:25:\x1b[m\x1b[K \x1b[01;36m\x1b[Knote: \x1b[m\x1b[K  candidate expects 5 arguments, 2 provided\n'}
[2.736899] (quadruped_mujoco) StderrLine: {'line': b'In file included from \x1b[01m\x1b[K/home/nisarg/Documents/repo/libchamp-imp/ros2_ws/src/quadruped_mujoco/src/nodes/waypoint_nav_node.cpp:2\x1b[m\x1b[K:\n'}
[2.736928] (quadruped_mujoco) StderrLine: {'line': b'\x1b[01m\x1b[K/home/nisarg/Documents/repo/libchamp-imp/ros2_ws/src/quadruped_mujoco/include/quadruped_mujoco/controllers/waypoint_controller.hpp:87:52:\x1b[m\x1b[K \x1b[01;31m\x1b[Kerror: \x1b[m\x1b[K\xe2\x80\x98\x1b[01m\x1b[Kvoid champ::QuadrupedController::updateJointStates()\x1b[m\x1b[K\xe2\x80\x99 is protected within this context\n'}
[2.736960] (quadruped_mujoco) StderrLine: {'line': b'   87 |                 \x1b[01;31m\x1b[Kbase_controller_->updateJointStates()\x1b[m\x1b[K;\n'}
[2.736988] (quadruped_mujoco) StderrLine: {'line': b'      |                 \x1b[01;31m\x1b[K~~~~~~~~~~~~~~~~~~~~~~~~~~~~~~~~~~~^~\x1b[m\x1b[K\n'}
[2.737016] (quadruped_mujoco) StderrLine: {'line': b'In file included from \x1b[01m\x1b[K/home/nisarg/Documents/repo/libchamp-imp/ros2_ws/src/quadruped_mujoco/include/quadruped_mujoco/controllers/waypoint_controller.hpp:4\x1b[m\x1b[K,\n'}
[2.737043] (quadruped_mujoco) StderrLine: {'line': b'                 from \x1b[01m\x1b[K/home/nisarg/Documents/repo/libchamp-imp/ros2_ws/src/quadruped_mujoco/src/nodes/waypoint_nav_node.cpp:2\x1b[m\x1b[K:\n'}
[2.737074] (quadruped_mujoco) StderrLine: {'line': b'\x1b[01m\x1b[K/home/nisarg/Documents/repo/libchamp-imp/ros2_ws/src/quadruped_mujoco/include/quadruped_mujoco/controllers/quadruped_controller.hpp:33:18:\x1b[m\x1b[K \x1b[01;36m\x1b[Knote: \x1b[m\x1b[Kdeclared protected here\n'}
[2.737102] (quadruped_mujoco) StderrLine: {'line': b'   33 |             void \x1b[01;36m\x1b[KupdateJointStates\x1b[m\x1b[K();\n'}
[2.737129] (quadruped_mujoco) StderrLine: {'line': b'      |                  \x1b[01;36m\x1b[K^~~~~~~~~~~~~~~~~\x1b[m\x1b[K\n'}
[2.769506] (quadruped_mujoco) StderrLine: {'line': b'\x1b[01m\x1b[K/home/nisarg/Documents/repo/libchamp-imp/ros2_ws/src/quadruped_mujoco/src/nodes/waypoint_nav_node.cpp:\x1b[m\x1b[K In member function \xe2\x80\x98\x1b[01m\x1b[Kvoid WaypointNavNode::controlLoop()\x1b[m\x1b[K\xe2\x80\x99:\n'}
[2.769691] (quadruped_mujoco) StderrLine: {'line': b'\x1b[01m\x1b[K/home/nisarg/Documents/repo/libchamp-imp/ros2_ws/src/quadruped_mujoco/src/nodes/waypoint_nav_node.cpp:25:61:\x1b[m\x1b[K \x1b[01;31m\x1b[Kerror: \x1b[m\x1b[K\xe2\x80\x98\x1b[01m\x1b[Kusing element_type = class champ::WaypointController\x1b[m\x1b[K\xe2\x80\x99 {aka \xe2\x80\x98\x1b[01m\x1b[Kclass champ::WaypointController\x1b[m\x1b[K\xe2\x80\x99} has no member named \xe2\x80\x98\x1b[01m\x1b[KgetJointPositions\x1b[m\x1b[K\xe2\x80\x99\n'}
[2.769797] (quadruped_mujoco) StderrLine: {'line': b'   25 |                 const float* joint_positions = controller_->\x1b[01;31m\x1b[KgetJointPositions\x1b[m\x1b[K();\n'}
[2.769866] (quadruped_mujoco) StderrLine: {'line': b'      |                                                             \x1b[01;31m\x1b[K^~~~~~~~~~~~~~~~~\x1b[m\x1b[K\n'}
[2.806934] (-) TimerEvent: {}
[2.907227] (-) TimerEvent: {}
[3.007540] (-) TimerEvent: {}
[3.107891] (-) TimerEvent: {}
[3.208238] (-) TimerEvent: {}
[3.308582] (-) TimerEvent: {}
[3.314458] (quadruped_mujoco) StderrLine: {'line': b'In file included from \x1b[01m\x1b[K/usr/include/x86_64-linux-gnu/c++/11/bits/c++allocator.h:33\x1b[m\x1b[K,\n'}
[3.314665] (quadruped_mujoco) StderrLine: {'line': b'                 from \x1b[01m\x1b[K/usr/include/c++/11/bits/allocator.h:46\x1b[m\x1b[K,\n'}
[3.314760] (quadruped_mujoco) StderrLine: {'line': b'                 from \x1b[01m\x1b[K/usr/include/c++/11/memory:64\x1b[m\x1b[K,\n'}
[3.314846] (quadruped_mujoco) StderrLine: {'line': b'                 from \x1b[01m\x1b[K/opt/ros/humble/include/rclcpp/rclcpp/rclcpp.hpp:153\x1b[m\x1b[K,\n'}
[3.314930] (quadruped_mujoco) StderrLine: {'line': b'                 from \x1b[01m\x1b[K/home/nisarg/Documents/repo/libchamp-imp/ros2_ws/src/quadruped_mujoco/src/nodes/waypoint_nav_node.cpp:1\x1b[m\x1b[K:\n'}
[3.315027] (quadruped_mujoco) StderrLine: {'line': b'/usr/include/c++/11/ext/new_allocator.h: In instantiation of \xe2\x80\x98\x1b[01m\x1b[Kvoid __gnu_cxx::new_allocator<_Tp>::construct(_Up*, _Args&& ...) [with _Up = champ::QuadrupedController; _Args = {std::shared_ptr<rclcpp::Node>&}; _Tp = champ::QuadrupedController]\x1b[m\x1b[K\xe2\x80\x99:\n'}
[3.315115] (quadruped_mujoco) StderrLine: {'line': b'\x1b[01m\x1b[K/usr/include/c++/11/bits/alloc_traits.h:516:17:\x1b[m\x1b[K   required from \xe2\x80\x98\x1b[01m\x1b[Kstatic void std::allocator_traits<std::allocator<_Tp1> >::construct(std::allocator_traits<std::allocator<_Tp1> >::allocator_type&, _Up*, _Args&& ...) [with _Up = champ::QuadrupedController; _Args = {std::shared_ptr<rclcpp::Node>&}; _Tp = champ::QuadrupedController; std::allocator_traits<std::allocator<_Tp1> >::allocator_type = std::allocator<champ::QuadrupedController>]\x1b[m\x1b[K\xe2\x80\x99\n'}
[3.315224] (quadruped_mujoco) StderrLine: {'line': b'\x1b[01m\x1b[K/usr/include/c++/11/bits/shared_ptr_base.h:519:39:\x1b[m\x1b[K   required from \xe2\x80\x98\x1b[01m\x1b[Kstd::_Sp_counted_ptr_inplace<_Tp, _Alloc, _Lp>::_Sp_counted_ptr_inplace(_Alloc, _Args&& ...) [with _Args = {std::shared_ptr<rclcpp::Node>&}; _Tp = champ::QuadrupedController; _Alloc = std::allocator<champ::QuadrupedController>; __gnu_cxx::_Lock_policy _Lp = __gnu_cxx::_S_atomic]\x1b[m\x1b[K\xe2\x80\x99\n'}
[3.315310] (quadruped_mujoco) StderrLine: {'line': b'\x1b[01m\x1b[K/usr/include/c++/11/bits/shared_ptr_base.h:650:16:\x1b[m\x1b[K   required from \xe2\x80\x98\x1b[01m\x1b[Kstd::__shared_count<_Lp>::__shared_count(_Tp*&, std::_Sp_alloc_shared_tag<_Alloc>, _Args&& ...) [with _Tp = champ::QuadrupedController; _Alloc = std::allocator<champ::QuadrupedController>; _Args = {std::shared_ptr<rclcpp::Node>&}; __gnu_cxx::_Lock_policy _Lp = __gnu_cxx::_S_atomic]\x1b[m\x1b[K\xe2\x80\x99\n'}
[3.315408] (quadruped_mujoco) StderrLine: {'line': b'\x1b[01m\x1b[K/usr/include/c++/11/bits/shared_ptr_base.h:1342:14:\x1b[m\x1b[K   required from \xe2\x80\x98\x1b[01m\x1b[Kstd::__shared_ptr<_Tp, _Lp>::__shared_ptr(std::_Sp_alloc_shared_tag<_Tp>, _Args&& ...) [with _Alloc = std::allocator<champ::QuadrupedController>; _Args = {std::shared_ptr<rclcpp::Node>&}; _Tp = champ::QuadrupedController; __gnu_cxx::_Lock_policy _Lp = __gnu_cxx::_S_atomic]\x1b[m\x1b[K\xe2\x80\x99\n'}
[3.315494] (quadruped_mujoco) StderrLine: {'line': b'\x1b[01m\x1b[K/usr/include/c++/11/bits/shared_ptr.h:409:59:\x1b[m\x1b[K   required from \xe2\x80\x98\x1b[01m\x1b[Kstd::shared_ptr<_Tp>::shared_ptr(std::_Sp_alloc_shared_tag<_Tp>, _Args&& ...) [with _Alloc = std::allocator<champ::QuadrupedController>; _Args = {std::shared_ptr<rclcpp::Node>&}; _Tp = champ::QuadrupedController]\x1b[m\x1b[K\xe2\x80\x99\n'}
[3.315576] (quadruped_mujoco) StderrLine: {'line': b'\x1b[01m\x1b[K/usr/include/c++/11/bits/shared_ptr.h:862:14:\x1b[m\x1b[K   required from \xe2\x80\x98\x1b[01m\x1b[Kstd::shared_ptr<_Tp> std::allocate_shared(const _Alloc&, _Args&& ...) [with _Tp = champ::QuadrupedController; _Alloc = std::allocator<champ::QuadrupedController>; _Args = {std::shared_ptr<rclcpp::Node>&}]\x1b[m\x1b[K\xe2\x80\x99\n'}
[3.315668] (quadruped_mujoco) StderrLine: {'line': b'\x1b[01m\x1b[K/usr/include/c++/11/bits/shared_ptr.h:878:39:\x1b[m\x1b[K   required from \xe2\x80\x98\x1b[01m\x1b[Kstd::shared_ptr<_Tp> std::make_shared(_Args&& ...) [with _Tp = champ::QuadrupedController; _Args = {std::shared_ptr<rclcpp::Node>&}]\x1b[m\x1b[K\xe2\x80\x99\n'}
[3.315752] (quadruped_mujoco) StderrLine: {'line': b'\x1b[01m\x1b[K/home/nisarg/Documents/repo/libchamp-imp/ros2_ws/src/quadruped_mujoco/include/quadruped_mujoco/controllers/waypoint_controller.hpp:33:71:\x1b[m\x1b[K   required from here\n'}
[3.315833] (quadruped_mujoco) StderrLine: {'line': b'\x1b[01m\x1b[K/usr/include/c++/11/ext/new_allocator.h:162:11:\x1b[m\x1b[K \x1b[01;31m\x1b[Kerror: \x1b[m\x1b[Kinvalid new-expression of abstract class type \xe2\x80\x98\x1b[01m\x1b[Kchamp::QuadrupedController\x1b[m\x1b[K\xe2\x80\x99\n'}
[3.315914] (quadruped_mujoco) StderrLine: {'line': b'  162 |         { \x1b[01;31m\x1b[K::new((void *)__p) _Up(std::forward<_Args>(__args)...)\x1b[m\x1b[K; }\n'}
[3.315996] (quadruped_mujoco) StderrLine: {'line': b'      |           \x1b[01;31m\x1b[K^~~~~~~~~~~~~~~~~~~~~~~~~~~~~~~~~~~~~~~~~~~~~~~~~~~~~~\x1b[m\x1b[K\n'}
[3.316081] (quadruped_mujoco) StderrLine: {'line': b'In file included from \x1b[01m\x1b[K/home/nisarg/Documents/repo/libchamp-imp/ros2_ws/src/quadruped_mujoco/include/quadruped_mujoco/controllers/waypoint_controller.hpp:4\x1b[m\x1b[K,\n'}
[3.316162] (quadruped_mujoco) StderrLine: {'line': b'                 from \x1b[01m\x1b[K/home/nisarg/Documents/repo/libchamp-imp/ros2_ws/src/quadruped_mujoco/src/nodes/waypoint_nav_node.cpp:2\x1b[m\x1b[K:\n'}
[3.316248] (quadruped_mujoco) StderrLine: {'line': b'\x1b[01m\x1b[K/home/nisarg/Documents/repo/libchamp-imp/ros2_ws/src/quadruped_mujoco/include/quadruped_mujoco/controllers/quadruped_controller.hpp:20:11:\x1b[m\x1b[K \x1b[01;36m\x1b[Knote: \x1b[m\x1b[K  because the following virtual functions are pure within \xe2\x80\x98\x1b[01m\x1b[Kchamp::QuadrupedController\x1b[m\x1b[K\xe2\x80\x99:\n'}
[3.316336] (quadruped_mujoco) StderrLine: {'line': b'   20 |     class \x1b[01;36m\x1b[KQuadrupedController\x1b[m\x1b[K\n'}
[3.316425] (quadruped_mujoco) StderrLine: {'line': b'      |           \x1b[01;36m\x1b[K^~~~~~~~~~~~~~~~~~~\x1b[m\x1b[K\n'}
[3.316505] (quadruped_mujoco) StderrLine: {'line': b'\x1b[01m\x1b[K/home/nisarg/Documents/repo/libchamp-imp/ros2_ws/src/quadruped_mujoco/include/quadruped_mujoco/controllers/quadruped_controller.hpp:38:26:\x1b[m\x1b[K \x1b[01;36m\x1b[Knote: \x1b[m\x1b[K    \xe2\x80\x98\x1b[01m\x1b[Kvirtual void champ::QuadrupedController::initializeGaitConfig()\x1b[m\x1b[K\xe2\x80\x99\n'}
[3.316588] (quadruped_mujoco) StderrLine: {'line': b'   38 |             virtual void \x1b[01;36m\x1b[KinitializeGaitConfig\x1b[m\x1b[K() = 0;\n'}
[3.316671] (quadruped_mujoco) StderrLine: {'line': b'      |                          \x1b[01;36m\x1b[K^~~~~~~~~~~~~~~~~~~~\x1b[m\x1b[K\n'}
[3.316752] (quadruped_mujoco) StderrLine: {'line': b'\x1b[01m\x1b[K/home/nisarg/Documents/repo/libchamp-imp/ros2_ws/src/quadruped_mujoco/include/quadruped_mujoco/controllers/quadruped_controller.hpp:39:26:\x1b[m\x1b[K \x1b[01;36m\x1b[Knote: \x1b[m\x1b[K    \xe2\x80\x98\x1b[01m\x1b[Kvirtual void champ::QuadrupedController::execute(const champ::Velocities&)\x1b[m\x1b[K\xe2\x80\x99\n'}
[3.316846] (quadruped_mujoco) StderrLine: {'line': b'   39 |             virtual void \x1b[01;36m\x1b[Kexecute\x1b[m\x1b[K(const Velocities &req_vel) = 0;\n'}
[3.316929] (quadruped_mujoco) StderrLine: {'line': b'      |                          \x1b[01;36m\x1b[K^~~~~~~\x1b[m\x1b[K\n'}
[3.408698] (-) TimerEvent: {}
[3.509071] (-) TimerEvent: {}
[3.609397] (-) TimerEvent: {}
[3.709764] (-) TimerEvent: {}
[3.810115] (-) TimerEvent: {}
[3.910412] (-) TimerEvent: {}
[4.010732] (-) TimerEvent: {}
[4.111026] (-) TimerEvent: {}
[4.148612] (quadruped_mujoco) StderrLine: {'line': b'gmake[2]: *** [CMakeFiles/trot_node.dir/build.make:76: CMakeFiles/trot_node.dir/src/nodes/trot_node.cpp.o] Error 1\n'}
[4.148773] (quadruped_mujoco) StderrLine: {'line': b'gmake[1]: *** [CMakeFiles/Makefile2:656: CMakeFiles/trot_node.dir/all] Error 2\n'}
[4.211145] (-) TimerEvent: {}
[4.303280] (quadruped_mujoco) StderrLine: {'line': b'gmake[2]: *** [CMakeFiles/turn_node.dir/build.make:76: CMakeFiles/turn_node.dir/src/nodes/turn_node.cpp.o] Error 1\n'}
[4.303433] (quadruped_mujoco) StderrLine: {'line': b'gmake[1]: *** [CMakeFiles/Makefile2:684: CMakeFiles/turn_node.dir/all] Error 2\n'}
[4.311228] (-) TimerEvent: {}
[4.411541] (-) TimerEvent: {}
[4.511813] (-) TimerEvent: {}
[4.612138] (-) TimerEvent: {}
[4.657601] (quadruped_mujoco) StderrLine: {'line': b'gmake[2]: *** [CMakeFiles/waypoint_nav_node.dir/build.make:76: CMakeFiles/waypoint_nav_node.dir/src/nodes/waypoint_nav_node.cpp.o] Error 1\n'}
[4.657758] (quadruped_mujoco) StderrLine: {'line': b'gmake[1]: *** [CMakeFiles/Makefile2:712: CMakeFiles/waypoint_nav_node.dir/all] Error 2\n'}
[4.657974] (quadruped_mujoco) StderrLine: {'line': b'gmake: *** [Makefile:146: all] Error 2\n'}
[4.659335] (quadruped_mujoco) CommandEnded: {'returncode': 2}
[4.664747] (quadruped_mujoco) JobEnded: {'identifier': 'quadruped_mujoco', 'rc': 2}
[4.675176] (-) EventReactorShutdown: {}
