[0.011s] Invoking command in '/home/nisarg/Documents/repo/libchamp-imp/ros2_ws/build/quadruped_mujoco': CMAKE_PREFIX_PATH=${CMAKE_PREFIX_PATH}:/home/nisarg/Documents/repo/helium-quadruped-mjc/install/helium_quadruped_simulation:/home/nisarg/Documents/repo/helium-quadruped-mjc/install/helium_quadruped_description:/home/nisarg/Documents/repo/helium-quadruped-mjc/install/helium_quadruped_controller:/opt/ros/humble /usr/bin/cmake --build /home/nisarg/Documents/repo/libchamp-imp/ros2_ws/build/quadruped_mujoco -- -j12 -l12
[0.043s] -- Found ament_cmake: 1.3.11 (/opt/ros/humble/share/ament_cmake/cmake)
[0.142s] -- Found rclcpp: 16.0.11 (/opt/ros/humble/share/rclcpp/cmake)
[0.162s] -- Found rosidl_generator_c: 3.1.6 (/opt/ros/humble/share/rosidl_generator_c/cmake)
[0.163s] -- Found rosidl_adapter: 3.1.6 (/opt/ros/humble/share/rosidl_adapter/cmake)
[0.167s] -- Found rosidl_generator_cpp: 3.1.6 (/opt/ros/humble/share/rosidl_generator_cpp/cmake)
[0.174s] -- Using all available rosidl_typesupport_c: rosidl_typesupport_fastrtps_c;rosidl_typesupport_introspection_c
[0.182s] -- Using all available rosidl_typesupport_cpp: rosidl_typesupport_fastrtps_cpp;rosidl_typesupport_introspection_cpp
[0.204s] -- Found rmw_implementation_cmake: 6.1.2 (/opt/ros/humble/share/rmw_implementation_cmake/cmake)
[0.205s] -- Found rmw_fastrtps_cpp: 6.2.7 (/opt/ros/humble/share/rmw_fastrtps_cpp/cmake)
[0.280s] -- Using RMW implementation 'rmw_fastrtps_cpp' as default
[0.313s] -- Found sensor_msgs: 4.2.4 (/opt/ros/humble/share/sensor_msgs/cmake)
[0.332s] -- Found nav_msgs: 4.2.4 (/opt/ros/humble/share/nav_msgs/cmake)
[0.343s] -- Found tf2: 0.25.12 (/opt/ros/humble/share/tf2/cmake)
[0.345s] -- Found tf2_ros: 0.25.12 (/opt/ros/humble/share/tf2_ros/cmake)
[0.397s] -- Found rosidl_default_generators: 1.2.0 (/opt/ros/humble/share/rosidl_default_generators/cmake)
[0.403s] [33mCMake Warning (dev) at /usr/share/cmake-3.22/Modules/FindOpenGL.cmake:315 (message):
[0.403s]   Policy CMP0072 is not set: FindOpenGL prefers GLVND by default when
[0.403s]   available.  Run "cmake --help-policy CMP0072" for policy details.  Use the
[0.403s]   cmake_policy command to set the policy and suppress this warning.
[0.404s] 
[0.404s]   FindOpenGL found both a legacy GL library:
[0.404s] 
[0.404s]     OPENGL_gl_LIBRARY: /usr/lib/x86_64-linux-gnu/libGL.so
[0.404s] 
[0.404s]   and GLVND libraries for OpenGL and GLX:
[0.404s] 
[0.404s]     OPENGL_opengl_LIBRARY: /usr/lib/x86_64-linux-gnu/libOpenGL.so
[0.404s]     OPENGL_glx_LIBRARY: /usr/lib/x86_64-linux-gnu/libGLX.so
[0.404s] 
[0.404s]   OpenGL_GL_PREFERENCE has not been set to "GLVND" or "LEGACY", so for
[0.405s]   compatibility with CMake 3.10 and below the legacy GL library will be used.
[0.405s] Call Stack (most recent call first):
[0.405s]   CMakeLists.txt:28 (find_package)
[0.405s] This warning is for project developers.  Use -Wno-dev to suppress it.
[0.405s] [0m
[0.743s] -- Found ament_cmake_ros: 0.10.0 (/opt/ros/humble/share/ament_cmake_ros/cmake)
[1.118s] -- Using all available rosidl_typesupport_c: rosidl_typesupport_fastrtps_c;rosidl_typesupport_introspection_c
[1.252s] -- Using all available rosidl_typesupport_cpp: rosidl_typesupport_fastrtps_cpp;rosidl_typesupport_introspection_cpp
[1.274s] -- Found python_cmake_module: 0.10.0 (/opt/ros/humble/share/python_cmake_module/cmake)
[1.293s] -- Using PYTHON_EXECUTABLE: /usr/bin/python3
[1.293s] -- Using PYTHON_INCLUDE_DIRS: /usr/include/python3.10
[1.293s] -- Using PYTHON_LIBRARIES: /usr/lib/x86_64-linux-gnu/libpython3.10.so
[1.337s] -- Configuring done
[1.386s] -- Generating done
[1.406s] -- Build files have been written to: /home/nisarg/Documents/repo/libchamp-imp/ros2_ws/build/quadruped_mujoco
[1.442s] [35m[1mConsolidate compiler generated dependencies of target mujoco_interface_node[0m
[1.444s] [35m[1mConsolidate compiler generated dependencies of target quadruped_mujoco__rosidl_generator_c[0m
[1.462s] [  1%] Built target quadruped_mujoco__cpp
[1.462s] [  2%] [32mBuilding CXX object CMakeFiles/mujoco_sim_node.dir/src/nodes/mujoco_sim_node.cpp.o[0m
[1.468s] [  5%] Built target mujoco_interface_node
[1.470s] [ 14%] Built target quadruped_mujoco__rosidl_generator_c
[1.478s] [ 14%] Built target ament_cmake_python_copy_quadruped_mujoco
[1.480s] [35m[1mConsolidate compiler generated dependencies of target quadruped_mujoco__rosidl_typesupport_fastrtps_cpp[0m
[1.480s] [35m[1mConsolidate compiler generated dependencies of target quadruped_mujoco__rosidl_typesupport_cpp[0m
[1.483s] [35m[1mConsolidate compiler generated dependencies of target quadruped_mujoco__rosidl_typesupport_introspection_cpp[0m
[1.486s] [35m[1mConsolidate compiler generated dependencies of target quadruped_mujoco__rosidl_typesupport_c[0m
[1.486s] [35m[1mConsolidate compiler generated dependencies of target quadruped_mujoco__rosidl_typesupport_introspection_c[0m
[1.487s] [35m[1mConsolidate compiler generated dependencies of target quadruped_mujoco__rosidl_typesupport_fastrtps_c[0m
[1.497s] [ 23%] Built target quadruped_mujoco__rosidl_typesupport_cpp
[1.497s] [ 32%] Built target quadruped_mujoco__rosidl_typesupport_fastrtps_cpp
[1.500s] [ 41%] Built target quadruped_mujoco__rosidl_typesupport_c
[1.500s] [ 50%] Built target quadruped_mujoco__rosidl_typesupport_introspection_cpp
[1.501s] [ 59%] Built target quadruped_mujoco__rosidl_typesupport_fastrtps_c
[1.502s] [ 68%] Built target quadruped_mujoco__rosidl_typesupport_introspection_c
[1.507s] [35m[1mConsolidate compiler generated dependencies of target quadruped_mujoco_lib[0m
[1.520s] [ 71%] Built target quadruped_mujoco_lib
[1.528s] [ 71%] Built target quadruped_mujoco
[1.529s] [35m[1mConsolidate compiler generated dependencies of target waypoint_nav_node[0m
[1.529s] [35m[1mConsolidate compiler generated dependencies of target turn_node[0m
[1.529s] [35m[1mConsolidate compiler generated dependencies of target quadruped_controller_node[0m
[1.532s] [35m[1mConsolidate compiler generated dependencies of target trot_node[0m
[1.542s] [ 74%] Built target waypoint_nav_node
[1.545s] [ 76%] Built target turn_node
[1.548s] [ 79%] Built target trot_node
[1.549s] [ 81%] Built target quadruped_controller_node
[1.549s] [ 83%] Built target quadruped_mujoco__py
[1.558s] [35m[1mConsolidate compiler generated dependencies of target quadruped_mujoco__rosidl_generator_py[0m
[1.570s] [ 90%] Built target quadruped_mujoco__rosidl_generator_py
[1.578s] [35m[1mConsolidate compiler generated dependencies of target quadruped_mujoco__rosidl_typesupport_fastrtps_c__pyext[0m
[1.582s] [35m[1mConsolidate compiler generated dependencies of target quadruped_mujoco__rosidl_typesupport_introspection_c__pyext[0m
[1.582s] [35m[1mConsolidate compiler generated dependencies of target quadruped_mujoco__rosidl_typesupport_c__pyext[0m
[1.591s] [ 93%] Built target quadruped_mujoco__rosidl_typesupport_fastrtps_c__pyext
[1.595s] [ 96%] Built target quadruped_mujoco__rosidl_typesupport_introspection_c__pyext
[1.597s] [ 98%] Built target quadruped_mujoco__rosidl_typesupport_c__pyext
[1.677s] running egg_info
[1.678s] writing quadruped_mujoco.egg-info/PKG-INFO
[1.678s] writing dependency_links to quadruped_mujoco.egg-info/dependency_links.txt
[1.678s] writing top-level names to quadruped_mujoco.egg-info/top_level.txt
[1.680s] reading manifest file 'quadruped_mujoco.egg-info/SOURCES.txt'
[1.681s] writing manifest file 'quadruped_mujoco.egg-info/SOURCES.txt'
[1.704s] [ 98%] Built target ament_cmake_python_build_quadruped_mujoco_egg
[7.420s] [100%] [32m[1mLinking CXX executable mujoco_sim_node[0m
[7.676s] /usr/bin/ld: CMakeFiles/mujoco_sim_node.dir/src/nodes/mujoco_sim_node.cpp.o: in function `MujocoSimNode::loadModel()':
[7.676s] mujoco_sim_node.cpp:(.text._ZN13MujocoSimNode9loadModelEv[_ZN13MujocoSimNode9loadModelEv]+0xa4): undefined reference to `mj_loadXML'
[7.676s] /usr/bin/ld: mujoco_sim_node.cpp:(.text._ZN13MujocoSimNode9loadModelEv[_ZN13MujocoSimNode9loadModelEv]+0x3e3): undefined reference to `mj_makeData'
[7.676s] /usr/bin/ld: CMakeFiles/mujoco_sim_node.dir/src/nodes/mujoco_sim_node.cpp.o: in function `MujocoSimNode::simulationStep()':
[7.676s] mujoco_sim_node.cpp:(.text._ZN13MujocoSimNode14simulationStepEv[_ZN13MujocoSimNode14simulationStepEv]+0x1e6): undefined reference to `mj_step'
[7.677s] /usr/bin/ld: CMakeFiles/mujoco_sim_node.dir/src/nodes/mujoco_sim_node.cpp.o: in function `MujocoSimNode::publishJointStates()':
[7.677s] mujoco_sim_node.cpp:(.text._ZN13MujocoSimNode18publishJointStatesEv[_ZN13MujocoSimNode18publishJointStatesEv]+0x119): undefined reference to `mj_id2name'
[7.677s] /usr/bin/ld: CMakeFiles/mujoco_sim_node.dir/src/nodes/mujoco_sim_node.cpp.o: in function `MujocoSimNode::jointCommandCallback(std::shared_ptr<sensor_msgs::msg::JointState_<std::allocator<void> > >)':
[7.677s] mujoco_sim_node.cpp:(.text._ZN13MujocoSimNode20jointCommandCallbackESt10shared_ptrIN11sensor_msgs3msg11JointState_ISaIvEEEE[_ZN13MujocoSimNode20jointCommandCallbackESt10shared_ptrIN11sensor_msgs3msg11JointState_ISaIvEEEE]+0x224): undefined reference to `mj_name2id'
[7.677s] /usr/bin/ld: CMakeFiles/mujoco_sim_node.dir/src/nodes/mujoco_sim_node.cpp.o: in function `MujocoSimNode::~MujocoSimNode()':
[7.677s] mujoco_sim_node.cpp:(.text._ZN13MujocoSimNodeD2Ev[_ZN13MujocoSimNodeD5Ev]+0x3d): undefined reference to `mj_deleteData'
[7.678s] /usr/bin/ld: mujoco_sim_node.cpp:(.text._ZN13MujocoSimNodeD2Ev[_ZN13MujocoSimNodeD5Ev]+0x60): undefined reference to `mj_deleteModel'
[7.703s] collect2: error: ld returned 1 exit status
[7.704s] gmake[2]: *** [CMakeFiles/mujoco_sim_node.dir/build.make:175: mujoco_sim_node] Error 1
[7.704s] gmake[1]: *** [CMakeFiles/Makefile2:769: CMakeFiles/mujoco_sim_node.dir/all] Error 2
[7.705s] gmake: *** [Makefile:146: all] Error 2
[7.707s] Invoked command in '/home/nisarg/Documents/repo/libchamp-imp/ros2_ws/build/quadruped_mujoco' returned '2': CMAKE_PREFIX_PATH=${CMAKE_PREFIX_PATH}:/home/nisarg/Documents/repo/helium-quadruped-mjc/install/helium_quadruped_simulation:/home/nisarg/Documents/repo/helium-quadruped-mjc/install/helium_quadruped_description:/home/nisarg/Documents/repo/helium-quadruped-mjc/install/helium_quadruped_controller:/opt/ros/humble /usr/bin/cmake --build /home/nisarg/Documents/repo/libchamp-imp/ros2_ws/build/quadruped_mujoco -- -j12 -l12
