[0.000000] (-) TimerEvent: {}
[0.000192] (quadruped_mujoco) JobQueued: {'identifier': 'quadruped_mujoco', 'dependencies': OrderedDict()}
[0.000337] (quadruped_mujoco) JobStarted: {'identifier': 'quadruped_mujoco'}
[0.006511] (quadruped_mujoco) JobProgress: {'identifier': 'quadruped_mujoco', 'progress': 'cmake'}
[0.006995] (quadruped_mujoco) JobProgress: {'identifier': 'quadruped_mujoco', 'progress': 'build'}
[0.007492] (quadruped_mujoco) Command: {'cmd': ['/usr/bin/cmake', '--build', '/home/nisarg/Documents/repo/libchamp-imp/ros2_ws/build/quadruped_mujoco', '--', '-j12', '-l12'], 'cwd': '/home/nisarg/Documents/repo/libchamp-imp/ros2_ws/build/quadruped_mujoco', 'env': OrderedDict([('LANGUAGE', 'en_IN:en'), ('USER', 'nisarg'), ('ROS_PACKAGE_PATH', '/home/nisarg/quadruped_ws/install/unitree_legged_sdk/share'), ('XDG_SESSION_TYPE', 'x11'), ('SHLVL', '1'), ('LD_LIBRARY_PATH', '/home/nisarg/.mujoco/mujoco210/bin:/home/nisarg/quadruped_ws/install/unitree_go/lib:/home/nisarg/quadruped_ws/install/unitree_api/lib:/home/nisarg/quadruped_ws/install/champ_msgs/lib:/usr/lib/x86_64-linux-gnu/gazebo-11/plugins:/opt/ros/humble/opt/rviz_ogre_vendor/lib:/opt/ros/humble/lib/x86_64-linux-gnu:/opt/ros/humble/lib'), ('HOME', '/home/nisarg'), ('CONDA_SHLVL', '0'), ('DESKTOP_SESSION', 'ubuntu'), ('ROS_PYTHON_VERSION', '3'), ('GNOME_SHELL_SESSION_MODE', 'ubuntu'), ('GTK_MODULES', 'gail:atk-bridge'), ('DBUS_STARTER_BUS_TYPE', 'session'), ('SYSTEMD_EXEC_PID', '2064'), ('DBUS_SESSION_BUS_ADDRESS', 'unix:path=/run/user/1000/bus,guid=e03bf6c2ed0ad06e9aa581ee67d7e20e'), ('COLORTERM', 'truecolor'), ('_CE_M', ''), ('COLCON_PREFIX_PATH', '/home/nisarg/Documents/repo/helium-quadruped-mjc/install:/home/nisarg/quadruped_ws/install'), ('ROS_DISTRO', 'humble'), ('GTK_IM_MODULE', 'ibus'), ('LOGNAME', 'nisarg'), ('_', '/usr/bin/colcon'), ('ROS_VERSION', '2'), ('PKG_CONFIG_PATH', '/home/nisarg/quadruped_ws/install/unitree_legged_sdk/lib/x86_64-linux-gnu/pkgconfig:/home/nisarg/quadruped_ws/install/unitree_legged_sdk/lib/pkgconfig'), ('XDG_SESSION_CLASS', 'user'), ('USERNAME', 'nisarg'), ('TERM', 'xterm-256color'), ('GNOME_DESKTOP_SESSION_ID', 'this-is-deprecated'), ('_CE_CONDA', ''), ('ROS_LOCALHOST_ONLY', '0'), ('WINDOWPATH', '2'), ('PATH', '/home/nisarg/miniconda3/condabin:/opt/ros/humble/bin:/usr/local/sbin:/usr/local/bin:/usr/sbin:/usr/bin:/sbin:/bin:/usr/games:/usr/local/games:/snap/bin:/snap/bin'), ('SESSION_MANAGER', 'local/nisarg-OMEN:@/tmp/.ICE-unix/2064,unix/nisarg-OMEN:/tmp/.ICE-unix/2064'), ('XDG_MENU_PREFIX', 'gnome-'), ('GNOME_TERMINAL_SCREEN', '/org/gnome/Terminal/screen/a2c74410_1cec_4ef8_bca7_33967d08ea0c'), ('XDG_RUNTIME_DIR', '/run/user/1000'), ('DISPLAY', ':1'), ('LANG', 'en_US.UTF-8'), ('XDG_CURRENT_DESKTOP', 'ubuntu:GNOME'), ('XMODIFIERS', '@im=ibus'), ('XDG_SESSION_DESKTOP', 'ubuntu'), ('XAUTHORITY', '/run/user/1000/gdm/Xauthority'), ('GNOME_TERMINAL_SERVICE', ':1.107'), ('SSH_AGENT_LAUNCHER', 'gnome-keyring'), ('SSH_AUTH_SOCK', '/run/user/1000/keyring/ssh'), ('ROS_DOMAIN_ID', '47'), ('AMENT_PREFIX_PATH', '/home/nisarg/Documents/repo/helium-quadruped-mjc/install/helium_quadruped_simulation:/home/nisarg/Documents/repo/helium-quadruped-mjc/install/helium_quadruped_description:/home/nisarg/Documents/repo/helium-quadruped-mjc/install/helium_quadruped_controller:/home/nisarg/quadruped_ws/install/unitree_go:/home/nisarg/quadruped_ws/install/unitree_api:/home/nisarg/quadruped_ws/install/champ_teleop:/home/nisarg/quadruped_ws/install/champ_msgs:/home/nisarg/quadruped_ws/install/champ_description:/home/nisarg/quadruped_ws/install/champ:/opt/ros/humble'), ('CONDA_PYTHON_EXE', '/home/nisarg/miniconda3/bin/python'), ('SHELL', '/bin/bash'), ('QT_ACCESSIBILITY', '1'), ('GDMSESSION', 'ubuntu'), ('GPG_AGENT_INFO', '/run/user/1000/gnupg/S.gpg-agent:0:1'), ('QT_IM_MODULE', 'ibus'), ('PWD', '/home/nisarg/Documents/repo/libchamp-imp/ros2_ws/build/quadruped_mujoco'), ('LC_ALL', 'en_US.UTF-8'), ('XDG_CONFIG_DIRS', '/etc/xdg/xdg-ubuntu:/etc/xdg'), ('CONDA_EXE', '/home/nisarg/miniconda3/bin/conda'), ('DBUS_STARTER_ADDRESS', 'unix:path=/run/user/1000/bus,guid=e03bf6c2ed0ad06e9aa581ee67d7e20e'), ('MUJOCO_PLUGIN_PATH', '/lib'), ('XDG_DATA_DIRS', '/usr/share/ubuntu:/usr/share/gnome:/usr/local/share/:/usr/share/:/var/lib/snapd/desktop'), ('PYTHONPATH', '/home/nisarg/Documents/repo/helium-quadruped-mjc/install/helium_quadruped_simulation/lib/python3.10/site-packages:/home/nisarg/Documents/repo/helium-quadruped-mjc/install/helium_quadruped_description/lib/python3.10/site-packages:/home/nisarg/Documents/repo/helium-quadruped-mjc/install/helium_quadruped_controller/lib/python3.10/site-packages:/home/nisarg/quadruped_ws/install/unitree_go/local/lib/python3.10/dist-packages:/home/nisarg/quadruped_ws/install/unitree_api/local/lib/python3.10/dist-packages:/home/nisarg/quadruped_ws/install/champ_msgs/local/lib/python3.10/dist-packages:/opt/ros/humble/lib/python3.10/site-packages:/opt/ros/humble/local/lib/python3.10/dist-packages'), ('COLCON', '1'), ('VTE_VERSION', '6800'), ('CMAKE_PREFIX_PATH', '/home/nisarg/quadruped_ws/install/unitree_go:/home/nisarg/quadruped_ws/install/unitree_api:/home/nisarg/quadruped_ws/install/champ_teleop:/home/nisarg/quadruped_ws/install/champ_msgs:/home/nisarg/quadruped_ws/install/champ_description:/home/nisarg/quadruped_ws/install/champ:/home/nisarg/Documents/repo/helium-quadruped-mjc/install/helium_quadruped_simulation:/home/nisarg/Documents/repo/helium-quadruped-mjc/install/helium_quadruped_description:/home/nisarg/Documents/repo/helium-quadruped-mjc/install/helium_quadruped_controller:/opt/ros/humble'), ('MUJOCO_KEY_PATH', '/home/nisarg/.mujoco/mjkey.txt')]), 'shell': False}
[0.099855] (-) TimerEvent: {}
[0.101863] (quadruped_mujoco) StdoutLine: {'line': b'[  9%] Built target quadruped_mujoco__rosidl_generator_c\n'}
[0.107573] (quadruped_mujoco) StdoutLine: {'line': b'[ 10%] Built target quadruped_mujoco__cpp\n'}
[0.117152] (quadruped_mujoco) StdoutLine: {'line': b'[ 13%] Built target mujoco_interface_node\n'}
[0.126883] (quadruped_mujoco) StdoutLine: {'line': b'[ 13%] Built target ament_cmake_python_copy_quadruped_mujoco\n'}
[0.146985] (quadruped_mujoco) StdoutLine: {'line': b'[ 22%] Built target quadruped_mujoco__rosidl_typesupport_c\n'}
[0.147531] (quadruped_mujoco) StdoutLine: {'line': b'[ 32%] Built target quadruped_mujoco__rosidl_typesupport_fastrtps_c\n'}
[0.147933] (quadruped_mujoco) StdoutLine: {'line': b'[ 41%] Built target quadruped_mujoco__rosidl_typesupport_introspection_c\n'}
[0.151689] (quadruped_mujoco) StdoutLine: {'line': b'[ 50%] Built target quadruped_mujoco__rosidl_typesupport_fastrtps_cpp\n'}
[0.152937] (quadruped_mujoco) StdoutLine: {'line': b'[ 60%] Built target quadruped_mujoco__rosidl_typesupport_introspection_cpp\n'}
[0.156778] (quadruped_mujoco) StdoutLine: {'line': b'[ 69%] Built target quadruped_mujoco__rosidl_typesupport_cpp\n'}
[0.169040] (quadruped_mujoco) StdoutLine: {'line': b'\x1b[35m\x1b[1mConsolidate compiler generated dependencies of target quadruped_mujoco_lib\x1b[0m\n'}
[0.175306] (quadruped_mujoco) StdoutLine: {'line': b'[ 69%] Built target quadruped_mujoco\n'}
[0.188146] (quadruped_mujoco) StdoutLine: {'line': b'[ 70%] \x1b[32mBuilding CXX object CMakeFiles/quadruped_mujoco_lib.dir/src/controllers/quadruped_controller.cpp.o\x1b[0m\n'}
[0.193667] (quadruped_mujoco) StdoutLine: {'line': b'[ 72%] Built target quadruped_mujoco__py\n'}
[0.199910] (-) TimerEvent: {}
[0.214096] (quadruped_mujoco) StdoutLine: {'line': b'[ 80%] Built target quadruped_mujoco__rosidl_generator_py\n'}
[0.231009] (quadruped_mujoco) StdoutLine: {'line': b'[ 82%] Built target quadruped_mujoco__rosidl_typesupport_introspection_c__pyext\n'}
[0.237004] (quadruped_mujoco) StdoutLine: {'line': b'[ 85%] Built target quadruped_mujoco__rosidl_typesupport_c__pyext\n'}
[0.239062] (quadruped_mujoco) StdoutLine: {'line': b'[ 88%] Built target quadruped_mujoco__rosidl_typesupport_fastrtps_c__pyext\n'}
[0.300010] (-) TimerEvent: {}
[0.306669] (quadruped_mujoco) StdoutLine: {'line': b'running egg_info\n'}
[0.307113] (quadruped_mujoco) StdoutLine: {'line': b'writing quadruped_mujoco.egg-info/PKG-INFO\n'}
[0.307290] (quadruped_mujoco) StdoutLine: {'line': b'writing dependency_links to quadruped_mujoco.egg-info/dependency_links.txt\n'}
[0.307440] (quadruped_mujoco) StdoutLine: {'line': b'writing top-level names to quadruped_mujoco.egg-info/top_level.txt\n'}
[0.308976] (quadruped_mujoco) StdoutLine: {'line': b"reading manifest file 'quadruped_mujoco.egg-info/SOURCES.txt'\n"}
[0.309399] (quadruped_mujoco) StdoutLine: {'line': b"writing manifest file 'quadruped_mujoco.egg-info/SOURCES.txt'\n"}
[0.332308] (quadruped_mujoco) StdoutLine: {'line': b'[ 88%] Built target ament_cmake_python_build_quadruped_mujoco_egg\n'}
[0.400132] (-) TimerEvent: {}
[0.500510] (-) TimerEvent: {}
[0.600831] (-) TimerEvent: {}
[0.701161] (-) TimerEvent: {}
[0.801493] (-) TimerEvent: {}
[0.901800] (-) TimerEvent: {}
[1.002142] (-) TimerEvent: {}
[1.102457] (-) TimerEvent: {}
[1.202811] (-) TimerEvent: {}
[1.303121] (-) TimerEvent: {}
[1.403471] (-) TimerEvent: {}
[1.503781] (-) TimerEvent: {}
[1.604098] (-) TimerEvent: {}
[1.704401] (-) TimerEvent: {}
[1.719273] (quadruped_mujoco) StderrLine: {'line': b'In file included from \x1b[01m\x1b[K/home/nisarg/Documents/repo/libchamp-imp/ros2_ws/src/quadruped_mujoco/include/quadruped_mujoco/leg_controller/leg_controller.hpp:6\x1b[m\x1b[K,\n'}
[1.719586] (quadruped_mujoco) StderrLine: {'line': b'                 from \x1b[01m\x1b[K/home/nisarg/Documents/repo/libchamp-imp/ros2_ws/src/quadruped_mujoco/include/quadruped_mujoco/controllers/quadruped_controller.hpp:12\x1b[m\x1b[K,\n'}
[1.719784] (quadruped_mujoco) StderrLine: {'line': b'                 from \x1b[01m\x1b[K/home/nisarg/Documents/repo/libchamp-imp/ros2_ws/src/quadruped_mujoco/src/controllers/quadruped_controller.cpp:1\x1b[m\x1b[K:\n'}
[1.719889] (quadruped_mujoco) StderrLine: {'line': b'\x1b[01m\x1b[K/home/nisarg/Documents/repo/libchamp-imp/ros2_ws/src/quadruped_mujoco/include/quadruped_mujoco/leg_controller/phase_generator.hpp:\x1b[m\x1b[K In constructor \xe2\x80\x98\x1b[01m\x1b[Kchamp::PhaseGenerator::PhaseGenerator(champ::QuadrupedBase&, champ::PhaseGenerator::Time)\x1b[m\x1b[K\xe2\x80\x99:\n'}
[1.719988] (quadruped_mujoco) StderrLine: {'line': b'\x1b[01m\x1b[K/home/nisarg/Documents/repo/libchamp-imp/ros2_ws/src/quadruped_mujoco/include/quadruped_mujoco/leg_controller/phase_generator.hpp:64:18:\x1b[m\x1b[K \x1b[01;35m\x1b[Kwarning: \x1b[m\x1b[K\xe2\x80\x98\x1b[01m\x1b[Kchamp::PhaseGenerator::has_swung_\x1b[m\x1b[K\xe2\x80\x99 will be initialized after [\x1b[01;35m\x1b[K\x1b]8;;https://gcc.gnu.org/onlinedocs/gcc/Warning-Options.html#index-Wreorder\x07-Wreorder\x1b]8;;\x07\x1b[m\x1b[K]\n'}
[1.720088] (quadruped_mujoco) StderrLine: {'line': b'   64 |             bool \x1b[01;35m\x1b[Khas_swung_\x1b[m\x1b[K;\n'}
[1.720186] (quadruped_mujoco) StderrLine: {'line': b'      |                  \x1b[01;35m\x1b[K^~~~~~~~~~\x1b[m\x1b[K\n'}
[1.720281] (quadruped_mujoco) StderrLine: {'line': b'\x1b[01m\x1b[K/home/nisarg/Documents/repo/libchamp-imp/ros2_ws/src/quadruped_mujoco/include/quadruped_mujoco/leg_controller/phase_generator.hpp:17:18:\x1b[m\x1b[K \x1b[01;35m\x1b[Kwarning: \x1b[m\x1b[K  \xe2\x80\x98\x1b[01m\x1b[Kbool champ::PhaseGenerator::has_started\x1b[m\x1b[K\xe2\x80\x99 [\x1b[01;35m\x1b[K\x1b]8;;https://gcc.gnu.org/onlinedocs/gcc/Warning-Options.html#index-Wreorder\x07-Wreorder\x1b]8;;\x07\x1b[m\x1b[K]\n'}
[1.720379] (quadruped_mujoco) StderrLine: {'line': b'   17 |             bool \x1b[01;35m\x1b[Khas_started\x1b[m\x1b[K;\n'}
[1.720466] (quadruped_mujoco) StderrLine: {'line': b'      |                  \x1b[01;35m\x1b[K^~~~~~~~~~~\x1b[m\x1b[K\n'}
[1.720553] (quadruped_mujoco) StderrLine: {'line': b'\x1b[01m\x1b[K/home/nisarg/Documents/repo/libchamp-imp/ros2_ws/src/quadruped_mujoco/include/quadruped_mujoco/leg_controller/phase_generator.hpp:19:13:\x1b[m\x1b[K \x1b[01;35m\x1b[Kwarning: \x1b[m\x1b[K  when initialized here [\x1b[01;35m\x1b[K\x1b]8;;https://gcc.gnu.org/onlinedocs/gcc/Warning-Options.html#index-Wreorder\x07-Wreorder\x1b]8;;\x07\x1b[m\x1b[K]\n'}
[1.720664] (quadruped_mujoco) StderrLine: {'line': b'   19 |             \x1b[01;35m\x1b[KPhaseGenerator\x1b[m\x1b[K(QuadrupedBase &base, Time time = now()):\n'}
[1.720767] (quadruped_mujoco) StderrLine: {'line': b'      |             \x1b[01;35m\x1b[K^~~~~~~~~~~~~~\x1b[m\x1b[K\n'}
[1.720851] (quadruped_mujoco) StderrLine: {'line': b'\x1b[01m\x1b[K/home/nisarg/Documents/repo/libchamp-imp/ros2_ws/src/quadruped_mujoco/include/quadruped_mujoco/leg_controller/phase_generator.hpp:\x1b[m\x1b[K In member function \xe2\x80\x98\x1b[01m\x1b[Kvoid champ::PhaseGenerator::run(float, float, champ::PhaseGenerator::Time)\x1b[m\x1b[K\xe2\x80\x99:\n'}
[1.720940] (quadruped_mujoco) StderrLine: {'line': b'\x1b[01m\x1b[K/home/nisarg/Documents/repo/libchamp-imp/ros2_ws/src/quadruped_mujoco/include/quadruped_mujoco/leg_controller/phase_generator.hpp:32:28:\x1b[m\x1b[K \x1b[01;35m\x1b[Kwarning: \x1b[m\x1b[Kunused parameter \xe2\x80\x98\x1b[01m\x1b[Ktarget_velocity\x1b[m\x1b[K\xe2\x80\x99 [\x1b[01;35m\x1b[K\x1b]8;;https://gcc.gnu.org/onlinedocs/gcc/Warning-Options.html#index-Wunused-parameter\x07-Wunused-parameter\x1b]8;;\x07\x1b[m\x1b[K]\n'}
[1.721044] (quadruped_mujoco) StderrLine: {'line': b'   32 |             void run(\x1b[01;35m\x1b[Kfloat target_velocity\x1b[m\x1b[K, float step_length, Time time = now())\n'}
[1.721129] (quadruped_mujoco) StderrLine: {'line': b'      |                      \x1b[01;35m\x1b[K~~~~~~^~~~~~~~~~~~~~~\x1b[m\x1b[K\n'}
[1.721212] (quadruped_mujoco) StderrLine: {'line': b'\x1b[01m\x1b[K/home/nisarg/Documents/repo/libchamp-imp/ros2_ws/src/quadruped_mujoco/include/quadruped_mujoco/leg_controller/phase_generator.hpp:32:51:\x1b[m\x1b[K \x1b[01;35m\x1b[Kwarning: \x1b[m\x1b[Kunused parameter \xe2\x80\x98\x1b[01m\x1b[Kstep_length\x1b[m\x1b[K\xe2\x80\x99 [\x1b[01;35m\x1b[K\x1b]8;;https://gcc.gnu.org/onlinedocs/gcc/Warning-Options.html#index-Wunused-parameter\x07-Wunused-parameter\x1b]8;;\x07\x1b[m\x1b[K]\n'}
[1.721297] (quadruped_mujoco) StderrLine: {'line': b'   32 |             void run(float target_velocity, \x1b[01;35m\x1b[Kfloat step_length\x1b[m\x1b[K, Time time = now())\n'}
[1.721379] (quadruped_mujoco) StderrLine: {'line': b'      |                                             \x1b[01;35m\x1b[K~~~~~~^~~~~~~~~~~\x1b[m\x1b[K\n'}
[1.721461] (quadruped_mujoco) StderrLine: {'line': b'In file included from \x1b[01m\x1b[K/home/nisarg/Documents/repo/libchamp-imp/ros2_ws/src/quadruped_mujoco/include/quadruped_mujoco/controllers/quadruped_controller.hpp:12\x1b[m\x1b[K,\n'}
[1.721545] (quadruped_mujoco) StderrLine: {'line': b'                 from \x1b[01m\x1b[K/home/nisarg/Documents/repo/libchamp-imp/ros2_ws/src/quadruped_mujoco/src/controllers/quadruped_controller.cpp:1\x1b[m\x1b[K:\n'}
[1.721628] (quadruped_mujoco) StderrLine: {'line': b'\x1b[01m\x1b[K/home/nisarg/Documents/repo/libchamp-imp/ros2_ws/src/quadruped_mujoco/include/quadruped_mujoco/leg_controller/leg_controller.hpp:\x1b[m\x1b[K In constructor \xe2\x80\x98\x1b[01m\x1b[Kchamp::LegController::LegController(champ::QuadrupedBase&, champ::PhaseGenerator::Time)\x1b[m\x1b[K\xe2\x80\x99:\n'}
[1.721776] (quadruped_mujoco) StderrLine: {'line': b'\x1b[01m\x1b[K/home/nisarg/Documents/repo/libchamp-imp/ros2_ws/src/quadruped_mujoco/include/quadruped_mujoco/leg_controller/leg_controller.hpp:13:69:\x1b[m\x1b[K \x1b[01;35m\x1b[Kwarning: \x1b[m\x1b[Kunused parameter \xe2\x80\x98\x1b[01m\x1b[Ktime\x1b[m\x1b[K\xe2\x80\x99 [\x1b[01;35m\x1b[K\x1b]8;;https://gcc.gnu.org/onlinedocs/gcc/Warning-Options.html#index-Wunused-parameter\x07-Wunused-parameter\x1b]8;;\x07\x1b[m\x1b[K]\n'}
[1.721870] (quadruped_mujoco) StderrLine: {'line': b'   13 |             LegController(QuadrupedBase &base, \x1b[01;35m\x1b[KPhaseGenerator::Time time = PhaseGenerator::now()\x1b[m\x1b[K):\n'}
[1.721913] (quadruped_mujoco) StderrLine: {'line': b'      |                                                \x1b[01;35m\x1b[K~~~~~~~~~~~~~~~~~~~~~^~~~~~~~~~~~~~~~~~~~~~~~~~~~\x1b[m\x1b[K\n'}
[1.746598] (quadruped_mujoco) StderrLine: {'line': b'\x1b[01m\x1b[K/home/nisarg/Documents/repo/libchamp-imp/ros2_ws/src/quadruped_mujoco/src/controllers/quadruped_controller.cpp:\x1b[m\x1b[K In constructor \xe2\x80\x98\x1b[01m\x1b[Kchamp::QuadrupedController::QuadrupedController(rclcpp::Node::SharedPtr)\x1b[m\x1b[K\xe2\x80\x99:\n'}
[1.746857] (quadruped_mujoco) StderrLine: {'line': b'\x1b[01m\x1b[K/home/nisarg/Documents/repo/libchamp-imp/ros2_ws/src/quadruped_mujoco/src/controllers/quadruped_controller.cpp:28:9:\x1b[m\x1b[K \x1b[01;31m\x1b[Kerror: \x1b[m\x1b[K\xe2\x80\x98\x1b[01m\x1b[Kcmd_vel_subscriber_\x1b[m\x1b[K\xe2\x80\x99 was not declared in this scope\n'}
[1.746969] (quadruped_mujoco) StderrLine: {'line': b'   28 |         \x1b[01;31m\x1b[Kcmd_vel_subscriber_\x1b[m\x1b[K = node_->create_subscription<geometry_msgs::msg::Twist>(\n'}
[1.747069] (quadruped_mujoco) StderrLine: {'line': b'      |         \x1b[01;31m\x1b[K^~~~~~~~~~~~~~~~~~~\x1b[m\x1b[K\n'}
[1.781831] (quadruped_mujoco) StderrLine: {'line': b'\x1b[01m\x1b[K/home/nisarg/Documents/repo/libchamp-imp/ros2_ws/src/quadruped_mujoco/src/controllers/quadruped_controller.cpp:32:9:\x1b[m\x1b[K \x1b[01;31m\x1b[Kerror: \x1b[m\x1b[K\xe2\x80\x98\x1b[01m\x1b[Kcmd_pose_subscriber_\x1b[m\x1b[K\xe2\x80\x99 was not declared in this scope; did you mean \xe2\x80\x98\x1b[01m\x1b[Krmw_count_subscribers\x1b[m\x1b[K\xe2\x80\x99?\n'}
[1.782050] (quadruped_mujoco) StderrLine: {'line': b'   32 |         \x1b[01;31m\x1b[Kcmd_pose_subscriber_\x1b[m\x1b[K = node_->create_subscription<geometry_msgs::msg::Pose>(\n'}
[1.782170] (quadruped_mujoco) StderrLine: {'line': b'      |         \x1b[01;31m\x1b[K^~~~~~~~~~~~~~~~~~~~\x1b[m\x1b[K\n'}
[1.782260] (quadruped_mujoco) StderrLine: {'line': b'      |         \x1b[32m\x1b[Krmw_count_subscribers\x1b[m\x1b[K\n'}
[1.804539] (-) TimerEvent: {}
[1.814148] (quadruped_mujoco) StderrLine: {'line': b'\x1b[01m\x1b[K/home/nisarg/Documents/repo/libchamp-imp/ros2_ws/src/quadruped_mujoco/src/controllers/quadruped_controller.cpp:36:9:\x1b[m\x1b[K \x1b[01;31m\x1b[Kerror: \x1b[m\x1b[K\xe2\x80\x98\x1b[01m\x1b[Kpath_subscriber_\x1b[m\x1b[K\xe2\x80\x99 was not declared in this scope\n'}
[1.814286] (quadruped_mujoco) StderrLine: {'line': b'   36 |         \x1b[01;31m\x1b[Kpath_subscriber_\x1b[m\x1b[K = node_->create_subscription<nav_msgs::msg::Path>(\n'}
[1.814327] (quadruped_mujoco) StderrLine: {'line': b'      |         \x1b[01;31m\x1b[K^~~~~~~~~~~~~~~~\x1b[m\x1b[K\n'}
[1.846023] (quadruped_mujoco) StderrLine: {'line': b'\x1b[01m\x1b[K/home/nisarg/Documents/repo/libchamp-imp/ros2_ws/src/quadruped_mujoco/src/controllers/quadruped_controller.cpp:41:9:\x1b[m\x1b[K \x1b[01;31m\x1b[Kerror: \x1b[m\x1b[K\xe2\x80\x98\x1b[01m\x1b[Kcontrol_timer_\x1b[m\x1b[K\xe2\x80\x99 was not declared in this scope\n'}
[1.846171] (quadruped_mujoco) StderrLine: {'line': b'   41 |         \x1b[01;31m\x1b[Kcontrol_timer_\x1b[m\x1b[K = node_->create_wall_timer(\n'}
[1.846214] (quadruped_mujoco) StderrLine: {'line': b'      |         \x1b[01;31m\x1b[K^~~~~~~~~~~~~~\x1b[m\x1b[K\n'}
[1.904661] (-) TimerEvent: {}
[2.004915] (-) TimerEvent: {}
[2.105235] (-) TimerEvent: {}
[2.205572] (-) TimerEvent: {}
[2.305837] (-) TimerEvent: {}
[2.406077] (-) TimerEvent: {}
[2.506341] (-) TimerEvent: {}
[2.606660] (-) TimerEvent: {}
[2.706903] (-) TimerEvent: {}
[2.807196] (-) TimerEvent: {}
[2.907464] (-) TimerEvent: {}
[3.007798] (-) TimerEvent: {}
[3.108039] (-) TimerEvent: {}
[3.208299] (-) TimerEvent: {}
[3.308575] (-) TimerEvent: {}
[3.408833] (-) TimerEvent: {}
[3.509092] (-) TimerEvent: {}
[3.609370] (-) TimerEvent: {}
[3.709659] (-) TimerEvent: {}
[3.810020] (-) TimerEvent: {}
[3.910289] (-) TimerEvent: {}
[4.010519] (-) TimerEvent: {}
[4.110756] (-) TimerEvent: {}
[4.211008] (-) TimerEvent: {}
[4.311267] (-) TimerEvent: {}
[4.411547] (-) TimerEvent: {}
[4.427760] (quadruped_mujoco) StderrLine: {'line': b'gmake[2]: *** [CMakeFiles/quadruped_mujoco_lib.dir/build.make:76: CMakeFiles/quadruped_mujoco_lib.dir/src/controllers/quadruped_controller.cpp.o] Error 1\n'}
[4.427985] (quadruped_mujoco) StderrLine: {'line': b'gmake[1]: *** [CMakeFiles/Makefile2:603: CMakeFiles/quadruped_mujoco_lib.dir/all] Error 2\n'}
[4.428172] (quadruped_mujoco) StderrLine: {'line': b'gmake: *** [Makefile:146: all] Error 2\n'}
[4.430061] (quadruped_mujoco) CommandEnded: {'returncode': 2}
[4.436508] (quadruped_mujoco) JobEnded: {'identifier': 'quadruped_mujoco', 'rc': 2}
[4.447244] (-) EventReactorShutdown: {}
