[35m[1mConsolidate compiler generated dependencies of target quadruped_mujoco__rosidl_generator_c[0m
[35m[1mConsolidate compiler generated dependencies of target mujoco_interface_node[0m
[  1%] Built target quadruped_mujoco__cpp
[ 10%] Built target quadruped_mujoco__rosidl_generator_c
[ 10%] Built target ament_cmake_python_copy_quadruped_mujoco
[35m[1mConsolidate compiler generated dependencies of target quadruped_mujoco__rosidl_typesupport_cpp[0m
[35m[1mConsolidate compiler generated dependencies of target quadruped_mujoco__rosidl_typesupport_c[0m
[35m[1mConsolidate compiler generated dependencies of target quadruped_mujoco__rosidl_typesupport_fastrtps_c[0m
[35m[1mConsolidate compiler generated dependencies of target quadruped_mujoco__rosidl_typesupport_introspection_cpp[0m
[35m[1mConsolidate compiler generated dependencies of target quadruped_mujoco__rosidl_typesupport_fastrtps_cpp[0m
[35m[1mConsolidate compiler generated dependencies of target quadruped_mujoco__rosidl_typesupport_introspection_c[0m
[ 13%] Built target mujoco_interface_node
[ 26%] Built target quadruped_mujoco__rosidl_typesupport_c
[ 32%] Built target quadruped_mujoco__rosidl_typesupport_cpp
[ 52%] Built target quadruped_mujoco__rosidl_typesupport_introspection_cpp
[ 52%] Built target quadruped_mujoco__rosidl_typesupport_fastrtps_c
[ 61%] Built target quadruped_mujoco__rosidl_typesupport_fastrtps_cpp
[ 71%] Built target quadruped_mujoco__rosidl_typesupport_introspection_c
[ 71%] Built target quadruped_mujoco
[ 72%] [32mBuilding CXX object CMakeFiles/trot_node.dir/src/nodes/trot_node.cpp.o[0m
[ 73%] [32mBuilding CXX object CMakeFiles/turn_node.dir/src/nodes/turn_node.cpp.o[0m
[ 75%] [32mBuilding CXX object CMakeFiles/waypoint_nav_node.dir/src/nodes/waypoint_nav_node.cpp.o[0m
[ 76%] Built target quadruped_mujoco__py
[ 78%] [32mBuilding CXX object CMakeFiles/quadruped_controller_node.dir/src/nodes/quadruped_controller_node.cpp.o[0m
[ 83%] [32mBuilding C object CMakeFiles/quadruped_mujoco__rosidl_generator_py.dir/rosidl_generator_py/quadruped_mujoco/msg/_velocities_s.c.o[0m
[ 83%] [32mBuilding C object CMakeFiles/quadruped_mujoco__rosidl_generator_py.dir/rosidl_generator_py/quadruped_mujoco/msg/_pose_s.c.o[0m
[ 83%] [32mBuilding C object CMakeFiles/quadruped_mujoco__rosidl_generator_py.dir/rosidl_generator_py/quadruped_mujoco/msg/_joints_s.c.o[0m
[ 83%] [32mBuilding C object CMakeFiles/quadruped_mujoco__rosidl_generator_py.dir/rosidl_generator_py/quadruped_mujoco/msg/_contacts_stamped_s.c.o[0m
[ 84%] [32mBuilding C object CMakeFiles/quadruped_mujoco__rosidl_generator_py.dir/rosidl_generator_py/quadruped_mujoco/msg/_contacts_s.c.o[0m
[ 86%] [32m[1mLinking C shared library rosidl_generator_py/quadruped_mujoco/libquadruped_mujoco__rosidl_generator_py.so[0m
running egg_info
writing quadruped_mujoco.egg-info/PKG-INFO
writing dependency_links to quadruped_mujoco.egg-info/dependency_links.txt
writing top-level names to quadruped_mujoco.egg-info/top_level.txt
reading manifest file 'quadruped_mujoco.egg-info/SOURCES.txt'
writing manifest file 'quadruped_mujoco.egg-info/SOURCES.txt'
[ 86%] Built target ament_cmake_python_build_quadruped_mujoco_egg
[ 86%] Built target quadruped_mujoco__rosidl_generator_py
