-- The C compiler identification is GNU 11.4.0
-- The CXX compiler identification is GNU 11.4.0
-- Detecting C compiler ABI info
-- Detecting C compiler ABI info - done
-- Check for working C compiler: /usr/bin/cc - skipped
-- Detecting C compile features
-- Detecting C compile features - done
-- Detecting CXX compiler ABI info
-- Detecting CXX compiler ABI info - done
-- Check for working CXX compiler: /usr/bin/c++ - skipped
-- Detecting CXX compile features
-- Detecting CXX compile features - done
-- Found ament_cmake: 1.3.11 (/opt/ros/humble/share/ament_cmake/cmake)
-- Found Python3: /usr/bin/python3 (found version "3.10.12") found components: Interpreter 
-- Found rclcpp: 16.0.11 (/opt/ros/humble/share/rclcpp/cmake)
-- Found rosidl_generator_c: 3.1.6 (/opt/ros/humble/share/rosidl_generator_c/cmake)
-- Found rosidl_adapter: 3.1.6 (/opt/ros/humble/share/rosidl_adapter/cmake)
-- Found rosidl_generator_cpp: 3.1.6 (/opt/ros/humble/share/rosidl_generator_cpp/cmake)
-- Using all available rosidl_typesupport_c: rosidl_typesupport_fastrtps_c;rosidl_typesupport_introspection_c
-- Using all available rosidl_typesupport_cpp: rosidl_typesupport_fastrtps_cpp;rosidl_typesupport_introspection_cpp
-- Found rmw_implementation_cmake: 6.1.2 (/opt/ros/humble/share/rmw_implementation_cmake/cmake)
-- Found rmw_fastrtps_cpp: 6.2.7 (/opt/ros/humble/share/rmw_fastrtps_cpp/cmake)
-- Found OpenSSL: /usr/lib/x86_64-linux-gnu/libcrypto.so (found version "3.0.2")  
-- Found FastRTPS: /opt/ros/humble/include  
-- Using RMW implementation 'rmw_fastrtps_cpp' as default
-- Looking for pthread.h
-- Looking for pthread.h - found
-- Performing Test CMAKE_HAVE_LIBC_PTHREAD
-- Performing Test CMAKE_HAVE_LIBC_PTHREAD - Success
-- Found Threads: TRUE  
-- Found geometry_msgs: 4.2.4 (/opt/ros/humble/share/geometry_msgs/cmake)
-- Found sensor_msgs: 4.2.4 (/opt/ros/humble/share/sensor_msgs/cmake)
-- Found nav_msgs: 4.2.4 (/opt/ros/humble/share/nav_msgs/cmake)
-- Found tf2: 0.25.12 (/opt/ros/humble/share/tf2/cmake)
-- Found tf2_ros: 0.25.12 (/opt/ros/humble/share/tf2_ros/cmake)
-- Found rosidl_default_generators: 1.2.0 (/opt/ros/humble/share/rosidl_default_generators/cmake)
-- Found mujoco: /usr/local/lib/libmujoco.so  
[33mCMake Warning (dev) at /usr/share/cmake-3.22/Modules/FindOpenGL.cmake:315 (message):
  Policy CMP0072 is not set: FindOpenGL prefers GLVND by default when
  available.  Run "cmake --help-policy CMP0072" for policy details.  Use the
  cmake_policy command to set the policy and suppress this warning.

  FindOpenGL found both a legacy GL library:

    OPENGL_gl_LIBRARY: /usr/lib/x86_64-linux-gnu/libGL.so

  and GLVND libraries for OpenGL and GLX:

    OPENGL_opengl_LIBRARY: /usr/lib/x86_64-linux-gnu/libOpenGL.so
    OPENGL_glx_LIBRARY: /usr/lib/x86_64-linux-gnu/libGLX.so

  OpenGL_GL_PREFERENCE has not been set to "GLVND" or "LEGACY", so for
  compatibility with CMake 3.10 and below the legacy GL library will be used.
Call Stack (most recent call first):
  CMakeLists.txt:23 (find_package)
This warning is for project developers.  Use -Wno-dev to suppress it.
[0m
-- Found OpenGL: /usr/lib/x86_64-linux-gnu/libOpenGL.so   
-- Found GLEW: /usr/include (found version "2.2.0") 
-- Found ament_cmake_ros: 0.10.0 (/opt/ros/humble/share/ament_cmake_ros/cmake)
-- Using all available rosidl_typesupport_c: rosidl_typesupport_fastrtps_c;rosidl_typesupport_introspection_c
-- Using all available rosidl_typesupport_cpp: rosidl_typesupport_fastrtps_cpp;rosidl_typesupport_introspection_cpp
-- Found PythonInterp: /usr/bin/python3 (found suitable version "3.10.12", minimum required is "3.6") 
-- Found python_cmake_module: 0.10.0 (/opt/ros/humble/share/python_cmake_module/cmake)
-- Found PythonLibs: /usr/lib/x86_64-linux-gnu/libpython3.10.so (found suitable version "3.10.12", minimum required is "3.5") 
-- Using PYTHON_EXECUTABLE: /usr/bin/python3
-- Using PYTHON_INCLUDE_DIRS: /usr/include/python3.10
-- Using PYTHON_LIBRARIES: /usr/lib/x86_64-linux-gnu/libpython3.10.so
-- Found PythonExtra: .so  
[0mCMake Deprecation Warning at /opt/ros/humble/share/rosidl_cmake/cmake/rosidl_target_interfaces.cmake:32 (message):
  Use rosidl_get_typesupport_target() and target_link_libraries() instead of
  rosidl_target_interfaces()
Call Stack (most recent call first):
  CMakeLists.txt:97 (rosidl_target_interfaces)

[0m
[0mCMake Deprecation Warning at /opt/ros/humble/share/rosidl_cmake/cmake/rosidl_target_interfaces.cmake:32 (message):
  Use rosidl_get_typesupport_target() and target_link_libraries() instead of
  rosidl_target_interfaces()
Call Stack (most recent call first):
  CMakeLists.txt:97 (rosidl_target_interfaces)

[0m
[0mCMake Deprecation Warning at /opt/ros/humble/share/rosidl_cmake/cmake/rosidl_target_interfaces.cmake:32 (message):
  Use rosidl_get_typesupport_target() and target_link_libraries() instead of
  rosidl_target_interfaces()
Call Stack (most recent call first):
  CMakeLists.txt:97 (rosidl_target_interfaces)

[0m
[0mCMake Deprecation Warning at /opt/ros/humble/share/rosidl_cmake/cmake/rosidl_target_interfaces.cmake:32 (message):
  Use rosidl_get_typesupport_target() and target_link_libraries() instead of
  rosidl_target_interfaces()
Call Stack (most recent call first):
  CMakeLists.txt:97 (rosidl_target_interfaces)

[0m
-- Configuring done
-- Generating done
-- Build files have been written to: /home/nisarg/Documents/repo/libchamp-imp/ros2_ws/build/quadruped_mujoco
[  1%] [34m[1mGenerating C code for ROS interfaces[0m
[  2%] [34m[1mGenerating C++ code for ROS interfaces[0m
[  4%] [32mBuilding CXX object CMakeFiles/mujoco_interface_node.dir/src/mujoco_interface.cpp.o[0m
[  4%] Built target ament_cmake_python_copy_quadruped_mujoco
running egg_info
creating quadruped_mujoco.egg-info
writing quadruped_mujoco.egg-info/PKG-INFO
writing dependency_links to quadruped_mujoco.egg-info/dependency_links.txt
writing top-level names to quadruped_mujoco.egg-info/top_level.txt
writing manifest file 'quadruped_mujoco.egg-info/SOURCES.txt'
reading manifest file 'quadruped_mujoco.egg-info/SOURCES.txt'
writing manifest file 'quadruped_mujoco.egg-info/SOURCES.txt'
[  4%] Built target ament_cmake_python_build_quadruped_mujoco_egg
[  8%] [32mBuilding C object CMakeFiles/quadruped_mujoco__rosidl_generator_c.dir/rosidl_generator_c/quadruped_mujoco/msg/detail/contacts__functions.c.o[0m
[  8%] [32mBuilding C object CMakeFiles/quadruped_mujoco__rosidl_generator_c.dir/rosidl_generator_c/quadruped_mujoco/msg/detail/pose__functions.c.o[0m
[  8%] [32mBuilding C object CMakeFiles/quadruped_mujoco__rosidl_generator_c.dir/rosidl_generator_c/quadruped_mujoco/msg/detail/contacts_stamped__functions.c.o[0m
[  8%] Built target quadruped_mujoco__cpp
[ 10%] [32mBuilding C object CMakeFiles/quadruped_mujoco__rosidl_generator_c.dir/rosidl_generator_c/quadruped_mujoco/msg/detail/velocities__functions.c.o[0m
[ 10%] [32mBuilding C object CMakeFiles/quadruped_mujoco__rosidl_generator_c.dir/rosidl_generator_c/quadruped_mujoco/msg/detail/joints__functions.c.o[0m
[ 12%] [34m[1mGenerating C++ introspection for ROS interfaces[0m
[ 13%] [34m[1mGenerating C++ type support dispatch for ROS interfaces[0m
[ 15%] [34m[1mGenerating C++ type support for eProsima Fast-RTPS[0m
[ 16%] [32m[1mLinking C shared library libquadruped_mujoco__rosidl_generator_c.so[0m
[ 16%] Built target quadruped_mujoco__rosidl_generator_c
[ 17%] [34m[1mGenerating C introspection for ROS interfaces[0m
[ 20%] [34m[1mGenerating C type support for eProsima Fast-RTPS[0m
[ 20%] [34m[1mGenerating C type support dispatch for ROS interfaces[0m
[ 23%] [32mBuilding CXX object CMakeFiles/quadruped_mujoco__rosidl_typesupport_cpp.dir/rosidl_typesupport_cpp/quadruped_mujoco/msg/pose__type_support.cpp.o[0m
[ 23%] [32mBuilding CXX object CMakeFiles/quadruped_mujoco__rosidl_typesupport_cpp.dir/rosidl_typesupport_cpp/quadruped_mujoco/msg/contacts__type_support.cpp.o[0m
[ 26%] [32mBuilding CXX object CMakeFiles/quadruped_mujoco__rosidl_typesupport_cpp.dir/rosidl_typesupport_cpp/quadruped_mujoco/msg/velocities__type_support.cpp.o[0m
[ 26%] [32mBuilding CXX object CMakeFiles/quadruped_mujoco__rosidl_typesupport_cpp.dir/rosidl_typesupport_cpp/quadruped_mujoco/msg/contacts_stamped__type_support.cpp.o[0m
[ 27%] [32mBuilding CXX object CMakeFiles/quadruped_mujoco__rosidl_typesupport_cpp.dir/rosidl_typesupport_cpp/quadruped_mujoco/msg/joints__type_support.cpp.o[0m
[ 28%] [32mBuilding CXX object CMakeFiles/quadruped_mujoco__rosidl_typesupport_fastrtps_cpp.dir/rosidl_typesupport_fastrtps_cpp/quadruped_mujoco/msg/detail/dds_fastrtps/contacts__type_support.cpp.o[0m
[ 30%] [32mBuilding CXX object CMakeFiles/quadruped_mujoco__rosidl_typesupport_fastrtps_cpp.dir/rosidl_typesupport_fastrtps_cpp/quadruped_mujoco/msg/detail/dds_fastrtps/joints__type_support.cpp.o[0m
[ 31%] [32mBuilding CXX object CMakeFiles/quadruped_mujoco__rosidl_typesupport_fastrtps_cpp.dir/rosidl_typesupport_fastrtps_cpp/quadruped_mujoco/msg/detail/dds_fastrtps/pose__type_support.cpp.o[0m
[ 32%] [32mBuilding CXX object CMakeFiles/quadruped_mujoco__rosidl_typesupport_fastrtps_cpp.dir/rosidl_typesupport_fastrtps_cpp/quadruped_mujoco/msg/detail/dds_fastrtps/velocities__type_support.cpp.o[0m
[ 34%] [32mBuilding CXX object CMakeFiles/quadruped_mujoco__rosidl_typesupport_fastrtps_cpp.dir/rosidl_typesupport_fastrtps_cpp/quadruped_mujoco/msg/detail/dds_fastrtps/contacts_stamped__type_support.cpp.o[0m
[ 35%] [32mBuilding CXX object CMakeFiles/quadruped_mujoco__rosidl_typesupport_c.dir/rosidl_typesupport_c/quadruped_mujoco/msg/contacts__type_support.cpp.o[0m
[ 36%] [32mBuilding CXX object CMakeFiles/quadruped_mujoco__rosidl_typesupport_introspection_cpp.dir/rosidl_typesupport_introspection_cpp/quadruped_mujoco/msg/detail/contacts__type_support.cpp.o[0m
[ 38%] [32mBuilding CXX object CMakeFiles/quadruped_mujoco__rosidl_typesupport_c.dir/rosidl_typesupport_c/quadruped_mujoco/msg/joints__type_support.cpp.o[0m
[ 39%] [32mBuilding CXX object CMakeFiles/quadruped_mujoco__rosidl_typesupport_introspection_cpp.dir/rosidl_typesupport_introspection_cpp/quadruped_mujoco/msg/detail/joints__type_support.cpp.o[0m
[ 41%] [32m[1mLinking CXX shared library libquadruped_mujoco__rosidl_typesupport_cpp.so[0m
[ 42%] [32mBuilding CXX object CMakeFiles/quadruped_mujoco__rosidl_typesupport_fastrtps_c.dir/rosidl_typesupport_fastrtps_c/quadruped_mujoco/msg/detail/contacts__type_support_c.cpp.o[0m
[ 43%] [32mBuilding CXX object CMakeFiles/quadruped_mujoco__rosidl_typesupport_c.dir/rosidl_typesupport_c/quadruped_mujoco/msg/pose__type_support.cpp.o[0m
[ 43%] Built target quadruped_mujoco__rosidl_typesupport_cpp
[ 45%] [32mBuilding C object CMakeFiles/quadruped_mujoco__rosidl_typesupport_introspection_c.dir/rosidl_typesupport_introspection_c/quadruped_mujoco/msg/detail/contacts__type_support.c.o[0m
[ 46%] [32mBuilding CXX object CMakeFiles/quadruped_mujoco__rosidl_typesupport_fastrtps_c.dir/rosidl_typesupport_fastrtps_c/quadruped_mujoco/msg/detail/joints__type_support_c.cpp.o[0m
[ 47%] [32mBuilding CXX object CMakeFiles/quadruped_mujoco__rosidl_typesupport_c.dir/rosidl_typesupport_c/quadruped_mujoco/msg/velocities__type_support.cpp.o[0m
[ 49%] [32mBuilding C object CMakeFiles/quadruped_mujoco__rosidl_typesupport_introspection_c.dir/rosidl_typesupport_introspection_c/quadruped_mujoco/msg/detail/joints__type_support.c.o[0m
[ 50%] [32mBuilding CXX object CMakeFiles/quadruped_mujoco__rosidl_typesupport_c.dir/rosidl_typesupport_c/quadruped_mujoco/msg/contacts_stamped__type_support.cpp.o[0m
[ 52%] [32mBuilding C object CMakeFiles/quadruped_mujoco__rosidl_typesupport_introspection_c.dir/rosidl_typesupport_introspection_c/quadruped_mujoco/msg/detail/pose__type_support.c.o[0m
[ 53%] [32m[1mLinking CXX shared library libquadruped_mujoco__rosidl_typesupport_c.so[0m
[ 54%] [32mBuilding C object CMakeFiles/quadruped_mujoco__rosidl_typesupport_introspection_c.dir/rosidl_typesupport_introspection_c/quadruped_mujoco/msg/detail/velocities__type_support.c.o[0m
[ 54%] Built target quadruped_mujoco__rosidl_typesupport_c
[ 56%] [32mBuilding C object CMakeFiles/quadruped_mujoco__rosidl_typesupport_introspection_c.dir/rosidl_typesupport_introspection_c/quadruped_mujoco/msg/detail/contacts_stamped__type_support.c.o[0m
[ 57%] [32mBuilding CXX object CMakeFiles/quadruped_mujoco__rosidl_typesupport_introspection_cpp.dir/rosidl_typesupport_introspection_cpp/quadruped_mujoco/msg/detail/pose__type_support.cpp.o[0m
[ 58%] [32mBuilding CXX object CMakeFiles/quadruped_mujoco__rosidl_typesupport_fastrtps_c.dir/rosidl_typesupport_fastrtps_c/quadruped_mujoco/msg/detail/pose__type_support_c.cpp.o[0m
[ 60%] [32m[1mLinking C shared library libquadruped_mujoco__rosidl_typesupport_introspection_c.so[0m
[ 60%] Built target quadruped_mujoco__rosidl_typesupport_introspection_c
[ 61%] [32mBuilding CXX object CMakeFiles/quadruped_mujoco__rosidl_typesupport_fastrtps_c.dir/rosidl_typesupport_fastrtps_c/quadruped_mujoco/msg/detail/velocities__type_support_c.cpp.o[0m
[ 63%] [32mBuilding CXX object CMakeFiles/quadruped_mujoco__rosidl_typesupport_introspection_cpp.dir/rosidl_typesupport_introspection_cpp/quadruped_mujoco/msg/detail/velocities__type_support.cpp.o[0m
[ 65%] [32mBuilding CXX object CMakeFiles/quadruped_mujoco__rosidl_typesupport_introspection_cpp.dir/rosidl_typesupport_introspection_cpp/quadruped_mujoco/msg/detail/contacts_stamped__type_support.cpp.o[0m
[ 65%] [32mBuilding CXX object CMakeFiles/quadruped_mujoco__rosidl_typesupport_fastrtps_c.dir/rosidl_typesupport_fastrtps_c/quadruped_mujoco/msg/detail/contacts_stamped__type_support_c.cpp.o[0m
[ 67%] [32m[1mLinking CXX shared library libquadruped_mujoco__rosidl_typesupport_fastrtps_cpp.so[0m
[ 67%] Built target quadruped_mujoco__rosidl_typesupport_fastrtps_cpp
[ 68%] [32m[1mLinking CXX shared library libquadruped_mujoco__rosidl_typesupport_fastrtps_c.so[0m
[ 69%] [32m[1mLinking CXX shared library libquadruped_mujoco__rosidl_typesupport_introspection_cpp.so[0m
[ 69%] Built target quadruped_mujoco__rosidl_typesupport_fastrtps_c
[ 69%] Built target quadruped_mujoco__rosidl_typesupport_introspection_cpp
[ 69%] Built target quadruped_mujoco
[ 71%] [34m[1mGenerating Python code for ROS interfaces[0m
[ 72%] [32mBuilding CXX object CMakeFiles/turn_node.dir/src/nodes/turn_node.cpp.o[0m
[ 73%] [32mBuilding CXX object CMakeFiles/waypoint_nav_node.dir/src/nodes/waypoint_nav_node.cpp.o[0m
[ 75%] [32mBuilding CXX object CMakeFiles/quadruped_controller_node.dir/src/nodes/quadruped_controller_node.cpp.o[0m
[ 76%] [32mBuilding CXX object CMakeFiles/trot_node.dir/src/nodes/trot_node.cpp.o[0m
In file included from [01m[K/home/nisarg/Documents/repo/libchamp-imp/ros2_ws/src/quadruped_mujoco/include/quadruped_mujoco/leg_controller/leg_controller.hpp:6[m[K,
                 from [01m[K/home/nisarg/Documents/repo/libchamp-imp/ros2_ws/src/quadruped_mujoco/include/quadruped_mujoco/controllers/quadruped_controller.hpp:12[m[K,
                 from [01m[K/home/nisarg/Documents/repo/libchamp-imp/ros2_ws/src/quadruped_mujoco/src/nodes/quadruped_controller_node.cpp:2[m[K:
[01m[K/home/nisarg/Documents/repo/libchamp-imp/ros2_ws/src/quadruped_mujoco/include/quadruped_mujoco/leg_controller/phase_generator.h:31:10:[m[K [01;31m[Kfatal error: [m[Kmacros/macros.h: No such file or directory
   31 | #include [01;31m[K<macros/macros.h>[m[K
      |          [01;31m[K^~~~~~~~~~~~~~~~~[m[K
compilation terminated.
In file included from [01m[K/home/nisarg/Documents/repo/libchamp-imp/ros2_ws/src/quadruped_mujoco/include/quadruped_mujoco/leg_controller/leg_controller.hpp:6[m[K,
                 from [01m[K/home/nisarg/Documents/repo/libchamp-imp/ros2_ws/src/quadruped_mujoco/include/quadruped_mujoco/controllers/quadruped_controller.hpp:12[m[K,
                 from [01m[K/home/nisarg/Documents/repo/libchamp-imp/ros2_ws/src/quadruped_mujoco/include/quadruped_mujoco/controllers/waypoint_controller.hpp:4[m[K,
                 from [01m[K/home/nisarg/Documents/repo/libchamp-imp/ros2_ws/src/quadruped_mujoco/src/nodes/waypoint_nav_node.cpp:3[m[K:
[01m[K/home/nisarg/Documents/repo/libchamp-imp/ros2_ws/src/quadruped_mujoco/include/quadruped_mujoco/leg_controller/phase_generator.h:31:10:[m[K [01;31m[Kfatal error: [m[Kmacros/macros.h: No such file or directory
   31 | #include [01;31m[K<macros/macros.h>[m[K
      |          [01;31m[K^~~~~~~~~~~~~~~~~[m[K
compilation terminated.
In file included from [01m[K/home/nisarg/Documents/repo/libchamp-imp/ros2_ws/src/quadruped_mujoco/include/quadruped_mujoco/leg_controller/leg_controller.hpp:6[m[K,
                 from [01m[K/home/nisarg/Documents/repo/libchamp-imp/ros2_ws/src/quadruped_mujoco/include/quadruped_mujoco/controllers/quadruped_controller.hpp:12[m[K,
                 from [01m[K/home/nisarg/Documents/repo/libchamp-imp/ros2_ws/src/quadruped_mujoco/include/quadruped_mujoco/controllers/trot_controller.hpp:4[m[K,
                 from [01m[K/home/nisarg/Documents/repo/libchamp-imp/ros2_ws/src/quadruped_mujoco/src/nodes/trot_node.cpp:3[m[K:
[01m[K/home/nisarg/Documents/repo/libchamp-imp/ros2_ws/src/quadruped_mujoco/include/quadruped_mujoco/leg_controller/phase_generator.h:31:10:[m[K [01;31m[Kfatal error: [m[Kmacros/macros.h: No such file or directory
   31 | #include [01;31m[K<macros/macros.h>[m[K
      |          [01;31m[K^~~~~~~~~~~~~~~~~[m[K
compilation terminated.
gmake[2]: *** [CMakeFiles/quadruped_controller_node.dir/build.make:76: CMakeFiles/quadruped_controller_node.dir/src/nodes/quadruped_controller_node.cpp.o] Error 1
gmake[1]: *** [CMakeFiles/Makefile2:628: CMakeFiles/quadruped_controller_node.dir/all] Error 2
gmake[1]: *** Waiting for unfinished jobs....
gmake[2]: *** [CMakeFiles/waypoint_nav_node.dir/build.make:76: CMakeFiles/waypoint_nav_node.dir/src/nodes/waypoint_nav_node.cpp.o] Error 1
gmake[1]: *** [CMakeFiles/Makefile2:712: CMakeFiles/waypoint_nav_node.dir/all] Error 2
gmake[2]: *** [CMakeFiles/trot_node.dir/build.make:76: CMakeFiles/trot_node.dir/src/nodes/trot_node.cpp.o] Error 1
gmake[1]: *** [CMakeFiles/Makefile2:656: CMakeFiles/trot_node.dir/all] Error 2
In file included from [01m[K/home/nisarg/Documents/repo/libchamp-imp/ros2_ws/src/quadruped_mujoco/include/quadruped_mujoco/leg_controller/leg_controller.hpp:6[m[K,
                 from [01m[K/home/nisarg/Documents/repo/libchamp-imp/ros2_ws/src/quadruped_mujoco/include/quadruped_mujoco/controllers/quadruped_controller.hpp:12[m[K,
                 from [01m[K/home/nisarg/Documents/repo/libchamp-imp/ros2_ws/src/quadruped_mujoco/include/quadruped_mujoco/controllers/turn_controller.hpp:4[m[K,
                 from [01m[K/home/nisarg/Documents/repo/libchamp-imp/ros2_ws/src/quadruped_mujoco/src/nodes/turn_node.cpp:3[m[K:
[01m[K/home/nisarg/Documents/repo/libchamp-imp/ros2_ws/src/quadruped_mujoco/include/quadruped_mujoco/leg_controller/phase_generator.h:31:10:[m[K [01;31m[Kfatal error: [m[Kmacros/macros.h: No such file or directory
   31 | #include [01;31m[K<macros/macros.h>[m[K
      |          [01;31m[K^~~~~~~~~~~~~~~~~[m[K
compilation terminated.
gmake[2]: *** [CMakeFiles/turn_node.dir/build.make:76: CMakeFiles/turn_node.dir/src/nodes/turn_node.cpp.o] Error 1
gmake[1]: *** [CMakeFiles/Makefile2:684: CMakeFiles/turn_node.dir/all] Error 2
[ 76%] Built target quadruped_mujoco__py
[ 78%] [32m[1mLinking CXX executable mujoco_interface_node[0m
[ 78%] Built target mujoco_interface_node
gmake: *** [Makefile:146: all] Error 2
