[0.009s] Invoking command in '/home/nisarg/Documents/repo/libchamp-imp/ros2_ws/build/quadruped_mujoco': CMAKE_PREFIX_PATH=${CMAKE_PREFIX_PATH}:/home/nisarg/Documents/repo/helium-quadruped-mjc/install/helium_quadruped_simulation:/home/nisarg/Documents/repo/helium-quadruped-mjc/install/helium_quadruped_description:/home/nisarg/Documents/repo/helium-quadruped-mjc/install/helium_quadruped_controller:/opt/ros/humble /usr/bin/cmake /home/nisarg/Documents/repo/libchamp-imp/ros2_ws/src/quadruped_mujoco -DCMAKE_INSTALL_PREFIX=/home/nisarg/Documents/repo/libchamp-imp/ros2_ws/install/quadruped_mujoco
[0.058s] -- The C compiler identification is GNU 11.4.0
[0.120s] -- The CXX compiler identification is GNU 11.4.0
[0.127s] -- Detecting C compiler ABI info
[0.198s] -- Detecting C compiler ABI info - done
[0.203s] -- Check for working C compiler: /usr/bin/cc - skipped
[0.203s] -- Detecting C compile features
[0.203s] -- Detecting C compile features - done
[0.206s] -- Detecting CXX compiler ABI info
[0.314s] -- Detecting CXX compiler ABI info - done
[0.319s] -- Check for working CXX compiler: /usr/bin/c++ - skipped
[0.319s] -- Detecting CXX compile features
[0.320s] -- Detecting CXX compile features - done
[0.321s] -- Found ament_cmake: 1.3.11 (/opt/ros/humble/share/ament_cmake/cmake)
[0.478s] -- Found Python3: /usr/bin/python3 (found version "3.10.12") found components: Interpreter 
[0.583s] -- Found rclcpp: 16.0.11 (/opt/ros/humble/share/rclcpp/cmake)
[0.627s] -- Found rosidl_generator_c: 3.1.6 (/opt/ros/humble/share/rosidl_generator_c/cmake)
[0.631s] -- Found rosidl_adapter: 3.1.6 (/opt/ros/humble/share/rosidl_adapter/cmake)
[0.638s] -- Found rosidl_generator_cpp: 3.1.6 (/opt/ros/humble/share/rosidl_generator_cpp/cmake)
[0.647s] -- Using all available rosidl_typesupport_c: rosidl_typesupport_fastrtps_c;rosidl_typesupport_introspection_c
[0.660s] -- Using all available rosidl_typesupport_cpp: rosidl_typesupport_fastrtps_cpp;rosidl_typesupport_introspection_cpp
[0.695s] -- Found rmw_implementation_cmake: 6.1.2 (/opt/ros/humble/share/rmw_implementation_cmake/cmake)
[0.697s] -- Found rmw_fastrtps_cpp: 6.2.7 (/opt/ros/humble/share/rmw_fastrtps_cpp/cmake)
[0.844s] -- Found OpenSSL: /usr/lib/x86_64-linux-gnu/libcrypto.so (found version "3.0.2")  
[0.873s] -- Found FastRTPS: /opt/ros/humble/include  
[0.911s] -- Using RMW implementation 'rmw_fastrtps_cpp' as default
[0.918s] -- Looking for pthread.h
[1.026s] -- Looking for pthread.h - found
[1.027s] -- Performing Test CMAKE_HAVE_LIBC_PTHREAD
[1.092s] -- Performing Test CMAKE_HAVE_LIBC_PTHREAD - Success
[1.093s] -- Found Threads: TRUE  
[1.134s] -- Found geometry_msgs: 4.2.4 (/opt/ros/humble/share/geometry_msgs/cmake)
[1.144s] -- Found sensor_msgs: 4.2.4 (/opt/ros/humble/share/sensor_msgs/cmake)
[1.156s] -- Found nav_msgs: 4.2.4 (/opt/ros/humble/share/nav_msgs/cmake)
[1.168s] -- Found tf2: 0.25.12 (/opt/ros/humble/share/tf2/cmake)
[1.176s] -- Found tf2_ros: 0.25.12 (/opt/ros/humble/share/tf2_ros/cmake)
[1.241s] -- Found rosidl_default_generators: 1.2.0 (/opt/ros/humble/share/rosidl_default_generators/cmake)
[1.249s] -- Found mujoco: /usr/local/lib/libmujoco.so  
[1.252s] [33mCMake Warning (dev) at /usr/share/cmake-3.22/Modules/FindOpenGL.cmake:315 (message):
[1.252s]   Policy CMP0072 is not set: FindOpenGL prefers GLVND by default when
[1.252s]   available.  Run "cmake --help-policy CMP0072" for policy details.  Use the
[1.252s]   cmake_policy command to set the policy and suppress this warning.
[1.252s] 
[1.253s]   FindOpenGL found both a legacy GL library:
[1.253s] 
[1.253s]     OPENGL_gl_LIBRARY: /usr/lib/x86_64-linux-gnu/libGL.so
[1.253s] 
[1.253s]   and GLVND libraries for OpenGL and GLX:
[1.253s] 
[1.253s]     OPENGL_opengl_LIBRARY: /usr/lib/x86_64-linux-gnu/libOpenGL.so
[1.253s]     OPENGL_glx_LIBRARY: /usr/lib/x86_64-linux-gnu/libGLX.so
[1.253s] 
[1.253s]   OpenGL_GL_PREFERENCE has not been set to "GLVND" or "LEGACY", so for
[1.253s]   compatibility with CMake 3.10 and below the legacy GL library will be used.
[1.254s] Call Stack (most recent call first):
[1.254s]   CMakeLists.txt:23 (find_package)
[1.254s] This warning is for project developers.  Use -Wno-dev to suppress it.
[1.254s] [0m
[1.254s] -- Found OpenGL: /usr/lib/x86_64-linux-gnu/libOpenGL.so   
[1.284s] -- Found GLEW: /usr/include (found version "2.2.0") 
[1.526s] -- Found ament_cmake_ros: 0.10.0 (/opt/ros/humble/share/ament_cmake_ros/cmake)
[1.881s] -- Using all available rosidl_typesupport_c: rosidl_typesupport_fastrtps_c;rosidl_typesupport_introspection_c
[2.031s] -- Using all available rosidl_typesupport_cpp: rosidl_typesupport_fastrtps_cpp;rosidl_typesupport_introspection_cpp
[2.057s] -- Found PythonInterp: /usr/bin/python3 (found suitable version "3.10.12", minimum required is "3.6") 
[2.058s] -- Found python_cmake_module: 0.10.0 (/opt/ros/humble/share/python_cmake_module/cmake)
[2.082s] -- Found PythonLibs: /usr/lib/x86_64-linux-gnu/libpython3.10.so (found suitable version "3.10.12", minimum required is "3.5") 
[2.082s] -- Using PYTHON_EXECUTABLE: /usr/bin/python3
[2.082s] -- Using PYTHON_INCLUDE_DIRS: /usr/include/python3.10
[2.082s] -- Using PYTHON_LIBRARIES: /usr/lib/x86_64-linux-gnu/libpython3.10.so
[2.114s] -- Found PythonExtra: .so  
[2.165s] [0mCMake Deprecation Warning at /opt/ros/humble/share/rosidl_cmake/cmake/rosidl_target_interfaces.cmake:32 (message):
[2.165s]   Use rosidl_get_typesupport_target() and target_link_libraries() instead of
[2.165s]   rosidl_target_interfaces()
[2.165s] Call Stack (most recent call first):
[2.165s]   CMakeLists.txt:97 (rosidl_target_interfaces)
[2.165s] 
[2.165s] [0m
[2.167s] [0mCMake Deprecation Warning at /opt/ros/humble/share/rosidl_cmake/cmake/rosidl_target_interfaces.cmake:32 (message):
[2.167s]   Use rosidl_get_typesupport_target() and target_link_libraries() instead of
[2.168s]   rosidl_target_interfaces()
[2.168s] Call Stack (most recent call first):
[2.168s]   CMakeLists.txt:97 (rosidl_target_interfaces)
[2.168s] 
[2.168s] [0m
[2.170s] [0mCMake Deprecation Warning at /opt/ros/humble/share/rosidl_cmake/cmake/rosidl_target_interfaces.cmake:32 (message):
[2.170s]   Use rosidl_get_typesupport_target() and target_link_libraries() instead of
[2.170s]   rosidl_target_interfaces()
[2.170s] Call Stack (most recent call first):
[2.170s]   CMakeLists.txt:97 (rosidl_target_interfaces)
[2.170s] 
[2.170s] [0m
[2.173s] [0mCMake Deprecation Warning at /opt/ros/humble/share/rosidl_cmake/cmake/rosidl_target_interfaces.cmake:32 (message):
[2.173s]   Use rosidl_get_typesupport_target() and target_link_libraries() instead of
[2.173s]   rosidl_target_interfaces()
[2.173s] Call Stack (most recent call first):
[2.173s]   CMakeLists.txt:97 (rosidl_target_interfaces)
[2.173s] 
[2.173s] [0m
[2.177s] -- Configuring done
[2.219s] -- Generating done
[2.235s] -- Build files have been written to: /home/nisarg/Documents/repo/libchamp-imp/ros2_ws/build/quadruped_mujoco
[2.246s] Invoked command in '/home/nisarg/Documents/repo/libchamp-imp/ros2_ws/build/quadruped_mujoco' returned '0': CMAKE_PREFIX_PATH=${CMAKE_PREFIX_PATH}:/home/nisarg/Documents/repo/helium-quadruped-mjc/install/helium_quadruped_simulation:/home/nisarg/Documents/repo/helium-quadruped-mjc/install/helium_quadruped_description:/home/nisarg/Documents/repo/helium-quadruped-mjc/install/helium_quadruped_controller:/opt/ros/humble /usr/bin/cmake /home/nisarg/Documents/repo/libchamp-imp/ros2_ws/src/quadruped_mujoco -DCMAKE_INSTALL_PREFIX=/home/nisarg/Documents/repo/libchamp-imp/ros2_ws/install/quadruped_mujoco
[2.247s] Invoking command in '/home/nisarg/Documents/repo/libchamp-imp/ros2_ws/build/quadruped_mujoco': CMAKE_PREFIX_PATH=${CMAKE_PREFIX_PATH}:/home/nisarg/Documents/repo/helium-quadruped-mjc/install/helium_quadruped_simulation:/home/nisarg/Documents/repo/helium-quadruped-mjc/install/helium_quadruped_description:/home/nisarg/Documents/repo/helium-quadruped-mjc/install/helium_quadruped_controller:/opt/ros/humble /usr/bin/cmake --build /home/nisarg/Documents/repo/libchamp-imp/ros2_ws/build/quadruped_mujoco -- -j12 -l12
[2.291s] [  1%] [34m[1mGenerating C code for ROS interfaces[0m
[2.306s] [  2%] [34m[1mGenerating C++ code for ROS interfaces[0m
[2.323s] [  4%] [32mBuilding CXX object CMakeFiles/mujoco_interface_node.dir/src/mujoco_interface.cpp.o[0m
[2.337s] [  4%] Built target ament_cmake_python_copy_quadruped_mujoco
[2.535s] running egg_info
[2.535s] creating quadruped_mujoco.egg-info
[2.535s] writing quadruped_mujoco.egg-info/PKG-INFO
[2.535s] writing dependency_links to quadruped_mujoco.egg-info/dependency_links.txt
[2.535s] writing top-level names to quadruped_mujoco.egg-info/top_level.txt
[2.535s] writing manifest file 'quadruped_mujoco.egg-info/SOURCES.txt'
[2.538s] reading manifest file 'quadruped_mujoco.egg-info/SOURCES.txt'
[2.538s] writing manifest file 'quadruped_mujoco.egg-info/SOURCES.txt'
[2.572s] [  4%] Built target ament_cmake_python_build_quadruped_mujoco_egg
[2.673s] [  8%] [32mBuilding C object CMakeFiles/quadruped_mujoco__rosidl_generator_c.dir/rosidl_generator_c/quadruped_mujoco/msg/detail/contacts__functions.c.o[0m
[2.673s] [  8%] [32mBuilding C object CMakeFiles/quadruped_mujoco__rosidl_generator_c.dir/rosidl_generator_c/quadruped_mujoco/msg/detail/pose__functions.c.o[0m
[2.674s] [  8%] [32mBuilding C object CMakeFiles/quadruped_mujoco__rosidl_generator_c.dir/rosidl_generator_c/quadruped_mujoco/msg/detail/contacts_stamped__functions.c.o[0m
[2.676s] [  8%] Built target quadruped_mujoco__cpp
[2.677s] [ 10%] [32mBuilding C object CMakeFiles/quadruped_mujoco__rosidl_generator_c.dir/rosidl_generator_c/quadruped_mujoco/msg/detail/velocities__functions.c.o[0m
[2.677s] [ 10%] [32mBuilding C object CMakeFiles/quadruped_mujoco__rosidl_generator_c.dir/rosidl_generator_c/quadruped_mujoco/msg/detail/joints__functions.c.o[0m
[2.688s] [ 12%] [34m[1mGenerating C++ introspection for ROS interfaces[0m
[2.688s] [ 13%] [34m[1mGenerating C++ type support dispatch for ROS interfaces[0m
[2.689s] [ 15%] [34m[1mGenerating C++ type support for eProsima Fast-RTPS[0m
[2.734s] [ 16%] [32m[1mLinking C shared library libquadruped_mujoco__rosidl_generator_c.so[0m
[2.767s] [ 16%] Built target quadruped_mujoco__rosidl_generator_c
[2.775s] [ 17%] [34m[1mGenerating C introspection for ROS interfaces[0m
[2.780s] [ 20%] [34m[1mGenerating C type support for eProsima Fast-RTPS[0m
[2.781s] [ 20%] [34m[1mGenerating C type support dispatch for ROS interfaces[0m
[2.937s] [ 23%] [32mBuilding CXX object CMakeFiles/quadruped_mujoco__rosidl_typesupport_cpp.dir/rosidl_typesupport_cpp/quadruped_mujoco/msg/pose__type_support.cpp.o[0m
[2.937s] [ 23%] [32mBuilding CXX object CMakeFiles/quadruped_mujoco__rosidl_typesupport_cpp.dir/rosidl_typesupport_cpp/quadruped_mujoco/msg/contacts__type_support.cpp.o[0m
[2.937s] [ 26%] [32mBuilding CXX object CMakeFiles/quadruped_mujoco__rosidl_typesupport_cpp.dir/rosidl_typesupport_cpp/quadruped_mujoco/msg/velocities__type_support.cpp.o[0m
[2.937s] [ 26%] [32mBuilding CXX object CMakeFiles/quadruped_mujoco__rosidl_typesupport_cpp.dir/rosidl_typesupport_cpp/quadruped_mujoco/msg/contacts_stamped__type_support.cpp.o[0m
[2.939s] [ 27%] [32mBuilding CXX object CMakeFiles/quadruped_mujoco__rosidl_typesupport_cpp.dir/rosidl_typesupport_cpp/quadruped_mujoco/msg/joints__type_support.cpp.o[0m
[3.086s] [ 28%] [32mBuilding CXX object CMakeFiles/quadruped_mujoco__rosidl_typesupport_fastrtps_cpp.dir/rosidl_typesupport_fastrtps_cpp/quadruped_mujoco/msg/detail/dds_fastrtps/contacts__type_support.cpp.o[0m
[3.097s] [ 30%] [32mBuilding CXX object CMakeFiles/quadruped_mujoco__rosidl_typesupport_fastrtps_cpp.dir/rosidl_typesupport_fastrtps_cpp/quadruped_mujoco/msg/detail/dds_fastrtps/joints__type_support.cpp.o[0m
[3.223s] [ 31%] [32mBuilding CXX object CMakeFiles/quadruped_mujoco__rosidl_typesupport_fastrtps_cpp.dir/rosidl_typesupport_fastrtps_cpp/quadruped_mujoco/msg/detail/dds_fastrtps/pose__type_support.cpp.o[0m
[3.226s] [ 32%] [32mBuilding CXX object CMakeFiles/quadruped_mujoco__rosidl_typesupport_fastrtps_cpp.dir/rosidl_typesupport_fastrtps_cpp/quadruped_mujoco/msg/detail/dds_fastrtps/velocities__type_support.cpp.o[0m
[3.235s] [ 34%] [32mBuilding CXX object CMakeFiles/quadruped_mujoco__rosidl_typesupport_fastrtps_cpp.dir/rosidl_typesupport_fastrtps_cpp/quadruped_mujoco/msg/detail/dds_fastrtps/contacts_stamped__type_support.cpp.o[0m
[3.245s] [ 35%] [32mBuilding CXX object CMakeFiles/quadruped_mujoco__rosidl_typesupport_c.dir/rosidl_typesupport_c/quadruped_mujoco/msg/contacts__type_support.cpp.o[0m
[3.261s] [ 36%] [32mBuilding CXX object CMakeFiles/quadruped_mujoco__rosidl_typesupport_introspection_cpp.dir/rosidl_typesupport_introspection_cpp/quadruped_mujoco/msg/detail/contacts__type_support.cpp.o[0m
[3.274s] [ 38%] [32mBuilding CXX object CMakeFiles/quadruped_mujoco__rosidl_typesupport_c.dir/rosidl_typesupport_c/quadruped_mujoco/msg/joints__type_support.cpp.o[0m
[3.279s] [ 39%] [32mBuilding CXX object CMakeFiles/quadruped_mujoco__rosidl_typesupport_introspection_cpp.dir/rosidl_typesupport_introspection_cpp/quadruped_mujoco/msg/detail/joints__type_support.cpp.o[0m
[3.288s] [ 41%] [32m[1mLinking CXX shared library libquadruped_mujoco__rosidl_typesupport_cpp.so[0m
[3.304s] [ 42%] [32mBuilding CXX object CMakeFiles/quadruped_mujoco__rosidl_typesupport_fastrtps_c.dir/rosidl_typesupport_fastrtps_c/quadruped_mujoco/msg/detail/contacts__type_support_c.cpp.o[0m
[3.306s] [ 43%] [32mBuilding CXX object CMakeFiles/quadruped_mujoco__rosidl_typesupport_c.dir/rosidl_typesupport_c/quadruped_mujoco/msg/pose__type_support.cpp.o[0m
[3.337s] [ 43%] Built target quadruped_mujoco__rosidl_typesupport_cpp
[3.343s] [ 45%] [32mBuilding C object CMakeFiles/quadruped_mujoco__rosidl_typesupport_introspection_c.dir/rosidl_typesupport_introspection_c/quadruped_mujoco/msg/detail/contacts__type_support.c.o[0m
[3.346s] [ 46%] [32mBuilding CXX object CMakeFiles/quadruped_mujoco__rosidl_typesupport_fastrtps_c.dir/rosidl_typesupport_fastrtps_c/quadruped_mujoco/msg/detail/joints__type_support_c.cpp.o[0m
[3.351s] [ 47%] [32mBuilding CXX object CMakeFiles/quadruped_mujoco__rosidl_typesupport_c.dir/rosidl_typesupport_c/quadruped_mujoco/msg/velocities__type_support.cpp.o[0m
[3.381s] [ 49%] [32mBuilding C object CMakeFiles/quadruped_mujoco__rosidl_typesupport_introspection_c.dir/rosidl_typesupport_introspection_c/quadruped_mujoco/msg/detail/joints__type_support.c.o[0m
[3.393s] [ 50%] [32mBuilding CXX object CMakeFiles/quadruped_mujoco__rosidl_typesupport_c.dir/rosidl_typesupport_c/quadruped_mujoco/msg/contacts_stamped__type_support.cpp.o[0m
[3.425s] [ 52%] [32mBuilding C object CMakeFiles/quadruped_mujoco__rosidl_typesupport_introspection_c.dir/rosidl_typesupport_introspection_c/quadruped_mujoco/msg/detail/pose__type_support.c.o[0m
[3.434s] [ 53%] [32m[1mLinking CXX shared library libquadruped_mujoco__rosidl_typesupport_c.so[0m
[3.466s] [ 54%] [32mBuilding C object CMakeFiles/quadruped_mujoco__rosidl_typesupport_introspection_c.dir/rosidl_typesupport_introspection_c/quadruped_mujoco/msg/detail/velocities__type_support.c.o[0m
[3.493s] [ 54%] Built target quadruped_mujoco__rosidl_typesupport_c
[3.500s] [ 56%] [32mBuilding C object CMakeFiles/quadruped_mujoco__rosidl_typesupport_introspection_c.dir/rosidl_typesupport_introspection_c/quadruped_mujoco/msg/detail/contacts_stamped__type_support.c.o[0m
[3.504s] [ 57%] [32mBuilding CXX object CMakeFiles/quadruped_mujoco__rosidl_typesupport_introspection_cpp.dir/rosidl_typesupport_introspection_cpp/quadruped_mujoco/msg/detail/pose__type_support.cpp.o[0m
[3.515s] [ 58%] [32mBuilding CXX object CMakeFiles/quadruped_mujoco__rosidl_typesupport_fastrtps_c.dir/rosidl_typesupport_fastrtps_c/quadruped_mujoco/msg/detail/pose__type_support_c.cpp.o[0m
[3.551s] [ 60%] [32m[1mLinking C shared library libquadruped_mujoco__rosidl_typesupport_introspection_c.so[0m
[3.622s] [ 60%] Built target quadruped_mujoco__rosidl_typesupport_introspection_c
[3.638s] [ 61%] [32mBuilding CXX object CMakeFiles/quadruped_mujoco__rosidl_typesupport_fastrtps_c.dir/rosidl_typesupport_fastrtps_c/quadruped_mujoco/msg/detail/velocities__type_support_c.cpp.o[0m
[3.666s] [ 63%] [32mBuilding CXX object CMakeFiles/quadruped_mujoco__rosidl_typesupport_introspection_cpp.dir/rosidl_typesupport_introspection_cpp/quadruped_mujoco/msg/detail/velocities__type_support.cpp.o[0m
[3.703s] [ 65%] [32mBuilding CXX object CMakeFiles/quadruped_mujoco__rosidl_typesupport_introspection_cpp.dir/rosidl_typesupport_introspection_cpp/quadruped_mujoco/msg/detail/contacts_stamped__type_support.cpp.o[0m
[3.703s] [ 65%] [32mBuilding CXX object CMakeFiles/quadruped_mujoco__rosidl_typesupport_fastrtps_c.dir/rosidl_typesupport_fastrtps_c/quadruped_mujoco/msg/detail/contacts_stamped__type_support_c.cpp.o[0m
[3.770s] [ 67%] [32m[1mLinking CXX shared library libquadruped_mujoco__rosidl_typesupport_fastrtps_cpp.so[0m
[3.869s] [ 67%] Built target quadruped_mujoco__rosidl_typesupport_fastrtps_cpp
[4.020s] [ 68%] [32m[1mLinking CXX shared library libquadruped_mujoco__rosidl_typesupport_fastrtps_c.so[0m
[4.052s] [ 69%] [32m[1mLinking CXX shared library libquadruped_mujoco__rosidl_typesupport_introspection_cpp.so[0m
[4.091s] [ 69%] Built target quadruped_mujoco__rosidl_typesupport_fastrtps_c
[4.118s] [ 69%] Built target quadruped_mujoco__rosidl_typesupport_introspection_cpp
[4.136s] [ 69%] Built target quadruped_mujoco
[4.152s] [ 71%] [34m[1mGenerating Python code for ROS interfaces[0m
[4.154s] [ 72%] [32mBuilding CXX object CMakeFiles/turn_node.dir/src/nodes/turn_node.cpp.o[0m
[4.155s] [ 73%] [32mBuilding CXX object CMakeFiles/waypoint_nav_node.dir/src/nodes/waypoint_nav_node.cpp.o[0m
[4.155s] [ 75%] [32mBuilding CXX object CMakeFiles/quadruped_controller_node.dir/src/nodes/quadruped_controller_node.cpp.o[0m
[4.157s] [ 76%] [32mBuilding CXX object CMakeFiles/trot_node.dir/src/nodes/trot_node.cpp.o[0m
[4.299s] In file included from [01m[K/home/nisarg/Documents/repo/libchamp-imp/ros2_ws/src/quadruped_mujoco/include/quadruped_mujoco/leg_controller/leg_controller.hpp:6[m[K,
[4.300s]                  from [01m[K/home/nisarg/Documents/repo/libchamp-imp/ros2_ws/src/quadruped_mujoco/include/quadruped_mujoco/controllers/quadruped_controller.hpp:12[m[K,
[4.300s]                  from [01m[K/home/nisarg/Documents/repo/libchamp-imp/ros2_ws/src/quadruped_mujoco/src/nodes/quadruped_controller_node.cpp:2[m[K:
[4.300s] [01m[K/home/nisarg/Documents/repo/libchamp-imp/ros2_ws/src/quadruped_mujoco/include/quadruped_mujoco/leg_controller/phase_generator.h:31:10:[m[K [01;31m[Kfatal error: [m[Kmacros/macros.h: No such file or directory
[4.300s]    31 | #include [01;31m[K<macros/macros.h>[m[K
[4.300s]       |          [01;31m[K^~~~~~~~~~~~~~~~~[m[K
[4.300s] compilation terminated.
[4.300s] In file included from [01m[K/home/nisarg/Documents/repo/libchamp-imp/ros2_ws/src/quadruped_mujoco/include/quadruped_mujoco/leg_controller/leg_controller.hpp:6[m[K,
[4.301s]                  from [01m[K/home/nisarg/Documents/repo/libchamp-imp/ros2_ws/src/quadruped_mujoco/include/quadruped_mujoco/controllers/quadruped_controller.hpp:12[m[K,
[4.301s]                  from [01m[K/home/nisarg/Documents/repo/libchamp-imp/ros2_ws/src/quadruped_mujoco/include/quadruped_mujoco/controllers/waypoint_controller.hpp:4[m[K,
[4.301s]                  from [01m[K/home/nisarg/Documents/repo/libchamp-imp/ros2_ws/src/quadruped_mujoco/src/nodes/waypoint_nav_node.cpp:3[m[K:
[4.301s] [01m[K/home/nisarg/Documents/repo/libchamp-imp/ros2_ws/src/quadruped_mujoco/include/quadruped_mujoco/leg_controller/phase_generator.h:31:10:[m[K [01;31m[Kfatal error: [m[Kmacros/macros.h: No such file or directory
[4.301s]    31 | #include [01;31m[K<macros/macros.h>[m[K
[4.301s]       |          [01;31m[K^~~~~~~~~~~~~~~~~[m[K
[4.301s] compilation terminated.
[4.301s] In file included from [01m[K/home/nisarg/Documents/repo/libchamp-imp/ros2_ws/src/quadruped_mujoco/include/quadruped_mujoco/leg_controller/leg_controller.hpp:6[m[K,
[4.302s]                  from [01m[K/home/nisarg/Documents/repo/libchamp-imp/ros2_ws/src/quadruped_mujoco/include/quadruped_mujoco/controllers/quadruped_controller.hpp:12[m[K,
[4.302s]                  from [01m[K/home/nisarg/Documents/repo/libchamp-imp/ros2_ws/src/quadruped_mujoco/include/quadruped_mujoco/controllers/trot_controller.hpp:4[m[K,
[4.302s]                  from [01m[K/home/nisarg/Documents/repo/libchamp-imp/ros2_ws/src/quadruped_mujoco/src/nodes/trot_node.cpp:3[m[K:
[4.302s] [01m[K/home/nisarg/Documents/repo/libchamp-imp/ros2_ws/src/quadruped_mujoco/include/quadruped_mujoco/leg_controller/phase_generator.h:31:10:[m[K [01;31m[Kfatal error: [m[Kmacros/macros.h: No such file or directory
[4.302s]    31 | #include [01;31m[K<macros/macros.h>[m[K
[4.302s]       |          [01;31m[K^~~~~~~~~~~~~~~~~[m[K
[4.302s] compilation terminated.
[4.302s] gmake[2]: *** [CMakeFiles/quadruped_controller_node.dir/build.make:76: CMakeFiles/quadruped_controller_node.dir/src/nodes/quadruped_controller_node.cpp.o] Error 1
[4.302s] gmake[1]: *** [CMakeFiles/Makefile2:628: CMakeFiles/quadruped_controller_node.dir/all] Error 2
[4.302s] gmake[1]: *** Waiting for unfinished jobs....
[4.302s] gmake[2]: *** [CMakeFiles/waypoint_nav_node.dir/build.make:76: CMakeFiles/waypoint_nav_node.dir/src/nodes/waypoint_nav_node.cpp.o] Error 1
[4.302s] gmake[1]: *** [CMakeFiles/Makefile2:712: CMakeFiles/waypoint_nav_node.dir/all] Error 2
[4.304s] gmake[2]: *** [CMakeFiles/trot_node.dir/build.make:76: CMakeFiles/trot_node.dir/src/nodes/trot_node.cpp.o] Error 1
[4.304s] gmake[1]: *** [CMakeFiles/Makefile2:656: CMakeFiles/trot_node.dir/all] Error 2
[4.372s] In file included from [01m[K/home/nisarg/Documents/repo/libchamp-imp/ros2_ws/src/quadruped_mujoco/include/quadruped_mujoco/leg_controller/leg_controller.hpp:6[m[K,
[4.372s]                  from [01m[K/home/nisarg/Documents/repo/libchamp-imp/ros2_ws/src/quadruped_mujoco/include/quadruped_mujoco/controllers/quadruped_controller.hpp:12[m[K,
[4.372s]                  from [01m[K/home/nisarg/Documents/repo/libchamp-imp/ros2_ws/src/quadruped_mujoco/include/quadruped_mujoco/controllers/turn_controller.hpp:4[m[K,
[4.372s]                  from [01m[K/home/nisarg/Documents/repo/libchamp-imp/ros2_ws/src/quadruped_mujoco/src/nodes/turn_node.cpp:3[m[K:
[4.372s] [01m[K/home/nisarg/Documents/repo/libchamp-imp/ros2_ws/src/quadruped_mujoco/include/quadruped_mujoco/leg_controller/phase_generator.h:31:10:[m[K [01;31m[Kfatal error: [m[Kmacros/macros.h: No such file or directory
[4.373s]    31 | #include [01;31m[K<macros/macros.h>[m[K
[4.373s]       |          [01;31m[K^~~~~~~~~~~~~~~~~[m[K
[4.373s] compilation terminated.
[4.374s] gmake[2]: *** [CMakeFiles/turn_node.dir/build.make:76: CMakeFiles/turn_node.dir/src/nodes/turn_node.cpp.o] Error 1
[4.374s] gmake[1]: *** [CMakeFiles/Makefile2:684: CMakeFiles/turn_node.dir/all] Error 2
[4.649s] [ 76%] Built target quadruped_mujoco__py
[6.203s] [ 78%] [32m[1mLinking CXX executable mujoco_interface_node[0m
[6.467s] [ 78%] Built target mujoco_interface_node
[6.468s] gmake: *** [Makefile:146: all] Error 2
[6.472s] Invoked command in '/home/nisarg/Documents/repo/libchamp-imp/ros2_ws/build/quadruped_mujoco' returned '2': CMAKE_PREFIX_PATH=${CMAKE_PREFIX_PATH}:/home/nisarg/Documents/repo/helium-quadruped-mjc/install/helium_quadruped_simulation:/home/nisarg/Documents/repo/helium-quadruped-mjc/install/helium_quadruped_description:/home/nisarg/Documents/repo/helium-quadruped-mjc/install/helium_quadruped_controller:/opt/ros/humble /usr/bin/cmake --build /home/nisarg/Documents/repo/libchamp-imp/ros2_ws/build/quadruped_mujoco -- -j12 -l12
