[0.068s] DEBUG:colcon:Command line arguments: ['/usr/bin/colcon', 'build', '--packages-select', 'quadruped_mujoco']
[0.068s] DEBUG:colcon:Parsed command line arguments: Namespace(log_base=None, log_level=None, verb_name='build', build_base='build', install_base='install', merge_install=False, symlink_install=False, test_result_base=None, continue_on_error=False, executor='parallel', parallel_workers=12, event_handlers=None, ignore_user_meta=False, metas=['./colcon.meta'], base_paths=['.'], packages_ignore=None, packages_ignore_regex=None, paths=None, packages_up_to=None, packages_up_to_regex=None, packages_above=None, packages_above_and_dependencies=None, packages_above_depth=None, packages_select_by_dep=None, packages_skip_by_dep=None, packages_skip_up_to=None, packages_select_build_failed=False, packages_skip_build_finished=False, packages_select_test_failures=False, packages_skip_test_passed=False, packages_select=['quadruped_mujoco'], packages_skip=None, packages_select_regex=None, packages_skip_regex=None, packages_start=None, packages_end=None, allow_overriding=[], cmake_args=None, cmake_target=None, cmake_target_skip_unavailable=False, cmake_clean_cache=False, cmake_clean_first=False, cmake_force_configure=False, ament_cmake_args=None, catkin_cmake_args=None, catkin_skip_building_tests=False, mixin_files=None, mixin=None, verb_parser=<colcon_mixin.mixin.mixin_argument.MixinArgumentDecorator object at 0x73bf82e533d0>, verb_extension=<colcon_core.verb.build.BuildVerb object at 0x73bf82e14ac0>, main=<bound method BuildVerb.main of <colcon_core.verb.build.BuildVerb object at 0x73bf82e14ac0>>, mixin_verb=('build',))
[0.170s] Level 1:colcon.colcon_core.package_discovery:discover_packages(colcon_meta) check parameters
[0.170s] Level 1:colcon.colcon_core.package_discovery:discover_packages(recursive) check parameters
[0.170s] Level 1:colcon.colcon_core.package_discovery:discover_packages(ignore) check parameters
[0.170s] Level 1:colcon.colcon_core.package_discovery:discover_packages(path) check parameters
[0.170s] Level 1:colcon.colcon_core.package_discovery:discover_packages(colcon_meta) discover
[0.170s] Level 1:colcon.colcon_core.package_discovery:discover_packages(recursive) discover
[0.170s] INFO:colcon.colcon_core.package_discovery:Crawling recursively for packages in '/home/nisarg/Documents/repo/libchamp-imp/ros2_ws'
[0.170s] Level 1:colcon.colcon_core.package_identification:_identify(.) by extensions ['ignore', 'ignore_ament_install']
[0.170s] Level 1:colcon.colcon_core.package_identification:_identify(.) by extension 'ignore'
[0.170s] Level 1:colcon.colcon_core.package_identification:_identify(.) by extension 'ignore_ament_install'
[0.170s] Level 1:colcon.colcon_core.package_identification:_identify(.) by extensions ['colcon_pkg']
[0.170s] Level 1:colcon.colcon_core.package_identification:_identify(.) by extension 'colcon_pkg'
[0.170s] Level 1:colcon.colcon_core.package_identification:_identify(.) by extensions ['colcon_meta']
[0.170s] Level 1:colcon.colcon_core.package_identification:_identify(.) by extension 'colcon_meta'
[0.170s] Level 1:colcon.colcon_core.package_identification:_identify(.) by extensions ['ros']
[0.170s] Level 1:colcon.colcon_core.package_identification:_identify(.) by extension 'ros'
[0.177s] Level 1:colcon.colcon_core.package_identification:_identify(.) by extensions ['cmake', 'python']
[0.177s] Level 1:colcon.colcon_core.package_identification:_identify(.) by extension 'cmake'
[0.177s] Level 1:colcon.colcon_core.package_identification:_identify(.) by extension 'python'
[0.177s] Level 1:colcon.colcon_core.package_identification:_identify(.) by extensions ['python_setup_py']
[0.177s] Level 1:colcon.colcon_core.package_identification:_identify(.) by extension 'python_setup_py'
[0.177s] Level 1:colcon.colcon_core.package_identification:_identify(build) by extensions ['ignore', 'ignore_ament_install']
[0.177s] Level 1:colcon.colcon_core.package_identification:_identify(build) by extension 'ignore'
[0.178s] Level 1:colcon.colcon_core.package_identification:_identify(build) ignored
[0.178s] Level 1:colcon.colcon_core.package_identification:_identify(install) by extensions ['ignore', 'ignore_ament_install']
[0.178s] Level 1:colcon.colcon_core.package_identification:_identify(install) by extension 'ignore'
[0.178s] Level 1:colcon.colcon_core.package_identification:_identify(install) ignored
[0.178s] Level 1:colcon.colcon_core.package_identification:_identify(log) by extensions ['ignore', 'ignore_ament_install']
[0.178s] Level 1:colcon.colcon_core.package_identification:_identify(log) by extension 'ignore'
[0.178s] Level 1:colcon.colcon_core.package_identification:_identify(log) ignored
[0.178s] Level 1:colcon.colcon_core.package_identification:_identify(ros2_ws) by extensions ['ignore', 'ignore_ament_install']
[0.178s] Level 1:colcon.colcon_core.package_identification:_identify(ros2_ws) by extension 'ignore'
[0.178s] Level 1:colcon.colcon_core.package_identification:_identify(ros2_ws) by extension 'ignore_ament_install'
[0.178s] Level 1:colcon.colcon_core.package_identification:_identify(ros2_ws) by extensions ['colcon_pkg']
[0.178s] Level 1:colcon.colcon_core.package_identification:_identify(ros2_ws) by extension 'colcon_pkg'
[0.178s] Level 1:colcon.colcon_core.package_identification:_identify(ros2_ws) by extensions ['colcon_meta']
[0.178s] Level 1:colcon.colcon_core.package_identification:_identify(ros2_ws) by extension 'colcon_meta'
[0.178s] Level 1:colcon.colcon_core.package_identification:_identify(ros2_ws) by extensions ['ros']
[0.178s] Level 1:colcon.colcon_core.package_identification:_identify(ros2_ws) by extension 'ros'
[0.178s] Level 1:colcon.colcon_core.package_identification:_identify(ros2_ws) by extensions ['cmake', 'python']
[0.178s] Level 1:colcon.colcon_core.package_identification:_identify(ros2_ws) by extension 'cmake'
[0.178s] Level 1:colcon.colcon_core.package_identification:_identify(ros2_ws) by extension 'python'
[0.178s] Level 1:colcon.colcon_core.package_identification:_identify(ros2_ws) by extensions ['python_setup_py']
[0.178s] Level 1:colcon.colcon_core.package_identification:_identify(ros2_ws) by extension 'python_setup_py'
[0.178s] Level 1:colcon.colcon_core.package_identification:_identify(ros2_ws/src) by extensions ['ignore', 'ignore_ament_install']
[0.178s] Level 1:colcon.colcon_core.package_identification:_identify(ros2_ws/src) by extension 'ignore'
[0.178s] Level 1:colcon.colcon_core.package_identification:_identify(ros2_ws/src) by extension 'ignore_ament_install'
[0.178s] Level 1:colcon.colcon_core.package_identification:_identify(ros2_ws/src) by extensions ['colcon_pkg']
[0.178s] Level 1:colcon.colcon_core.package_identification:_identify(ros2_ws/src) by extension 'colcon_pkg'
[0.178s] Level 1:colcon.colcon_core.package_identification:_identify(ros2_ws/src) by extensions ['colcon_meta']
[0.178s] Level 1:colcon.colcon_core.package_identification:_identify(ros2_ws/src) by extension 'colcon_meta'
[0.178s] Level 1:colcon.colcon_core.package_identification:_identify(ros2_ws/src) by extensions ['ros']
[0.178s] Level 1:colcon.colcon_core.package_identification:_identify(ros2_ws/src) by extension 'ros'
[0.178s] Level 1:colcon.colcon_core.package_identification:_identify(ros2_ws/src) by extensions ['cmake', 'python']
[0.178s] Level 1:colcon.colcon_core.package_identification:_identify(ros2_ws/src) by extension 'cmake'
[0.179s] Level 1:colcon.colcon_core.package_identification:_identify(ros2_ws/src) by extension 'python'
[0.179s] Level 1:colcon.colcon_core.package_identification:_identify(ros2_ws/src) by extensions ['python_setup_py']
[0.179s] Level 1:colcon.colcon_core.package_identification:_identify(ros2_ws/src) by extension 'python_setup_py'
[0.179s] Level 1:colcon.colcon_core.package_identification:_identify(ros2_ws/src/quadruped_mujoco) by extensions ['ignore', 'ignore_ament_install']
[0.179s] Level 1:colcon.colcon_core.package_identification:_identify(ros2_ws/src/quadruped_mujoco) by extension 'ignore'
[0.179s] Level 1:colcon.colcon_core.package_identification:_identify(ros2_ws/src/quadruped_mujoco) by extension 'ignore_ament_install'
[0.179s] Level 1:colcon.colcon_core.package_identification:_identify(ros2_ws/src/quadruped_mujoco) by extensions ['colcon_pkg']
[0.179s] Level 1:colcon.colcon_core.package_identification:_identify(ros2_ws/src/quadruped_mujoco) by extension 'colcon_pkg'
[0.179s] Level 1:colcon.colcon_core.package_identification:_identify(ros2_ws/src/quadruped_mujoco) by extensions ['colcon_meta']
[0.179s] Level 1:colcon.colcon_core.package_identification:_identify(ros2_ws/src/quadruped_mujoco) by extension 'colcon_meta'
[0.179s] Level 1:colcon.colcon_core.package_identification:_identify(ros2_ws/src/quadruped_mujoco) by extensions ['ros']
[0.179s] Level 1:colcon.colcon_core.package_identification:_identify(ros2_ws/src/quadruped_mujoco) by extension 'ros'
[0.179s] Level 1:colcon.colcon_core.package_identification:_identify(ros2_ws/src/quadruped_mujoco) by extensions ['cmake', 'python']
[0.179s] Level 1:colcon.colcon_core.package_identification:_identify(ros2_ws/src/quadruped_mujoco) by extension 'cmake'
[0.179s] Level 1:colcon.colcon_core.package_identification:_identify(ros2_ws/src/quadruped_mujoco) by extension 'python'
[0.179s] Level 1:colcon.colcon_core.package_identification:_identify(ros2_ws/src/quadruped_mujoco) by extensions ['python_setup_py']
[0.179s] Level 1:colcon.colcon_core.package_identification:_identify(ros2_ws/src/quadruped_mujoco) by extension 'python_setup_py'
[0.179s] Level 1:colcon.colcon_core.package_identification:_identify(ros2_ws/src/quadruped_mujoco/urdf) by extensions ['ignore', 'ignore_ament_install']
[0.179s] Level 1:colcon.colcon_core.package_identification:_identify(ros2_ws/src/quadruped_mujoco/urdf) by extension 'ignore'
[0.179s] Level 1:colcon.colcon_core.package_identification:_identify(ros2_ws/src/quadruped_mujoco/urdf) by extension 'ignore_ament_install'
[0.179s] Level 1:colcon.colcon_core.package_identification:_identify(ros2_ws/src/quadruped_mujoco/urdf) by extensions ['colcon_pkg']
[0.179s] Level 1:colcon.colcon_core.package_identification:_identify(ros2_ws/src/quadruped_mujoco/urdf) by extension 'colcon_pkg'
[0.179s] Level 1:colcon.colcon_core.package_identification:_identify(ros2_ws/src/quadruped_mujoco/urdf) by extensions ['colcon_meta']
[0.179s] Level 1:colcon.colcon_core.package_identification:_identify(ros2_ws/src/quadruped_mujoco/urdf) by extension 'colcon_meta'
[0.179s] Level 1:colcon.colcon_core.package_identification:_identify(ros2_ws/src/quadruped_mujoco/urdf) by extensions ['ros']
[0.179s] Level 1:colcon.colcon_core.package_identification:_identify(ros2_ws/src/quadruped_mujoco/urdf) by extension 'ros'
[0.179s] Level 1:colcon.colcon_core.package_identification:_identify(ros2_ws/src/quadruped_mujoco/urdf) by extensions ['cmake', 'python']
[0.179s] Level 1:colcon.colcon_core.package_identification:_identify(ros2_ws/src/quadruped_mujoco/urdf) by extension 'cmake'
[0.179s] Level 1:colcon.colcon_core.package_identification:_identify(ros2_ws/src/quadruped_mujoco/urdf) by extension 'python'
[0.179s] Level 1:colcon.colcon_core.package_identification:_identify(ros2_ws/src/quadruped_mujoco/urdf) by extensions ['python_setup_py']
[0.179s] Level 1:colcon.colcon_core.package_identification:_identify(ros2_ws/src/quadruped_mujoco/urdf) by extension 'python_setup_py'
[0.179s] Level 1:colcon.colcon_core.package_identification:_identify(src) by extensions ['ignore', 'ignore_ament_install']
[0.179s] Level 1:colcon.colcon_core.package_identification:_identify(src) by extension 'ignore'
[0.179s] Level 1:colcon.colcon_core.package_identification:_identify(src) by extension 'ignore_ament_install'
[0.179s] Level 1:colcon.colcon_core.package_identification:_identify(src) by extensions ['colcon_pkg']
[0.179s] Level 1:colcon.colcon_core.package_identification:_identify(src) by extension 'colcon_pkg'
[0.179s] Level 1:colcon.colcon_core.package_identification:_identify(src) by extensions ['colcon_meta']
[0.179s] Level 1:colcon.colcon_core.package_identification:_identify(src) by extension 'colcon_meta'
[0.179s] Level 1:colcon.colcon_core.package_identification:_identify(src) by extensions ['ros']
[0.179s] Level 1:colcon.colcon_core.package_identification:_identify(src) by extension 'ros'
[0.180s] Level 1:colcon.colcon_core.package_identification:_identify(src) by extensions ['cmake', 'python']
[0.180s] Level 1:colcon.colcon_core.package_identification:_identify(src) by extension 'cmake'
[0.180s] Level 1:colcon.colcon_core.package_identification:_identify(src) by extension 'python'
[0.180s] Level 1:colcon.colcon_core.package_identification:_identify(src) by extensions ['python_setup_py']
[0.180s] Level 1:colcon.colcon_core.package_identification:_identify(src) by extension 'python_setup_py'
[0.180s] Level 1:colcon.colcon_core.package_identification:_identify(src/quadruped_mujoco) by extensions ['ignore', 'ignore_ament_install']
[0.180s] Level 1:colcon.colcon_core.package_identification:_identify(src/quadruped_mujoco) by extension 'ignore'
[0.180s] Level 1:colcon.colcon_core.package_identification:_identify(src/quadruped_mujoco) by extension 'ignore_ament_install'
[0.180s] Level 1:colcon.colcon_core.package_identification:_identify(src/quadruped_mujoco) by extensions ['colcon_pkg']
[0.180s] Level 1:colcon.colcon_core.package_identification:_identify(src/quadruped_mujoco) by extension 'colcon_pkg'
[0.180s] Level 1:colcon.colcon_core.package_identification:_identify(src/quadruped_mujoco) by extensions ['colcon_meta']
[0.180s] Level 1:colcon.colcon_core.package_identification:_identify(src/quadruped_mujoco) by extension 'colcon_meta'
[0.180s] Level 1:colcon.colcon_core.package_identification:_identify(src/quadruped_mujoco) by extensions ['ros']
[0.180s] Level 1:colcon.colcon_core.package_identification:_identify(src/quadruped_mujoco) by extension 'ros'
[0.182s] DEBUG:colcon.colcon_core.package_identification:Package 'src/quadruped_mujoco' with type 'ros.ament_cmake' and name 'quadruped_mujoco'
[0.182s] Level 1:colcon.colcon_core.package_discovery:discover_packages(recursive) using defaults
[0.182s] Level 1:colcon.colcon_core.package_discovery:discover_packages(ignore) discover
[0.182s] Level 1:colcon.colcon_core.package_discovery:discover_packages(ignore) using defaults
[0.182s] Level 1:colcon.colcon_core.package_discovery:discover_packages(path) discover
[0.182s] Level 1:colcon.colcon_core.package_discovery:discover_packages(path) using defaults
[0.202s] Level 1:colcon.colcon_core.package_discovery:discover_packages(prefix_path) check parameters
[0.202s] Level 1:colcon.colcon_core.package_discovery:discover_packages(prefix_path) discover
[0.203s] DEBUG:colcon.colcon_installed_package_information.package_discovery:Found 1 installed packages in /home/nisarg/Documents/repo/libchamp-imp/ros2_ws/install
[0.203s] DEBUG:colcon.colcon_installed_package_information.package_discovery:Found 3 installed packages in /home/nisarg/Documents/repo/libchamp-imp/install
[0.204s] DEBUG:colcon.colcon_installed_package_information.package_discovery:Found 3 installed packages in /home/nisarg/Documents/repo/helium-quadruped-mjc/install
[0.204s] DEBUG:colcon.colcon_installed_package_information.package_discovery:Found 7 installed packages in /home/nisarg/quadruped_ws/install
[0.205s] DEBUG:colcon.colcon_installed_package_information.package_discovery:Found 395 installed packages in /opt/ros/humble
[0.206s] Level 1:colcon.colcon_core.package_discovery:discover_packages(prefix_path) using defaults
[0.233s] Level 5:colcon.colcon_core.verb:set package 'quadruped_mujoco' build argument 'cmake_args' from command line to 'None'
[0.233s] Level 5:colcon.colcon_core.verb:set package 'quadruped_mujoco' build argument 'cmake_target' from command line to 'None'
[0.233s] Level 5:colcon.colcon_core.verb:set package 'quadruped_mujoco' build argument 'cmake_target_skip_unavailable' from command line to 'False'
[0.233s] Level 5:colcon.colcon_core.verb:set package 'quadruped_mujoco' build argument 'cmake_clean_cache' from command line to 'False'
[0.233s] Level 5:colcon.colcon_core.verb:set package 'quadruped_mujoco' build argument 'cmake_clean_first' from command line to 'False'
[0.233s] Level 5:colcon.colcon_core.verb:set package 'quadruped_mujoco' build argument 'cmake_force_configure' from command line to 'False'
[0.233s] Level 5:colcon.colcon_core.verb:set package 'quadruped_mujoco' build argument 'ament_cmake_args' from command line to 'None'
[0.233s] Level 5:colcon.colcon_core.verb:set package 'quadruped_mujoco' build argument 'catkin_cmake_args' from command line to 'None'
[0.233s] Level 5:colcon.colcon_core.verb:set package 'quadruped_mujoco' build argument 'catkin_skip_building_tests' from command line to 'False'
[0.233s] DEBUG:colcon.colcon_core.verb:Building package 'quadruped_mujoco' with the following arguments: {'ament_cmake_args': None, 'build_base': '/home/nisarg/Documents/repo/libchamp-imp/ros2_ws/build/quadruped_mujoco', 'catkin_cmake_args': None, 'catkin_skip_building_tests': False, 'cmake_args': None, 'cmake_clean_cache': False, 'cmake_clean_first': False, 'cmake_force_configure': False, 'cmake_target': None, 'cmake_target_skip_unavailable': False, 'install_base': '/home/nisarg/Documents/repo/libchamp-imp/ros2_ws/install/quadruped_mujoco', 'merge_install': False, 'path': '/home/nisarg/Documents/repo/libchamp-imp/ros2_ws/src/quadruped_mujoco', 'symlink_install': False, 'test_result_base': None}
[0.233s] INFO:colcon.colcon_core.executor:Executing jobs using 'parallel' executor
[0.234s] DEBUG:colcon.colcon_parallel_executor.executor.parallel:run_until_complete
[0.235s] INFO:colcon.colcon_ros.task.ament_cmake.build:Building ROS package in '/home/nisarg/Documents/repo/libchamp-imp/ros2_ws/src/quadruped_mujoco' with build type 'ament_cmake'
[0.235s] INFO:colcon.colcon_cmake.task.cmake.build:Building CMake package in '/home/nisarg/Documents/repo/libchamp-imp/ros2_ws/src/quadruped_mujoco'
[0.236s] INFO:colcon.colcon_core.plugin_system:Skipping extension 'colcon_core.shell.bat': Not used on non-Windows systems
[0.236s] INFO:colcon.colcon_core.shell:Skip shell extension 'powershell' for command environment: Not usable outside of PowerShell
[0.236s] DEBUG:colcon.colcon_core.shell:Skip shell extension 'dsv' for command environment
[0.243s] DEBUG:colcon.colcon_core.event_handler.log_command:Invoking command in '/home/nisarg/Documents/repo/libchamp-imp/ros2_ws/build/quadruped_mujoco': CMAKE_PREFIX_PATH=${CMAKE_PREFIX_PATH}:/home/nisarg/Documents/repo/helium-quadruped-mjc/install/helium_quadruped_simulation:/home/nisarg/Documents/repo/helium-quadruped-mjc/install/helium_quadruped_description:/home/nisarg/Documents/repo/helium-quadruped-mjc/install/helium_quadruped_controller:/opt/ros/humble /usr/bin/cmake --build /home/nisarg/Documents/repo/libchamp-imp/ros2_ws/build/quadruped_mujoco -- -j12 -l12
[6.688s] DEBUG:colcon.colcon_core.event_handler.log_command:Invoked command in '/home/nisarg/Documents/repo/libchamp-imp/ros2_ws/build/quadruped_mujoco' returned '0': CMAKE_PREFIX_PATH=${CMAKE_PREFIX_PATH}:/home/nisarg/Documents/repo/helium-quadruped-mjc/install/helium_quadruped_simulation:/home/nisarg/Documents/repo/helium-quadruped-mjc/install/helium_quadruped_description:/home/nisarg/Documents/repo/helium-quadruped-mjc/install/helium_quadruped_controller:/opt/ros/humble /usr/bin/cmake --build /home/nisarg/Documents/repo/libchamp-imp/ros2_ws/build/quadruped_mujoco -- -j12 -l12
[6.700s] DEBUG:colcon.colcon_core.event_handler.log_command:Invoking command in '/home/nisarg/Documents/repo/libchamp-imp/ros2_ws/build/quadruped_mujoco': CMAKE_PREFIX_PATH=${CMAKE_PREFIX_PATH}:/home/nisarg/Documents/repo/helium-quadruped-mjc/install/helium_quadruped_simulation:/home/nisarg/Documents/repo/helium-quadruped-mjc/install/helium_quadruped_description:/home/nisarg/Documents/repo/helium-quadruped-mjc/install/helium_quadruped_controller:/opt/ros/humble /usr/bin/cmake --install /home/nisarg/Documents/repo/libchamp-imp/ros2_ws/build/quadruped_mujoco
[6.797s] Level 1:colcon.colcon_core.environment:create_environment_scripts_only(quadruped_mujoco)
[6.800s] DEBUG:colcon.colcon_core.event_handler.log_command:Invoked command in '/home/nisarg/Documents/repo/libchamp-imp/ros2_ws/build/quadruped_mujoco' returned '0': CMAKE_PREFIX_PATH=${CMAKE_PREFIX_PATH}:/home/nisarg/Documents/repo/helium-quadruped-mjc/install/helium_quadruped_simulation:/home/nisarg/Documents/repo/helium-quadruped-mjc/install/helium_quadruped_description:/home/nisarg/Documents/repo/helium-quadruped-mjc/install/helium_quadruped_controller:/opt/ros/humble /usr/bin/cmake --install /home/nisarg/Documents/repo/libchamp-imp/ros2_ws/build/quadruped_mujoco
[6.800s] Level 1:colcon.colcon_core.environment:checking '/home/nisarg/Documents/repo/libchamp-imp/ros2_ws/install/quadruped_mujoco' for CMake module files
[6.801s] Level 1:colcon.colcon_core.environment:checking '/home/nisarg/Documents/repo/libchamp-imp/ros2_ws/install/quadruped_mujoco' for CMake config files
[6.801s] Level 1:colcon.colcon_core.shell:create_environment_hook('quadruped_mujoco', 'cmake_prefix_path')
[6.801s] INFO:colcon.colcon_core.shell:Creating environment hook '/home/nisarg/Documents/repo/libchamp-imp/ros2_ws/install/quadruped_mujoco/share/quadruped_mujoco/hook/cmake_prefix_path.ps1'
[6.802s] INFO:colcon.colcon_core.shell:Creating environment descriptor '/home/nisarg/Documents/repo/libchamp-imp/ros2_ws/install/quadruped_mujoco/share/quadruped_mujoco/hook/cmake_prefix_path.dsv'
[6.802s] INFO:colcon.colcon_core.shell:Creating environment hook '/home/nisarg/Documents/repo/libchamp-imp/ros2_ws/install/quadruped_mujoco/share/quadruped_mujoco/hook/cmake_prefix_path.sh'
[6.802s] Level 1:colcon.colcon_core.environment:checking '/home/nisarg/Documents/repo/libchamp-imp/ros2_ws/install/quadruped_mujoco/lib'
[6.803s] Level 1:colcon.colcon_core.shell:create_environment_hook('quadruped_mujoco', 'ld_library_path_lib')
[6.803s] INFO:colcon.colcon_core.shell:Creating environment hook '/home/nisarg/Documents/repo/libchamp-imp/ros2_ws/install/quadruped_mujoco/share/quadruped_mujoco/hook/ld_library_path_lib.ps1'
[6.803s] INFO:colcon.colcon_core.shell:Creating environment descriptor '/home/nisarg/Documents/repo/libchamp-imp/ros2_ws/install/quadruped_mujoco/share/quadruped_mujoco/hook/ld_library_path_lib.dsv'
[6.803s] INFO:colcon.colcon_core.shell:Creating environment hook '/home/nisarg/Documents/repo/libchamp-imp/ros2_ws/install/quadruped_mujoco/share/quadruped_mujoco/hook/ld_library_path_lib.sh'
[6.803s] Level 1:colcon.colcon_core.environment:checking '/home/nisarg/Documents/repo/libchamp-imp/ros2_ws/install/quadruped_mujoco/bin'
[6.803s] Level 1:colcon.colcon_core.environment:checking '/home/nisarg/Documents/repo/libchamp-imp/ros2_ws/install/quadruped_mujoco/lib/pkgconfig/quadruped_mujoco.pc'
[6.803s] Level 1:colcon.colcon_core.environment:checking '/home/nisarg/Documents/repo/libchamp-imp/ros2_ws/install/quadruped_mujoco/lib/python3.10/site-packages'
[6.804s] Level 1:colcon.colcon_core.environment:checking '/home/nisarg/Documents/repo/libchamp-imp/ros2_ws/install/quadruped_mujoco/bin'
[6.804s] INFO:colcon.colcon_core.shell:Creating package script '/home/nisarg/Documents/repo/libchamp-imp/ros2_ws/install/quadruped_mujoco/share/quadruped_mujoco/package.ps1'
[6.804s] INFO:colcon.colcon_core.shell:Creating package descriptor '/home/nisarg/Documents/repo/libchamp-imp/ros2_ws/install/quadruped_mujoco/share/quadruped_mujoco/package.dsv'
[6.805s] INFO:colcon.colcon_core.shell:Creating package script '/home/nisarg/Documents/repo/libchamp-imp/ros2_ws/install/quadruped_mujoco/share/quadruped_mujoco/package.sh'
[6.805s] INFO:colcon.colcon_core.shell:Creating package script '/home/nisarg/Documents/repo/libchamp-imp/ros2_ws/install/quadruped_mujoco/share/quadruped_mujoco/package.bash'
[6.806s] INFO:colcon.colcon_core.shell:Creating package script '/home/nisarg/Documents/repo/libchamp-imp/ros2_ws/install/quadruped_mujoco/share/quadruped_mujoco/package.zsh'
[6.806s] Level 1:colcon.colcon_core.environment:create_file_with_runtime_dependencies(/home/nisarg/Documents/repo/libchamp-imp/ros2_ws/install/quadruped_mujoco/share/colcon-core/packages/quadruped_mujoco)
[6.806s] Level 1:colcon.colcon_core.environment:create_environment_scripts_only(quadruped_mujoco)
[6.807s] Level 1:colcon.colcon_core.environment:checking '/home/nisarg/Documents/repo/libchamp-imp/ros2_ws/install/quadruped_mujoco' for CMake module files
[6.807s] Level 1:colcon.colcon_core.environment:checking '/home/nisarg/Documents/repo/libchamp-imp/ros2_ws/install/quadruped_mujoco' for CMake config files
[6.807s] Level 1:colcon.colcon_core.shell:create_environment_hook('quadruped_mujoco', 'cmake_prefix_path')
[6.807s] INFO:colcon.colcon_core.shell:Creating environment hook '/home/nisarg/Documents/repo/libchamp-imp/ros2_ws/install/quadruped_mujoco/share/quadruped_mujoco/hook/cmake_prefix_path.ps1'
[6.808s] INFO:colcon.colcon_core.shell:Creating environment descriptor '/home/nisarg/Documents/repo/libchamp-imp/ros2_ws/install/quadruped_mujoco/share/quadruped_mujoco/hook/cmake_prefix_path.dsv'
[6.808s] INFO:colcon.colcon_core.shell:Creating environment hook '/home/nisarg/Documents/repo/libchamp-imp/ros2_ws/install/quadruped_mujoco/share/quadruped_mujoco/hook/cmake_prefix_path.sh'
[6.808s] Level 1:colcon.colcon_core.environment:checking '/home/nisarg/Documents/repo/libchamp-imp/ros2_ws/install/quadruped_mujoco/lib'
[6.808s] Level 1:colcon.colcon_core.shell:create_environment_hook('quadruped_mujoco', 'ld_library_path_lib')
[6.808s] INFO:colcon.colcon_core.shell:Creating environment hook '/home/nisarg/Documents/repo/libchamp-imp/ros2_ws/install/quadruped_mujoco/share/quadruped_mujoco/hook/ld_library_path_lib.ps1'
[6.809s] INFO:colcon.colcon_core.shell:Creating environment descriptor '/home/nisarg/Documents/repo/libchamp-imp/ros2_ws/install/quadruped_mujoco/share/quadruped_mujoco/hook/ld_library_path_lib.dsv'
[6.809s] INFO:colcon.colcon_core.shell:Creating environment hook '/home/nisarg/Documents/repo/libchamp-imp/ros2_ws/install/quadruped_mujoco/share/quadruped_mujoco/hook/ld_library_path_lib.sh'
[6.809s] Level 1:colcon.colcon_core.environment:checking '/home/nisarg/Documents/repo/libchamp-imp/ros2_ws/install/quadruped_mujoco/bin'
[6.809s] Level 1:colcon.colcon_core.environment:checking '/home/nisarg/Documents/repo/libchamp-imp/ros2_ws/install/quadruped_mujoco/lib/pkgconfig/quadruped_mujoco.pc'
[6.809s] Level 1:colcon.colcon_core.environment:checking '/home/nisarg/Documents/repo/libchamp-imp/ros2_ws/install/quadruped_mujoco/lib/python3.10/site-packages'
[6.809s] Level 1:colcon.colcon_core.environment:checking '/home/nisarg/Documents/repo/libchamp-imp/ros2_ws/install/quadruped_mujoco/bin'
[6.810s] INFO:colcon.colcon_core.shell:Creating package script '/home/nisarg/Documents/repo/libchamp-imp/ros2_ws/install/quadruped_mujoco/share/quadruped_mujoco/package.ps1'
[6.810s] INFO:colcon.colcon_core.shell:Creating package descriptor '/home/nisarg/Documents/repo/libchamp-imp/ros2_ws/install/quadruped_mujoco/share/quadruped_mujoco/package.dsv'
[6.810s] INFO:colcon.colcon_core.shell:Creating package script '/home/nisarg/Documents/repo/libchamp-imp/ros2_ws/install/quadruped_mujoco/share/quadruped_mujoco/package.sh'
[6.810s] INFO:colcon.colcon_core.shell:Creating package script '/home/nisarg/Documents/repo/libchamp-imp/ros2_ws/install/quadruped_mujoco/share/quadruped_mujoco/package.bash'
[6.811s] INFO:colcon.colcon_core.shell:Creating package script '/home/nisarg/Documents/repo/libchamp-imp/ros2_ws/install/quadruped_mujoco/share/quadruped_mujoco/package.zsh'
[6.811s] Level 1:colcon.colcon_core.environment:create_file_with_runtime_dependencies(/home/nisarg/Documents/repo/libchamp-imp/ros2_ws/install/quadruped_mujoco/share/colcon-core/packages/quadruped_mujoco)
[6.811s] DEBUG:colcon.colcon_parallel_executor.executor.parallel:closing loop
[6.811s] DEBUG:colcon.colcon_parallel_executor.executor.parallel:loop closed
[6.811s] DEBUG:colcon.colcon_parallel_executor.executor.parallel:run_until_complete finished with '0'
[6.811s] DEBUG:colcon.colcon_core.event_reactor:joining thread
[6.815s] INFO:colcon.colcon_core.plugin_system:Skipping extension 'colcon_notification.desktop_notification.terminal_notifier': Not used on non-Darwin systems
[6.815s] INFO:colcon.colcon_core.plugin_system:Skipping extension 'colcon_notification.desktop_notification.win32': Not used on non-Windows systems
[6.815s] INFO:colcon.colcon_notification.desktop_notification:Sending desktop notification using 'notify2'
[6.826s] DEBUG:colcon.colcon_core.event_reactor:joined thread
[6.827s] INFO:colcon.colcon_core.shell:Creating prefix script '/home/nisarg/Documents/repo/libchamp-imp/ros2_ws/install/local_setup.ps1'
[6.828s] INFO:colcon.colcon_core.shell:Creating prefix util module '/home/nisarg/Documents/repo/libchamp-imp/ros2_ws/install/_local_setup_util_ps1.py'
[6.829s] INFO:colcon.colcon_core.shell:Creating prefix chain script '/home/nisarg/Documents/repo/libchamp-imp/ros2_ws/install/setup.ps1'
[6.830s] INFO:colcon.colcon_core.shell:Creating prefix script '/home/nisarg/Documents/repo/libchamp-imp/ros2_ws/install/local_setup.sh'
[6.831s] INFO:colcon.colcon_core.shell:Creating prefix util module '/home/nisarg/Documents/repo/libchamp-imp/ros2_ws/install/_local_setup_util_sh.py'
[6.831s] INFO:colcon.colcon_core.shell:Creating prefix chain script '/home/nisarg/Documents/repo/libchamp-imp/ros2_ws/install/setup.sh'
[6.832s] INFO:colcon.colcon_core.shell:Creating prefix script '/home/nisarg/Documents/repo/libchamp-imp/ros2_ws/install/local_setup.bash'
[6.833s] INFO:colcon.colcon_core.shell:Creating prefix chain script '/home/nisarg/Documents/repo/libchamp-imp/ros2_ws/install/setup.bash'
[6.833s] INFO:colcon.colcon_core.shell:Creating prefix script '/home/nisarg/Documents/repo/libchamp-imp/ros2_ws/install/local_setup.zsh'
[6.834s] INFO:colcon.colcon_core.shell:Creating prefix chain script '/home/nisarg/Documents/repo/libchamp-imp/ros2_ws/install/setup.zsh'
