[0.008s] Invoking command in '/home/nisarg/Documents/repo/libchamp-imp/ros2_ws/build/quadruped_mujoco': CMAKE_PREFIX_PATH=${CMAKE_PREFIX_PATH}:/home/nisarg/Documents/repo/helium-quadruped-mjc/install/helium_quadruped_simulation:/home/nisarg/Documents/repo/helium-quadruped-mjc/install/helium_quadruped_description:/home/nisarg/Documents/repo/helium-quadruped-mjc/install/helium_quadruped_controller:/opt/ros/humble /usr/bin/cmake --build /home/nisarg/Documents/repo/libchamp-imp/ros2_ws/build/quadruped_mujoco -- -j12 -l12
[0.042s] -- Found ament_cmake: 1.3.11 (/opt/ros/humble/share/ament_cmake/cmake)
[0.149s] -- Found rclcpp: 16.0.11 (/opt/ros/humble/share/rclcpp/cmake)
[0.170s] -- Found rosidl_generator_c: 3.1.6 (/opt/ros/humble/share/rosidl_generator_c/cmake)
[0.172s] -- Found rosidl_adapter: 3.1.6 (/opt/ros/humble/share/rosidl_adapter/cmake)
[0.176s] -- Found rosidl_generator_cpp: 3.1.6 (/opt/ros/humble/share/rosidl_generator_cpp/cmake)
[0.184s] -- Using all available rosidl_typesupport_c: rosidl_typesupport_fastrtps_c;rosidl_typesupport_introspection_c
[0.193s] -- Using all available rosidl_typesupport_cpp: rosidl_typesupport_fastrtps_cpp;rosidl_typesupport_introspection_cpp
[0.214s] -- Found rmw_implementation_cmake: 6.1.2 (/opt/ros/humble/share/rmw_implementation_cmake/cmake)
[0.215s] -- Found rmw_fastrtps_cpp: 6.2.7 (/opt/ros/humble/share/rmw_fastrtps_cpp/cmake)
[0.293s] -- Using RMW implementation 'rmw_fastrtps_cpp' as default
[0.327s] -- Found sensor_msgs: 4.2.4 (/opt/ros/humble/share/sensor_msgs/cmake)
[0.347s] -- Found nav_msgs: 4.2.4 (/opt/ros/humble/share/nav_msgs/cmake)
[0.359s] -- Found tf2: 0.25.12 (/opt/ros/humble/share/tf2/cmake)
[0.361s] -- Found tf2_ros: 0.25.12 (/opt/ros/humble/share/tf2_ros/cmake)
[0.415s] -- Found rosidl_default_generators: 1.2.0 (/opt/ros/humble/share/rosidl_default_generators/cmake)
[0.421s] [33mCMake Warning (dev) at /usr/share/cmake-3.22/Modules/FindOpenGL.cmake:315 (message):
[0.422s]   Policy CMP0072 is not set: FindOpenGL prefers GLVND by default when
[0.422s]   available.  Run "cmake --help-policy CMP0072" for policy details.  Use the
[0.422s]   cmake_policy command to set the policy and suppress this warning.
[0.422s] 
[0.422s]   FindOpenGL found both a legacy GL library:
[0.422s] 
[0.422s]     OPENGL_gl_LIBRARY: /usr/lib/x86_64-linux-gnu/libGL.so
[0.422s] 
[0.422s]   and GLVND libraries for OpenGL and GLX:
[0.422s] 
[0.422s]     OPENGL_opengl_LIBRARY: /usr/lib/x86_64-linux-gnu/libOpenGL.so
[0.423s]     OPENGL_glx_LIBRARY: /usr/lib/x86_64-linux-gnu/libGLX.so
[0.423s] 
[0.423s]   OpenGL_GL_PREFERENCE has not been set to "GLVND" or "LEGACY", so for
[0.423s]   compatibility with CMake 3.10 and below the legacy GL library will be used.
[0.423s] Call Stack (most recent call first):
[0.423s]   CMakeLists.txt:28 (find_package)
[0.423s] This warning is for project developers.  Use -Wno-dev to suppress it.
[0.423s] [0m
[0.454s] -- Found PkgConfig: /usr/bin/pkg-config (found version "0.29.2") 
[0.455s] -- Checking for module 'glfw3'
[0.469s] --   Found glfw3, version 3.3.6
[0.780s] -- Found ament_cmake_ros: 0.10.0 (/opt/ros/humble/share/ament_cmake_ros/cmake)
[1.133s] -- Using all available rosidl_typesupport_c: rosidl_typesupport_fastrtps_c;rosidl_typesupport_introspection_c
[1.275s] -- Using all available rosidl_typesupport_cpp: rosidl_typesupport_fastrtps_cpp;rosidl_typesupport_introspection_cpp
[1.298s] -- Found python_cmake_module: 0.10.0 (/opt/ros/humble/share/python_cmake_module/cmake)
[1.321s] -- Using PYTHON_EXECUTABLE: /usr/bin/python3
[1.321s] -- Using PYTHON_INCLUDE_DIRS: /usr/include/python3.10
[1.321s] -- Using PYTHON_LIBRARIES: /usr/lib/x86_64-linux-gnu/libpython3.10.so
[1.367s] -- Configuring done
[1.419s] -- Generating done
[1.438s] -- Build files have been written to: /home/nisarg/Documents/repo/libchamp-imp/ros2_ws/build/quadruped_mujoco
[1.463s] [35m[1mConsolidate compiler generated dependencies of target quadruped_mujoco__rosidl_generator_c[0m
[1.464s] [35m[1mConsolidate compiler generated dependencies of target mujoco_interface_node[0m
[1.471s] [  1%] Built target quadruped_mujoco__cpp
[1.478s] [ 10%] Built target quadruped_mujoco__rosidl_generator_c
[1.480s] [ 10%] Built target ament_cmake_python_copy_quadruped_mujoco
[1.480s] [ 12%] Built target mujoco_interface_node
[1.482s] [35m[1mConsolidate compiler generated dependencies of target quadruped_mujoco__rosidl_typesupport_fastrtps_cpp[0m
[1.487s] [35m[1mConsolidate compiler generated dependencies of target quadruped_mujoco__rosidl_typesupport_cpp[0m
[1.487s] [35m[1mConsolidate compiler generated dependencies of target quadruped_mujoco__rosidl_typesupport_introspection_cpp[0m
[1.488s] [35m[1mConsolidate compiler generated dependencies of target quadruped_mujoco__rosidl_typesupport_introspection_c[0m
[1.489s] [35m[1mConsolidate compiler generated dependencies of target quadruped_mujoco__rosidl_typesupport_fastrtps_c[0m
[1.492s] [35m[1mConsolidate compiler generated dependencies of target quadruped_mujoco__rosidl_typesupport_c[0m
[1.496s] [ 22%] Built target quadruped_mujoco__rosidl_typesupport_fastrtps_cpp
[1.499s] [ 31%] Built target quadruped_mujoco__rosidl_typesupport_introspection_c
[1.500s] [ 40%] Built target quadruped_mujoco__rosidl_typesupport_cpp
[1.502s] [ 49%] Built target quadruped_mujoco__rosidl_typesupport_fastrtps_c
[1.502s] [ 58%] Built target quadruped_mujoco__rosidl_typesupport_c
[1.504s] [ 67%] Built target quadruped_mujoco__rosidl_typesupport_introspection_cpp
[1.510s] [35m[1mConsolidate compiler generated dependencies of target quadruped_mujoco_lib[0m
[1.523s] [ 70%] Built target quadruped_mujoco_lib
[1.526s] [ 70%] Built target quadruped_mujoco
[1.532s] [35m[1mConsolidate compiler generated dependencies of target waypoint_nav_node[0m
[1.533s] [35m[1mConsolidate compiler generated dependencies of target quadruped_controller_node[0m
[1.535s] [35m[1mConsolidate compiler generated dependencies of target trot_node[0m
[1.535s] [35m[1mConsolidate compiler generated dependencies of target mujoco_sim_node[0m
[1.535s] [35m[1mConsolidate compiler generated dependencies of target turn_node[0m
[1.543s] [ 71%] Built target quadruped_mujoco__py
[1.544s] [ 74%] Built target waypoint_nav_node
[1.545s] [ 76%] Built target quadruped_controller_node
[1.551s] [ 79%] Built target trot_node
[1.552s] [ 81%] Built target turn_node
[1.552s] [ 83%] [32mBuilding CXX object CMakeFiles/mujoco_sim_node.dir/src/nodes/mujoco_sim_node.cpp.o[0m
[1.554s] [35m[1mConsolidate compiler generated dependencies of target quadruped_mujoco__rosidl_generator_py[0m
[1.571s] [ 90%] Built target quadruped_mujoco__rosidl_generator_py
[1.580s] [35m[1mConsolidate compiler generated dependencies of target quadruped_mujoco__rosidl_typesupport_fastrtps_c__pyext[0m
[1.580s] [35m[1mConsolidate compiler generated dependencies of target quadruped_mujoco__rosidl_typesupport_c__pyext[0m
[1.583s] [35m[1mConsolidate compiler generated dependencies of target quadruped_mujoco__rosidl_typesupport_introspection_c__pyext[0m
[1.589s] [ 96%] Built target quadruped_mujoco__rosidl_typesupport_fastrtps_c__pyext
[1.589s] [ 96%] Built target quadruped_mujoco__rosidl_typesupport_c__pyext
[1.595s] [ 98%] Built target quadruped_mujoco__rosidl_typesupport_introspection_c__pyext
[1.665s] running egg_info
[1.665s] writing quadruped_mujoco.egg-info/PKG-INFO
[1.665s] writing dependency_links to quadruped_mujoco.egg-info/dependency_links.txt
[1.665s] writing top-level names to quadruped_mujoco.egg-info/top_level.txt
[1.667s] reading manifest file 'quadruped_mujoco.egg-info/SOURCES.txt'
[1.667s] writing manifest file 'quadruped_mujoco.egg-info/SOURCES.txt'
[1.693s] [ 98%] Built target ament_cmake_python_build_quadruped_mujoco_egg
[7.311s] [100%] [32m[1mLinking CXX executable mujoco_sim_node[0m
[7.720s] [100%] Built target mujoco_sim_node
[7.730s] Invoked command in '/home/nisarg/Documents/repo/libchamp-imp/ros2_ws/build/quadruped_mujoco' returned '0': CMAKE_PREFIX_PATH=${CMAKE_PREFIX_PATH}:/home/nisarg/Documents/repo/helium-quadruped-mjc/install/helium_quadruped_simulation:/home/nisarg/Documents/repo/helium-quadruped-mjc/install/helium_quadruped_description:/home/nisarg/Documents/repo/helium-quadruped-mjc/install/helium_quadruped_controller:/opt/ros/humble /usr/bin/cmake --build /home/nisarg/Documents/repo/libchamp-imp/ros2_ws/build/quadruped_mujoco -- -j12 -l12
[7.746s] Invoking command in '/home/nisarg/Documents/repo/libchamp-imp/ros2_ws/build/quadruped_mujoco': CMAKE_PREFIX_PATH=${CMAKE_PREFIX_PATH}:/home/nisarg/Documents/repo/helium-quadruped-mjc/install/helium_quadruped_simulation:/home/nisarg/Documents/repo/helium-quadruped-mjc/install/helium_quadruped_description:/home/nisarg/Documents/repo/helium-quadruped-mjc/install/helium_quadruped_controller:/opt/ros/humble /usr/bin/cmake --install /home/nisarg/Documents/repo/libchamp-imp/ros2_ws/build/quadruped_mujoco
[7.763s] -- Install configuration: ""
[7.764s] -- Up-to-date: /home/nisarg/Documents/repo/libchamp-imp/ros2_ws/install/quadruped_mujoco/share/ament_index/resource_index/rosidl_interfaces/quadruped_mujoco
[7.764s] -- Up-to-date: /home/nisarg/Documents/repo/libchamp-imp/ros2_ws/install/quadruped_mujoco/include/quadruped_mujoco/quadruped_mujoco
[7.764s] -- Up-to-date: /home/nisarg/Documents/repo/libchamp-imp/ros2_ws/install/quadruped_mujoco/include/quadruped_mujoco/quadruped_mujoco/msg
[7.764s] -- Up-to-date: /home/nisarg/Documents/repo/libchamp-imp/ros2_ws/install/quadruped_mujoco/include/quadruped_mujoco/quadruped_mujoco/msg/contacts_stamped.h
[7.764s] -- Up-to-date: /home/nisarg/Documents/repo/libchamp-imp/ros2_ws/install/quadruped_mujoco/include/quadruped_mujoco/quadruped_mujoco/msg/velocities.h
[7.764s] -- Up-to-date: /home/nisarg/Documents/repo/libchamp-imp/ros2_ws/install/quadruped_mujoco/include/quadruped_mujoco/quadruped_mujoco/msg/joints.h
[7.764s] -- Up-to-date: /home/nisarg/Documents/repo/libchamp-imp/ros2_ws/install/quadruped_mujoco/include/quadruped_mujoco/quadruped_mujoco/msg/contacts.h
[7.764s] -- Up-to-date: /home/nisarg/Documents/repo/libchamp-imp/ros2_ws/install/quadruped_mujoco/include/quadruped_mujoco/quadruped_mujoco/msg/detail
[7.764s] -- Up-to-date: /home/nisarg/Documents/repo/libchamp-imp/ros2_ws/install/quadruped_mujoco/include/quadruped_mujoco/quadruped_mujoco/msg/detail/velocities__functions.h
[7.764s] -- Up-to-date: /home/nisarg/Documents/repo/libchamp-imp/ros2_ws/install/quadruped_mujoco/include/quadruped_mujoco/quadruped_mujoco/msg/detail/contacts__type_support.h
[7.764s] -- Up-to-date: /home/nisarg/Documents/repo/libchamp-imp/ros2_ws/install/quadruped_mujoco/include/quadruped_mujoco/quadruped_mujoco/msg/detail/contacts_stamped__functions.c
[7.764s] -- Up-to-date: /home/nisarg/Documents/repo/libchamp-imp/ros2_ws/install/quadruped_mujoco/include/quadruped_mujoco/quadruped_mujoco/msg/detail/contacts_stamped__functions.h
[7.764s] -- Up-to-date: /home/nisarg/Documents/repo/libchamp-imp/ros2_ws/install/quadruped_mujoco/include/quadruped_mujoco/quadruped_mujoco/msg/detail/joints__type_support.h
[7.764s] -- Up-to-date: /home/nisarg/Documents/repo/libchamp-imp/ros2_ws/install/quadruped_mujoco/include/quadruped_mujoco/quadruped_mujoco/msg/detail/pose__functions.h
[7.765s] -- Up-to-date: /home/nisarg/Documents/repo/libchamp-imp/ros2_ws/install/quadruped_mujoco/include/quadruped_mujoco/quadruped_mujoco/msg/detail/joints__struct.h
[7.765s] -- Up-to-date: /home/nisarg/Documents/repo/libchamp-imp/ros2_ws/install/quadruped_mujoco/include/quadruped_mujoco/quadruped_mujoco/msg/detail/pose__type_support.h
[7.765s] -- Up-to-date: /home/nisarg/Documents/repo/libchamp-imp/ros2_ws/install/quadruped_mujoco/include/quadruped_mujoco/quadruped_mujoco/msg/detail/joints__functions.h
[7.765s] -- Up-to-date: /home/nisarg/Documents/repo/libchamp-imp/ros2_ws/install/quadruped_mujoco/include/quadruped_mujoco/quadruped_mujoco/msg/detail/contacts__struct.h
[7.765s] -- Up-to-date: /home/nisarg/Documents/repo/libchamp-imp/ros2_ws/install/quadruped_mujoco/include/quadruped_mujoco/quadruped_mujoco/msg/detail/joints__functions.c
[7.765s] -- Up-to-date: /home/nisarg/Documents/repo/libchamp-imp/ros2_ws/install/quadruped_mujoco/include/quadruped_mujoco/quadruped_mujoco/msg/detail/velocities__functions.c
[7.765s] -- Up-to-date: /home/nisarg/Documents/repo/libchamp-imp/ros2_ws/install/quadruped_mujoco/include/quadruped_mujoco/quadruped_mujoco/msg/detail/pose__functions.c
[7.765s] -- Up-to-date: /home/nisarg/Documents/repo/libchamp-imp/ros2_ws/install/quadruped_mujoco/include/quadruped_mujoco/quadruped_mujoco/msg/detail/velocities__struct.h
[7.765s] -- Up-to-date: /home/nisarg/Documents/repo/libchamp-imp/ros2_ws/install/quadruped_mujoco/include/quadruped_mujoco/quadruped_mujoco/msg/detail/contacts__functions.h
[7.765s] -- Up-to-date: /home/nisarg/Documents/repo/libchamp-imp/ros2_ws/install/quadruped_mujoco/include/quadruped_mujoco/quadruped_mujoco/msg/detail/contacts__functions.c
[7.765s] -- Up-to-date: /home/nisarg/Documents/repo/libchamp-imp/ros2_ws/install/quadruped_mujoco/include/quadruped_mujoco/quadruped_mujoco/msg/detail/pose__struct.h
[7.765s] -- Up-to-date: /home/nisarg/Documents/repo/libchamp-imp/ros2_ws/install/quadruped_mujoco/include/quadruped_mujoco/quadruped_mujoco/msg/detail/contacts_stamped__struct.h
[7.765s] -- Up-to-date: /home/nisarg/Documents/repo/libchamp-imp/ros2_ws/install/quadruped_mujoco/include/quadruped_mujoco/quadruped_mujoco/msg/detail/velocities__type_support.h
[7.766s] -- Up-to-date: /home/nisarg/Documents/repo/libchamp-imp/ros2_ws/install/quadruped_mujoco/include/quadruped_mujoco/quadruped_mujoco/msg/detail/contacts_stamped__type_support.h
[7.766s] -- Up-to-date: /home/nisarg/Documents/repo/libchamp-imp/ros2_ws/install/quadruped_mujoco/include/quadruped_mujoco/quadruped_mujoco/msg/rosidl_generator_c__visibility_control.h
[7.766s] -- Up-to-date: /home/nisarg/Documents/repo/libchamp-imp/ros2_ws/install/quadruped_mujoco/include/quadruped_mujoco/quadruped_mujoco/msg/pose.h
[7.766s] -- Up-to-date: /home/nisarg/Documents/repo/libchamp-imp/ros2_ws/install/quadruped_mujoco/share/quadruped_mujoco/environment/library_path.sh
[7.766s] -- Installing: /home/nisarg/Documents/repo/libchamp-imp/ros2_ws/install/quadruped_mujoco/share/quadruped_mujoco/environment/library_path.dsv
[7.766s] -- Up-to-date: /home/nisarg/Documents/repo/libchamp-imp/ros2_ws/install/quadruped_mujoco/lib/libquadruped_mujoco__rosidl_generator_c.so
[7.766s] -- Up-to-date: /home/nisarg/Documents/repo/libchamp-imp/ros2_ws/install/quadruped_mujoco/include/quadruped_mujoco/quadruped_mujoco
[7.766s] -- Up-to-date: /home/nisarg/Documents/repo/libchamp-imp/ros2_ws/install/quadruped_mujoco/include/quadruped_mujoco/quadruped_mujoco/msg
[7.766s] -- Up-to-date: /home/nisarg/Documents/repo/libchamp-imp/ros2_ws/install/quadruped_mujoco/include/quadruped_mujoco/quadruped_mujoco/msg/rosidl_typesupport_fastrtps_c__visibility_control.h
[7.766s] -- Up-to-date: /home/nisarg/Documents/repo/libchamp-imp/ros2_ws/install/quadruped_mujoco/include/quadruped_mujoco/quadruped_mujoco/msg/detail
[7.766s] -- Up-to-date: /home/nisarg/Documents/repo/libchamp-imp/ros2_ws/install/quadruped_mujoco/include/quadruped_mujoco/quadruped_mujoco/msg/detail/joints__rosidl_typesupport_fastrtps_c.h
[7.766s] -- Up-to-date: /home/nisarg/Documents/repo/libchamp-imp/ros2_ws/install/quadruped_mujoco/include/quadruped_mujoco/quadruped_mujoco/msg/detail/velocities__rosidl_typesupport_fastrtps_c.h
[7.766s] -- Up-to-date: /home/nisarg/Documents/repo/libchamp-imp/ros2_ws/install/quadruped_mujoco/include/quadruped_mujoco/quadruped_mujoco/msg/detail/contacts_stamped__rosidl_typesupport_fastrtps_c.h
[7.767s] -- Up-to-date: /home/nisarg/Documents/repo/libchamp-imp/ros2_ws/install/quadruped_mujoco/include/quadruped_mujoco/quadruped_mujoco/msg/detail/contacts__rosidl_typesupport_fastrtps_c.h
[7.767s] -- Up-to-date: /home/nisarg/Documents/repo/libchamp-imp/ros2_ws/install/quadruped_mujoco/include/quadruped_mujoco/quadruped_mujoco/msg/detail/pose__rosidl_typesupport_fastrtps_c.h
[7.767s] -- Up-to-date: /home/nisarg/Documents/repo/libchamp-imp/ros2_ws/install/quadruped_mujoco/lib/libquadruped_mujoco__rosidl_typesupport_fastrtps_c.so
[7.767s] -- Up-to-date: /home/nisarg/Documents/repo/libchamp-imp/ros2_ws/install/quadruped_mujoco/include/quadruped_mujoco/quadruped_mujoco
[7.767s] -- Up-to-date: /home/nisarg/Documents/repo/libchamp-imp/ros2_ws/install/quadruped_mujoco/include/quadruped_mujoco/quadruped_mujoco/msg
[7.767s] -- Up-to-date: /home/nisarg/Documents/repo/libchamp-imp/ros2_ws/install/quadruped_mujoco/include/quadruped_mujoco/quadruped_mujoco/msg/pose.hpp
[7.767s] -- Up-to-date: /home/nisarg/Documents/repo/libchamp-imp/ros2_ws/install/quadruped_mujoco/include/quadruped_mujoco/quadruped_mujoco/msg/contacts.hpp
[7.767s] -- Up-to-date: /home/nisarg/Documents/repo/libchamp-imp/ros2_ws/install/quadruped_mujoco/include/quadruped_mujoco/quadruped_mujoco/msg/velocities.hpp
[7.767s] -- Up-to-date: /home/nisarg/Documents/repo/libchamp-imp/ros2_ws/install/quadruped_mujoco/include/quadruped_mujoco/quadruped_mujoco/msg/joints.hpp
[7.767s] -- Up-to-date: /home/nisarg/Documents/repo/libchamp-imp/ros2_ws/install/quadruped_mujoco/include/quadruped_mujoco/quadruped_mujoco/msg/detail
[7.767s] -- Up-to-date: /home/nisarg/Documents/repo/libchamp-imp/ros2_ws/install/quadruped_mujoco/include/quadruped_mujoco/quadruped_mujoco/msg/detail/pose__traits.hpp
[7.767s] -- Up-to-date: /home/nisarg/Documents/repo/libchamp-imp/ros2_ws/install/quadruped_mujoco/include/quadruped_mujoco/quadruped_mujoco/msg/detail/velocities__struct.hpp
[7.767s] -- Up-to-date: /home/nisarg/Documents/repo/libchamp-imp/ros2_ws/install/quadruped_mujoco/include/quadruped_mujoco/quadruped_mujoco/msg/detail/joints__traits.hpp
[7.767s] -- Up-to-date: /home/nisarg/Documents/repo/libchamp-imp/ros2_ws/install/quadruped_mujoco/include/quadruped_mujoco/quadruped_mujoco/msg/detail/contacts_stamped__builder.hpp
[7.767s] -- Up-to-date: /home/nisarg/Documents/repo/libchamp-imp/ros2_ws/install/quadruped_mujoco/include/quadruped_mujoco/quadruped_mujoco/msg/detail/contacts__type_support.hpp
[7.767s] -- Up-to-date: /home/nisarg/Documents/repo/libchamp-imp/ros2_ws/install/quadruped_mujoco/include/quadruped_mujoco/quadruped_mujoco/msg/detail/contacts__struct.hpp
[7.767s] -- Up-to-date: /home/nisarg/Documents/repo/libchamp-imp/ros2_ws/install/quadruped_mujoco/include/quadruped_mujoco/quadruped_mujoco/msg/detail/velocities__traits.hpp
[7.767s] -- Up-to-date: /home/nisarg/Documents/repo/libchamp-imp/ros2_ws/install/quadruped_mujoco/include/quadruped_mujoco/quadruped_mujoco/msg/detail/joints__type_support.hpp
[7.768s] -- Up-to-date: /home/nisarg/Documents/repo/libchamp-imp/ros2_ws/install/quadruped_mujoco/include/quadruped_mujoco/quadruped_mujoco/msg/detail/contacts_stamped__type_support.hpp
[7.768s] -- Up-to-date: /home/nisarg/Documents/repo/libchamp-imp/ros2_ws/install/quadruped_mujoco/include/quadruped_mujoco/quadruped_mujoco/msg/detail/pose__struct.hpp
[7.768s] -- Up-to-date: /home/nisarg/Documents/repo/libchamp-imp/ros2_ws/install/quadruped_mujoco/include/quadruped_mujoco/quadruped_mujoco/msg/detail/velocities__builder.hpp
[7.768s] -- Up-to-date: /home/nisarg/Documents/repo/libchamp-imp/ros2_ws/install/quadruped_mujoco/include/quadruped_mujoco/quadruped_mujoco/msg/detail/contacts_stamped__struct.hpp
[7.768s] -- Up-to-date: /home/nisarg/Documents/repo/libchamp-imp/ros2_ws/install/quadruped_mujoco/include/quadruped_mujoco/quadruped_mujoco/msg/detail/pose__type_support.hpp
[7.768s] -- Up-to-date: /home/nisarg/Documents/repo/libchamp-imp/ros2_ws/install/quadruped_mujoco/include/quadruped_mujoco/quadruped_mujoco/msg/detail/joints__builder.hpp
[7.768s] -- Up-to-date: /home/nisarg/Documents/repo/libchamp-imp/ros2_ws/install/quadruped_mujoco/include/quadruped_mujoco/quadruped_mujoco/msg/detail/joints__struct.hpp
[7.768s] -- Up-to-date: /home/nisarg/Documents/repo/libchamp-imp/ros2_ws/install/quadruped_mujoco/include/quadruped_mujoco/quadruped_mujoco/msg/detail/contacts__traits.hpp
[7.768s] -- Up-to-date: /home/nisarg/Documents/repo/libchamp-imp/ros2_ws/install/quadruped_mujoco/include/quadruped_mujoco/quadruped_mujoco/msg/detail/velocities__type_support.hpp
[7.768s] -- Up-to-date: /home/nisarg/Documents/repo/libchamp-imp/ros2_ws/install/quadruped_mujoco/include/quadruped_mujoco/quadruped_mujoco/msg/detail/contacts_stamped__traits.hpp
[7.768s] -- Up-to-date: /home/nisarg/Documents/repo/libchamp-imp/ros2_ws/install/quadruped_mujoco/include/quadruped_mujoco/quadruped_mujoco/msg/detail/contacts__builder.hpp
[7.768s] -- Up-to-date: /home/nisarg/Documents/repo/libchamp-imp/ros2_ws/install/quadruped_mujoco/include/quadruped_mujoco/quadruped_mujoco/msg/detail/pose__builder.hpp
[7.768s] -- Up-to-date: /home/nisarg/Documents/repo/libchamp-imp/ros2_ws/install/quadruped_mujoco/include/quadruped_mujoco/quadruped_mujoco/msg/contacts_stamped.hpp
[7.768s] -- Up-to-date: /home/nisarg/Documents/repo/libchamp-imp/ros2_ws/install/quadruped_mujoco/include/quadruped_mujoco/quadruped_mujoco/msg/rosidl_generator_cpp__visibility_control.hpp
[7.768s] -- Up-to-date: /home/nisarg/Documents/repo/libchamp-imp/ros2_ws/install/quadruped_mujoco/include/quadruped_mujoco/quadruped_mujoco
[7.768s] -- Up-to-date: /home/nisarg/Documents/repo/libchamp-imp/ros2_ws/install/quadruped_mujoco/include/quadruped_mujoco/quadruped_mujoco/msg
[7.769s] -- Up-to-date: /home/nisarg/Documents/repo/libchamp-imp/ros2_ws/install/quadruped_mujoco/include/quadruped_mujoco/quadruped_mujoco/msg/rosidl_typesupport_fastrtps_cpp__visibility_control.h
[7.769s] -- Up-to-date: /home/nisarg/Documents/repo/libchamp-imp/ros2_ws/install/quadruped_mujoco/include/quadruped_mujoco/quadruped_mujoco/msg/detail
[7.769s] -- Up-to-date: /home/nisarg/Documents/repo/libchamp-imp/ros2_ws/install/quadruped_mujoco/include/quadruped_mujoco/quadruped_mujoco/msg/detail/contacts_stamped__rosidl_typesupport_fastrtps_cpp.hpp
[7.769s] -- Up-to-date: /home/nisarg/Documents/repo/libchamp-imp/ros2_ws/install/quadruped_mujoco/include/quadruped_mujoco/quadruped_mujoco/msg/detail/joints__rosidl_typesupport_fastrtps_cpp.hpp
[7.769s] -- Up-to-date: /home/nisarg/Documents/repo/libchamp-imp/ros2_ws/install/quadruped_mujoco/include/quadruped_mujoco/quadruped_mujoco/msg/detail/dds_fastrtps
[7.769s] -- Up-to-date: /home/nisarg/Documents/repo/libchamp-imp/ros2_ws/install/quadruped_mujoco/include/quadruped_mujoco/quadruped_mujoco/msg/detail/velocities__rosidl_typesupport_fastrtps_cpp.hpp
[7.769s] -- Up-to-date: /home/nisarg/Documents/repo/libchamp-imp/ros2_ws/install/quadruped_mujoco/include/quadruped_mujoco/quadruped_mujoco/msg/detail/contacts__rosidl_typesupport_fastrtps_cpp.hpp
[7.769s] -- Up-to-date: /home/nisarg/Documents/repo/libchamp-imp/ros2_ws/install/quadruped_mujoco/include/quadruped_mujoco/quadruped_mujoco/msg/detail/pose__rosidl_typesupport_fastrtps_cpp.hpp
[7.769s] -- Up-to-date: /home/nisarg/Documents/repo/libchamp-imp/ros2_ws/install/quadruped_mujoco/lib/libquadruped_mujoco__rosidl_typesupport_fastrtps_cpp.so
[7.769s] -- Up-to-date: /home/nisarg/Documents/repo/libchamp-imp/ros2_ws/install/quadruped_mujoco/include/quadruped_mujoco/quadruped_mujoco
[7.769s] -- Up-to-date: /home/nisarg/Documents/repo/libchamp-imp/ros2_ws/install/quadruped_mujoco/include/quadruped_mujoco/quadruped_mujoco/msg
[7.769s] -- Up-to-date: /home/nisarg/Documents/repo/libchamp-imp/ros2_ws/install/quadruped_mujoco/include/quadruped_mujoco/quadruped_mujoco/msg/detail
[7.769s] -- Up-to-date: /home/nisarg/Documents/repo/libchamp-imp/ros2_ws/install/quadruped_mujoco/include/quadruped_mujoco/quadruped_mujoco/msg/detail/joints__rosidl_typesupport_introspection_c.h
[7.769s] -- Up-to-date: /home/nisarg/Documents/repo/libchamp-imp/ros2_ws/install/quadruped_mujoco/include/quadruped_mujoco/quadruped_mujoco/msg/detail/joints__type_support.c
[7.769s] -- Up-to-date: /home/nisarg/Documents/repo/libchamp-imp/ros2_ws/install/quadruped_mujoco/include/quadruped_mujoco/quadruped_mujoco/msg/detail/velocities__type_support.c
[7.769s] -- Up-to-date: /home/nisarg/Documents/repo/libchamp-imp/ros2_ws/install/quadruped_mujoco/include/quadruped_mujoco/quadruped_mujoco/msg/detail/contacts__rosidl_typesupport_introspection_c.h
[7.769s] -- Up-to-date: /home/nisarg/Documents/repo/libchamp-imp/ros2_ws/install/quadruped_mujoco/include/quadruped_mujoco/quadruped_mujoco/msg/detail/velocities__rosidl_typesupport_introspection_c.h
[7.769s] -- Up-to-date: /home/nisarg/Documents/repo/libchamp-imp/ros2_ws/install/quadruped_mujoco/include/quadruped_mujoco/quadruped_mujoco/msg/detail/pose__rosidl_typesupport_introspection_c.h
[7.769s] -- Up-to-date: /home/nisarg/Documents/repo/libchamp-imp/ros2_ws/install/quadruped_mujoco/include/quadruped_mujoco/quadruped_mujoco/msg/detail/contacts__type_support.c
[7.769s] -- Up-to-date: /home/nisarg/Documents/repo/libchamp-imp/ros2_ws/install/quadruped_mujoco/include/quadruped_mujoco/quadruped_mujoco/msg/detail/contacts_stamped__type_support.c
[7.769s] -- Up-to-date: /home/nisarg/Documents/repo/libchamp-imp/ros2_ws/install/quadruped_mujoco/include/quadruped_mujoco/quadruped_mujoco/msg/detail/contacts_stamped__rosidl_typesupport_introspection_c.h
[7.769s] -- Up-to-date: /home/nisarg/Documents/repo/libchamp-imp/ros2_ws/install/quadruped_mujoco/include/quadruped_mujoco/quadruped_mujoco/msg/detail/pose__type_support.c
[7.770s] -- Up-to-date: /home/nisarg/Documents/repo/libchamp-imp/ros2_ws/install/quadruped_mujoco/include/quadruped_mujoco/quadruped_mujoco/msg/rosidl_typesupport_introspection_c__visibility_control.h
[7.770s] -- Up-to-date: /home/nisarg/Documents/repo/libchamp-imp/ros2_ws/install/quadruped_mujoco/lib/libquadruped_mujoco__rosidl_typesupport_introspection_c.so
[7.770s] -- Up-to-date: /home/nisarg/Documents/repo/libchamp-imp/ros2_ws/install/quadruped_mujoco/lib/libquadruped_mujoco__rosidl_typesupport_c.so
[7.770s] -- Up-to-date: /home/nisarg/Documents/repo/libchamp-imp/ros2_ws/install/quadruped_mujoco/include/quadruped_mujoco/quadruped_mujoco
[7.770s] -- Up-to-date: /home/nisarg/Documents/repo/libchamp-imp/ros2_ws/install/quadruped_mujoco/include/quadruped_mujoco/quadruped_mujoco/msg
[7.770s] -- Up-to-date: /home/nisarg/Documents/repo/libchamp-imp/ros2_ws/install/quadruped_mujoco/include/quadruped_mujoco/quadruped_mujoco/msg/detail
[7.770s] -- Up-to-date: /home/nisarg/Documents/repo/libchamp-imp/ros2_ws/install/quadruped_mujoco/include/quadruped_mujoco/quadruped_mujoco/msg/detail/joints__type_support.cpp
[7.770s] -- Up-to-date: /home/nisarg/Documents/repo/libchamp-imp/ros2_ws/install/quadruped_mujoco/include/quadruped_mujoco/quadruped_mujoco/msg/detail/velocities__rosidl_typesupport_introspection_cpp.hpp
[7.770s] -- Up-to-date: /home/nisarg/Documents/repo/libchamp-imp/ros2_ws/install/quadruped_mujoco/include/quadruped_mujoco/quadruped_mujoco/msg/detail/velocities__type_support.cpp
[7.770s] -- Up-to-date: /home/nisarg/Documents/repo/libchamp-imp/ros2_ws/install/quadruped_mujoco/include/quadruped_mujoco/quadruped_mujoco/msg/detail/contacts__type_support.cpp
[7.770s] -- Up-to-date: /home/nisarg/Documents/repo/libchamp-imp/ros2_ws/install/quadruped_mujoco/include/quadruped_mujoco/quadruped_mujoco/msg/detail/joints__rosidl_typesupport_introspection_cpp.hpp
[7.770s] -- Up-to-date: /home/nisarg/Documents/repo/libchamp-imp/ros2_ws/install/quadruped_mujoco/include/quadruped_mujoco/quadruped_mujoco/msg/detail/contacts__rosidl_typesupport_introspection_cpp.hpp
[7.770s] -- Up-to-date: /home/nisarg/Documents/repo/libchamp-imp/ros2_ws/install/quadruped_mujoco/include/quadruped_mujoco/quadruped_mujoco/msg/detail/pose__rosidl_typesupport_introspection_cpp.hpp
[7.770s] -- Up-to-date: /home/nisarg/Documents/repo/libchamp-imp/ros2_ws/install/quadruped_mujoco/include/quadruped_mujoco/quadruped_mujoco/msg/detail/pose__type_support.cpp
[7.770s] -- Up-to-date: /home/nisarg/Documents/repo/libchamp-imp/ros2_ws/install/quadruped_mujoco/include/quadruped_mujoco/quadruped_mujoco/msg/detail/contacts_stamped__rosidl_typesupport_introspection_cpp.hpp
[7.770s] -- Up-to-date: /home/nisarg/Documents/repo/libchamp-imp/ros2_ws/install/quadruped_mujoco/include/quadruped_mujoco/quadruped_mujoco/msg/detail/contacts_stamped__type_support.cpp
[7.770s] -- Up-to-date: /home/nisarg/Documents/repo/libchamp-imp/ros2_ws/install/quadruped_mujoco/lib/libquadruped_mujoco__rosidl_typesupport_introspection_cpp.so
[7.770s] -- Up-to-date: /home/nisarg/Documents/repo/libchamp-imp/ros2_ws/install/quadruped_mujoco/lib/libquadruped_mujoco__rosidl_typesupport_cpp.so
[7.770s] -- Up-to-date: /home/nisarg/Documents/repo/libchamp-imp/ros2_ws/install/quadruped_mujoco/share/quadruped_mujoco/environment/pythonpath.sh
[7.770s] -- Installing: /home/nisarg/Documents/repo/libchamp-imp/ros2_ws/install/quadruped_mujoco/share/quadruped_mujoco/environment/pythonpath.dsv
[7.770s] -- Up-to-date: /home/nisarg/Documents/repo/libchamp-imp/ros2_ws/install/quadruped_mujoco/local/lib/python3.10/dist-packages/quadruped_mujoco-0.1.0-py3.10.egg-info
[7.770s] -- Installing: /home/nisarg/Documents/repo/libchamp-imp/ros2_ws/install/quadruped_mujoco/local/lib/python3.10/dist-packages/quadruped_mujoco-0.1.0-py3.10.egg-info/PKG-INFO
[7.770s] -- Installing: /home/nisarg/Documents/repo/libchamp-imp/ros2_ws/install/quadruped_mujoco/local/lib/python3.10/dist-packages/quadruped_mujoco-0.1.0-py3.10.egg-info/dependency_links.txt
[7.770s] -- Installing: /home/nisarg/Documents/repo/libchamp-imp/ros2_ws/install/quadruped_mujoco/local/lib/python3.10/dist-packages/quadruped_mujoco-0.1.0-py3.10.egg-info/top_level.txt
[7.770s] -- Installing: /home/nisarg/Documents/repo/libchamp-imp/ros2_ws/install/quadruped_mujoco/local/lib/python3.10/dist-packages/quadruped_mujoco-0.1.0-py3.10.egg-info/SOURCES.txt
[7.770s] -- Up-to-date: /home/nisarg/Documents/repo/libchamp-imp/ros2_ws/install/quadruped_mujoco/local/lib/python3.10/dist-packages/quadruped_mujoco
[7.770s] -- Up-to-date: /home/nisarg/Documents/repo/libchamp-imp/ros2_ws/install/quadruped_mujoco/local/lib/python3.10/dist-packages/quadruped_mujoco/_quadruped_mujoco_s.ep.rosidl_typesupport_c.c
[7.770s] -- Up-to-date: /home/nisarg/Documents/repo/libchamp-imp/ros2_ws/install/quadruped_mujoco/local/lib/python3.10/dist-packages/quadruped_mujoco/libquadruped_mujoco__rosidl_generator_py.so
[7.770s] -- Up-to-date: /home/nisarg/Documents/repo/libchamp-imp/ros2_ws/install/quadruped_mujoco/local/lib/python3.10/dist-packages/quadruped_mujoco/msg
[7.770s] -- Up-to-date: /home/nisarg/Documents/repo/libchamp-imp/ros2_ws/install/quadruped_mujoco/local/lib/python3.10/dist-packages/quadruped_mujoco/msg/_velocities_s.c
[7.770s] -- Up-to-date: /home/nisarg/Documents/repo/libchamp-imp/ros2_ws/install/quadruped_mujoco/local/lib/python3.10/dist-packages/quadruped_mujoco/msg/_contacts_stamped.py
[7.770s] -- Up-to-date: /home/nisarg/Documents/repo/libchamp-imp/ros2_ws/install/quadruped_mujoco/local/lib/python3.10/dist-packages/quadruped_mujoco/msg/_contacts.py
[7.771s] -- Up-to-date: /home/nisarg/Documents/repo/libchamp-imp/ros2_ws/install/quadruped_mujoco/local/lib/python3.10/dist-packages/quadruped_mujoco/msg/_joints_s.c
[7.771s] -- Up-to-date: /home/nisarg/Documents/repo/libchamp-imp/ros2_ws/install/quadruped_mujoco/local/lib/python3.10/dist-packages/quadruped_mujoco/msg/__init__.py
[7.771s] -- Up-to-date: /home/nisarg/Documents/repo/libchamp-imp/ros2_ws/install/quadruped_mujoco/local/lib/python3.10/dist-packages/quadruped_mujoco/msg/_contacts_stamped_s.c
[7.771s] -- Up-to-date: /home/nisarg/Documents/repo/libchamp-imp/ros2_ws/install/quadruped_mujoco/local/lib/python3.10/dist-packages/quadruped_mujoco/msg/_pose_s.c
[7.771s] -- Up-to-date: /home/nisarg/Documents/repo/libchamp-imp/ros2_ws/install/quadruped_mujoco/local/lib/python3.10/dist-packages/quadruped_mujoco/msg/_joints.py
[7.771s] -- Up-to-date: /home/nisarg/Documents/repo/libchamp-imp/ros2_ws/install/quadruped_mujoco/local/lib/python3.10/dist-packages/quadruped_mujoco/msg/_contacts_s.c
[7.771s] -- Up-to-date: /home/nisarg/Documents/repo/libchamp-imp/ros2_ws/install/quadruped_mujoco/local/lib/python3.10/dist-packages/quadruped_mujoco/msg/_velocities.py
[7.771s] -- Up-to-date: /home/nisarg/Documents/repo/libchamp-imp/ros2_ws/install/quadruped_mujoco/local/lib/python3.10/dist-packages/quadruped_mujoco/msg/_pose.py
[7.771s] -- Up-to-date: /home/nisarg/Documents/repo/libchamp-imp/ros2_ws/install/quadruped_mujoco/local/lib/python3.10/dist-packages/quadruped_mujoco/quadruped_mujoco_s__rosidl_typesupport_introspection_c.cpython-310-x86_64-linux-gnu.so
[7.771s] -- Up-to-date: /home/nisarg/Documents/repo/libchamp-imp/ros2_ws/install/quadruped_mujoco/local/lib/python3.10/dist-packages/quadruped_mujoco/quadruped_mujoco_s__rosidl_typesupport_c.cpython-310-x86_64-linux-gnu.so
[7.771s] -- Installing: /home/nisarg/Documents/repo/libchamp-imp/ros2_ws/install/quadruped_mujoco/local/lib/python3.10/dist-packages/quadruped_mujoco/__init__.py
[7.771s] -- Up-to-date: /home/nisarg/Documents/repo/libchamp-imp/ros2_ws/install/quadruped_mujoco/local/lib/python3.10/dist-packages/quadruped_mujoco/_quadruped_mujoco_s.ep.rosidl_typesupport_fastrtps_c.c
[7.771s] -- Up-to-date: /home/nisarg/Documents/repo/libchamp-imp/ros2_ws/install/quadruped_mujoco/local/lib/python3.10/dist-packages/quadruped_mujoco/quadruped_mujoco_s__rosidl_typesupport_fastrtps_c.cpython-310-x86_64-linux-gnu.so
[7.771s] -- Up-to-date: /home/nisarg/Documents/repo/libchamp-imp/ros2_ws/install/quadruped_mujoco/local/lib/python3.10/dist-packages/quadruped_mujoco/_quadruped_mujoco_s.ep.rosidl_typesupport_introspection_c.c
[7.794s] Listing '/home/nisarg/Documents/repo/libchamp-imp/ros2_ws/install/quadruped_mujoco/local/lib/python3.10/dist-packages/quadruped_mujoco'...
[7.794s] Compiling '/home/nisarg/Documents/repo/libchamp-imp/ros2_ws/install/quadruped_mujoco/local/lib/python3.10/dist-packages/quadruped_mujoco/__init__.py'...
[7.794s] Listing '/home/nisarg/Documents/repo/libchamp-imp/ros2_ws/install/quadruped_mujoco/local/lib/python3.10/dist-packages/quadruped_mujoco/msg'...
[7.797s] -- Up-to-date: /home/nisarg/Documents/repo/libchamp-imp/ros2_ws/install/quadruped_mujoco/local/lib/python3.10/dist-packages/quadruped_mujoco/quadruped_mujoco_s__rosidl_typesupport_fastrtps_c.cpython-310-x86_64-linux-gnu.so
[7.797s] -- Up-to-date: /home/nisarg/Documents/repo/libchamp-imp/ros2_ws/install/quadruped_mujoco/local/lib/python3.10/dist-packages/quadruped_mujoco/quadruped_mujoco_s__rosidl_typesupport_introspection_c.cpython-310-x86_64-linux-gnu.so
[7.797s] -- Up-to-date: /home/nisarg/Documents/repo/libchamp-imp/ros2_ws/install/quadruped_mujoco/local/lib/python3.10/dist-packages/quadruped_mujoco/quadruped_mujoco_s__rosidl_typesupport_c.cpython-310-x86_64-linux-gnu.so
[7.797s] -- Up-to-date: /home/nisarg/Documents/repo/libchamp-imp/ros2_ws/install/quadruped_mujoco/lib/libquadruped_mujoco__rosidl_generator_py.so
[7.797s] -- Up-to-date: /home/nisarg/Documents/repo/libchamp-imp/ros2_ws/install/quadruped_mujoco/share/quadruped_mujoco/msg/Contacts.idl
[7.798s] -- Up-to-date: /home/nisarg/Documents/repo/libchamp-imp/ros2_ws/install/quadruped_mujoco/share/quadruped_mujoco/msg/Joints.idl
[7.798s] -- Up-to-date: /home/nisarg/Documents/repo/libchamp-imp/ros2_ws/install/quadruped_mujoco/share/quadruped_mujoco/msg/Pose.idl
[7.798s] -- Up-to-date: /home/nisarg/Documents/repo/libchamp-imp/ros2_ws/install/quadruped_mujoco/share/quadruped_mujoco/msg/Velocities.idl
[7.798s] -- Up-to-date: /home/nisarg/Documents/repo/libchamp-imp/ros2_ws/install/quadruped_mujoco/share/quadruped_mujoco/msg/ContactsStamped.idl
[7.798s] -- Up-to-date: /home/nisarg/Documents/repo/libchamp-imp/ros2_ws/install/quadruped_mujoco/share/quadruped_mujoco/msg/Contacts.msg
[7.798s] -- Up-to-date: /home/nisarg/Documents/repo/libchamp-imp/ros2_ws/install/quadruped_mujoco/share/quadruped_mujoco/msg/Joints.msg
[7.798s] -- Up-to-date: /home/nisarg/Documents/repo/libchamp-imp/ros2_ws/install/quadruped_mujoco/share/quadruped_mujoco/msg/Pose.msg
[7.798s] -- Up-to-date: /home/nisarg/Documents/repo/libchamp-imp/ros2_ws/install/quadruped_mujoco/share/quadruped_mujoco/msg/Velocities.msg
[7.798s] -- Up-to-date: /home/nisarg/Documents/repo/libchamp-imp/ros2_ws/install/quadruped_mujoco/share/quadruped_mujoco/msg/ContactsStamped.msg
[7.798s] -- Up-to-date: /home/nisarg/Documents/repo/libchamp-imp/ros2_ws/install/quadruped_mujoco/lib/libquadruped_mujoco_lib.so
[7.798s] -- Up-to-date: /home/nisarg/Documents/repo/libchamp-imp/ros2_ws/install/quadruped_mujoco/lib/quadruped_mujoco/trot_node
[7.798s] -- Up-to-date: /home/nisarg/Documents/repo/libchamp-imp/ros2_ws/install/quadruped_mujoco/lib/quadruped_mujoco/turn_node
[7.798s] -- Up-to-date: /home/nisarg/Documents/repo/libchamp-imp/ros2_ws/install/quadruped_mujoco/lib/quadruped_mujoco/waypoint_nav_node
[7.798s] -- Up-to-date: /home/nisarg/Documents/repo/libchamp-imp/ros2_ws/install/quadruped_mujoco/lib/quadruped_mujoco/quadruped_controller_node
[7.798s] -- Installing: /home/nisarg/Documents/repo/libchamp-imp/ros2_ws/install/quadruped_mujoco/lib/quadruped_mujoco/mujoco_sim_node
[7.802s] -- Set runtime path of "/home/nisarg/Documents/repo/libchamp-imp/ros2_ws/install/quadruped_mujoco/lib/quadruped_mujoco/mujoco_sim_node" to ""
[7.802s] -- Up-to-date: /home/nisarg/Documents/repo/libchamp-imp/ros2_ws/install/quadruped_mujoco/include/
[7.802s] -- Up-to-date: /home/nisarg/Documents/repo/libchamp-imp/ros2_ws/install/quadruped_mujoco/include//quadruped_mujoco
[7.802s] -- Up-to-date: /home/nisarg/Documents/repo/libchamp-imp/ros2_ws/install/quadruped_mujoco/include//quadruped_mujoco/macros
[7.802s] -- Up-to-date: /home/nisarg/Documents/repo/libchamp-imp/ros2_ws/install/quadruped_mujoco/include//quadruped_mujoco/macros/macros.h
[7.802s] -- Up-to-date: /home/nisarg/Documents/repo/libchamp-imp/ros2_ws/install/quadruped_mujoco/include//quadruped_mujoco/geometry
[7.802s] -- Up-to-date: /home/nisarg/Documents/repo/libchamp-imp/ros2_ws/install/quadruped_mujoco/include//quadruped_mujoco/geometry/geometry.hpp
[7.802s] -- Up-to-date: /home/nisarg/Documents/repo/libchamp-imp/ros2_ws/install/quadruped_mujoco/include//quadruped_mujoco/controllers
[7.802s] -- Up-to-date: /home/nisarg/Documents/repo/libchamp-imp/ros2_ws/install/quadruped_mujoco/include//quadruped_mujoco/controllers/turn_controller.hpp
[7.802s] -- Up-to-date: /home/nisarg/Documents/repo/libchamp-imp/ros2_ws/install/quadruped_mujoco/include//quadruped_mujoco/controllers/waypoint_controller.hpp
[7.802s] -- Up-to-date: /home/nisarg/Documents/repo/libchamp-imp/ros2_ws/install/quadruped_mujoco/include//quadruped_mujoco/controllers/trot_controller.hpp
[7.802s] -- Up-to-date: /home/nisarg/Documents/repo/libchamp-imp/ros2_ws/install/quadruped_mujoco/include//quadruped_mujoco/controllers/quadruped_controller.hpp
[7.802s] -- Up-to-date: /home/nisarg/Documents/repo/libchamp-imp/ros2_ws/install/quadruped_mujoco/include//quadruped_mujoco/mujoco_interface.hpp
[7.802s] -- Up-to-date: /home/nisarg/Documents/repo/libchamp-imp/ros2_ws/install/quadruped_mujoco/include//quadruped_mujoco/kinematics
[7.802s] -- Up-to-date: /home/nisarg/Documents/repo/libchamp-imp/ros2_ws/install/quadruped_mujoco/include//quadruped_mujoco/kinematics/kinematics.hpp
[7.802s] -- Up-to-date: /home/nisarg/Documents/repo/libchamp-imp/ros2_ws/install/quadruped_mujoco/include//quadruped_mujoco/leg_controller
[7.802s] -- Up-to-date: /home/nisarg/Documents/repo/libchamp-imp/ros2_ws/install/quadruped_mujoco/include//quadruped_mujoco/leg_controller/trajectory_planner.hpp
[7.802s] -- Up-to-date: /home/nisarg/Documents/repo/libchamp-imp/ros2_ws/install/quadruped_mujoco/include//quadruped_mujoco/leg_controller/phase_generator.hpp
[7.802s] -- Up-to-date: /home/nisarg/Documents/repo/libchamp-imp/ros2_ws/install/quadruped_mujoco/include//quadruped_mujoco/leg_controller/leg_controller.hpp
[7.802s] -- Up-to-date: /home/nisarg/Documents/repo/libchamp-imp/ros2_ws/install/quadruped_mujoco/include//quadruped_mujoco/bla
[7.802s] -- Up-to-date: /home/nisarg/Documents/repo/libchamp-imp/ros2_ws/install/quadruped_mujoco/include//quadruped_mujoco/bla/basic_linear_algebra.h
[7.802s] -- Up-to-date: /home/nisarg/Documents/repo/libchamp-imp/ros2_ws/install/quadruped_mujoco/include//quadruped_mujoco/body_controller
[7.802s] -- Up-to-date: /home/nisarg/Documents/repo/libchamp-imp/ros2_ws/install/quadruped_mujoco/include//quadruped_mujoco/body_controller/body_controller.hpp
[7.802s] -- Up-to-date: /home/nisarg/Documents/repo/libchamp-imp/ros2_ws/install/quadruped_mujoco/include//quadruped_mujoco/quadruped_base
[7.802s] -- Up-to-date: /home/nisarg/Documents/repo/libchamp-imp/ros2_ws/install/quadruped_mujoco/include//quadruped_mujoco/quadruped_base/gait_config.hpp
[7.803s] -- Up-to-date: /home/nisarg/Documents/repo/libchamp-imp/ros2_ws/install/quadruped_mujoco/include//quadruped_mujoco/quadruped_base/quadruped_components.hpp
[7.803s] -- Up-to-date: /home/nisarg/Documents/repo/libchamp-imp/ros2_ws/install/quadruped_mujoco/include//quadruped_mujoco/quadruped_base/quadruped_base.hpp
[7.803s] -- Up-to-date: /home/nisarg/Documents/repo/libchamp-imp/ros2_ws/install/quadruped_mujoco/include//quadruped_mujoco/quadruped_base/quadruped_leg.hpp
[7.803s] -- Up-to-date: /home/nisarg/Documents/repo/libchamp-imp/ros2_ws/install/quadruped_mujoco/share/quadruped_mujoco/launch
[7.803s] -- Up-to-date: /home/nisarg/Documents/repo/libchamp-imp/ros2_ws/install/quadruped_mujoco/share/quadruped_mujoco/launch/turn.launch.py
[7.803s] -- Installing: /home/nisarg/Documents/repo/libchamp-imp/ros2_ws/install/quadruped_mujoco/share/quadruped_mujoco/launch/trot.launch.py
[7.803s] -- Up-to-date: /home/nisarg/Documents/repo/libchamp-imp/ros2_ws/install/quadruped_mujoco/share/quadruped_mujoco/launch/absolute_debug.launch.py
[7.803s] -- Up-to-date: /home/nisarg/Documents/repo/libchamp-imp/ros2_ws/install/quadruped_mujoco/share/quadruped_mujoco/launch/simulation.launch.py
[7.803s] -- Up-to-date: /home/nisarg/Documents/repo/libchamp-imp/ros2_ws/install/quadruped_mujoco/share/quadruped_mujoco/launch/debug_compat.launch.py
[7.803s] -- Up-to-date: /home/nisarg/Documents/repo/libchamp-imp/ros2_ws/install/quadruped_mujoco/share/quadruped_mujoco/launch/waypoint_nav.launch.py
[7.803s] -- Up-to-date: /home/nisarg/Documents/repo/libchamp-imp/ros2_ws/install/quadruped_mujoco/share/quadruped_mujoco/launch/view_model.launch.py
[7.803s] -- Up-to-date: /home/nisarg/Documents/repo/libchamp-imp/ros2_ws/install/quadruped_mujoco/share/quadruped_mujoco/launch/trot_without_sim.launch.py
[7.803s] -- Up-to-date: /home/nisarg/Documents/repo/libchamp-imp/ros2_ws/install/quadruped_mujoco/share/quadruped_mujoco/launch/debug_mujoco.launch.py
[7.803s] -- Up-to-date: /home/nisarg/Documents/repo/libchamp-imp/ros2_ws/install/quadruped_mujoco/share/quadruped_mujoco/launch/visualize_debug.launch.py
[7.803s] -- Up-to-date: /home/nisarg/Documents/repo/libchamp-imp/ros2_ws/install/quadruped_mujoco/share/quadruped_mujoco/models
[7.803s] -- Up-to-date: /home/nisarg/Documents/repo/libchamp-imp/ros2_ws/install/quadruped_mujoco/share/quadruped_mujoco/models/mjcf
[7.803s] -- Up-to-date: /home/nisarg/Documents/repo/libchamp-imp/ros2_ws/install/quadruped_mujoco/share/quadruped_mujoco/models/mjcf/simple_yobotics.xml
[7.803s] -- Up-to-date: /home/nisarg/Documents/repo/libchamp-imp/ros2_ws/install/quadruped_mujoco/share/quadruped_mujoco/models/mjcf/yobotics_compat.xml
[7.803s] -- Up-to-date: /home/nisarg/Documents/repo/libchamp-imp/ros2_ws/install/quadruped_mujoco/share/quadruped_mujoco/models/mjcf/yobotics.xml
[7.803s] -- Up-to-date: /home/nisarg/Documents/repo/libchamp-imp/ros2_ws/install/quadruped_mujoco/share/quadruped_mujoco/models/mjcf/yobotics_complete.xml
[7.803s] -- Up-to-date: /home/nisarg/Documents/repo/libchamp-imp/ros2_ws/install/quadruped_mujoco/share/quadruped_mujoco/models/meshes
[7.803s] -- Up-to-date: /home/nisarg/Documents/repo/libchamp-imp/ros2_ws/install/quadruped_mujoco/share/quadruped_mujoco/models/meshes/lower_leg.stl
[7.804s] -- Up-to-date: /home/nisarg/Documents/repo/libchamp-imp/ros2_ws/install/quadruped_mujoco/share/quadruped_mujoco/models/meshes/base.stl
[7.804s] -- Up-to-date: /home/nisarg/Documents/repo/libchamp-imp/ros2_ws/install/quadruped_mujoco/share/quadruped_mujoco/models/meshes/hip.STL
[7.804s] -- Up-to-date: /home/nisarg/Documents/repo/libchamp-imp/ros2_ws/install/quadruped_mujoco/share/quadruped_mujoco/models/meshes/thigh.STL
[7.804s] -- Up-to-date: /home/nisarg/Documents/repo/libchamp-imp/ros2_ws/install/quadruped_mujoco/share/quadruped_mujoco/models/meshes/upper_leg.stl
[7.804s] -- Up-to-date: /home/nisarg/Documents/repo/libchamp-imp/ros2_ws/install/quadruped_mujoco/share/quadruped_mujoco/models/meshes/arm
[7.804s] -- Up-to-date: /home/nisarg/Documents/repo/libchamp-imp/ros2_ws/install/quadruped_mujoco/share/quadruped_mujoco/models/meshes/arm/base.stl
[7.804s] -- Up-to-date: /home/nisarg/Documents/repo/libchamp-imp/ros2_ws/install/quadruped_mujoco/share/quadruped_mujoco/models/meshes/arm/wrist2.stl
[7.804s] -- Up-to-date: /home/nisarg/Documents/repo/libchamp-imp/ros2_ws/install/quadruped_mujoco/share/quadruped_mujoco/models/meshes/arm/upper_arm.stl
[7.804s] -- Up-to-date: /home/nisarg/Documents/repo/libchamp-imp/ros2_ws/install/quadruped_mujoco/share/quadruped_mujoco/models/meshes/arm/wrist1.stl
[7.804s] -- Up-to-date: /home/nisarg/Documents/repo/libchamp-imp/ros2_ws/install/quadruped_mujoco/share/quadruped_mujoco/models/meshes/arm/lower_arm.stl
[7.804s] -- Up-to-date: /home/nisarg/Documents/repo/libchamp-imp/ros2_ws/install/quadruped_mujoco/share/quadruped_mujoco/models/meshes/hip.stl
[7.804s] -- Up-to-date: /home/nisarg/Documents/repo/libchamp-imp/ros2_ws/install/quadruped_mujoco/share/quadruped_mujoco/models/meshes/calf.STL
[7.804s] -- Up-to-date: /home/nisarg/Documents/repo/libchamp-imp/ros2_ws/install/quadruped_mujoco/share/quadruped_mujoco/models/meshes/foot.STL
[7.804s] -- Up-to-date: /home/nisarg/Documents/repo/libchamp-imp/ros2_ws/install/quadruped_mujoco/share/quadruped_mujoco/models/meshes/trunk.STL
[7.804s] -- Up-to-date: /home/nisarg/Documents/repo/libchamp-imp/ros2_ws/install/quadruped_mujoco/share/quadruped_mujoco/launch
[7.804s] -- Up-to-date: /home/nisarg/Documents/repo/libchamp-imp/ros2_ws/install/quadruped_mujoco/share/quadruped_mujoco/launch/turn.launch.py
[7.804s] -- Up-to-date: /home/nisarg/Documents/repo/libchamp-imp/ros2_ws/install/quadruped_mujoco/share/quadruped_mujoco/launch/trot.launch.py
[7.804s] -- Up-to-date: /home/nisarg/Documents/repo/libchamp-imp/ros2_ws/install/quadruped_mujoco/share/quadruped_mujoco/launch/absolute_debug.launch.py
[7.804s] -- Up-to-date: /home/nisarg/Documents/repo/libchamp-imp/ros2_ws/install/quadruped_mujoco/share/quadruped_mujoco/launch/simulation.launch.py
[7.804s] -- Up-to-date: /home/nisarg/Documents/repo/libchamp-imp/ros2_ws/install/quadruped_mujoco/share/quadruped_mujoco/launch/debug_compat.launch.py
[7.804s] -- Up-to-date: /home/nisarg/Documents/repo/libchamp-imp/ros2_ws/install/quadruped_mujoco/share/quadruped_mujoco/launch/waypoint_nav.launch.py
[7.804s] -- Up-to-date: /home/nisarg/Documents/repo/libchamp-imp/ros2_ws/install/quadruped_mujoco/share/quadruped_mujoco/launch/view_model.launch.py
[7.804s] -- Up-to-date: /home/nisarg/Documents/repo/libchamp-imp/ros2_ws/install/quadruped_mujoco/share/quadruped_mujoco/launch/trot_without_sim.launch.py
[7.804s] -- Up-to-date: /home/nisarg/Documents/repo/libchamp-imp/ros2_ws/install/quadruped_mujoco/share/quadruped_mujoco/launch/debug_mujoco.launch.py
[7.804s] -- Up-to-date: /home/nisarg/Documents/repo/libchamp-imp/ros2_ws/install/quadruped_mujoco/share/quadruped_mujoco/launch/visualize_debug.launch.py
[7.804s] -- Installing: /home/nisarg/Documents/repo/libchamp-imp/ros2_ws/install/quadruped_mujoco/share/ament_index/resource_index/package_run_dependencies/quadruped_mujoco
[7.804s] -- Up-to-date: /home/nisarg/Documents/repo/libchamp-imp/ros2_ws/install/quadruped_mujoco/share/ament_index/resource_index/parent_prefix_path/quadruped_mujoco
[7.804s] -- Up-to-date: /home/nisarg/Documents/repo/libchamp-imp/ros2_ws/install/quadruped_mujoco/share/quadruped_mujoco/environment/ament_prefix_path.sh
[7.804s] -- Installing: /home/nisarg/Documents/repo/libchamp-imp/ros2_ws/install/quadruped_mujoco/share/quadruped_mujoco/environment/ament_prefix_path.dsv
[7.804s] -- Up-to-date: /home/nisarg/Documents/repo/libchamp-imp/ros2_ws/install/quadruped_mujoco/share/quadruped_mujoco/environment/path.sh
[7.804s] -- Installing: /home/nisarg/Documents/repo/libchamp-imp/ros2_ws/install/quadruped_mujoco/share/quadruped_mujoco/environment/path.dsv
[7.805s] -- Up-to-date: /home/nisarg/Documents/repo/libchamp-imp/ros2_ws/install/quadruped_mujoco/share/quadruped_mujoco/local_setup.bash
[7.805s] -- Up-to-date: /home/nisarg/Documents/repo/libchamp-imp/ros2_ws/install/quadruped_mujoco/share/quadruped_mujoco/local_setup.sh
[7.805s] -- Up-to-date: /home/nisarg/Documents/repo/libchamp-imp/ros2_ws/install/quadruped_mujoco/share/quadruped_mujoco/local_setup.zsh
[7.805s] -- Installing: /home/nisarg/Documents/repo/libchamp-imp/ros2_ws/install/quadruped_mujoco/share/quadruped_mujoco/local_setup.dsv
[7.805s] -- Installing: /home/nisarg/Documents/repo/libchamp-imp/ros2_ws/install/quadruped_mujoco/share/quadruped_mujoco/package.dsv
[7.805s] -- Up-to-date: /home/nisarg/Documents/repo/libchamp-imp/ros2_ws/install/quadruped_mujoco/share/ament_index/resource_index/packages/quadruped_mujoco
[7.805s] -- Up-to-date: /home/nisarg/Documents/repo/libchamp-imp/ros2_ws/install/quadruped_mujoco/share/quadruped_mujoco/cmake/export_quadruped_mujoco__rosidl_generator_cExport.cmake
[7.805s] -- Up-to-date: /home/nisarg/Documents/repo/libchamp-imp/ros2_ws/install/quadruped_mujoco/share/quadruped_mujoco/cmake/export_quadruped_mujoco__rosidl_generator_cExport-noconfig.cmake
[7.805s] -- Up-to-date: /home/nisarg/Documents/repo/libchamp-imp/ros2_ws/install/quadruped_mujoco/share/quadruped_mujoco/cmake/export_quadruped_mujoco__rosidl_typesupport_fastrtps_cExport.cmake
[7.805s] -- Up-to-date: /home/nisarg/Documents/repo/libchamp-imp/ros2_ws/install/quadruped_mujoco/share/quadruped_mujoco/cmake/export_quadruped_mujoco__rosidl_typesupport_fastrtps_cExport-noconfig.cmake
[7.805s] -- Up-to-date: /home/nisarg/Documents/repo/libchamp-imp/ros2_ws/install/quadruped_mujoco/share/quadruped_mujoco/cmake/export_quadruped_mujoco__rosidl_generator_cppExport.cmake
[7.805s] -- Up-to-date: /home/nisarg/Documents/repo/libchamp-imp/ros2_ws/install/quadruped_mujoco/share/quadruped_mujoco/cmake/export_quadruped_mujoco__rosidl_typesupport_fastrtps_cppExport.cmake
[7.805s] -- Up-to-date: /home/nisarg/Documents/repo/libchamp-imp/ros2_ws/install/quadruped_mujoco/share/quadruped_mujoco/cmake/export_quadruped_mujoco__rosidl_typesupport_fastrtps_cppExport-noconfig.cmake
[7.805s] -- Up-to-date: /home/nisarg/Documents/repo/libchamp-imp/ros2_ws/install/quadruped_mujoco/share/quadruped_mujoco/cmake/quadruped_mujoco__rosidl_typesupport_introspection_cExport.cmake
[7.805s] -- Up-to-date: /home/nisarg/Documents/repo/libchamp-imp/ros2_ws/install/quadruped_mujoco/share/quadruped_mujoco/cmake/quadruped_mujoco__rosidl_typesupport_introspection_cExport-noconfig.cmake
[7.805s] -- Up-to-date: /home/nisarg/Documents/repo/libchamp-imp/ros2_ws/install/quadruped_mujoco/share/quadruped_mujoco/cmake/quadruped_mujoco__rosidl_typesupport_cExport.cmake
[7.805s] -- Up-to-date: /home/nisarg/Documents/repo/libchamp-imp/ros2_ws/install/quadruped_mujoco/share/quadruped_mujoco/cmake/quadruped_mujoco__rosidl_typesupport_cExport-noconfig.cmake
[7.805s] -- Up-to-date: /home/nisarg/Documents/repo/libchamp-imp/ros2_ws/install/quadruped_mujoco/share/quadruped_mujoco/cmake/quadruped_mujoco__rosidl_typesupport_introspection_cppExport.cmake
[7.805s] -- Up-to-date: /home/nisarg/Documents/repo/libchamp-imp/ros2_ws/install/quadruped_mujoco/share/quadruped_mujoco/cmake/quadruped_mujoco__rosidl_typesupport_introspection_cppExport-noconfig.cmake
[7.805s] -- Up-to-date: /home/nisarg/Documents/repo/libchamp-imp/ros2_ws/install/quadruped_mujoco/share/quadruped_mujoco/cmake/quadruped_mujoco__rosidl_typesupport_cppExport.cmake
[7.805s] -- Up-to-date: /home/nisarg/Documents/repo/libchamp-imp/ros2_ws/install/quadruped_mujoco/share/quadruped_mujoco/cmake/quadruped_mujoco__rosidl_typesupport_cppExport-noconfig.cmake
[7.805s] -- Up-to-date: /home/nisarg/Documents/repo/libchamp-imp/ros2_ws/install/quadruped_mujoco/share/quadruped_mujoco/cmake/export_quadruped_mujoco__rosidl_generator_pyExport.cmake
[7.805s] -- Up-to-date: /home/nisarg/Documents/repo/libchamp-imp/ros2_ws/install/quadruped_mujoco/share/quadruped_mujoco/cmake/export_quadruped_mujoco__rosidl_generator_pyExport-noconfig.cmake
[7.805s] -- Up-to-date: /home/nisarg/Documents/repo/libchamp-imp/ros2_ws/install/quadruped_mujoco/share/quadruped_mujoco/cmake/quadruped_mujocoExport.cmake
[7.805s] -- Up-to-date: /home/nisarg/Documents/repo/libchamp-imp/ros2_ws/install/quadruped_mujoco/share/quadruped_mujoco/cmake/quadruped_mujocoExport-noconfig.cmake
[7.805s] -- Up-to-date: /home/nisarg/Documents/repo/libchamp-imp/ros2_ws/install/quadruped_mujoco/share/quadruped_mujoco/cmake/rosidl_cmake-extras.cmake
[7.805s] -- Up-to-date: /home/nisarg/Documents/repo/libchamp-imp/ros2_ws/install/quadruped_mujoco/share/quadruped_mujoco/cmake/ament_cmake_export_dependencies-extras.cmake
[7.805s] -- Up-to-date: /home/nisarg/Documents/repo/libchamp-imp/ros2_ws/install/quadruped_mujoco/share/quadruped_mujoco/cmake/ament_cmake_export_include_directories-extras.cmake
[7.805s] -- Up-to-date: /home/nisarg/Documents/repo/libchamp-imp/ros2_ws/install/quadruped_mujoco/share/quadruped_mujoco/cmake/ament_cmake_export_libraries-extras.cmake
[7.805s] -- Up-to-date: /home/nisarg/Documents/repo/libchamp-imp/ros2_ws/install/quadruped_mujoco/share/quadruped_mujoco/cmake/ament_cmake_export_targets-extras.cmake
[7.805s] -- Up-to-date: /home/nisarg/Documents/repo/libchamp-imp/ros2_ws/install/quadruped_mujoco/share/quadruped_mujoco/cmake/rosidl_cmake_export_typesupport_targets-extras.cmake
[7.806s] -- Up-to-date: /home/nisarg/Documents/repo/libchamp-imp/ros2_ws/install/quadruped_mujoco/share/quadruped_mujoco/cmake/rosidl_cmake_export_typesupport_libraries-extras.cmake
[7.806s] -- Up-to-date: /home/nisarg/Documents/repo/libchamp-imp/ros2_ws/install/quadruped_mujoco/share/quadruped_mujoco/cmake/quadruped_mujocoConfig.cmake
[7.806s] -- Up-to-date: /home/nisarg/Documents/repo/libchamp-imp/ros2_ws/install/quadruped_mujoco/share/quadruped_mujoco/cmake/quadruped_mujocoConfig-version.cmake
[7.806s] -- Installing: /home/nisarg/Documents/repo/libchamp-imp/ros2_ws/install/quadruped_mujoco/share/quadruped_mujoco/package.xml
[7.806s] Invoked command in '/home/nisarg/Documents/repo/libchamp-imp/ros2_ws/build/quadruped_mujoco' returned '0': CMAKE_PREFIX_PATH=${CMAKE_PREFIX_PATH}:/home/nisarg/Documents/repo/helium-quadruped-mjc/install/helium_quadruped_simulation:/home/nisarg/Documents/repo/helium-quadruped-mjc/install/helium_quadruped_description:/home/nisarg/Documents/repo/helium-quadruped-mjc/install/helium_quadruped_controller:/opt/ros/humble /usr/bin/cmake --install /home/nisarg/Documents/repo/libchamp-imp/ros2_ws/build/quadruped_mujoco
