[0.014s] Invoking command in '/home/nisarg/Documents/repo/libchamp-imp/build/champ_navigation': /usr/bin/cmake /home/nisarg/Documents/repo/libchamp-imp/champ/champ_navigation -DCATKIN_INSTALL_INTO_PREFIX_ROOT=0 -DCMAKE_INSTALL_PREFIX=/home/nisarg/Documents/repo/libchamp-imp/install/champ_navigation
[0.021s] [0mCMake Deprecation Warning at CMakeLists.txt:1 (cmake_minimum_required):
[0.021s]   Compatibility with CMake < 2.8.12 will be removed from a future version of
[0.021s]   CMake.
[0.021s] 
[0.021s]   Update the VERSION argument <min> value or use a ...<max> suffix to tell
[0.021s]   CMake that the project does not need compatibility with older versions.
[0.021s] 
[0.021s] [0m
[0.212s] -- The C compiler identification is GNU 11.4.0
[0.314s] -- The CXX compiler identification is GNU 11.4.0
[0.322s] -- Detecting C compiler ABI info
[0.378s] -- Detecting C compiler ABI info - done
[0.388s] -- Check for working C compiler: /usr/bin/cc - skipped
[0.388s] -- Detecting C compile features
[0.388s] -- Detecting C compile features - done
[0.392s] -- Detecting CXX compiler ABI info
[0.449s] -- Detecting CXX compiler ABI info - done
[0.455s] -- Check for working CXX compiler: /usr/bin/c++ - skipped
[0.455s] -- Detecting CXX compile features
[0.456s] -- Detecting CXX compile features - done
[0.465s] [31mCMake Error at CMakeLists.txt:4 (find_package):
[0.465s]   By not providing "Findcatkin.cmake" in CMAKE_MODULE_PATH this project has
[0.465s]   asked CMake to find a package configuration file provided by "catkin", but
[0.465s]   CMake did not find one.
[0.465s] 
[0.465s]   Could not find a package configuration file provided by "catkin" with any
[0.465s]   of the following names:
[0.465s] 
[0.465s]     catkinConfig.cmake
[0.465s]     catkin-config.cmake
[0.465s] 
[0.465s]   Add the installation prefix of "catkin" to CMAKE_PREFIX_PATH or set
[0.465s]   "catkin_DIR" to a directory containing one of the above files.  If "catkin"
[0.466s]   provides a separate development package or SDK, be sure it has been
[0.466s]   installed.
[0.466s] 
[0.466s] [0m
[0.466s] -- Configuring incomplete, errors occurred!
[0.466s] See also "/home/nisarg/Documents/repo/libchamp-imp/build/champ_navigation/CMakeFiles/CMakeOutput.log".
[0.467s] Invoked command in '/home/nisarg/Documents/repo/libchamp-imp/build/champ_navigation' returned '1': /usr/bin/cmake /home/nisarg/Documents/repo/libchamp-imp/champ/champ_navigation -DCATKIN_INSTALL_INTO_PREFIX_ROOT=0 -DCMAKE_INSTALL_PREFIX=/home/nisarg/Documents/repo/libchamp-imp/install/champ_navigation
