[0.000000] (-) TimerEvent: {}
[0.000148] (champ) JobQueued: {'identifier': 'champ', 'dependencies': OrderedDict()}
[0.000164] (champ_description) JobQueued: {'identifier': 'champ_description', 'dependencies': OrderedDict()}
[0.000174] (champ_msgs) JobQueued: {'identifier': 'champ_msgs', 'dependencies': OrderedDict()}
[0.000182] (champ_navigation) JobQueued: {'identifier': 'champ_navigation', 'dependencies': OrderedDict()}
[0.000189] (quadruped_mujoco) JobQueued: {'identifier': 'quadruped_mujoco', 'dependencies': OrderedDict()}
[0.000196] (champ_base) JobQueued: {'identifier': 'champ_base', 'dependencies': OrderedDict([('champ', '/home/nisarg/Documents/repo/libchamp-imp/install/champ'), ('champ_msgs', '/home/nisarg/Documents/repo/libchamp-imp/install/champ_msgs')])}
[0.000206] (champ_gazebo) JobQueued: {'identifier': 'champ_gazebo', 'dependencies': OrderedDict([('champ', '/home/nisarg/Documents/repo/libchamp-imp/install/champ'), ('champ_msgs', '/home/nisarg/Documents/repo/libchamp-imp/install/champ_msgs')])}
[0.000214] (champ_bringup) JobQueued: {'identifier': 'champ_bringup', 'dependencies': OrderedDict([('champ', '/home/nisarg/Documents/repo/libchamp-imp/install/champ'), ('champ_description', '/home/nisarg/Documents/repo/libchamp-imp/install/champ_description'), ('champ_msgs', '/home/nisarg/Documents/repo/libchamp-imp/install/champ_msgs'), ('champ_base', '/home/nisarg/Documents/repo/libchamp-imp/install/champ_base')])}
[0.000226] (champ_config) JobQueued: {'identifier': 'champ_config', 'dependencies': OrderedDict([('champ', '/home/nisarg/Documents/repo/libchamp-imp/install/champ'), ('champ_msgs', '/home/nisarg/Documents/repo/libchamp-imp/install/champ_msgs'), ('champ_base', '/home/nisarg/Documents/repo/libchamp-imp/install/champ_base')])}
[0.000475] (champ) JobStarted: {'identifier': 'champ'}
[0.006625] (champ_msgs) JobStarted: {'identifier': 'champ_msgs'}
[0.009560] (champ_description) JobStarted: {'identifier': 'champ_description'}
[0.012723] (champ_navigation) JobStarted: {'identifier': 'champ_navigation'}
[0.015477] (quadruped_mujoco) JobStarted: {'identifier': 'quadruped_mujoco'}
[0.019269] (champ) JobProgress: {'identifier': 'champ', 'progress': 'cmake'}
[0.019614] (champ) Command: {'cmd': ['/usr/bin/cmake', '/home/nisarg/Documents/repo/libchamp-imp/champ/champ', '-DCATKIN_INSTALL_INTO_PREFIX_ROOT=0', '-DCMAKE_INSTALL_PREFIX=/home/nisarg/Documents/repo/libchamp-imp/install/champ'], 'cwd': '/home/nisarg/Documents/repo/libchamp-imp/build/champ', 'env': OrderedDict([('LANGUAGE', 'en_IN:en'), ('USER', 'nisarg'), ('ROS_PACKAGE_PATH', '/home/nisarg/quadruped_ws/install/unitree_legged_sdk/share'), ('XDG_SESSION_TYPE', 'x11'), ('SHLVL', '1'), ('LD_LIBRARY_PATH', '/home/nisarg/quadruped_ws/install/unitree_go/lib:/home/nisarg/quadruped_ws/install/unitree_api/lib:/home/nisarg/quadruped_ws/install/champ_msgs/lib:/usr/lib/x86_64-linux-gnu/gazebo-11/plugins:/opt/ros/humble/opt/rviz_ogre_vendor/lib:/opt/ros/humble/lib/x86_64-linux-gnu:/opt/ros/humble/lib:/home/nisarg/.mujoco/mujoco-2.3.2/lib'), ('HOME', '/home/nisarg'), ('CONDA_SHLVL', '0'), ('OLDPWD', '/home/nisarg/Documents/repo/libchamp-imp/quadruped_mujoco'), ('DESKTOP_SESSION', 'ubuntu'), ('ROS_PYTHON_VERSION', '3'), ('GNOME_SHELL_SESSION_MODE', 'ubuntu'), ('GTK_MODULES', 'gail:atk-bridge'), ('DBUS_STARTER_BUS_TYPE', 'session'), ('SYSTEMD_EXEC_PID', '2077'), ('DBUS_SESSION_BUS_ADDRESS', 'unix:path=/run/user/1000/bus,guid=58fb2e70a84f26ae4837249467d40824'), ('COLORTERM', 'truecolor'), ('_CE_M', ''), ('COLCON_PREFIX_PATH', '/home/nisarg/Documents/repo/helium-quadruped-mjc/install:/home/nisarg/quadruped_ws/install'), ('ROS_DISTRO', 'humble'), ('GTK_IM_MODULE', 'ibus'), ('LOGNAME', 'nisarg'), ('_', '/usr/bin/colcon'), ('ROS_VERSION', '2'), ('PKG_CONFIG_PATH', '/home/nisarg/quadruped_ws/install/unitree_legged_sdk/lib/x86_64-linux-gnu/pkgconfig:/home/nisarg/quadruped_ws/install/unitree_legged_sdk/lib/pkgconfig'), ('XDG_SESSION_CLASS', 'user'), ('USERNAME', 'nisarg'), ('TERM', 'xterm-256color'), ('GNOME_DESKTOP_SESSION_ID', 'this-is-deprecated'), ('_CE_CONDA', ''), ('ROS_LOCALHOST_ONLY', '0'), ('WINDOWPATH', '2'), ('PATH', '/home/nisarg/miniconda3/condabin:/opt/ros/humble/bin:/usr/local/sbin:/usr/local/bin:/usr/sbin:/usr/bin:/sbin:/bin:/usr/games:/usr/local/games:/snap/bin:/snap/bin'), ('SESSION_MANAGER', 'local/nisarg-OMEN:@/tmp/.ICE-unix/2077,unix/nisarg-OMEN:/tmp/.ICE-unix/2077'), ('XDG_MENU_PREFIX', 'gnome-'), ('GNOME_TERMINAL_SCREEN', '/org/gnome/Terminal/screen/aa0289b4_f0d4_4df0_8369_f9fc0a83c526'), ('MUJOCO_PATH', '/home/nisarg/.mujoco/mujoco-2.3.2'), ('XDG_RUNTIME_DIR', '/run/user/1000'), ('DISPLAY', ':1'), ('LANG', 'en_US.UTF-8'), ('XDG_CURRENT_DESKTOP', 'ubuntu:GNOME'), ('XMODIFIERS', '@im=ibus'), ('XDG_SESSION_DESKTOP', 'ubuntu'), ('XAUTHORITY', '/run/user/1000/gdm/Xauthority'), ('GNOME_TERMINAL_SERVICE', ':1.114'), ('SSH_AGENT_LAUNCHER', 'gnome-keyring'), ('SSH_AUTH_SOCK', '/run/user/1000/keyring/ssh'), ('ROS_DOMAIN_ID', '47'), ('AMENT_PREFIX_PATH', '/home/nisarg/Documents/repo/helium-quadruped-mjc/install/helium_quadruped_simulation:/home/nisarg/Documents/repo/helium-quadruped-mjc/install/helium_quadruped_description:/home/nisarg/Documents/repo/helium-quadruped-mjc/install/helium_quadruped_controller:/home/nisarg/quadruped_ws/install/unitree_go:/home/nisarg/quadruped_ws/install/unitree_api:/home/nisarg/quadruped_ws/install/champ_teleop:/home/nisarg/quadruped_ws/install/champ_msgs:/home/nisarg/quadruped_ws/install/champ_description:/home/nisarg/quadruped_ws/install/champ:/opt/ros/humble'), ('CONDA_PYTHON_EXE', '/home/nisarg/miniconda3/bin/python'), ('SHELL', '/bin/bash'), ('QT_ACCESSIBILITY', '1'), ('GDMSESSION', 'ubuntu'), ('GPG_AGENT_INFO', '/run/user/1000/gnupg/S.gpg-agent:0:1'), ('QT_IM_MODULE', 'ibus'), ('PWD', '/home/nisarg/Documents/repo/libchamp-imp/build/champ'), ('LC_ALL', 'en_US.UTF-8'), ('XDG_CONFIG_DIRS', '/etc/xdg/xdg-ubuntu:/etc/xdg'), ('CONDA_EXE', '/home/nisarg/miniconda3/bin/conda'), ('DBUS_STARTER_ADDRESS', 'unix:path=/run/user/1000/bus,guid=58fb2e70a84f26ae4837249467d40824'), ('MUJOCO_PLUGIN_PATH', '/home/nisarg/.mujoco/mujoco-2.3.2/lib'), ('XDG_DATA_DIRS', '/usr/share/ubuntu:/usr/share/gnome:/usr/local/share/:/usr/share/:/var/lib/snapd/desktop'), ('PYTHONPATH', '/home/nisarg/Documents/repo/helium-quadruped-mjc/install/helium_quadruped_simulation/lib/python3.10/site-packages:/home/nisarg/Documents/repo/helium-quadruped-mjc/install/helium_quadruped_description/lib/python3.10/site-packages:/home/nisarg/Documents/repo/helium-quadruped-mjc/install/helium_quadruped_controller/lib/python3.10/site-packages:/home/nisarg/quadruped_ws/install/unitree_go/local/lib/python3.10/dist-packages:/home/nisarg/quadruped_ws/install/unitree_api/local/lib/python3.10/dist-packages:/home/nisarg/quadruped_ws/install/champ_msgs/local/lib/python3.10/dist-packages:/opt/ros/humble/lib/python3.10/site-packages:/opt/ros/humble/local/lib/python3.10/dist-packages'), ('COLCON', '1'), ('VTE_VERSION', '6800'), ('CMAKE_PREFIX_PATH', '/home/nisarg/quadruped_ws/install/unitree_go:/home/nisarg/quadruped_ws/install/unitree_api:/home/nisarg/quadruped_ws/install/champ_teleop:/home/nisarg/quadruped_ws/install/champ_msgs:/home/nisarg/quadruped_ws/install/champ_description:/home/nisarg/quadruped_ws/install/champ')]), 'shell': False}
[0.021761] (champ_msgs) JobProgress: {'identifier': 'champ_msgs', 'progress': 'cmake'}
[0.022393] (champ_msgs) Command: {'cmd': ['/usr/bin/cmake', '/home/nisarg/Documents/repo/libchamp-imp/champ/champ_msgs', '-DCATKIN_INSTALL_INTO_PREFIX_ROOT=0', '-DCMAKE_INSTALL_PREFIX=/home/nisarg/Documents/repo/libchamp-imp/install/champ_msgs'], 'cwd': '/home/nisarg/Documents/repo/libchamp-imp/build/champ_msgs', 'env': OrderedDict([('LANGUAGE', 'en_IN:en'), ('USER', 'nisarg'), ('ROS_PACKAGE_PATH', '/home/nisarg/quadruped_ws/install/unitree_legged_sdk/share'), ('XDG_SESSION_TYPE', 'x11'), ('SHLVL', '1'), ('LD_LIBRARY_PATH', '/home/nisarg/quadruped_ws/install/unitree_go/lib:/home/nisarg/quadruped_ws/install/unitree_api/lib:/home/nisarg/quadruped_ws/install/champ_msgs/lib:/usr/lib/x86_64-linux-gnu/gazebo-11/plugins:/opt/ros/humble/opt/rviz_ogre_vendor/lib:/opt/ros/humble/lib/x86_64-linux-gnu:/opt/ros/humble/lib:/home/nisarg/.mujoco/mujoco-2.3.2/lib'), ('HOME', '/home/nisarg'), ('CONDA_SHLVL', '0'), ('OLDPWD', '/home/nisarg/Documents/repo/libchamp-imp/quadruped_mujoco'), ('DESKTOP_SESSION', 'ubuntu'), ('ROS_PYTHON_VERSION', '3'), ('GNOME_SHELL_SESSION_MODE', 'ubuntu'), ('GTK_MODULES', 'gail:atk-bridge'), ('DBUS_STARTER_BUS_TYPE', 'session'), ('SYSTEMD_EXEC_PID', '2077'), ('DBUS_SESSION_BUS_ADDRESS', 'unix:path=/run/user/1000/bus,guid=58fb2e70a84f26ae4837249467d40824'), ('COLORTERM', 'truecolor'), ('_CE_M', ''), ('COLCON_PREFIX_PATH', '/home/nisarg/Documents/repo/helium-quadruped-mjc/install:/home/nisarg/quadruped_ws/install'), ('ROS_DISTRO', 'humble'), ('GTK_IM_MODULE', 'ibus'), ('LOGNAME', 'nisarg'), ('_', '/usr/bin/colcon'), ('ROS_VERSION', '2'), ('PKG_CONFIG_PATH', '/home/nisarg/quadruped_ws/install/unitree_legged_sdk/lib/x86_64-linux-gnu/pkgconfig:/home/nisarg/quadruped_ws/install/unitree_legged_sdk/lib/pkgconfig'), ('XDG_SESSION_CLASS', 'user'), ('USERNAME', 'nisarg'), ('TERM', 'xterm-256color'), ('GNOME_DESKTOP_SESSION_ID', 'this-is-deprecated'), ('_CE_CONDA', ''), ('ROS_LOCALHOST_ONLY', '0'), ('WINDOWPATH', '2'), ('PATH', '/home/nisarg/miniconda3/condabin:/opt/ros/humble/bin:/usr/local/sbin:/usr/local/bin:/usr/sbin:/usr/bin:/sbin:/bin:/usr/games:/usr/local/games:/snap/bin:/snap/bin'), ('SESSION_MANAGER', 'local/nisarg-OMEN:@/tmp/.ICE-unix/2077,unix/nisarg-OMEN:/tmp/.ICE-unix/2077'), ('XDG_MENU_PREFIX', 'gnome-'), ('GNOME_TERMINAL_SCREEN', '/org/gnome/Terminal/screen/aa0289b4_f0d4_4df0_8369_f9fc0a83c526'), ('MUJOCO_PATH', '/home/nisarg/.mujoco/mujoco-2.3.2'), ('XDG_RUNTIME_DIR', '/run/user/1000'), ('DISPLAY', ':1'), ('LANG', 'en_US.UTF-8'), ('XDG_CURRENT_DESKTOP', 'ubuntu:GNOME'), ('XMODIFIERS', '@im=ibus'), ('XDG_SESSION_DESKTOP', 'ubuntu'), ('XAUTHORITY', '/run/user/1000/gdm/Xauthority'), ('GNOME_TERMINAL_SERVICE', ':1.114'), ('SSH_AGENT_LAUNCHER', 'gnome-keyring'), ('SSH_AUTH_SOCK', '/run/user/1000/keyring/ssh'), ('ROS_DOMAIN_ID', '47'), ('AMENT_PREFIX_PATH', '/home/nisarg/Documents/repo/helium-quadruped-mjc/install/helium_quadruped_simulation:/home/nisarg/Documents/repo/helium-quadruped-mjc/install/helium_quadruped_description:/home/nisarg/Documents/repo/helium-quadruped-mjc/install/helium_quadruped_controller:/home/nisarg/quadruped_ws/install/unitree_go:/home/nisarg/quadruped_ws/install/unitree_api:/home/nisarg/quadruped_ws/install/champ_teleop:/home/nisarg/quadruped_ws/install/champ_msgs:/home/nisarg/quadruped_ws/install/champ_description:/home/nisarg/quadruped_ws/install/champ:/opt/ros/humble'), ('CONDA_PYTHON_EXE', '/home/nisarg/miniconda3/bin/python'), ('SHELL', '/bin/bash'), ('QT_ACCESSIBILITY', '1'), ('GDMSESSION', 'ubuntu'), ('GPG_AGENT_INFO', '/run/user/1000/gnupg/S.gpg-agent:0:1'), ('QT_IM_MODULE', 'ibus'), ('PWD', '/home/nisarg/Documents/repo/libchamp-imp/build/champ_msgs'), ('LC_ALL', 'en_US.UTF-8'), ('XDG_CONFIG_DIRS', '/etc/xdg/xdg-ubuntu:/etc/xdg'), ('CONDA_EXE', '/home/nisarg/miniconda3/bin/conda'), ('DBUS_STARTER_ADDRESS', 'unix:path=/run/user/1000/bus,guid=58fb2e70a84f26ae4837249467d40824'), ('MUJOCO_PLUGIN_PATH', '/home/nisarg/.mujoco/mujoco-2.3.2/lib'), ('XDG_DATA_DIRS', '/usr/share/ubuntu:/usr/share/gnome:/usr/local/share/:/usr/share/:/var/lib/snapd/desktop'), ('PYTHONPATH', '/home/nisarg/Documents/repo/helium-quadruped-mjc/install/helium_quadruped_simulation/lib/python3.10/site-packages:/home/nisarg/Documents/repo/helium-quadruped-mjc/install/helium_quadruped_description/lib/python3.10/site-packages:/home/nisarg/Documents/repo/helium-quadruped-mjc/install/helium_quadruped_controller/lib/python3.10/site-packages:/home/nisarg/quadruped_ws/install/unitree_go/local/lib/python3.10/dist-packages:/home/nisarg/quadruped_ws/install/unitree_api/local/lib/python3.10/dist-packages:/home/nisarg/quadruped_ws/install/champ_msgs/local/lib/python3.10/dist-packages:/opt/ros/humble/lib/python3.10/site-packages:/opt/ros/humble/local/lib/python3.10/dist-packages'), ('COLCON', '1'), ('VTE_VERSION', '6800'), ('CMAKE_PREFIX_PATH', '/home/nisarg/quadruped_ws/install/unitree_go:/home/nisarg/quadruped_ws/install/unitree_api:/home/nisarg/quadruped_ws/install/champ_teleop:/home/nisarg/quadruped_ws/install/champ_msgs:/home/nisarg/quadruped_ws/install/champ_description:/home/nisarg/quadruped_ws/install/champ')]), 'shell': False}
[0.023885] (champ_description) JobProgress: {'identifier': 'champ_description', 'progress': 'cmake'}
[0.024227] (champ_description) Command: {'cmd': ['/usr/bin/cmake', '/home/nisarg/Documents/repo/libchamp-imp/champ/champ_description', '-DCATKIN_INSTALL_INTO_PREFIX_ROOT=0', '-DCMAKE_INSTALL_PREFIX=/home/nisarg/Documents/repo/libchamp-imp/install/champ_description'], 'cwd': '/home/nisarg/Documents/repo/libchamp-imp/build/champ_description', 'env': OrderedDict([('LANGUAGE', 'en_IN:en'), ('USER', 'nisarg'), ('ROS_PACKAGE_PATH', '/home/nisarg/quadruped_ws/install/unitree_legged_sdk/share'), ('XDG_SESSION_TYPE', 'x11'), ('SHLVL', '1'), ('LD_LIBRARY_PATH', '/home/nisarg/quadruped_ws/install/unitree_go/lib:/home/nisarg/quadruped_ws/install/unitree_api/lib:/home/nisarg/quadruped_ws/install/champ_msgs/lib:/usr/lib/x86_64-linux-gnu/gazebo-11/plugins:/opt/ros/humble/opt/rviz_ogre_vendor/lib:/opt/ros/humble/lib/x86_64-linux-gnu:/opt/ros/humble/lib:/home/nisarg/.mujoco/mujoco-2.3.2/lib'), ('HOME', '/home/nisarg'), ('CONDA_SHLVL', '0'), ('OLDPWD', '/home/nisarg/Documents/repo/libchamp-imp/quadruped_mujoco'), ('DESKTOP_SESSION', 'ubuntu'), ('ROS_PYTHON_VERSION', '3'), ('GNOME_SHELL_SESSION_MODE', 'ubuntu'), ('GTK_MODULES', 'gail:atk-bridge'), ('DBUS_STARTER_BUS_TYPE', 'session'), ('SYSTEMD_EXEC_PID', '2077'), ('DBUS_SESSION_BUS_ADDRESS', 'unix:path=/run/user/1000/bus,guid=58fb2e70a84f26ae4837249467d40824'), ('COLORTERM', 'truecolor'), ('_CE_M', ''), ('COLCON_PREFIX_PATH', '/home/nisarg/Documents/repo/helium-quadruped-mjc/install:/home/nisarg/quadruped_ws/install'), ('ROS_DISTRO', 'humble'), ('GTK_IM_MODULE', 'ibus'), ('LOGNAME', 'nisarg'), ('_', '/usr/bin/colcon'), ('ROS_VERSION', '2'), ('PKG_CONFIG_PATH', '/home/nisarg/quadruped_ws/install/unitree_legged_sdk/lib/x86_64-linux-gnu/pkgconfig:/home/nisarg/quadruped_ws/install/unitree_legged_sdk/lib/pkgconfig'), ('XDG_SESSION_CLASS', 'user'), ('USERNAME', 'nisarg'), ('TERM', 'xterm-256color'), ('GNOME_DESKTOP_SESSION_ID', 'this-is-deprecated'), ('_CE_CONDA', ''), ('ROS_LOCALHOST_ONLY', '0'), ('WINDOWPATH', '2'), ('PATH', '/home/nisarg/miniconda3/condabin:/opt/ros/humble/bin:/usr/local/sbin:/usr/local/bin:/usr/sbin:/usr/bin:/sbin:/bin:/usr/games:/usr/local/games:/snap/bin:/snap/bin'), ('SESSION_MANAGER', 'local/nisarg-OMEN:@/tmp/.ICE-unix/2077,unix/nisarg-OMEN:/tmp/.ICE-unix/2077'), ('XDG_MENU_PREFIX', 'gnome-'), ('GNOME_TERMINAL_SCREEN', '/org/gnome/Terminal/screen/aa0289b4_f0d4_4df0_8369_f9fc0a83c526'), ('MUJOCO_PATH', '/home/nisarg/.mujoco/mujoco-2.3.2'), ('XDG_RUNTIME_DIR', '/run/user/1000'), ('DISPLAY', ':1'), ('LANG', 'en_US.UTF-8'), ('XDG_CURRENT_DESKTOP', 'ubuntu:GNOME'), ('XMODIFIERS', '@im=ibus'), ('XDG_SESSION_DESKTOP', 'ubuntu'), ('XAUTHORITY', '/run/user/1000/gdm/Xauthority'), ('GNOME_TERMINAL_SERVICE', ':1.114'), ('SSH_AGENT_LAUNCHER', 'gnome-keyring'), ('SSH_AUTH_SOCK', '/run/user/1000/keyring/ssh'), ('ROS_DOMAIN_ID', '47'), ('AMENT_PREFIX_PATH', '/home/nisarg/Documents/repo/helium-quadruped-mjc/install/helium_quadruped_simulation:/home/nisarg/Documents/repo/helium-quadruped-mjc/install/helium_quadruped_description:/home/nisarg/Documents/repo/helium-quadruped-mjc/install/helium_quadruped_controller:/home/nisarg/quadruped_ws/install/unitree_go:/home/nisarg/quadruped_ws/install/unitree_api:/home/nisarg/quadruped_ws/install/champ_teleop:/home/nisarg/quadruped_ws/install/champ_msgs:/home/nisarg/quadruped_ws/install/champ_description:/home/nisarg/quadruped_ws/install/champ:/opt/ros/humble'), ('CONDA_PYTHON_EXE', '/home/nisarg/miniconda3/bin/python'), ('SHELL', '/bin/bash'), ('QT_ACCESSIBILITY', '1'), ('GDMSESSION', 'ubuntu'), ('GPG_AGENT_INFO', '/run/user/1000/gnupg/S.gpg-agent:0:1'), ('QT_IM_MODULE', 'ibus'), ('PWD', '/home/nisarg/Documents/repo/libchamp-imp/build/champ_description'), ('LC_ALL', 'en_US.UTF-8'), ('XDG_CONFIG_DIRS', '/etc/xdg/xdg-ubuntu:/etc/xdg'), ('CONDA_EXE', '/home/nisarg/miniconda3/bin/conda'), ('DBUS_STARTER_ADDRESS', 'unix:path=/run/user/1000/bus,guid=58fb2e70a84f26ae4837249467d40824'), ('MUJOCO_PLUGIN_PATH', '/home/nisarg/.mujoco/mujoco-2.3.2/lib'), ('XDG_DATA_DIRS', '/usr/share/ubuntu:/usr/share/gnome:/usr/local/share/:/usr/share/:/var/lib/snapd/desktop'), ('PYTHONPATH', '/home/nisarg/Documents/repo/helium-quadruped-mjc/install/helium_quadruped_simulation/lib/python3.10/site-packages:/home/nisarg/Documents/repo/helium-quadruped-mjc/install/helium_quadruped_description/lib/python3.10/site-packages:/home/nisarg/Documents/repo/helium-quadruped-mjc/install/helium_quadruped_controller/lib/python3.10/site-packages:/home/nisarg/quadruped_ws/install/unitree_go/local/lib/python3.10/dist-packages:/home/nisarg/quadruped_ws/install/unitree_api/local/lib/python3.10/dist-packages:/home/nisarg/quadruped_ws/install/champ_msgs/local/lib/python3.10/dist-packages:/opt/ros/humble/lib/python3.10/site-packages:/opt/ros/humble/local/lib/python3.10/dist-packages'), ('COLCON', '1'), ('VTE_VERSION', '6800'), ('CMAKE_PREFIX_PATH', '/home/nisarg/quadruped_ws/install/unitree_go:/home/nisarg/quadruped_ws/install/unitree_api:/home/nisarg/quadruped_ws/install/champ_teleop:/home/nisarg/quadruped_ws/install/champ_msgs:/home/nisarg/quadruped_ws/install/champ_description:/home/nisarg/quadruped_ws/install/champ')]), 'shell': False}
[0.025374] (champ_navigation) JobProgress: {'identifier': 'champ_navigation', 'progress': 'cmake'}
[0.025549] (champ_navigation) Command: {'cmd': ['/usr/bin/cmake', '/home/nisarg/Documents/repo/libchamp-imp/champ/champ_navigation', '-DCATKIN_INSTALL_INTO_PREFIX_ROOT=0', '-DCMAKE_INSTALL_PREFIX=/home/nisarg/Documents/repo/libchamp-imp/install/champ_navigation'], 'cwd': '/home/nisarg/Documents/repo/libchamp-imp/build/champ_navigation', 'env': OrderedDict([('LANGUAGE', 'en_IN:en'), ('USER', 'nisarg'), ('ROS_PACKAGE_PATH', '/home/nisarg/quadruped_ws/install/unitree_legged_sdk/share'), ('XDG_SESSION_TYPE', 'x11'), ('SHLVL', '1'), ('LD_LIBRARY_PATH', '/home/nisarg/quadruped_ws/install/unitree_go/lib:/home/nisarg/quadruped_ws/install/unitree_api/lib:/home/nisarg/quadruped_ws/install/champ_msgs/lib:/usr/lib/x86_64-linux-gnu/gazebo-11/plugins:/opt/ros/humble/opt/rviz_ogre_vendor/lib:/opt/ros/humble/lib/x86_64-linux-gnu:/opt/ros/humble/lib:/home/nisarg/.mujoco/mujoco-2.3.2/lib'), ('HOME', '/home/nisarg'), ('CONDA_SHLVL', '0'), ('OLDPWD', '/home/nisarg/Documents/repo/libchamp-imp/quadruped_mujoco'), ('DESKTOP_SESSION', 'ubuntu'), ('ROS_PYTHON_VERSION', '3'), ('GNOME_SHELL_SESSION_MODE', 'ubuntu'), ('GTK_MODULES', 'gail:atk-bridge'), ('DBUS_STARTER_BUS_TYPE', 'session'), ('SYSTEMD_EXEC_PID', '2077'), ('DBUS_SESSION_BUS_ADDRESS', 'unix:path=/run/user/1000/bus,guid=58fb2e70a84f26ae4837249467d40824'), ('COLORTERM', 'truecolor'), ('_CE_M', ''), ('COLCON_PREFIX_PATH', '/home/nisarg/Documents/repo/helium-quadruped-mjc/install:/home/nisarg/quadruped_ws/install'), ('ROS_DISTRO', 'humble'), ('GTK_IM_MODULE', 'ibus'), ('LOGNAME', 'nisarg'), ('_', '/usr/bin/colcon'), ('ROS_VERSION', '2'), ('PKG_CONFIG_PATH', '/home/nisarg/quadruped_ws/install/unitree_legged_sdk/lib/x86_64-linux-gnu/pkgconfig:/home/nisarg/quadruped_ws/install/unitree_legged_sdk/lib/pkgconfig'), ('XDG_SESSION_CLASS', 'user'), ('USERNAME', 'nisarg'), ('TERM', 'xterm-256color'), ('GNOME_DESKTOP_SESSION_ID', 'this-is-deprecated'), ('_CE_CONDA', ''), ('ROS_LOCALHOST_ONLY', '0'), ('WINDOWPATH', '2'), ('PATH', '/home/nisarg/miniconda3/condabin:/opt/ros/humble/bin:/usr/local/sbin:/usr/local/bin:/usr/sbin:/usr/bin:/sbin:/bin:/usr/games:/usr/local/games:/snap/bin:/snap/bin'), ('SESSION_MANAGER', 'local/nisarg-OMEN:@/tmp/.ICE-unix/2077,unix/nisarg-OMEN:/tmp/.ICE-unix/2077'), ('XDG_MENU_PREFIX', 'gnome-'), ('GNOME_TERMINAL_SCREEN', '/org/gnome/Terminal/screen/aa0289b4_f0d4_4df0_8369_f9fc0a83c526'), ('MUJOCO_PATH', '/home/nisarg/.mujoco/mujoco-2.3.2'), ('XDG_RUNTIME_DIR', '/run/user/1000'), ('DISPLAY', ':1'), ('LANG', 'en_US.UTF-8'), ('XDG_CURRENT_DESKTOP', 'ubuntu:GNOME'), ('XMODIFIERS', '@im=ibus'), ('XDG_SESSION_DESKTOP', 'ubuntu'), ('XAUTHORITY', '/run/user/1000/gdm/Xauthority'), ('GNOME_TERMINAL_SERVICE', ':1.114'), ('SSH_AGENT_LAUNCHER', 'gnome-keyring'), ('SSH_AUTH_SOCK', '/run/user/1000/keyring/ssh'), ('ROS_DOMAIN_ID', '47'), ('AMENT_PREFIX_PATH', '/home/nisarg/Documents/repo/helium-quadruped-mjc/install/helium_quadruped_simulation:/home/nisarg/Documents/repo/helium-quadruped-mjc/install/helium_quadruped_description:/home/nisarg/Documents/repo/helium-quadruped-mjc/install/helium_quadruped_controller:/home/nisarg/quadruped_ws/install/unitree_go:/home/nisarg/quadruped_ws/install/unitree_api:/home/nisarg/quadruped_ws/install/champ_teleop:/home/nisarg/quadruped_ws/install/champ_msgs:/home/nisarg/quadruped_ws/install/champ_description:/home/nisarg/quadruped_ws/install/champ:/opt/ros/humble'), ('CONDA_PYTHON_EXE', '/home/nisarg/miniconda3/bin/python'), ('SHELL', '/bin/bash'), ('QT_ACCESSIBILITY', '1'), ('GDMSESSION', 'ubuntu'), ('GPG_AGENT_INFO', '/run/user/1000/gnupg/S.gpg-agent:0:1'), ('QT_IM_MODULE', 'ibus'), ('PWD', '/home/nisarg/Documents/repo/libchamp-imp/build/champ_navigation'), ('LC_ALL', 'en_US.UTF-8'), ('XDG_CONFIG_DIRS', '/etc/xdg/xdg-ubuntu:/etc/xdg'), ('CONDA_EXE', '/home/nisarg/miniconda3/bin/conda'), ('DBUS_STARTER_ADDRESS', 'unix:path=/run/user/1000/bus,guid=58fb2e70a84f26ae4837249467d40824'), ('MUJOCO_PLUGIN_PATH', '/home/nisarg/.mujoco/mujoco-2.3.2/lib'), ('XDG_DATA_DIRS', '/usr/share/ubuntu:/usr/share/gnome:/usr/local/share/:/usr/share/:/var/lib/snapd/desktop'), ('PYTHONPATH', '/home/nisarg/Documents/repo/helium-quadruped-mjc/install/helium_quadruped_simulation/lib/python3.10/site-packages:/home/nisarg/Documents/repo/helium-quadruped-mjc/install/helium_quadruped_description/lib/python3.10/site-packages:/home/nisarg/Documents/repo/helium-quadruped-mjc/install/helium_quadruped_controller/lib/python3.10/site-packages:/home/nisarg/quadruped_ws/install/unitree_go/local/lib/python3.10/dist-packages:/home/nisarg/quadruped_ws/install/unitree_api/local/lib/python3.10/dist-packages:/home/nisarg/quadruped_ws/install/champ_msgs/local/lib/python3.10/dist-packages:/opt/ros/humble/lib/python3.10/site-packages:/opt/ros/humble/local/lib/python3.10/dist-packages'), ('COLCON', '1'), ('VTE_VERSION', '6800'), ('CMAKE_PREFIX_PATH', '/home/nisarg/quadruped_ws/install/unitree_go:/home/nisarg/quadruped_ws/install/unitree_api:/home/nisarg/quadruped_ws/install/champ_teleop:/home/nisarg/quadruped_ws/install/champ_msgs:/home/nisarg/quadruped_ws/install/champ_description:/home/nisarg/quadruped_ws/install/champ')]), 'shell': False}
[0.027875] (quadruped_mujoco) JobProgress: {'identifier': 'quadruped_mujoco', 'progress': 'cmake'}
[0.028124] (quadruped_mujoco) Command: {'cmd': ['/usr/bin/cmake', '/home/nisarg/Documents/repo/libchamp-imp/quadruped_mujoco', '-DCMAKE_INSTALL_PREFIX=/home/nisarg/Documents/repo/libchamp-imp/install/quadruped_mujoco'], 'cwd': '/home/nisarg/Documents/repo/libchamp-imp/build/quadruped_mujoco', 'env': OrderedDict([('LANGUAGE', 'en_IN:en'), ('USER', 'nisarg'), ('ROS_PACKAGE_PATH', '/home/nisarg/quadruped_ws/install/unitree_legged_sdk/share'), ('XDG_SESSION_TYPE', 'x11'), ('SHLVL', '1'), ('LD_LIBRARY_PATH', '/home/nisarg/quadruped_ws/install/unitree_go/lib:/home/nisarg/quadruped_ws/install/unitree_api/lib:/home/nisarg/quadruped_ws/install/champ_msgs/lib:/usr/lib/x86_64-linux-gnu/gazebo-11/plugins:/opt/ros/humble/opt/rviz_ogre_vendor/lib:/opt/ros/humble/lib/x86_64-linux-gnu:/opt/ros/humble/lib:/home/nisarg/.mujoco/mujoco-2.3.2/lib'), ('HOME', '/home/nisarg'), ('CONDA_SHLVL', '0'), ('OLDPWD', '/home/nisarg/Documents/repo/libchamp-imp/quadruped_mujoco'), ('DESKTOP_SESSION', 'ubuntu'), ('ROS_PYTHON_VERSION', '3'), ('GNOME_SHELL_SESSION_MODE', 'ubuntu'), ('GTK_MODULES', 'gail:atk-bridge'), ('DBUS_STARTER_BUS_TYPE', 'session'), ('SYSTEMD_EXEC_PID', '2077'), ('DBUS_SESSION_BUS_ADDRESS', 'unix:path=/run/user/1000/bus,guid=58fb2e70a84f26ae4837249467d40824'), ('COLORTERM', 'truecolor'), ('_CE_M', ''), ('COLCON_PREFIX_PATH', '/home/nisarg/Documents/repo/helium-quadruped-mjc/install:/home/nisarg/quadruped_ws/install'), ('ROS_DISTRO', 'humble'), ('GTK_IM_MODULE', 'ibus'), ('LOGNAME', 'nisarg'), ('_', '/usr/bin/colcon'), ('ROS_VERSION', '2'), ('PKG_CONFIG_PATH', '/home/nisarg/quadruped_ws/install/unitree_legged_sdk/lib/x86_64-linux-gnu/pkgconfig:/home/nisarg/quadruped_ws/install/unitree_legged_sdk/lib/pkgconfig'), ('XDG_SESSION_CLASS', 'user'), ('USERNAME', 'nisarg'), ('TERM', 'xterm-256color'), ('GNOME_DESKTOP_SESSION_ID', 'this-is-deprecated'), ('_CE_CONDA', ''), ('ROS_LOCALHOST_ONLY', '0'), ('WINDOWPATH', '2'), ('PATH', '/home/nisarg/miniconda3/condabin:/opt/ros/humble/bin:/usr/local/sbin:/usr/local/bin:/usr/sbin:/usr/bin:/sbin:/bin:/usr/games:/usr/local/games:/snap/bin:/snap/bin'), ('SESSION_MANAGER', 'local/nisarg-OMEN:@/tmp/.ICE-unix/2077,unix/nisarg-OMEN:/tmp/.ICE-unix/2077'), ('XDG_MENU_PREFIX', 'gnome-'), ('GNOME_TERMINAL_SCREEN', '/org/gnome/Terminal/screen/aa0289b4_f0d4_4df0_8369_f9fc0a83c526'), ('MUJOCO_PATH', '/home/nisarg/.mujoco/mujoco-2.3.2'), ('XDG_RUNTIME_DIR', '/run/user/1000'), ('DISPLAY', ':1'), ('LANG', 'en_US.UTF-8'), ('XDG_CURRENT_DESKTOP', 'ubuntu:GNOME'), ('XMODIFIERS', '@im=ibus'), ('XDG_SESSION_DESKTOP', 'ubuntu'), ('XAUTHORITY', '/run/user/1000/gdm/Xauthority'), ('GNOME_TERMINAL_SERVICE', ':1.114'), ('SSH_AGENT_LAUNCHER', 'gnome-keyring'), ('SSH_AUTH_SOCK', '/run/user/1000/keyring/ssh'), ('ROS_DOMAIN_ID', '47'), ('AMENT_PREFIX_PATH', '/home/nisarg/Documents/repo/helium-quadruped-mjc/install/helium_quadruped_simulation:/home/nisarg/Documents/repo/helium-quadruped-mjc/install/helium_quadruped_description:/home/nisarg/Documents/repo/helium-quadruped-mjc/install/helium_quadruped_controller:/home/nisarg/quadruped_ws/install/unitree_go:/home/nisarg/quadruped_ws/install/unitree_api:/home/nisarg/quadruped_ws/install/champ_teleop:/home/nisarg/quadruped_ws/install/champ_msgs:/home/nisarg/quadruped_ws/install/champ_description:/home/nisarg/quadruped_ws/install/champ:/opt/ros/humble'), ('CONDA_PYTHON_EXE', '/home/nisarg/miniconda3/bin/python'), ('SHELL', '/bin/bash'), ('QT_ACCESSIBILITY', '1'), ('GDMSESSION', 'ubuntu'), ('GPG_AGENT_INFO', '/run/user/1000/gnupg/S.gpg-agent:0:1'), ('QT_IM_MODULE', 'ibus'), ('PWD', '/home/nisarg/Documents/repo/libchamp-imp/build/quadruped_mujoco'), ('LC_ALL', 'en_US.UTF-8'), ('XDG_CONFIG_DIRS', '/etc/xdg/xdg-ubuntu:/etc/xdg'), ('CONDA_EXE', '/home/nisarg/miniconda3/bin/conda'), ('DBUS_STARTER_ADDRESS', 'unix:path=/run/user/1000/bus,guid=58fb2e70a84f26ae4837249467d40824'), ('MUJOCO_PLUGIN_PATH', '/home/nisarg/.mujoco/mujoco-2.3.2/lib'), ('XDG_DATA_DIRS', '/usr/share/ubuntu:/usr/share/gnome:/usr/local/share/:/usr/share/:/var/lib/snapd/desktop'), ('PYTHONPATH', '/home/nisarg/Documents/repo/helium-quadruped-mjc/install/helium_quadruped_simulation/lib/python3.10/site-packages:/home/nisarg/Documents/repo/helium-quadruped-mjc/install/helium_quadruped_description/lib/python3.10/site-packages:/home/nisarg/Documents/repo/helium-quadruped-mjc/install/helium_quadruped_controller/lib/python3.10/site-packages:/home/nisarg/quadruped_ws/install/unitree_go/local/lib/python3.10/dist-packages:/home/nisarg/quadruped_ws/install/unitree_api/local/lib/python3.10/dist-packages:/home/nisarg/quadruped_ws/install/champ_msgs/local/lib/python3.10/dist-packages:/opt/ros/humble/lib/python3.10/site-packages:/opt/ros/humble/local/lib/python3.10/dist-packages'), ('COLCON', '1'), ('VTE_VERSION', '6800'), ('CMAKE_PREFIX_PATH', '/home/nisarg/quadruped_ws/install/unitree_go:/home/nisarg/quadruped_ws/install/unitree_api:/home/nisarg/quadruped_ws/install/champ_teleop:/home/nisarg/quadruped_ws/install/champ_msgs:/home/nisarg/quadruped_ws/install/champ_description:/home/nisarg/quadruped_ws/install/champ')]), 'shell': False}
[0.029616] (champ) StderrLine: {'line': b'\x1b[0mCMake Deprecation Warning at CMakeLists.txt:2 (cmake_minimum_required):\n'}
[0.029695] (champ) StderrLine: {'line': b'  Compatibility with CMake < 2.8.12 will be removed from a future version of\n'}
[0.029743] (champ) StderrLine: {'line': b'  CMake.\n'}
[0.029782] (champ) StderrLine: {'line': b'\n'}
[0.029812] (champ) StderrLine: {'line': b'  Update the VERSION argument <min> value or use a ...<max> suffix to tell\n'}
[0.029839] (champ) StderrLine: {'line': b'  CMake that the project does not need compatibility with older versions.\n'}
[0.029865] (champ) StderrLine: {'line': b'\n'}
[0.029894] (champ) StderrLine: {'line': b'\x1b[0m\n'}
[0.029917] (champ_msgs) StderrLine: {'line': b'\x1b[0mCMake Deprecation Warning at CMakeLists.txt:1 (cmake_minimum_required):\n'}
[0.029948] (champ_msgs) StderrLine: {'line': b'  Compatibility with CMake < 2.8.12 will be removed from a future version of\n'}
[0.029969] (champ_msgs) StderrLine: {'line': b'  CMake.\n'}
[0.029990] (champ_msgs) StderrLine: {'line': b'\n'}
[0.030020] (champ_msgs) StderrLine: {'line': b'  Update the VERSION argument <min> value or use a ...<max> suffix to tell\n'}
[0.030043] (champ_msgs) StderrLine: {'line': b'  CMake that the project does not need compatibility with older versions.\n'}
[0.030074] (champ_msgs) StderrLine: {'line': b'\n'}
[0.030113] (champ_msgs) StderrLine: {'line': b'\x1b[0m\n'}
[0.031435] (champ_description) StderrLine: {'line': b'\x1b[0mCMake Deprecation Warning at CMakeLists.txt:2 (cmake_minimum_required):\n'}
[0.031658] (champ_description) StderrLine: {'line': b'  Compatibility with CMake < 2.8.12 will be removed from a future version of\n'}
[0.031752] (champ_description) StderrLine: {'line': b'  CMake.\n'}
[0.031842] (champ_description) StderrLine: {'line': b'\n'}
[0.031926] (champ_description) StderrLine: {'line': b'  Update the VERSION argument <min> value or use a ...<max> suffix to tell\n'}
[0.032017] (champ_description) StderrLine: {'line': b'  CMake that the project does not need compatibility with older versions.\n'}
[0.032113] (champ_description) StderrLine: {'line': b'\n'}
[0.032186] (champ_description) StderrLine: {'line': b'\x1b[0m\n'}
[0.033516] (champ_navigation) StderrLine: {'line': b'\x1b[0mCMake Deprecation Warning at CMakeLists.txt:1 (cmake_minimum_required):\n'}
[0.033672] (champ_navigation) StderrLine: {'line': b'  Compatibility with CMake < 2.8.12 will be removed from a future version of\n'}
[0.033744] (champ_navigation) StderrLine: {'line': b'  CMake.\n'}
[0.033806] (champ_navigation) StderrLine: {'line': b'\n'}
[0.033865] (champ_navigation) StderrLine: {'line': b'  Update the VERSION argument <min> value or use a ...<max> suffix to tell\n'}
[0.033926] (champ_navigation) StderrLine: {'line': b'  CMake that the project does not need compatibility with older versions.\n'}
[0.033985] (champ_navigation) StderrLine: {'line': b'\n'}
[0.034058] (champ_navigation) StderrLine: {'line': b'\x1b[0m\n'}
[0.099890] (-) TimerEvent: {}
[0.200217] (-) TimerEvent: {}
[0.224027] (champ) StdoutLine: {'line': b'-- The C compiler identification is GNU 11.4.0\n'}
[0.224327] (champ_description) StdoutLine: {'line': b'-- The C compiler identification is GNU 11.4.0\n'}
[0.224830] (champ_navigation) StdoutLine: {'line': b'-- The C compiler identification is GNU 11.4.0\n'}
[0.226417] (quadruped_mujoco) StdoutLine: {'line': b'-- The C compiler identification is GNU 11.4.0\n'}
[0.228293] (champ_msgs) StdoutLine: {'line': b'-- The C compiler identification is GNU 11.4.0\n'}
[0.300325] (-) TimerEvent: {}
[0.324534] (quadruped_mujoco) StdoutLine: {'line': b'-- The CXX compiler identification is GNU 11.4.0\n'}
[0.326682] (champ_description) StdoutLine: {'line': b'-- The CXX compiler identification is GNU 11.4.0\n'}
[0.326799] (champ_navigation) StdoutLine: {'line': b'-- The CXX compiler identification is GNU 11.4.0\n'}
[0.330359] (champ_msgs) StdoutLine: {'line': b'-- The CXX compiler identification is GNU 11.4.0\n'}
[0.330977] (champ) StdoutLine: {'line': b'-- The CXX compiler identification is GNU 11.4.0\n'}
[0.334884] (champ_description) StdoutLine: {'line': b'-- Detecting C compiler ABI info\n'}
[0.335112] (champ_navigation) StdoutLine: {'line': b'-- Detecting C compiler ABI info\n'}
[0.335218] (quadruped_mujoco) StdoutLine: {'line': b'-- Detecting C compiler ABI info\n'}
[0.335994] (champ) StdoutLine: {'line': b'-- Detecting C compiler ABI info\n'}
[0.336165] (champ_msgs) StdoutLine: {'line': b'-- Detecting C compiler ABI info\n'}
[0.390872] (quadruped_mujoco) StdoutLine: {'line': b'-- Detecting C compiler ABI info - done\n'}
[0.391488] (champ_navigation) StdoutLine: {'line': b'-- Detecting C compiler ABI info - done\n'}
[0.395232] (champ_description) StdoutLine: {'line': b'-- Detecting C compiler ABI info - done\n'}
[0.395362] (champ) StdoutLine: {'line': b'-- Detecting C compiler ABI info - done\n'}
[0.396140] (champ_msgs) StdoutLine: {'line': b'-- Detecting C compiler ABI info - done\n'}
[0.396998] (quadruped_mujoco) StdoutLine: {'line': b'-- Check for working C compiler: /usr/bin/cc - skipped\n'}
[0.397548] (quadruped_mujoco) StdoutLine: {'line': b'-- Detecting C compile features\n'}
[0.398307] (quadruped_mujoco) StdoutLine: {'line': b'-- Detecting C compile features - done\n'}
[0.400423] (-) TimerEvent: {}
[0.400819] (champ_navigation) StdoutLine: {'line': b'-- Check for working C compiler: /usr/bin/cc - skipped\n'}
[0.401058] (champ_navigation) StdoutLine: {'line': b'-- Detecting C compile features\n'}
[0.401155] (champ) StdoutLine: {'line': b'-- Check for working C compiler: /usr/bin/cc - skipped\n'}
[0.401354] (quadruped_mujoco) StdoutLine: {'line': b'-- Detecting CXX compiler ABI info\n'}
[0.401439] (champ) StdoutLine: {'line': b'-- Detecting C compile features\n'}
[0.401511] (champ_navigation) StdoutLine: {'line': b'-- Detecting C compile features - done\n'}
[0.401642] (champ) StdoutLine: {'line': b'-- Detecting C compile features - done\n'}
[0.403234] (champ_msgs) StdoutLine: {'line': b'-- Check for working C compiler: /usr/bin/cc - skipped\n'}
[0.403382] (champ_msgs) StdoutLine: {'line': b'-- Detecting C compile features\n'}
[0.403653] (champ_msgs) StdoutLine: {'line': b'-- Detecting C compile features - done\n'}
[0.403740] (champ) StdoutLine: {'line': b'-- Detecting CXX compiler ABI info\n'}
[0.404057] (champ_description) StdoutLine: {'line': b'-- Check for working C compiler: /usr/bin/cc - skipped\n'}
[0.404355] (champ_description) StdoutLine: {'line': b'-- Detecting C compile features\n'}
[0.404873] (champ_navigation) StdoutLine: {'line': b'-- Detecting CXX compiler ABI info\n'}
[0.405015] (champ_description) StdoutLine: {'line': b'-- Detecting C compile features - done\n'}
[0.406784] (champ_msgs) StdoutLine: {'line': b'-- Detecting CXX compiler ABI info\n'}
[0.407965] (champ_description) StdoutLine: {'line': b'-- Detecting CXX compiler ABI info\n'}
[0.462278] (champ_navigation) StdoutLine: {'line': b'-- Detecting CXX compiler ABI info - done\n'}
[0.462708] (champ_msgs) StdoutLine: {'line': b'-- Detecting CXX compiler ABI info - done\n'}
[0.463699] (quadruped_mujoco) StdoutLine: {'line': b'-- Detecting CXX compiler ABI info - done\n'}
[0.467884] (champ_navigation) StdoutLine: {'line': b'-- Check for working CXX compiler: /usr/bin/c++ - skipped\n'}
[0.468207] (champ_navigation) StdoutLine: {'line': b'-- Detecting CXX compile features\n'}
[0.468523] (champ_msgs) StdoutLine: {'line': b'-- Check for working CXX compiler: /usr/bin/c++ - skipped\n'}
[0.468716] (champ_navigation) StdoutLine: {'line': b'-- Detecting CXX compile features - done\n'}
[0.468838] (champ_msgs) StdoutLine: {'line': b'-- Detecting CXX compile features\n'}
[0.468973] (quadruped_mujoco) StdoutLine: {'line': b'-- Check for working CXX compiler: /usr/bin/c++ - skipped\n'}
[0.469123] (champ_msgs) StdoutLine: {'line': b'-- Detecting CXX compile features - done\n'}
[0.469242] (quadruped_mujoco) StdoutLine: {'line': b'-- Detecting CXX compile features\n'}
[0.469451] (champ_description) StdoutLine: {'line': b'-- Detecting CXX compiler ABI info - done\n'}
[0.469554] (quadruped_mujoco) StdoutLine: {'line': b'-- Detecting CXX compile features - done\n'}
[0.474983] (quadruped_mujoco) StdoutLine: {'line': b'-- Found ament_cmake: 1.3.11 (/opt/ros/humble/share/ament_cmake/cmake)\n'}
[0.475285] (champ_description) StdoutLine: {'line': b'-- Check for working CXX compiler: /usr/bin/c++ - skipped\n'}
[0.475563] (champ_description) StdoutLine: {'line': b'-- Detecting CXX compile features\n'}
[0.475646] (champ) StdoutLine: {'line': b'-- Detecting CXX compiler ABI info - done\n'}
[0.476012] (champ_description) StdoutLine: {'line': b'-- Detecting CXX compile features - done\n'}
[0.477960] (champ_navigation) StderrLine: {'line': b'\x1b[31mCMake Error at CMakeLists.txt:4 (find_package):\n'}
[0.478175] (champ_navigation) StderrLine: {'line': b'  By not providing "Findcatkin.cmake" in CMAKE_MODULE_PATH this project has\n'}
[0.478246] (champ_navigation) StderrLine: {'line': b'  asked CMake to find a package configuration file provided by "catkin", but\n'}
[0.478277] (champ_navigation) StderrLine: {'line': b'  CMake did not find one.\n'}
[0.478314] (champ_navigation) StderrLine: {'line': b'\n'}
[0.478342] (champ_navigation) StderrLine: {'line': b'  Could not find a package configuration file provided by "catkin" with any\n'}
[0.478364] (champ_navigation) StderrLine: {'line': b'  of the following names:\n'}
[0.478385] (champ_navigation) StderrLine: {'line': b'\n'}
[0.478407] (champ_navigation) StderrLine: {'line': b'    catkinConfig.cmake\n'}
[0.478432] (champ_navigation) StderrLine: {'line': b'    catkin-config.cmake\n'}
[0.478454] (champ_navigation) StderrLine: {'line': b'\n'}
[0.478477] (champ_navigation) StderrLine: {'line': b'  Add the installation prefix of "catkin" to CMAKE_PREFIX_PATH or set\n'}
[0.478549] (champ_navigation) StderrLine: {'line': b'  "catkin_DIR" to a directory containing one of the above files.  If "catkin"\n'}
[0.478579] (champ_navigation) StderrLine: {'line': b'  provides a separate development package or SDK, be sure it has been\n'}
[0.478624] (champ_navigation) StderrLine: {'line': b'  installed.\n'}
[0.478648] (champ_navigation) StderrLine: {'line': b'\n'}
[0.478673] (champ_navigation) StderrLine: {'line': b'\x1b[0m\n'}
[0.478695] (champ_navigation) StdoutLine: {'line': b'-- Configuring incomplete, errors occurred!\n'}
[0.478722] (champ_navigation) StdoutLine: {'line': b'See also "/home/nisarg/Documents/repo/libchamp-imp/build/champ_navigation/CMakeFiles/CMakeOutput.log".\n'}
[0.478752] (champ_msgs) StderrLine: {'line': b'\x1b[31mCMake Error at CMakeLists.txt:4 (find_package):\n'}
[0.478781] (champ_msgs) StderrLine: {'line': b'  By not providing "Findcatkin.cmake" in CMAKE_MODULE_PATH this project has\n'}
[0.478810] (champ_msgs) StderrLine: {'line': b'  asked CMake to find a package configuration file provided by "catkin", but\n'}
[0.478831] (champ_msgs) StderrLine: {'line': b'  CMake did not find one.\n'}
[0.478856] (champ_msgs) StderrLine: {'line': b'\n'}
[0.478879] (champ_msgs) StderrLine: {'line': b'  Could not find a package configuration file provided by "catkin" with any\n'}
[0.478900] (champ_msgs) StderrLine: {'line': b'  of the following names:\n'}
[0.478920] (champ_msgs) StderrLine: {'line': b'\n'}
[0.478945] (champ_msgs) StderrLine: {'line': b'    catkinConfig.cmake\n'}
[0.478966] (champ_msgs) StderrLine: {'line': b'    catkin-config.cmake\n'}
[0.478992] (champ_msgs) StderrLine: {'line': b'\n'}
[0.479024] (champ_msgs) StderrLine: {'line': b'  Add the installation prefix of "catkin" to CMAKE_PREFIX_PATH or set\n'}
[0.479052] (champ_msgs) StderrLine: {'line': b'  "catkin_DIR" to a directory containing one of the above files.  If "catkin"\n'}
[0.479073] (champ_msgs) StderrLine: {'line': b'  provides a separate development package or SDK, be sure it has been\n'}
[0.479095] (champ_msgs) StderrLine: {'line': b'  installed.\n'}
[0.479121] (champ_msgs) StderrLine: {'line': b'\n'}
[0.479142] (champ_msgs) StderrLine: {'line': b'\x1b[0m\n'}
[0.479169] (champ_msgs) StdoutLine: {'line': b'-- Configuring incomplete, errors occurred!\n'}
[0.479194] (champ_msgs) StdoutLine: {'line': b'See also "/home/nisarg/Documents/repo/libchamp-imp/build/champ_msgs/CMakeFiles/CMakeOutput.log".\n'}
[0.480055] (champ_navigation) CommandEnded: {'returncode': 1}
[0.482064] (champ_msgs) CommandEnded: {'returncode': 1}
[0.483673] (champ_description) StderrLine: {'line': b'\x1b[31mCMake Error at CMakeLists.txt:5 (find_package):\n'}
[0.483859] (champ_description) StderrLine: {'line': b'  By not providing "Findcatkin.cmake" in CMAKE_MODULE_PATH this project has\n'}
[0.483937] (champ_description) StderrLine: {'line': b'  asked CMake to find a package configuration file provided by "catkin", but\n'}
[0.484030] (champ_description) StderrLine: {'line': b'  CMake did not find one.\n'}
[0.484107] (champ_description) StderrLine: {'line': b'\n'}
[0.484209] (champ_description) StderrLine: {'line': b'  Could not find a package configuration file provided by "catkin" with any\n'}
[0.484252] (champ_description) StderrLine: {'line': b'  of the following names:\n'}
[0.484283] (champ_description) StderrLine: {'line': b'\n'}
[0.484313] (champ_description) StderrLine: {'line': b'    catkinConfig.cmake\n'}
[0.484340] (champ_description) StderrLine: {'line': b'    catkin-config.cmake\n'}
[0.484369] (champ_description) StderrLine: {'line': b'\n'}
[0.484396] (champ_description) StderrLine: {'line': b'  Add the installation prefix of "catkin" to CMAKE_PREFIX_PATH or set\n'}
[0.484424] (champ_description) StderrLine: {'line': b'  "catkin_DIR" to a directory containing one of the above files.  If "catkin"\n'}
[0.484470] (champ_description) StderrLine: {'line': b'  provides a separate development package or SDK, be sure it has been\n'}
[0.484496] (champ_description) StderrLine: {'line': b'  installed.\n'}
[0.484520] (champ_description) StderrLine: {'line': b'\n'}
[0.484545] (champ_description) StderrLine: {'line': b'\x1b[0m\n'}
[0.484569] (champ_description) StdoutLine: {'line': b'-- Configuring incomplete, errors occurred!\n'}
[0.484609] (champ_description) StdoutLine: {'line': b'See also "/home/nisarg/Documents/repo/libchamp-imp/build/champ_description/CMakeFiles/CMakeOutput.log".\n'}
[0.484632] (champ) StdoutLine: {'line': b'-- Check for working CXX compiler: /usr/bin/c++ - skipped\n'}
[0.484659] (champ) StdoutLine: {'line': b'-- Detecting CXX compile features\n'}
[0.484682] (champ) StdoutLine: {'line': b'-- Detecting CXX compile features - done\n'}
[0.485755] (champ_description) CommandEnded: {'returncode': 1}
[0.491796] (champ) StderrLine: {'line': b'\x1b[31mCMake Error at CMakeLists.txt:5 (find_package):\n'}
[0.492202] (champ) StderrLine: {'line': b'  By not providing "Findcatkin.cmake" in CMAKE_MODULE_PATH this project has\n'}
[0.492257] (champ) StderrLine: {'line': b'  asked CMake to find a package configuration file provided by "catkin", but\n'}
[0.492288] (champ) StderrLine: {'line': b'  CMake did not find one.\n'}
[0.492314] (champ) StderrLine: {'line': b'\n'}
[0.492340] (champ) StderrLine: {'line': b'  Could not find a package configuration file provided by "catkin" with any\n'}
[0.492365] (champ) StderrLine: {'line': b'  of the following names:\n'}
[0.492389] (champ) StderrLine: {'line': b'\n'}
[0.492412] (champ) StderrLine: {'line': b'    catkinConfig.cmake\n'}
[0.492437] (champ) StderrLine: {'line': b'    catkin-config.cmake\n'}
[0.492460] (champ) StderrLine: {'line': b'\n'}
[0.492483] (champ) StderrLine: {'line': b'  Add the installation prefix of "catkin" to CMAKE_PREFIX_PATH or set\n'}
[0.492507] (champ) StderrLine: {'line': b'  "catkin_DIR" to a directory containing one of the above files.  If "catkin"\n'}
[0.492531] (champ) StderrLine: {'line': b'  provides a separate development package or SDK, be sure it has been\n'}
[0.492554] (champ) StderrLine: {'line': b'  installed.\n'}
[0.492597] (champ) StderrLine: {'line': b'\n'}
[0.492623] (champ) StderrLine: {'line': b'\x1b[0m\n'}
[0.492647] (champ) StdoutLine: {'line': b'-- Configuring incomplete, errors occurred!\n'}
[0.492677] (champ) StdoutLine: {'line': b'See also "/home/nisarg/Documents/repo/libchamp-imp/build/champ/CMakeFiles/CMakeOutput.log".\n'}
[0.500249] (champ_msgs) JobEnded: {'identifier': 'champ_msgs', 'rc': 1}
[0.500801] (-) TimerEvent: {}
[0.500927] (champ_navigation) JobEnded: {'identifier': 'champ_navigation', 'rc': 'SIGINT'}
[0.501134] (champ_description) JobEnded: {'identifier': 'champ_description', 'rc': 'SIGINT'}
[0.501239] (champ) JobEnded: {'identifier': 'champ', 'rc': 'SIGINT'}
[0.592820] (quadruped_mujoco) StdoutLine: {'line': b'-- Found Python3: /usr/bin/python3 (found version "3.10.12") found components: Interpreter \n'}
[0.600898] (-) TimerEvent: {}
[0.685627] (quadruped_mujoco) StdoutLine: {'line': b'-- Found rclcpp: 16.0.11 (/opt/ros/humble/share/rclcpp/cmake)\n'}
[0.700993] (-) TimerEvent: {}
[0.734632] (quadruped_mujoco) StdoutLine: {'line': b'-- Found rosidl_generator_c: 3.1.6 (/opt/ros/humble/share/rosidl_generator_c/cmake)\n'}
[0.739733] (quadruped_mujoco) StdoutLine: {'line': b'-- Found rosidl_adapter: 3.1.6 (/opt/ros/humble/share/rosidl_adapter/cmake)\n'}
[0.748657] (quadruped_mujoco) StdoutLine: {'line': b'-- Found rosidl_generator_cpp: 3.1.6 (/opt/ros/humble/share/rosidl_generator_cpp/cmake)\n'}
[0.762320] (quadruped_mujoco) StdoutLine: {'line': b'-- Using all available rosidl_typesupport_c: rosidl_typesupport_fastrtps_c;rosidl_typesupport_introspection_c\n'}
[0.778160] (quadruped_mujoco) StdoutLine: {'line': b'-- Using all available rosidl_typesupport_cpp: rosidl_typesupport_fastrtps_cpp;rosidl_typesupport_introspection_cpp\n'}
[0.801044] (-) TimerEvent: {}
[0.823284] (quadruped_mujoco) StdoutLine: {'line': b'-- Found rmw_implementation_cmake: 6.1.2 (/opt/ros/humble/share/rmw_implementation_cmake/cmake)\n'}
[0.826730] (quadruped_mujoco) StdoutLine: {'line': b'-- Found rmw_fastrtps_cpp: 6.2.7 (/opt/ros/humble/share/rmw_fastrtps_cpp/cmake)\n'}
[0.901142] (-) TimerEvent: {}
[0.903087] (quadruped_mujoco) StdoutLine: {'line': b'-- Found OpenSSL: /usr/lib/x86_64-linux-gnu/libcrypto.so (found version "3.0.2")  \n'}
[0.925126] (quadruped_mujoco) StdoutLine: {'line': b'-- Found FastRTPS: /opt/ros/humble/include  \n'}
[0.954432] (quadruped_mujoco) StdoutLine: {'line': b"-- Using RMW implementation 'rmw_fastrtps_cpp' as default\n"}
[0.965981] (quadruped_mujoco) StdoutLine: {'line': b'-- Looking for pthread.h\n'}
[1.001228] (-) TimerEvent: {}
[1.022512] (quadruped_mujoco) StdoutLine: {'line': b'-- Looking for pthread.h - found\n'}
[1.022694] (quadruped_mujoco) StdoutLine: {'line': b'-- Performing Test CMAKE_HAVE_LIBC_PTHREAD\n'}
[1.078840] (quadruped_mujoco) StdoutLine: {'line': b'-- Performing Test CMAKE_HAVE_LIBC_PTHREAD - Success\n'}
[1.079948] (quadruped_mujoco) StdoutLine: {'line': b'-- Found Threads: TRUE  \n'}
[1.101329] (-) TimerEvent: {}
[1.132625] (quadruped_mujoco) StdoutLine: {'line': b'-- Found geometry_msgs: 4.2.4 (/opt/ros/humble/share/geometry_msgs/cmake)\n'}
[1.145326] (quadruped_mujoco) StdoutLine: {'line': b'-- Found sensor_msgs: 4.2.4 (/opt/ros/humble/share/sensor_msgs/cmake)\n'}
[1.162546] (quadruped_mujoco) StdoutLine: {'line': b'-- Found tf2: 0.25.12 (/opt/ros/humble/share/tf2/cmake)\n'}
[1.171868] (quadruped_mujoco) StdoutLine: {'line': b'-- Found tf2_ros: 0.25.12 (/opt/ros/humble/share/tf2_ros/cmake)\n'}
[1.201447] (-) TimerEvent: {}
[1.254643] (quadruped_mujoco) StdoutLine: {'line': b'-- Found rosidl_default_generators: 1.2.0 (/opt/ros/humble/share/rosidl_default_generators/cmake)\n'}
[1.267565] (quadruped_mujoco) StderrLine: {'line': b'\x1b[31mCMake Error at CMakeLists.txt:17 (find_package):\n'}
[1.267740] (quadruped_mujoco) StderrLine: {'line': b'  By not providing "Findmujoco.cmake" in CMAKE_MODULE_PATH this project has\n'}
[1.267786] (quadruped_mujoco) StderrLine: {'line': b'  asked CMake to find a package configuration file provided by "mujoco", but\n'}
[1.267818] (quadruped_mujoco) StderrLine: {'line': b'  CMake did not find one.\n'}
[1.267848] (quadruped_mujoco) StderrLine: {'line': b'\n'}
[1.267878] (quadruped_mujoco) StderrLine: {'line': b'  Could not find a package configuration file provided by "mujoco" with any\n'}
[1.267909] (quadruped_mujoco) StderrLine: {'line': b'  of the following names:\n'}
[1.267940] (quadruped_mujoco) StderrLine: {'line': b'\n'}
[1.267969] (quadruped_mujoco) StderrLine: {'line': b'    mujocoConfig.cmake\n'}
[1.267999] (quadruped_mujoco) StderrLine: {'line': b'    mujoco-config.cmake\n'}
[1.268041] (quadruped_mujoco) StderrLine: {'line': b'\n'}
[1.268071] (quadruped_mujoco) StderrLine: {'line': b'  Add the installation prefix of "mujoco" to CMAKE_PREFIX_PATH or set\n'}
[1.268100] (quadruped_mujoco) StderrLine: {'line': b'  "mujoco_DIR" to a directory containing one of the above files.  If "mujoco"\n'}
[1.268128] (quadruped_mujoco) StderrLine: {'line': b'  provides a separate development package or SDK, be sure it has been\n'}
[1.268161] (quadruped_mujoco) StderrLine: {'line': b'  installed.\n'}
[1.268188] (quadruped_mujoco) StderrLine: {'line': b'\n'}
[1.268216] (quadruped_mujoco) StderrLine: {'line': b'\x1b[0m\n'}
[1.268245] (quadruped_mujoco) StdoutLine: {'line': b'-- Configuring incomplete, errors occurred!\n'}
[1.268288] (quadruped_mujoco) StdoutLine: {'line': b'See also "/home/nisarg/Documents/repo/libchamp-imp/build/quadruped_mujoco/CMakeFiles/CMakeOutput.log".\n'}
[1.274511] (quadruped_mujoco) JobEnded: {'identifier': 'quadruped_mujoco', 'rc': 'SIGINT'}
[1.285036] (champ_base) JobSkipped: {'identifier': 'champ_base'}
[1.285094] (champ_gazebo) JobSkipped: {'identifier': 'champ_gazebo'}
[1.285106] (champ_bringup) JobSkipped: {'identifier': 'champ_bringup'}
[1.285115] (champ_config) JobSkipped: {'identifier': 'champ_config'}
[1.285123] (-) EventReactorShutdown: {}
