[33mCMake Warning (dev) at /usr/share/cmake-3.22/Modules/FindOpenGL.cmake:315 (message):
  Policy CMP0072 is not set: FindOpenGL prefers GLVND by default when
  available.  Run "cmake --help-policy CMP0072" for policy details.  Use the
  cmake_policy command to set the policy and suppress this warning.

  FindOpenGL found both a legacy GL library:

    OPENGL_gl_LIBRARY: /usr/lib/x86_64-linux-gnu/libGL.so

  and GLVND libraries for OpenGL and GLX:

    OPENGL_opengl_LIBRARY: /usr/lib/x86_64-linux-gnu/libOpenGL.so
    OPENGL_glx_LIBRARY: /usr/lib/x86_64-linux-gnu/libGLX.so

  OpenGL_GL_PREFERENCE has not been set to "GLVND" or "LEGACY", so for
  compatibility with CMake 3.10 and below the legacy GL library will be used.
Call Stack (most recent call first):
  CMakeLists.txt:23 (find_package)
This warning is for project developers.  Use -Wno-dev to suppress it.
[0m
[0mCMake Deprecation Warning at /opt/ros/humble/share/rosidl_cmake/cmake/rosidl_target_interfaces.cmake:32 (message):
  Use rosidl_get_typesupport_target() and target_link_libraries() instead of
  rosidl_target_interfaces()
Call Stack (most recent call first):
  CMakeLists.txt:97 (rosidl_target_interfaces)

[0m
[0mCMake Deprecation Warning at /opt/ros/humble/share/rosidl_cmake/cmake/rosidl_target_interfaces.cmake:32 (message):
  Use rosidl_get_typesupport_target() and target_link_libraries() instead of
  rosidl_target_interfaces()
Call Stack (most recent call first):
  CMakeLists.txt:97 (rosidl_target_interfaces)

[0m
[0mCMake Deprecation Warning at /opt/ros/humble/share/rosidl_cmake/cmake/rosidl_target_interfaces.cmake:32 (message):
  Use rosidl_get_typesupport_target() and target_link_libraries() instead of
  rosidl_target_interfaces()
Call Stack (most recent call first):
  CMakeLists.txt:97 (rosidl_target_interfaces)

[0m
[0mCMake Deprecation Warning at /opt/ros/humble/share/rosidl_cmake/cmake/rosidl_target_interfaces.cmake:32 (message):
  Use rosidl_get_typesupport_target() and target_link_libraries() instead of
  rosidl_target_interfaces()
Call Stack (most recent call first):
  CMakeLists.txt:97 (rosidl_target_interfaces)

[0m
In file included from [01m[K/home/nisarg/Documents/repo/libchamp-imp/ros2_ws/src/quadruped_mujoco/src/controllers/quadruped_controller.cpp:1[m[K:
[01m[K/home/nisarg/Documents/repo/libchamp-imp/ros2_ws/src/quadruped_mujoco/include/quadruped_mujoco/controllers/quadruped_controller.hpp:5:10:[m[K [01;31m[Kfatal error: [m[Krclcpp/rclcpp.hpp: No such file or directory
    5 | #include [01;31m[K"rclcpp/rclcpp.hpp"[m[K
      |          [01;31m[K^~~~~~~~~~~~~~~~~~~[m[K
compilation terminated.
gmake[2]: *** [CMakeFiles/quadruped_mujoco_lib.dir/build.make:76: CMakeFiles/quadruped_mujoco_lib.dir/src/controllers/quadruped_controller.cpp.o] Error 1
gmake[1]: *** [CMakeFiles/Makefile2:740: CMakeFiles/quadruped_mujoco_lib.dir/all] Error 2
gmake[1]: *** Waiting for unfinished jobs....
gmake: *** [Makefile:146: all] Error 2
