[0.008s] Invoking command in '/home/nisarg/Documents/repo/libchamp-imp/ros2_ws/build/quadruped_mujoco': CMAKE_PREFIX_PATH=${CMAKE_PREFIX_PATH}:/home/nisarg/Documents/repo/helium-quadruped-mjc/install/helium_quadruped_simulation:/home/nisarg/Documents/repo/helium-quadruped-mjc/install/helium_quadruped_description:/home/nisarg/Documents/repo/helium-quadruped-mjc/install/helium_quadruped_controller:/opt/ros/humble /usr/bin/cmake --build /home/nisarg/Documents/repo/libchamp-imp/ros2_ws/build/quadruped_mujoco -- -j12 -l12
[0.041s] -- Found ament_cmake: 1.3.11 (/opt/ros/humble/share/ament_cmake/cmake)
[0.179s] -- Found rclcpp: 16.0.11 (/opt/ros/humble/share/rclcpp/cmake)
[0.219s] -- Found rosidl_generator_c: 3.1.6 (/opt/ros/humble/share/rosidl_generator_c/cmake)
[0.222s] -- Found rosidl_adapter: 3.1.6 (/opt/ros/humble/share/rosidl_adapter/cmake)
[0.230s] -- Found rosidl_generator_cpp: 3.1.6 (/opt/ros/humble/share/rosidl_generator_cpp/cmake)
[0.241s] -- Using all available rosidl_typesupport_c: rosidl_typesupport_fastrtps_c;rosidl_typesupport_introspection_c
[0.257s] -- Using all available rosidl_typesupport_cpp: rosidl_typesupport_fastrtps_cpp;rosidl_typesupport_introspection_cpp
[0.296s] -- Found rmw_implementation_cmake: 6.1.2 (/opt/ros/humble/share/rmw_implementation_cmake/cmake)
[0.299s] -- Found rmw_fastrtps_cpp: 6.2.7 (/opt/ros/humble/share/rmw_fastrtps_cpp/cmake)
[0.438s] -- Using RMW implementation 'rmw_fastrtps_cpp' as default
[0.512s] -- Found geometry_msgs: 4.2.4 (/opt/ros/humble/share/geometry_msgs/cmake)
[0.525s] -- Found sensor_msgs: 4.2.4 (/opt/ros/humble/share/sensor_msgs/cmake)
[0.542s] -- Found nav_msgs: 4.2.4 (/opt/ros/humble/share/nav_msgs/cmake)
[0.557s] -- Found tf2: 0.25.12 (/opt/ros/humble/share/tf2/cmake)
[0.562s] -- Found tf2_ros: 0.25.12 (/opt/ros/humble/share/tf2_ros/cmake)
[0.643s] -- Found rosidl_default_generators: 1.2.0 (/opt/ros/humble/share/rosidl_default_generators/cmake)
[0.653s] [33mCMake Warning (dev) at /usr/share/cmake-3.22/Modules/FindOpenGL.cmake:315 (message):
[0.653s]   Policy CMP0072 is not set: FindOpenGL prefers GLVND by default when
[0.653s]   available.  Run "cmake --help-policy CMP0072" for policy details.  Use the
[0.654s]   cmake_policy command to set the policy and suppress this warning.
[0.654s] 
[0.654s]   FindOpenGL found both a legacy GL library:
[0.654s] 
[0.654s]     OPENGL_gl_LIBRARY: /usr/lib/x86_64-linux-gnu/libGL.so
[0.654s] 
[0.654s]   and GLVND libraries for OpenGL and GLX:
[0.654s] 
[0.654s]     OPENGL_opengl_LIBRARY: /usr/lib/x86_64-linux-gnu/libOpenGL.so
[0.654s]     OPENGL_glx_LIBRARY: /usr/lib/x86_64-linux-gnu/libGLX.so
[0.654s] 
[0.654s]   OpenGL_GL_PREFERENCE has not been set to "GLVND" or "LEGACY", so for
[0.655s]   compatibility with CMake 3.10 and below the legacy GL library will be used.
[0.655s] Call Stack (most recent call first):
[0.655s]   CMakeLists.txt:23 (find_package)
[0.655s] This warning is for project developers.  Use -Wno-dev to suppress it.
[0.655s] [0m
[0.927s] -- Found ament_cmake_ros: 0.10.0 (/opt/ros/humble/share/ament_cmake_ros/cmake)
[1.297s] -- Using all available rosidl_typesupport_c: rosidl_typesupport_fastrtps_c;rosidl_typesupport_introspection_c
[1.429s] -- Using all available rosidl_typesupport_cpp: rosidl_typesupport_fastrtps_cpp;rosidl_typesupport_introspection_cpp
[1.467s] -- Found python_cmake_module: 0.10.0 (/opt/ros/humble/share/python_cmake_module/cmake)
[1.497s] -- Using PYTHON_EXECUTABLE: /usr/bin/python3
[1.497s] -- Using PYTHON_INCLUDE_DIRS: /usr/include/python3.10
[1.497s] -- Using PYTHON_LIBRARIES: /usr/lib/x86_64-linux-gnu/libpython3.10.so
[1.549s] [0mCMake Deprecation Warning at /opt/ros/humble/share/rosidl_cmake/cmake/rosidl_target_interfaces.cmake:32 (message):
[1.549s]   Use rosidl_get_typesupport_target() and target_link_libraries() instead of
[1.549s]   rosidl_target_interfaces()
[1.549s] Call Stack (most recent call first):
[1.549s]   CMakeLists.txt:97 (rosidl_target_interfaces)
[1.549s] 
[1.549s] [0m
[1.551s] [0mCMake Deprecation Warning at /opt/ros/humble/share/rosidl_cmake/cmake/rosidl_target_interfaces.cmake:32 (message):
[1.551s]   Use rosidl_get_typesupport_target() and target_link_libraries() instead of
[1.551s]   rosidl_target_interfaces()
[1.551s] Call Stack (most recent call first):
[1.551s]   CMakeLists.txt:97 (rosidl_target_interfaces)
[1.551s] 
[1.551s] [0m
[1.553s] [0mCMake Deprecation Warning at /opt/ros/humble/share/rosidl_cmake/cmake/rosidl_target_interfaces.cmake:32 (message):
[1.553s]   Use rosidl_get_typesupport_target() and target_link_libraries() instead of
[1.553s]   rosidl_target_interfaces()
[1.553s] Call Stack (most recent call first):
[1.553s]   CMakeLists.txt:97 (rosidl_target_interfaces)
[1.553s] 
[1.553s] [0m
[1.554s] [0mCMake Deprecation Warning at /opt/ros/humble/share/rosidl_cmake/cmake/rosidl_target_interfaces.cmake:32 (message):
[1.555s]   Use rosidl_get_typesupport_target() and target_link_libraries() instead of
[1.555s]   rosidl_target_interfaces()
[1.555s] Call Stack (most recent call first):
[1.555s]   CMakeLists.txt:97 (rosidl_target_interfaces)
[1.555s] 
[1.555s] [0m
[1.562s] -- Configuring done
[1.611s] -- Generating done
[1.628s] -- Build files have been written to: /home/nisarg/Documents/repo/libchamp-imp/ros2_ws/build/quadruped_mujoco
[1.659s] [35m[1mConsolidate compiler generated dependencies of target quadruped_mujoco__rosidl_generator_c[0m
[1.664s] [35m[1mConsolidate compiler generated dependencies of target mujoco_interface_node[0m
[1.678s] [  1%] [32mBuilding CXX object CMakeFiles/quadruped_mujoco_lib.dir/src/controllers/quadruped_controller.cpp.o[0m
[1.680s] [ 10%] Built target quadruped_mujoco__rosidl_generator_c
[1.682s] [ 12%] Built target quadruped_mujoco__cpp
[1.691s] In file included from [01m[K/home/nisarg/Documents/repo/libchamp-imp/ros2_ws/src/quadruped_mujoco/src/controllers/quadruped_controller.cpp:1[m[K:
[1.691s] [01m[K/home/nisarg/Documents/repo/libchamp-imp/ros2_ws/src/quadruped_mujoco/include/quadruped_mujoco/controllers/quadruped_controller.hpp:5:10:[m[K [01;31m[Kfatal error: [m[Krclcpp/rclcpp.hpp: No such file or directory
[1.691s]     5 | #include [01;31m[K"rclcpp/rclcpp.hpp"[m[K
[1.691s]       |          [01;31m[K^~~~~~~~~~~~~~~~~~~[m[K
[1.691s] compilation terminated.
[1.692s] gmake[2]: *** [CMakeFiles/quadruped_mujoco_lib.dir/build.make:76: CMakeFiles/quadruped_mujoco_lib.dir/src/controllers/quadruped_controller.cpp.o] Error 1
[1.692s] gmake[1]: *** [CMakeFiles/Makefile2:740: CMakeFiles/quadruped_mujoco_lib.dir/all] Error 2
[1.692s] gmake[1]: *** Waiting for unfinished jobs....
[1.695s] [ 12%] Built target ament_cmake_python_copy_quadruped_mujoco
[1.699s] [ 14%] Built target mujoco_interface_node
[1.700s] [35m[1mConsolidate compiler generated dependencies of target quadruped_mujoco__rosidl_typesupport_introspection_cpp[0m
[1.701s] [35m[1mConsolidate compiler generated dependencies of target quadruped_mujoco__rosidl_typesupport_introspection_c[0m
[1.705s] [35m[1mConsolidate compiler generated dependencies of target quadruped_mujoco__rosidl_typesupport_c[0m
[1.705s] [35m[1mConsolidate compiler generated dependencies of target quadruped_mujoco__rosidl_typesupport_fastrtps_c[0m
[1.716s] [ 24%] Built target quadruped_mujoco__rosidl_typesupport_introspection_c
[1.716s] [ 33%] Built target quadruped_mujoco__rosidl_typesupport_introspection_cpp
[1.721s] [ 42%] Built target quadruped_mujoco__rosidl_typesupport_c
[1.721s] [ 52%] Built target quadruped_mujoco__rosidl_typesupport_fastrtps_c
[1.722s] gmake: *** [Makefile:146: all] Error 2
[1.724s] Invoked command in '/home/nisarg/Documents/repo/libchamp-imp/ros2_ws/build/quadruped_mujoco' returned '2': CMAKE_PREFIX_PATH=${CMAKE_PREFIX_PATH}:/home/nisarg/Documents/repo/helium-quadruped-mjc/install/helium_quadruped_simulation:/home/nisarg/Documents/repo/helium-quadruped-mjc/install/helium_quadruped_description:/home/nisarg/Documents/repo/helium-quadruped-mjc/install/helium_quadruped_controller:/opt/ros/humble /usr/bin/cmake --build /home/nisarg/Documents/repo/libchamp-imp/ros2_ws/build/quadruped_mujoco -- -j12 -l12
