[0.000000] (-) TimerEvent: {}
[0.000135] (champ) JobQueued: {'identifier': 'champ', 'dependencies': OrderedDict()}
[0.000266] (champ_description) JobQueued: {'identifier': 'champ_description', 'dependencies': OrderedDict()}
[0.000534] (champ_msgs) JobQueued: {'identifier': 'champ_msgs', 'dependencies': OrderedDict()}
[0.000613] (champ_navigation) JobQueued: {'identifier': 'champ_navigation', 'dependencies': OrderedDict()}
[0.000631] (quadruped_mujoco) JobQueued: {'identifier': 'quadruped_mujoco', 'dependencies': OrderedDict()}
[0.000658] (champ_base) JobQueued: {'identifier': 'champ_base', 'dependencies': OrderedDict([('champ', '/home/nisarg/Documents/repo/libchamp-imp/install/champ'), ('champ_msgs', '/home/nisarg/Documents/repo/libchamp-imp/install/champ_msgs')])}
[0.000797] (champ_gazebo) JobQueued: {'identifier': 'champ_gazebo', 'dependencies': OrderedDict([('champ', '/home/nisarg/Documents/repo/libchamp-imp/install/champ'), ('champ_msgs', '/home/nisarg/Documents/repo/libchamp-imp/install/champ_msgs')])}
[0.000906] (champ_bringup) JobQueued: {'identifier': 'champ_bringup', 'dependencies': OrderedDict([('champ', '/home/nisarg/Documents/repo/libchamp-imp/install/champ'), ('champ_description', '/home/nisarg/Documents/repo/libchamp-imp/install/champ_description'), ('champ_msgs', '/home/nisarg/Documents/repo/libchamp-imp/install/champ_msgs'), ('champ_base', '/home/nisarg/Documents/repo/libchamp-imp/install/champ_base')])}
[0.001095] (champ_config) JobQueued: {'identifier': 'champ_config', 'dependencies': OrderedDict([('champ', '/home/nisarg/Documents/repo/libchamp-imp/install/champ'), ('champ_msgs', '/home/nisarg/Documents/repo/libchamp-imp/install/champ_msgs'), ('champ_base', '/home/nisarg/Documents/repo/libchamp-imp/install/champ_base')])}
[0.001119] (champ) JobStarted: {'identifier': 'champ'}
[0.004176] (champ_msgs) JobStarted: {'identifier': 'champ_msgs'}
[0.006467] (champ_description) JobStarted: {'identifier': 'champ_description'}
[0.008875] (champ_navigation) JobStarted: {'identifier': 'champ_navigation'}
[0.010846] (quadruped_mujoco) JobStarted: {'identifier': 'quadruped_mujoco'}
[0.016975] (champ) JobProgress: {'identifier': 'champ', 'progress': 'cmake'}
[0.017465] (champ) Command: {'cmd': ['/usr/bin/cmake', '/home/nisarg/Documents/repo/libchamp-imp/champ/champ', '-DCATKIN_INSTALL_INTO_PREFIX_ROOT=0', '-DCMAKE_INSTALL_PREFIX=/home/nisarg/Documents/repo/libchamp-imp/install/champ'], 'cwd': '/home/nisarg/Documents/repo/libchamp-imp/build/champ', 'env': OrderedDict([('LANGUAGE', 'en_IN:en'), ('USER', 'nisarg'), ('ROS_PACKAGE_PATH', '/home/nisarg/quadruped_ws/install/unitree_legged_sdk/share'), ('XDG_SESSION_TYPE', 'x11'), ('SHLVL', '1'), ('LD_LIBRARY_PATH', '/home/nisarg/quadruped_ws/install/unitree_go/lib:/home/nisarg/quadruped_ws/install/unitree_api/lib:/home/nisarg/quadruped_ws/install/champ_msgs/lib:/usr/lib/x86_64-linux-gnu/gazebo-11/plugins:/opt/ros/humble/opt/rviz_ogre_vendor/lib:/opt/ros/humble/lib/x86_64-linux-gnu:/opt/ros/humble/lib:/home/nisarg/.mujoco/mujoco-2.3.2/lib'), ('HOME', '/home/nisarg'), ('CONDA_SHLVL', '0'), ('OLDPWD', '/home/nisarg/Documents/repo/libchamp-imp/quadruped_mujoco'), ('DESKTOP_SESSION', 'ubuntu'), ('ROS_PYTHON_VERSION', '3'), ('GNOME_SHELL_SESSION_MODE', 'ubuntu'), ('GTK_MODULES', 'gail:atk-bridge'), ('DBUS_STARTER_BUS_TYPE', 'session'), ('SYSTEMD_EXEC_PID', '2077'), ('DBUS_SESSION_BUS_ADDRESS', 'unix:path=/run/user/1000/bus,guid=58fb2e70a84f26ae4837249467d40824'), ('COLORTERM', 'truecolor'), ('_CE_M', ''), ('COLCON_PREFIX_PATH', '/home/nisarg/Documents/repo/helium-quadruped-mjc/install:/home/nisarg/quadruped_ws/install'), ('ROS_DISTRO', 'humble'), ('GTK_IM_MODULE', 'ibus'), ('LOGNAME', 'nisarg'), ('_', '/usr/bin/colcon'), ('ROS_VERSION', '2'), ('PKG_CONFIG_PATH', '/home/nisarg/quadruped_ws/install/unitree_legged_sdk/lib/x86_64-linux-gnu/pkgconfig:/home/nisarg/quadruped_ws/install/unitree_legged_sdk/lib/pkgconfig'), ('XDG_SESSION_CLASS', 'user'), ('USERNAME', 'nisarg'), ('TERM', 'xterm-256color'), ('GNOME_DESKTOP_SESSION_ID', 'this-is-deprecated'), ('_CE_CONDA', ''), ('ROS_LOCALHOST_ONLY', '0'), ('WINDOWPATH', '2'), ('PATH', '/home/nisarg/miniconda3/condabin:/opt/ros/humble/bin:/usr/local/sbin:/usr/local/bin:/usr/sbin:/usr/bin:/sbin:/bin:/usr/games:/usr/local/games:/snap/bin:/snap/bin'), ('SESSION_MANAGER', 'local/nisarg-OMEN:@/tmp/.ICE-unix/2077,unix/nisarg-OMEN:/tmp/.ICE-unix/2077'), ('XDG_MENU_PREFIX', 'gnome-'), ('GNOME_TERMINAL_SCREEN', '/org/gnome/Terminal/screen/aa0289b4_f0d4_4df0_8369_f9fc0a83c526'), ('MUJOCO_PATH', '/home/nisarg/.mujoco/mujoco-2.3.2'), ('XDG_RUNTIME_DIR', '/run/user/1000'), ('DISPLAY', ':1'), ('LANG', 'en_US.UTF-8'), ('XDG_CURRENT_DESKTOP', 'ubuntu:GNOME'), ('XMODIFIERS', '@im=ibus'), ('XDG_SESSION_DESKTOP', 'ubuntu'), ('XAUTHORITY', '/run/user/1000/gdm/Xauthority'), ('GNOME_TERMINAL_SERVICE', ':1.114'), ('SSH_AGENT_LAUNCHER', 'gnome-keyring'), ('SSH_AUTH_SOCK', '/run/user/1000/keyring/ssh'), ('ROS_DOMAIN_ID', '47'), ('AMENT_PREFIX_PATH', '/home/nisarg/Documents/repo/helium-quadruped-mjc/install/helium_quadruped_simulation:/home/nisarg/Documents/repo/helium-quadruped-mjc/install/helium_quadruped_description:/home/nisarg/Documents/repo/helium-quadruped-mjc/install/helium_quadruped_controller:/home/nisarg/quadruped_ws/install/unitree_go:/home/nisarg/quadruped_ws/install/unitree_api:/home/nisarg/quadruped_ws/install/champ_teleop:/home/nisarg/quadruped_ws/install/champ_msgs:/home/nisarg/quadruped_ws/install/champ_description:/home/nisarg/quadruped_ws/install/champ:/opt/ros/humble'), ('CONDA_PYTHON_EXE', '/home/nisarg/miniconda3/bin/python'), ('SHELL', '/bin/bash'), ('QT_ACCESSIBILITY', '1'), ('GDMSESSION', 'ubuntu'), ('GPG_AGENT_INFO', '/run/user/1000/gnupg/S.gpg-agent:0:1'), ('QT_IM_MODULE', 'ibus'), ('PWD', '/home/nisarg/Documents/repo/libchamp-imp/build/champ'), ('LC_ALL', 'en_US.UTF-8'), ('XDG_CONFIG_DIRS', '/etc/xdg/xdg-ubuntu:/etc/xdg'), ('CONDA_EXE', '/home/nisarg/miniconda3/bin/conda'), ('DBUS_STARTER_ADDRESS', 'unix:path=/run/user/1000/bus,guid=58fb2e70a84f26ae4837249467d40824'), ('MUJOCO_PLUGIN_PATH', '/home/nisarg/.mujoco/mujoco-2.3.2/lib'), ('XDG_DATA_DIRS', '/usr/share/ubuntu:/usr/share/gnome:/usr/local/share/:/usr/share/:/var/lib/snapd/desktop'), ('PYTHONPATH', '/home/nisarg/Documents/repo/helium-quadruped-mjc/install/helium_quadruped_simulation/lib/python3.10/site-packages:/home/nisarg/Documents/repo/helium-quadruped-mjc/install/helium_quadruped_description/lib/python3.10/site-packages:/home/nisarg/Documents/repo/helium-quadruped-mjc/install/helium_quadruped_controller/lib/python3.10/site-packages:/home/nisarg/quadruped_ws/install/unitree_go/local/lib/python3.10/dist-packages:/home/nisarg/quadruped_ws/install/unitree_api/local/lib/python3.10/dist-packages:/home/nisarg/quadruped_ws/install/champ_msgs/local/lib/python3.10/dist-packages:/opt/ros/humble/lib/python3.10/site-packages:/opt/ros/humble/local/lib/python3.10/dist-packages'), ('COLCON', '1'), ('VTE_VERSION', '6800'), ('CMAKE_PREFIX_PATH', '/home/nisarg/quadruped_ws/install/unitree_go:/home/nisarg/quadruped_ws/install/unitree_api:/home/nisarg/quadruped_ws/install/champ_teleop:/home/nisarg/quadruped_ws/install/champ_msgs:/home/nisarg/quadruped_ws/install/champ_description:/home/nisarg/quadruped_ws/install/champ')]), 'shell': False}
[0.019151] (champ_msgs) JobProgress: {'identifier': 'champ_msgs', 'progress': 'cmake'}
[0.019457] (champ_msgs) Command: {'cmd': ['/usr/bin/cmake', '/home/nisarg/Documents/repo/libchamp-imp/champ/champ_msgs', '-DCATKIN_INSTALL_INTO_PREFIX_ROOT=0', '-DCMAKE_INSTALL_PREFIX=/home/nisarg/Documents/repo/libchamp-imp/install/champ_msgs'], 'cwd': '/home/nisarg/Documents/repo/libchamp-imp/build/champ_msgs', 'env': OrderedDict([('LANGUAGE', 'en_IN:en'), ('USER', 'nisarg'), ('ROS_PACKAGE_PATH', '/home/nisarg/quadruped_ws/install/unitree_legged_sdk/share'), ('XDG_SESSION_TYPE', 'x11'), ('SHLVL', '1'), ('LD_LIBRARY_PATH', '/home/nisarg/quadruped_ws/install/unitree_go/lib:/home/nisarg/quadruped_ws/install/unitree_api/lib:/home/nisarg/quadruped_ws/install/champ_msgs/lib:/usr/lib/x86_64-linux-gnu/gazebo-11/plugins:/opt/ros/humble/opt/rviz_ogre_vendor/lib:/opt/ros/humble/lib/x86_64-linux-gnu:/opt/ros/humble/lib:/home/nisarg/.mujoco/mujoco-2.3.2/lib'), ('HOME', '/home/nisarg'), ('CONDA_SHLVL', '0'), ('OLDPWD', '/home/nisarg/Documents/repo/libchamp-imp/quadruped_mujoco'), ('DESKTOP_SESSION', 'ubuntu'), ('ROS_PYTHON_VERSION', '3'), ('GNOME_SHELL_SESSION_MODE', 'ubuntu'), ('GTK_MODULES', 'gail:atk-bridge'), ('DBUS_STARTER_BUS_TYPE', 'session'), ('SYSTEMD_EXEC_PID', '2077'), ('DBUS_SESSION_BUS_ADDRESS', 'unix:path=/run/user/1000/bus,guid=58fb2e70a84f26ae4837249467d40824'), ('COLORTERM', 'truecolor'), ('_CE_M', ''), ('COLCON_PREFIX_PATH', '/home/nisarg/Documents/repo/helium-quadruped-mjc/install:/home/nisarg/quadruped_ws/install'), ('ROS_DISTRO', 'humble'), ('GTK_IM_MODULE', 'ibus'), ('LOGNAME', 'nisarg'), ('_', '/usr/bin/colcon'), ('ROS_VERSION', '2'), ('PKG_CONFIG_PATH', '/home/nisarg/quadruped_ws/install/unitree_legged_sdk/lib/x86_64-linux-gnu/pkgconfig:/home/nisarg/quadruped_ws/install/unitree_legged_sdk/lib/pkgconfig'), ('XDG_SESSION_CLASS', 'user'), ('USERNAME', 'nisarg'), ('TERM', 'xterm-256color'), ('GNOME_DESKTOP_SESSION_ID', 'this-is-deprecated'), ('_CE_CONDA', ''), ('ROS_LOCALHOST_ONLY', '0'), ('WINDOWPATH', '2'), ('PATH', '/home/nisarg/miniconda3/condabin:/opt/ros/humble/bin:/usr/local/sbin:/usr/local/bin:/usr/sbin:/usr/bin:/sbin:/bin:/usr/games:/usr/local/games:/snap/bin:/snap/bin'), ('SESSION_MANAGER', 'local/nisarg-OMEN:@/tmp/.ICE-unix/2077,unix/nisarg-OMEN:/tmp/.ICE-unix/2077'), ('XDG_MENU_PREFIX', 'gnome-'), ('GNOME_TERMINAL_SCREEN', '/org/gnome/Terminal/screen/aa0289b4_f0d4_4df0_8369_f9fc0a83c526'), ('MUJOCO_PATH', '/home/nisarg/.mujoco/mujoco-2.3.2'), ('XDG_RUNTIME_DIR', '/run/user/1000'), ('DISPLAY', ':1'), ('LANG', 'en_US.UTF-8'), ('XDG_CURRENT_DESKTOP', 'ubuntu:GNOME'), ('XMODIFIERS', '@im=ibus'), ('XDG_SESSION_DESKTOP', 'ubuntu'), ('XAUTHORITY', '/run/user/1000/gdm/Xauthority'), ('GNOME_TERMINAL_SERVICE', ':1.114'), ('SSH_AGENT_LAUNCHER', 'gnome-keyring'), ('SSH_AUTH_SOCK', '/run/user/1000/keyring/ssh'), ('ROS_DOMAIN_ID', '47'), ('AMENT_PREFIX_PATH', '/home/nisarg/Documents/repo/helium-quadruped-mjc/install/helium_quadruped_simulation:/home/nisarg/Documents/repo/helium-quadruped-mjc/install/helium_quadruped_description:/home/nisarg/Documents/repo/helium-quadruped-mjc/install/helium_quadruped_controller:/home/nisarg/quadruped_ws/install/unitree_go:/home/nisarg/quadruped_ws/install/unitree_api:/home/nisarg/quadruped_ws/install/champ_teleop:/home/nisarg/quadruped_ws/install/champ_msgs:/home/nisarg/quadruped_ws/install/champ_description:/home/nisarg/quadruped_ws/install/champ:/opt/ros/humble'), ('CONDA_PYTHON_EXE', '/home/nisarg/miniconda3/bin/python'), ('SHELL', '/bin/bash'), ('QT_ACCESSIBILITY', '1'), ('GDMSESSION', 'ubuntu'), ('GPG_AGENT_INFO', '/run/user/1000/gnupg/S.gpg-agent:0:1'), ('QT_IM_MODULE', 'ibus'), ('PWD', '/home/nisarg/Documents/repo/libchamp-imp/build/champ_msgs'), ('LC_ALL', 'en_US.UTF-8'), ('XDG_CONFIG_DIRS', '/etc/xdg/xdg-ubuntu:/etc/xdg'), ('CONDA_EXE', '/home/nisarg/miniconda3/bin/conda'), ('DBUS_STARTER_ADDRESS', 'unix:path=/run/user/1000/bus,guid=58fb2e70a84f26ae4837249467d40824'), ('MUJOCO_PLUGIN_PATH', '/home/nisarg/.mujoco/mujoco-2.3.2/lib'), ('XDG_DATA_DIRS', '/usr/share/ubuntu:/usr/share/gnome:/usr/local/share/:/usr/share/:/var/lib/snapd/desktop'), ('PYTHONPATH', '/home/nisarg/Documents/repo/helium-quadruped-mjc/install/helium_quadruped_simulation/lib/python3.10/site-packages:/home/nisarg/Documents/repo/helium-quadruped-mjc/install/helium_quadruped_description/lib/python3.10/site-packages:/home/nisarg/Documents/repo/helium-quadruped-mjc/install/helium_quadruped_controller/lib/python3.10/site-packages:/home/nisarg/quadruped_ws/install/unitree_go/local/lib/python3.10/dist-packages:/home/nisarg/quadruped_ws/install/unitree_api/local/lib/python3.10/dist-packages:/home/nisarg/quadruped_ws/install/champ_msgs/local/lib/python3.10/dist-packages:/opt/ros/humble/lib/python3.10/site-packages:/opt/ros/humble/local/lib/python3.10/dist-packages'), ('COLCON', '1'), ('VTE_VERSION', '6800'), ('CMAKE_PREFIX_PATH', '/home/nisarg/quadruped_ws/install/unitree_go:/home/nisarg/quadruped_ws/install/unitree_api:/home/nisarg/quadruped_ws/install/champ_teleop:/home/nisarg/quadruped_ws/install/champ_msgs:/home/nisarg/quadruped_ws/install/champ_description:/home/nisarg/quadruped_ws/install/champ')]), 'shell': False}
[0.020226] (champ_description) JobProgress: {'identifier': 'champ_description', 'progress': 'cmake'}
[0.020554] (champ_description) Command: {'cmd': ['/usr/bin/cmake', '/home/nisarg/Documents/repo/libchamp-imp/champ/champ_description', '-DCATKIN_INSTALL_INTO_PREFIX_ROOT=0', '-DCMAKE_INSTALL_PREFIX=/home/nisarg/Documents/repo/libchamp-imp/install/champ_description'], 'cwd': '/home/nisarg/Documents/repo/libchamp-imp/build/champ_description', 'env': OrderedDict([('LANGUAGE', 'en_IN:en'), ('USER', 'nisarg'), ('ROS_PACKAGE_PATH', '/home/nisarg/quadruped_ws/install/unitree_legged_sdk/share'), ('XDG_SESSION_TYPE', 'x11'), ('SHLVL', '1'), ('LD_LIBRARY_PATH', '/home/nisarg/quadruped_ws/install/unitree_go/lib:/home/nisarg/quadruped_ws/install/unitree_api/lib:/home/nisarg/quadruped_ws/install/champ_msgs/lib:/usr/lib/x86_64-linux-gnu/gazebo-11/plugins:/opt/ros/humble/opt/rviz_ogre_vendor/lib:/opt/ros/humble/lib/x86_64-linux-gnu:/opt/ros/humble/lib:/home/nisarg/.mujoco/mujoco-2.3.2/lib'), ('HOME', '/home/nisarg'), ('CONDA_SHLVL', '0'), ('OLDPWD', '/home/nisarg/Documents/repo/libchamp-imp/quadruped_mujoco'), ('DESKTOP_SESSION', 'ubuntu'), ('ROS_PYTHON_VERSION', '3'), ('GNOME_SHELL_SESSION_MODE', 'ubuntu'), ('GTK_MODULES', 'gail:atk-bridge'), ('DBUS_STARTER_BUS_TYPE', 'session'), ('SYSTEMD_EXEC_PID', '2077'), ('DBUS_SESSION_BUS_ADDRESS', 'unix:path=/run/user/1000/bus,guid=58fb2e70a84f26ae4837249467d40824'), ('COLORTERM', 'truecolor'), ('_CE_M', ''), ('COLCON_PREFIX_PATH', '/home/nisarg/Documents/repo/helium-quadruped-mjc/install:/home/nisarg/quadruped_ws/install'), ('ROS_DISTRO', 'humble'), ('GTK_IM_MODULE', 'ibus'), ('LOGNAME', 'nisarg'), ('_', '/usr/bin/colcon'), ('ROS_VERSION', '2'), ('PKG_CONFIG_PATH', '/home/nisarg/quadruped_ws/install/unitree_legged_sdk/lib/x86_64-linux-gnu/pkgconfig:/home/nisarg/quadruped_ws/install/unitree_legged_sdk/lib/pkgconfig'), ('XDG_SESSION_CLASS', 'user'), ('USERNAME', 'nisarg'), ('TERM', 'xterm-256color'), ('GNOME_DESKTOP_SESSION_ID', 'this-is-deprecated'), ('_CE_CONDA', ''), ('ROS_LOCALHOST_ONLY', '0'), ('WINDOWPATH', '2'), ('PATH', '/home/nisarg/miniconda3/condabin:/opt/ros/humble/bin:/usr/local/sbin:/usr/local/bin:/usr/sbin:/usr/bin:/sbin:/bin:/usr/games:/usr/local/games:/snap/bin:/snap/bin'), ('SESSION_MANAGER', 'local/nisarg-OMEN:@/tmp/.ICE-unix/2077,unix/nisarg-OMEN:/tmp/.ICE-unix/2077'), ('XDG_MENU_PREFIX', 'gnome-'), ('GNOME_TERMINAL_SCREEN', '/org/gnome/Terminal/screen/aa0289b4_f0d4_4df0_8369_f9fc0a83c526'), ('MUJOCO_PATH', '/home/nisarg/.mujoco/mujoco-2.3.2'), ('XDG_RUNTIME_DIR', '/run/user/1000'), ('DISPLAY', ':1'), ('LANG', 'en_US.UTF-8'), ('XDG_CURRENT_DESKTOP', 'ubuntu:GNOME'), ('XMODIFIERS', '@im=ibus'), ('XDG_SESSION_DESKTOP', 'ubuntu'), ('XAUTHORITY', '/run/user/1000/gdm/Xauthority'), ('GNOME_TERMINAL_SERVICE', ':1.114'), ('SSH_AGENT_LAUNCHER', 'gnome-keyring'), ('SSH_AUTH_SOCK', '/run/user/1000/keyring/ssh'), ('ROS_DOMAIN_ID', '47'), ('AMENT_PREFIX_PATH', '/home/nisarg/Documents/repo/helium-quadruped-mjc/install/helium_quadruped_simulation:/home/nisarg/Documents/repo/helium-quadruped-mjc/install/helium_quadruped_description:/home/nisarg/Documents/repo/helium-quadruped-mjc/install/helium_quadruped_controller:/home/nisarg/quadruped_ws/install/unitree_go:/home/nisarg/quadruped_ws/install/unitree_api:/home/nisarg/quadruped_ws/install/champ_teleop:/home/nisarg/quadruped_ws/install/champ_msgs:/home/nisarg/quadruped_ws/install/champ_description:/home/nisarg/quadruped_ws/install/champ:/opt/ros/humble'), ('CONDA_PYTHON_EXE', '/home/nisarg/miniconda3/bin/python'), ('SHELL', '/bin/bash'), ('QT_ACCESSIBILITY', '1'), ('GDMSESSION', 'ubuntu'), ('GPG_AGENT_INFO', '/run/user/1000/gnupg/S.gpg-agent:0:1'), ('QT_IM_MODULE', 'ibus'), ('PWD', '/home/nisarg/Documents/repo/libchamp-imp/build/champ_description'), ('LC_ALL', 'en_US.UTF-8'), ('XDG_CONFIG_DIRS', '/etc/xdg/xdg-ubuntu:/etc/xdg'), ('CONDA_EXE', '/home/nisarg/miniconda3/bin/conda'), ('DBUS_STARTER_ADDRESS', 'unix:path=/run/user/1000/bus,guid=58fb2e70a84f26ae4837249467d40824'), ('MUJOCO_PLUGIN_PATH', '/home/nisarg/.mujoco/mujoco-2.3.2/lib'), ('XDG_DATA_DIRS', '/usr/share/ubuntu:/usr/share/gnome:/usr/local/share/:/usr/share/:/var/lib/snapd/desktop'), ('PYTHONPATH', '/home/nisarg/Documents/repo/helium-quadruped-mjc/install/helium_quadruped_simulation/lib/python3.10/site-packages:/home/nisarg/Documents/repo/helium-quadruped-mjc/install/helium_quadruped_description/lib/python3.10/site-packages:/home/nisarg/Documents/repo/helium-quadruped-mjc/install/helium_quadruped_controller/lib/python3.10/site-packages:/home/nisarg/quadruped_ws/install/unitree_go/local/lib/python3.10/dist-packages:/home/nisarg/quadruped_ws/install/unitree_api/local/lib/python3.10/dist-packages:/home/nisarg/quadruped_ws/install/champ_msgs/local/lib/python3.10/dist-packages:/opt/ros/humble/lib/python3.10/site-packages:/opt/ros/humble/local/lib/python3.10/dist-packages'), ('COLCON', '1'), ('VTE_VERSION', '6800'), ('CMAKE_PREFIX_PATH', '/home/nisarg/quadruped_ws/install/unitree_go:/home/nisarg/quadruped_ws/install/unitree_api:/home/nisarg/quadruped_ws/install/champ_teleop:/home/nisarg/quadruped_ws/install/champ_msgs:/home/nisarg/quadruped_ws/install/champ_description:/home/nisarg/quadruped_ws/install/champ')]), 'shell': False}
[0.021715] (champ_navigation) JobProgress: {'identifier': 'champ_navigation', 'progress': 'cmake'}
[0.022158] (champ_navigation) Command: {'cmd': ['/usr/bin/cmake', '/home/nisarg/Documents/repo/libchamp-imp/champ/champ_navigation', '-DCATKIN_INSTALL_INTO_PREFIX_ROOT=0', '-DCMAKE_INSTALL_PREFIX=/home/nisarg/Documents/repo/libchamp-imp/install/champ_navigation'], 'cwd': '/home/nisarg/Documents/repo/libchamp-imp/build/champ_navigation', 'env': OrderedDict([('LANGUAGE', 'en_IN:en'), ('USER', 'nisarg'), ('ROS_PACKAGE_PATH', '/home/nisarg/quadruped_ws/install/unitree_legged_sdk/share'), ('XDG_SESSION_TYPE', 'x11'), ('SHLVL', '1'), ('LD_LIBRARY_PATH', '/home/nisarg/quadruped_ws/install/unitree_go/lib:/home/nisarg/quadruped_ws/install/unitree_api/lib:/home/nisarg/quadruped_ws/install/champ_msgs/lib:/usr/lib/x86_64-linux-gnu/gazebo-11/plugins:/opt/ros/humble/opt/rviz_ogre_vendor/lib:/opt/ros/humble/lib/x86_64-linux-gnu:/opt/ros/humble/lib:/home/nisarg/.mujoco/mujoco-2.3.2/lib'), ('HOME', '/home/nisarg'), ('CONDA_SHLVL', '0'), ('OLDPWD', '/home/nisarg/Documents/repo/libchamp-imp/quadruped_mujoco'), ('DESKTOP_SESSION', 'ubuntu'), ('ROS_PYTHON_VERSION', '3'), ('GNOME_SHELL_SESSION_MODE', 'ubuntu'), ('GTK_MODULES', 'gail:atk-bridge'), ('DBUS_STARTER_BUS_TYPE', 'session'), ('SYSTEMD_EXEC_PID', '2077'), ('DBUS_SESSION_BUS_ADDRESS', 'unix:path=/run/user/1000/bus,guid=58fb2e70a84f26ae4837249467d40824'), ('COLORTERM', 'truecolor'), ('_CE_M', ''), ('COLCON_PREFIX_PATH', '/home/nisarg/Documents/repo/helium-quadruped-mjc/install:/home/nisarg/quadruped_ws/install'), ('ROS_DISTRO', 'humble'), ('GTK_IM_MODULE', 'ibus'), ('LOGNAME', 'nisarg'), ('_', '/usr/bin/colcon'), ('ROS_VERSION', '2'), ('PKG_CONFIG_PATH', '/home/nisarg/quadruped_ws/install/unitree_legged_sdk/lib/x86_64-linux-gnu/pkgconfig:/home/nisarg/quadruped_ws/install/unitree_legged_sdk/lib/pkgconfig'), ('XDG_SESSION_CLASS', 'user'), ('USERNAME', 'nisarg'), ('TERM', 'xterm-256color'), ('GNOME_DESKTOP_SESSION_ID', 'this-is-deprecated'), ('_CE_CONDA', ''), ('ROS_LOCALHOST_ONLY', '0'), ('WINDOWPATH', '2'), ('PATH', '/home/nisarg/miniconda3/condabin:/opt/ros/humble/bin:/usr/local/sbin:/usr/local/bin:/usr/sbin:/usr/bin:/sbin:/bin:/usr/games:/usr/local/games:/snap/bin:/snap/bin'), ('SESSION_MANAGER', 'local/nisarg-OMEN:@/tmp/.ICE-unix/2077,unix/nisarg-OMEN:/tmp/.ICE-unix/2077'), ('XDG_MENU_PREFIX', 'gnome-'), ('GNOME_TERMINAL_SCREEN', '/org/gnome/Terminal/screen/aa0289b4_f0d4_4df0_8369_f9fc0a83c526'), ('MUJOCO_PATH', '/home/nisarg/.mujoco/mujoco-2.3.2'), ('XDG_RUNTIME_DIR', '/run/user/1000'), ('DISPLAY', ':1'), ('LANG', 'en_US.UTF-8'), ('XDG_CURRENT_DESKTOP', 'ubuntu:GNOME'), ('XMODIFIERS', '@im=ibus'), ('XDG_SESSION_DESKTOP', 'ubuntu'), ('XAUTHORITY', '/run/user/1000/gdm/Xauthority'), ('GNOME_TERMINAL_SERVICE', ':1.114'), ('SSH_AGENT_LAUNCHER', 'gnome-keyring'), ('SSH_AUTH_SOCK', '/run/user/1000/keyring/ssh'), ('ROS_DOMAIN_ID', '47'), ('AMENT_PREFIX_PATH', '/home/nisarg/Documents/repo/helium-quadruped-mjc/install/helium_quadruped_simulation:/home/nisarg/Documents/repo/helium-quadruped-mjc/install/helium_quadruped_description:/home/nisarg/Documents/repo/helium-quadruped-mjc/install/helium_quadruped_controller:/home/nisarg/quadruped_ws/install/unitree_go:/home/nisarg/quadruped_ws/install/unitree_api:/home/nisarg/quadruped_ws/install/champ_teleop:/home/nisarg/quadruped_ws/install/champ_msgs:/home/nisarg/quadruped_ws/install/champ_description:/home/nisarg/quadruped_ws/install/champ:/opt/ros/humble'), ('CONDA_PYTHON_EXE', '/home/nisarg/miniconda3/bin/python'), ('SHELL', '/bin/bash'), ('QT_ACCESSIBILITY', '1'), ('GDMSESSION', 'ubuntu'), ('GPG_AGENT_INFO', '/run/user/1000/gnupg/S.gpg-agent:0:1'), ('QT_IM_MODULE', 'ibus'), ('PWD', '/home/nisarg/Documents/repo/libchamp-imp/build/champ_navigation'), ('LC_ALL', 'en_US.UTF-8'), ('XDG_CONFIG_DIRS', '/etc/xdg/xdg-ubuntu:/etc/xdg'), ('CONDA_EXE', '/home/nisarg/miniconda3/bin/conda'), ('DBUS_STARTER_ADDRESS', 'unix:path=/run/user/1000/bus,guid=58fb2e70a84f26ae4837249467d40824'), ('MUJOCO_PLUGIN_PATH', '/home/nisarg/.mujoco/mujoco-2.3.2/lib'), ('XDG_DATA_DIRS', '/usr/share/ubuntu:/usr/share/gnome:/usr/local/share/:/usr/share/:/var/lib/snapd/desktop'), ('PYTHONPATH', '/home/nisarg/Documents/repo/helium-quadruped-mjc/install/helium_quadruped_simulation/lib/python3.10/site-packages:/home/nisarg/Documents/repo/helium-quadruped-mjc/install/helium_quadruped_description/lib/python3.10/site-packages:/home/nisarg/Documents/repo/helium-quadruped-mjc/install/helium_quadruped_controller/lib/python3.10/site-packages:/home/nisarg/quadruped_ws/install/unitree_go/local/lib/python3.10/dist-packages:/home/nisarg/quadruped_ws/install/unitree_api/local/lib/python3.10/dist-packages:/home/nisarg/quadruped_ws/install/champ_msgs/local/lib/python3.10/dist-packages:/opt/ros/humble/lib/python3.10/site-packages:/opt/ros/humble/local/lib/python3.10/dist-packages'), ('COLCON', '1'), ('VTE_VERSION', '6800'), ('CMAKE_PREFIX_PATH', '/home/nisarg/quadruped_ws/install/unitree_go:/home/nisarg/quadruped_ws/install/unitree_api:/home/nisarg/quadruped_ws/install/champ_teleop:/home/nisarg/quadruped_ws/install/champ_msgs:/home/nisarg/quadruped_ws/install/champ_description:/home/nisarg/quadruped_ws/install/champ')]), 'shell': False}
[0.024305] (champ) StderrLine: {'line': b'\x1b[0mCMake Deprecation Warning at CMakeLists.txt:2 (cmake_minimum_required):\n'}
[0.024418] (champ) StderrLine: {'line': b'  Compatibility with CMake < 2.8.12 will be removed from a future version of\n'}
[0.024489] (champ) StderrLine: {'line': b'  CMake.\n'}
[0.024553] (champ) StderrLine: {'line': b'\n'}
[0.024616] (champ) StderrLine: {'line': b'  Update the VERSION argument <min> value or use a ...<max> suffix to tell\n'}
[0.024679] (champ) StderrLine: {'line': b'  CMake that the project does not need compatibility with older versions.\n'}
[0.024741] (champ) StderrLine: {'line': b'\n'}
[0.024800] (champ) StderrLine: {'line': b'\x1b[0m\n'}
[0.025960] (champ_msgs) StderrLine: {'line': b'\x1b[0mCMake Deprecation Warning at CMakeLists.txt:1 (cmake_minimum_required):\n'}
[0.026159] (champ_msgs) StderrLine: {'line': b'  Compatibility with CMake < 2.8.12 will be removed from a future version of\n'}
[0.026245] (champ_msgs) StderrLine: {'line': b'  CMake.\n'}
[0.026322] (champ_msgs) StderrLine: {'line': b'\n'}
[0.026396] (champ_msgs) StderrLine: {'line': b'  Update the VERSION argument <min> value or use a ...<max> suffix to tell\n'}
[0.026472] (champ_msgs) StderrLine: {'line': b'  CMake that the project does not need compatibility with older versions.\n'}
[0.026547] (champ_msgs) StderrLine: {'line': b'\n'}
[0.026620] (champ_msgs) StderrLine: {'line': b'\x1b[0m\n'}
[0.026760] (champ_description) StderrLine: {'line': b'\x1b[0mCMake Deprecation Warning at CMakeLists.txt:2 (cmake_minimum_required):\n'}
[0.027247] (champ_description) StderrLine: {'line': b'  Compatibility with CMake < 2.8.12 will be removed from a future version of\n'}
[0.027372] (champ_description) StderrLine: {'line': b'  CMake.\n'}
[0.027453] (champ_description) StderrLine: {'line': b'\n'}
[0.027552] (champ_description) StderrLine: {'line': b'  Update the VERSION argument <min> value or use a ...<max> suffix to tell\n'}
[0.027625] (champ_description) StderrLine: {'line': b'  CMake that the project does not need compatibility with older versions.\n'}
[0.027697] (champ_description) StderrLine: {'line': b'\n'}
[0.027803] (champ_description) StderrLine: {'line': b'\x1b[0m\n'}
[0.028594] (quadruped_mujoco) JobProgress: {'identifier': 'quadruped_mujoco', 'progress': 'cmake'}
[0.028687] (champ_navigation) StderrLine: {'line': b'\x1b[0mCMake Deprecation Warning at CMakeLists.txt:1 (cmake_minimum_required):\n'}
[0.028957] (champ_navigation) StderrLine: {'line': b'  Compatibility with CMake < 2.8.12 will be removed from a future version of\n'}
[0.029176] (champ_navigation) StderrLine: {'line': b'  CMake.\n'}
[0.029238] (champ_navigation) StderrLine: {'line': b'\n'}
[0.029296] (champ_navigation) StderrLine: {'line': b'  Update the VERSION argument <min> value or use a ...<max> suffix to tell\n'}
[0.029354] (champ_navigation) StderrLine: {'line': b'  CMake that the project does not need compatibility with older versions.\n'}
[0.029414] (champ_navigation) StderrLine: {'line': b'\n'}
[0.029473] (champ_navigation) StderrLine: {'line': b'\x1b[0m\n'}
[0.029533] (quadruped_mujoco) Command: {'cmd': ['/usr/bin/cmake', '/home/nisarg/Documents/repo/libchamp-imp/quadruped_mujoco', '-DCMAKE_INSTALL_PREFIX=/home/nisarg/Documents/repo/libchamp-imp/install/quadruped_mujoco'], 'cwd': '/home/nisarg/Documents/repo/libchamp-imp/build/quadruped_mujoco', 'env': OrderedDict([('LANGUAGE', 'en_IN:en'), ('USER', 'nisarg'), ('ROS_PACKAGE_PATH', '/home/nisarg/quadruped_ws/install/unitree_legged_sdk/share'), ('XDG_SESSION_TYPE', 'x11'), ('SHLVL', '1'), ('LD_LIBRARY_PATH', '/home/nisarg/quadruped_ws/install/unitree_go/lib:/home/nisarg/quadruped_ws/install/unitree_api/lib:/home/nisarg/quadruped_ws/install/champ_msgs/lib:/usr/lib/x86_64-linux-gnu/gazebo-11/plugins:/opt/ros/humble/opt/rviz_ogre_vendor/lib:/opt/ros/humble/lib/x86_64-linux-gnu:/opt/ros/humble/lib:/home/nisarg/.mujoco/mujoco-2.3.2/lib'), ('HOME', '/home/nisarg'), ('CONDA_SHLVL', '0'), ('OLDPWD', '/home/nisarg/Documents/repo/libchamp-imp/quadruped_mujoco'), ('DESKTOP_SESSION', 'ubuntu'), ('ROS_PYTHON_VERSION', '3'), ('GNOME_SHELL_SESSION_MODE', 'ubuntu'), ('GTK_MODULES', 'gail:atk-bridge'), ('DBUS_STARTER_BUS_TYPE', 'session'), ('SYSTEMD_EXEC_PID', '2077'), ('DBUS_SESSION_BUS_ADDRESS', 'unix:path=/run/user/1000/bus,guid=58fb2e70a84f26ae4837249467d40824'), ('COLORTERM', 'truecolor'), ('_CE_M', ''), ('COLCON_PREFIX_PATH', '/home/nisarg/Documents/repo/helium-quadruped-mjc/install:/home/nisarg/quadruped_ws/install'), ('ROS_DISTRO', 'humble'), ('GTK_IM_MODULE', 'ibus'), ('LOGNAME', 'nisarg'), ('_', '/usr/bin/colcon'), ('ROS_VERSION', '2'), ('PKG_CONFIG_PATH', '/home/nisarg/quadruped_ws/install/unitree_legged_sdk/lib/x86_64-linux-gnu/pkgconfig:/home/nisarg/quadruped_ws/install/unitree_legged_sdk/lib/pkgconfig'), ('XDG_SESSION_CLASS', 'user'), ('USERNAME', 'nisarg'), ('TERM', 'xterm-256color'), ('GNOME_DESKTOP_SESSION_ID', 'this-is-deprecated'), ('_CE_CONDA', ''), ('ROS_LOCALHOST_ONLY', '0'), ('WINDOWPATH', '2'), ('PATH', '/home/nisarg/miniconda3/condabin:/opt/ros/humble/bin:/usr/local/sbin:/usr/local/bin:/usr/sbin:/usr/bin:/sbin:/bin:/usr/games:/usr/local/games:/snap/bin:/snap/bin'), ('SESSION_MANAGER', 'local/nisarg-OMEN:@/tmp/.ICE-unix/2077,unix/nisarg-OMEN:/tmp/.ICE-unix/2077'), ('XDG_MENU_PREFIX', 'gnome-'), ('GNOME_TERMINAL_SCREEN', '/org/gnome/Terminal/screen/aa0289b4_f0d4_4df0_8369_f9fc0a83c526'), ('MUJOCO_PATH', '/home/nisarg/.mujoco/mujoco-2.3.2'), ('XDG_RUNTIME_DIR', '/run/user/1000'), ('DISPLAY', ':1'), ('LANG', 'en_US.UTF-8'), ('XDG_CURRENT_DESKTOP', 'ubuntu:GNOME'), ('XMODIFIERS', '@im=ibus'), ('XDG_SESSION_DESKTOP', 'ubuntu'), ('XAUTHORITY', '/run/user/1000/gdm/Xauthority'), ('GNOME_TERMINAL_SERVICE', ':1.114'), ('SSH_AGENT_LAUNCHER', 'gnome-keyring'), ('SSH_AUTH_SOCK', '/run/user/1000/keyring/ssh'), ('ROS_DOMAIN_ID', '47'), ('AMENT_PREFIX_PATH', '/home/nisarg/Documents/repo/helium-quadruped-mjc/install/helium_quadruped_simulation:/home/nisarg/Documents/repo/helium-quadruped-mjc/install/helium_quadruped_description:/home/nisarg/Documents/repo/helium-quadruped-mjc/install/helium_quadruped_controller:/home/nisarg/quadruped_ws/install/unitree_go:/home/nisarg/quadruped_ws/install/unitree_api:/home/nisarg/quadruped_ws/install/champ_teleop:/home/nisarg/quadruped_ws/install/champ_msgs:/home/nisarg/quadruped_ws/install/champ_description:/home/nisarg/quadruped_ws/install/champ:/opt/ros/humble'), ('CONDA_PYTHON_EXE', '/home/nisarg/miniconda3/bin/python'), ('SHELL', '/bin/bash'), ('QT_ACCESSIBILITY', '1'), ('GDMSESSION', 'ubuntu'), ('GPG_AGENT_INFO', '/run/user/1000/gnupg/S.gpg-agent:0:1'), ('QT_IM_MODULE', 'ibus'), ('PWD', '/home/nisarg/Documents/repo/libchamp-imp/build/quadruped_mujoco'), ('LC_ALL', 'en_US.UTF-8'), ('XDG_CONFIG_DIRS', '/etc/xdg/xdg-ubuntu:/etc/xdg'), ('CONDA_EXE', '/home/nisarg/miniconda3/bin/conda'), ('DBUS_STARTER_ADDRESS', 'unix:path=/run/user/1000/bus,guid=58fb2e70a84f26ae4837249467d40824'), ('MUJOCO_PLUGIN_PATH', '/home/nisarg/.mujoco/mujoco-2.3.2/lib'), ('XDG_DATA_DIRS', '/usr/share/ubuntu:/usr/share/gnome:/usr/local/share/:/usr/share/:/var/lib/snapd/desktop'), ('PYTHONPATH', '/home/nisarg/Documents/repo/helium-quadruped-mjc/install/helium_quadruped_simulation/lib/python3.10/site-packages:/home/nisarg/Documents/repo/helium-quadruped-mjc/install/helium_quadruped_description/lib/python3.10/site-packages:/home/nisarg/Documents/repo/helium-quadruped-mjc/install/helium_quadruped_controller/lib/python3.10/site-packages:/home/nisarg/quadruped_ws/install/unitree_go/local/lib/python3.10/dist-packages:/home/nisarg/quadruped_ws/install/unitree_api/local/lib/python3.10/dist-packages:/home/nisarg/quadruped_ws/install/champ_msgs/local/lib/python3.10/dist-packages:/opt/ros/humble/lib/python3.10/site-packages:/opt/ros/humble/local/lib/python3.10/dist-packages'), ('COLCON', '1'), ('VTE_VERSION', '6800'), ('CMAKE_PREFIX_PATH', '/home/nisarg/quadruped_ws/install/unitree_go:/home/nisarg/quadruped_ws/install/unitree_api:/home/nisarg/quadruped_ws/install/champ_teleop:/home/nisarg/quadruped_ws/install/champ_msgs:/home/nisarg/quadruped_ws/install/champ_description:/home/nisarg/quadruped_ws/install/champ')]), 'shell': False}
[0.033865] (champ) StderrLine: {'line': b'\x1b[31mCMake Error at CMakeLists.txt:5 (find_package):\n'}
[0.033965] (champ) StderrLine: {'line': b'  By not providing "Findcatkin.cmake" in CMAKE_MODULE_PATH this project has\n'}
[0.034002] (champ) StderrLine: {'line': b'  asked CMake to find a package configuration file provided by "catkin", but\n'}
[0.034029] (champ) StderrLine: {'line': b'  CMake did not find one.\n'}
[0.034054] (champ) StderrLine: {'line': b'\n'}
[0.034080] (champ) StderrLine: {'line': b'  Could not find a package configuration file provided by "catkin" with any\n'}
[0.034107] (champ) StderrLine: {'line': b'  of the following names:\n'}
[0.034132] (champ) StderrLine: {'line': b'\n'}
[0.034158] (champ) StderrLine: {'line': b'    catkinConfig.cmake\n'}
[0.034182] (champ) StderrLine: {'line': b'    catkin-config.cmake\n'}
[0.034204] (champ) StderrLine: {'line': b'\n'}
[0.034227] (champ) StderrLine: {'line': b'  Add the installation prefix of "catkin" to CMAKE_PREFIX_PATH or set\n'}
[0.034252] (champ) StderrLine: {'line': b'  "catkin_DIR" to a directory containing one of the above files.  If "catkin"\n'}
[0.034274] (champ) StderrLine: {'line': b'  provides a separate development package or SDK, be sure it has been\n'}
[0.034296] (champ) StderrLine: {'line': b'  installed.\n'}
[0.034319] (champ) StderrLine: {'line': b'\n'}
[0.034341] (champ) StderrLine: {'line': b'\x1b[0m\n'}
[0.034364] (champ) StdoutLine: {'line': b'-- Configuring incomplete, errors occurred!\n'}
[0.034404] (champ) StdoutLine: {'line': b'See also "/home/nisarg/Documents/repo/libchamp-imp/build/champ/CMakeFiles/CMakeOutput.log".\n'}
[0.035127] (champ) CommandEnded: {'returncode': 1}
[0.035607] (champ_msgs) StderrLine: {'line': b'\x1b[31mCMake Error at CMakeLists.txt:4 (find_package):\n'}
[0.035783] (champ_msgs) StderrLine: {'line': b'  By not providing "Findcatkin.cmake" in CMAKE_MODULE_PATH this project has\n'}
[0.035825] (champ_msgs) StderrLine: {'line': b'  asked CMake to find a package configuration file provided by "catkin", but\n'}
[0.035858] (champ_msgs) StderrLine: {'line': b'  CMake did not find one.\n'}
[0.035889] (champ_msgs) StderrLine: {'line': b'\n'}
[0.035918] (champ_msgs) StderrLine: {'line': b'  Could not find a package configuration file provided by "catkin" with any\n'}
[0.036150] (champ_msgs) StderrLine: {'line': b'  of the following names:\n'}
[0.036193] (champ_msgs) StderrLine: {'line': b'\n'}
[0.036222] (champ_msgs) StderrLine: {'line': b'    catkinConfig.cmake\n'}
[0.036248] (champ_msgs) StderrLine: {'line': b'    catkin-config.cmake\n'}
[0.036273] (champ_msgs) StderrLine: {'line': b'\n'}
[0.036297] (champ_msgs) StderrLine: {'line': b'  Add the installation prefix of "catkin" to CMAKE_PREFIX_PATH or set\n'}
[0.036322] (champ_msgs) StderrLine: {'line': b'  "catkin_DIR" to a directory containing one of the above files.  If "catkin"\n'}
[0.036345] (champ_msgs) StderrLine: {'line': b'  provides a separate development package or SDK, be sure it has been\n'}
[0.036369] (champ_msgs) StderrLine: {'line': b'  installed.\n'}
[0.036393] (champ_msgs) StderrLine: {'line': b'\n'}
[0.036416] (champ_msgs) StderrLine: {'line': b'\x1b[0m\n'}
[0.036442] (champ_msgs) StdoutLine: {'line': b'-- Configuring incomplete, errors occurred!\n'}
[0.036706] (champ_msgs) StdoutLine: {'line': b'See also "/home/nisarg/Documents/repo/libchamp-imp/build/champ_msgs/CMakeFiles/CMakeOutput.log".\n'}
[0.036735] (champ_description) StdoutLine: {'line': b'-- Configuring incomplete, errors occurred!\n'}
[0.036860] (champ_description) StdoutLine: {'line': b'See also "/home/nisarg/Documents/repo/libchamp-imp/build/champ_description/CMakeFiles/CMakeOutput.log".\n'}
[0.036888] (champ_description) StderrLine: {'line': b'\x1b[31mCMake Error at CMakeLists.txt:5 (find_package):\n'}
[0.036914] (champ_description) StderrLine: {'line': b'  By not providing "Findcatkin.cmake" in CMAKE_MODULE_PATH this project has\n'}
[0.036945] (champ_description) StderrLine: {'line': b'  asked CMake to find a package configuration file provided by "catkin", but\n'}
[0.036970] (champ_description) StderrLine: {'line': b'  CMake did not find one.\n'}
[0.036995] (champ_description) StderrLine: {'line': b'\n'}
[0.037019] (champ_description) StderrLine: {'line': b'  Could not find a package configuration file provided by "catkin" with any\n'}
[0.037042] (champ_description) StderrLine: {'line': b'  of the following names:\n'}
[0.037066] (champ_description) StderrLine: {'line': b'\n'}
[0.037090] (champ_description) StderrLine: {'line': b'    catkinConfig.cmake\n'}
[0.037113] (champ_description) StderrLine: {'line': b'    catkin-config.cmake\n'}
[0.037137] (champ_description) StderrLine: {'line': b'\n'}
[0.037160] (champ_description) StderrLine: {'line': b'  Add the installation prefix of "catkin" to CMAKE_PREFIX_PATH or set\n'}
[0.037183] (champ_description) StderrLine: {'line': b'  "catkin_DIR" to a directory containing one of the above files.  If "catkin"\n'}
[0.037207] (champ_description) StderrLine: {'line': b'  provides a separate development package or SDK, be sure it has been\n'}
[0.037230] (champ_description) StderrLine: {'line': b'  installed.\n'}
[0.037253] (champ_description) StderrLine: {'line': b'\n'}
[0.037276] (champ_description) StderrLine: {'line': b'\x1b[0m\n'}
[0.037859] (champ_msgs) CommandEnded: {'returncode': 1}
[0.038830] (champ_description) CommandEnded: {'returncode': 1}
[0.039639] (quadruped_mujoco) StdoutLine: {'line': b'-- Found ament_cmake: 1.3.11 (/opt/ros/humble/share/ament_cmake/cmake)\n'}
[0.040681] (champ_navigation) StderrLine: {'line': b'\x1b[31mCMake Error at CMakeLists.txt:4 (find_package):\n'}
[0.040824] (champ_navigation) StderrLine: {'line': b'  By not providing "Findcatkin.cmake" in CMAKE_MODULE_PATH this project has\n'}
[0.040898] (champ_navigation) StderrLine: {'line': b'  asked CMake to find a package configuration file provided by "catkin", but\n'}
[0.040976] (champ_navigation) StderrLine: {'line': b'  CMake did not find one.\n'}
[0.041043] (champ_navigation) StderrLine: {'line': b'\n'}
[0.041107] (champ_navigation) StderrLine: {'line': b'  Could not find a package configuration file provided by "catkin" with any\n'}
[0.041171] (champ_navigation) StderrLine: {'line': b'  of the following names:\n'}
[0.041236] (champ_navigation) StderrLine: {'line': b'\n'}
[0.041301] (champ_navigation) StderrLine: {'line': b'    catkinConfig.cmake\n'}
[0.041369] (champ_navigation) StderrLine: {'line': b'    catkin-config.cmake\n'}
[0.041434] (champ_navigation) StderrLine: {'line': b'\n'}
[0.041498] (champ_navigation) StderrLine: {'line': b'  Add the installation prefix of "catkin" to CMAKE_PREFIX_PATH or set\n'}
[0.041565] (champ_navigation) StderrLine: {'line': b'  "catkin_DIR" to a directory containing one of the above files.  If "catkin"\n'}
[0.041637] (champ_navigation) StderrLine: {'line': b'  provides a separate development package or SDK, be sure it has been\n'}
[0.041704] (champ_navigation) StderrLine: {'line': b'  installed.\n'}
[0.041772] (champ_navigation) StderrLine: {'line': b'\n'}
[0.041838] (champ_navigation) StderrLine: {'line': b'\x1b[0m\n'}
[0.041904] (champ_navigation) StdoutLine: {'line': b'-- Configuring incomplete, errors occurred!\n'}
[0.042255] (champ_navigation) StdoutLine: {'line': b'See also "/home/nisarg/Documents/repo/libchamp-imp/build/champ_navigation/CMakeFiles/CMakeOutput.log".\n'}
[0.042627] (champ_navigation) CommandEnded: {'returncode': 1}
[0.051328] (champ) JobEnded: {'identifier': 'champ', 'rc': 1}
[0.052336] (champ_msgs) JobEnded: {'identifier': 'champ_msgs', 'rc': 'SIGINT'}
[0.052592] (champ_description) JobEnded: {'identifier': 'champ_description', 'rc': 'SIGINT'}
[0.052827] (champ_navigation) JobEnded: {'identifier': 'champ_navigation', 'rc': 'SIGINT'}
[0.099870] (-) TimerEvent: {}
[0.115670] (quadruped_mujoco) StdoutLine: {'line': b'-- Found rclcpp: 16.0.11 (/opt/ros/humble/share/rclcpp/cmake)\n'}
[0.131515] (quadruped_mujoco) StdoutLine: {'line': b'-- Found rosidl_generator_c: 3.1.6 (/opt/ros/humble/share/rosidl_generator_c/cmake)\n'}
[0.132823] (quadruped_mujoco) StdoutLine: {'line': b'-- Found rosidl_adapter: 3.1.6 (/opt/ros/humble/share/rosidl_adapter/cmake)\n'}
[0.135936] (quadruped_mujoco) StdoutLine: {'line': b'-- Found rosidl_generator_cpp: 3.1.6 (/opt/ros/humble/share/rosidl_generator_cpp/cmake)\n'}
[0.141050] (quadruped_mujoco) StdoutLine: {'line': b'-- Using all available rosidl_typesupport_c: rosidl_typesupport_fastrtps_c;rosidl_typesupport_introspection_c\n'}
[0.147611] (quadruped_mujoco) StdoutLine: {'line': b'-- Using all available rosidl_typesupport_cpp: rosidl_typesupport_fastrtps_cpp;rosidl_typesupport_introspection_cpp\n'}
[0.165111] (quadruped_mujoco) StdoutLine: {'line': b'-- Found rmw_implementation_cmake: 6.1.2 (/opt/ros/humble/share/rmw_implementation_cmake/cmake)\n'}
[0.165960] (quadruped_mujoco) StdoutLine: {'line': b'-- Found rmw_fastrtps_cpp: 6.2.7 (/opt/ros/humble/share/rmw_fastrtps_cpp/cmake)\n'}
[0.200102] (-) TimerEvent: {}
[0.226242] (quadruped_mujoco) StdoutLine: {'line': b"-- Using RMW implementation 'rmw_fastrtps_cpp' as default\n"}
[0.252197] (quadruped_mujoco) StdoutLine: {'line': b'-- Found geometry_msgs: 4.2.4 (/opt/ros/humble/share/geometry_msgs/cmake)\n'}
[0.258672] (quadruped_mujoco) StdoutLine: {'line': b'-- Found sensor_msgs: 4.2.4 (/opt/ros/humble/share/sensor_msgs/cmake)\n'}
[0.267413] (quadruped_mujoco) StdoutLine: {'line': b'-- Found tf2: 0.25.12 (/opt/ros/humble/share/tf2/cmake)\n'}
[0.269413] (quadruped_mujoco) StdoutLine: {'line': b'-- Found tf2_ros: 0.25.12 (/opt/ros/humble/share/tf2_ros/cmake)\n'}
[0.300196] (-) TimerEvent: {}
[0.310893] (quadruped_mujoco) StdoutLine: {'line': b'-- Found rosidl_default_generators: 1.2.0 (/opt/ros/humble/share/rosidl_default_generators/cmake)\n'}
[0.400286] (-) TimerEvent: {}
[0.437122] (quadruped_mujoco) StderrLine: {'line': b"Error parsing '/home/nisarg/Documents/repo/libchamp-imp/quadruped_mujoco/package.xml':\n"}
[0.465153] (quadruped_mujoco) StderrLine: {'line': b'Traceback (most recent call last):\n'}
[0.465306] (quadruped_mujoco) StderrLine: {'line': b'  File "/usr/lib/python3/dist-packages/catkin_pkg/package.py", line 610, in parse_package_string\n'}
[0.465503] (quadruped_mujoco) StderrLine: {'line': b'    root = dom.parseString(data)\n'}
[0.465570] (quadruped_mujoco) StderrLine: {'line': b'  File "/usr/lib/python3.10/xml/dom/minidom.py", line 2000, in parseString\n'}
[0.466078] (quadruped_mujoco) StderrLine: {'line': b'    return expatbuilder.parseString(string)\n'}
[0.466153] (quadruped_mujoco) StderrLine: {'line': b'  File "/usr/lib/python3.10/xml/dom/expatbuilder.py", line 925, in parseString\n'}
[0.466529] (quadruped_mujoco) StderrLine: {'line': b'    return builder.parseString(string)\n'}
[0.466598] (quadruped_mujoco) StderrLine: {'line': b'  File "/usr/lib/python3.10/xml/dom/expatbuilder.py", line 223, in parseString\n'}
[0.466724] (quadruped_mujoco) StderrLine: {'line': b'    parser.Parse(string, True)\n'}
[0.466786] (quadruped_mujoco) StderrLine: {'line': b'xml.parsers.expat.ExpatError: not well-formed (invalid token): line 1, column 0\n'}
[0.466848] (quadruped_mujoco) StderrLine: {'line': b'\n'}
[0.466909] (quadruped_mujoco) StderrLine: {'line': b'During handling of the above exception, another exception occurred:\n'}
[0.466982] (quadruped_mujoco) StderrLine: {'line': b'\n'}
[0.467046] (quadruped_mujoco) StderrLine: {'line': b'Traceback (most recent call last):\n'}
[0.467108] (quadruped_mujoco) StderrLine: {'line': b'  File "/opt/ros/humble/share/ament_cmake_core/cmake/core/package_xml_2_cmake.py", line 150, in <module>\n'}
[0.467173] (quadruped_mujoco) StderrLine: {'line': b'    main()\n'}
[0.467238] (quadruped_mujoco) StderrLine: {'line': b'  File "/opt/ros/humble/share/ament_cmake_core/cmake/core/package_xml_2_cmake.py", line 53, in main\n'}
[0.467300] (quadruped_mujoco) StderrLine: {'line': b'    raise e\n'}
[0.467362] (quadruped_mujoco) StderrLine: {'line': b'  File "/opt/ros/humble/share/ament_cmake_core/cmake/core/package_xml_2_cmake.py", line 49, in main\n'}
[0.467426] (quadruped_mujoco) StderrLine: {'line': b'    package = parse_package_string(\n'}
[0.467487] (quadruped_mujoco) StderrLine: {'line': b'  File "/usr/lib/python3/dist-packages/catkin_pkg/package.py", line 612, in parse_package_string\n'}
[0.467549] (quadruped_mujoco) StderrLine: {'line': b"    raise InvalidPackage('The manifest contains invalid XML:\\n%s' % ex, filename)\n"}
[0.467610] (quadruped_mujoco) StderrLine: {'line': b"catkin_pkg.package.InvalidPackage: Error(s) in package '/home/nisarg/Documents/repo/libchamp-imp/quadruped_mujoco/package.xml':\n"}
[0.467671] (quadruped_mujoco) StderrLine: {'line': b'The manifest contains invalid XML:\n'}
[0.467732] (quadruped_mujoco) StderrLine: {'line': b'not well-formed (invalid token): line 1, column 0\n'}
[0.474885] (quadruped_mujoco) StderrLine: {'line': b'\x1b[31mCMake Error at /opt/ros/humble/share/ament_cmake_core/cmake/core/ament_package_xml.cmake:95 (message):\n'}
[0.475036] (quadruped_mujoco) StderrLine: {'line': b'  execute_process(/usr/bin/python3\n'}
[0.475083] (quadruped_mujoco) StderrLine: {'line': b'  /opt/ros/humble/share/ament_cmake_core/cmake/core/package_xml_2_cmake.py\n'}
[0.475139] (quadruped_mujoco) StderrLine: {'line': b'  /home/nisarg/Documents/repo/libchamp-imp/quadruped_mujoco/package.xml\n'}
[0.475168] (quadruped_mujoco) StderrLine: {'line': b'  /home/nisarg/Documents/repo/libchamp-imp/build/quadruped_mujoco/ament_cmake_core/package.cmake)\n'}
[0.475195] (quadruped_mujoco) StderrLine: {'line': b'  returned error code 1\n'}
[0.475228] (quadruped_mujoco) StderrLine: {'line': b'Call Stack (most recent call first):\n'}
[0.475253] (quadruped_mujoco) StderrLine: {'line': b'  /opt/ros/humble/share/ament_cmake_core/cmake/core/ament_package_xml.cmake:49 (_ament_package_xml)\n'}
[0.475296] (quadruped_mujoco) StderrLine: {'line': b'  /opt/ros/humble/share/rosidl_cmake/cmake/rosidl_generate_interfaces.cmake:226 (ament_package_xml)\n'}
[0.475321] (quadruped_mujoco) StderrLine: {'line': b'  CMakeLists.txt:27 (rosidl_generate_interfaces)\n'}
[0.475344] (quadruped_mujoco) StderrLine: {'line': b'\n'}
[0.475370] (quadruped_mujoco) StderrLine: {'line': b'\x1b[0m\n'}
[0.475392] (quadruped_mujoco) StdoutLine: {'line': b'-- Configuring incomplete, errors occurred!\n'}
[0.475420] (quadruped_mujoco) StdoutLine: {'line': b'See also "/home/nisarg/Documents/repo/libchamp-imp/build/quadruped_mujoco/CMakeFiles/CMakeOutput.log".\n'}
[0.480631] (quadruped_mujoco) JobEnded: {'identifier': 'quadruped_mujoco', 'rc': 'SIGINT'}
[0.491339] (champ_base) JobSkipped: {'identifier': 'champ_base'}
[0.491365] (champ_gazebo) JobSkipped: {'identifier': 'champ_gazebo'}
[0.491400] (champ_bringup) JobSkipped: {'identifier': 'champ_bringup'}
[0.491408] (champ_config) JobSkipped: {'identifier': 'champ_config'}
[0.491415] (-) EventReactorShutdown: {}
