[0.000000] (-) TimerEvent: {}
[0.000595] (quadruped_mujoco) JobQueued: {'identifier': 'quadruped_mujoco', 'dependencies': OrderedDict()}
[0.000653] (quadruped_mujoco) JobStarted: {'identifier': 'quadruped_mujoco'}
[0.006372] (quadruped_mujoco) JobProgress: {'identifier': 'quadruped_mujoco', 'progress': 'cmake'}
[0.006764] (quadruped_mujoco) JobProgress: {'identifier': 'quadruped_mujoco', 'progress': 'build'}
[0.007239] (quadruped_mujoco) Command: {'cmd': ['/usr/bin/cmake', '--build', '/home/nisarg/Documents/repo/libchamp-imp/ros2_ws/build/quadruped_mujoco', '--', '-j12', '-l12'], 'cwd': '/home/nisarg/Documents/repo/libchamp-imp/ros2_ws/build/quadruped_mujoco', 'env': OrderedDict([('LANGUAGE', 'en_IN:en'), ('USER', 'nisarg'), ('ROS_PACKAGE_PATH', '/home/nisarg/quadruped_ws/install/unitree_legged_sdk/share'), ('XDG_SESSION_TYPE', 'x11'), ('SHLVL', '1'), ('LD_LIBRARY_PATH', '/home/nisarg/Documents/repo/libchamp-imp/ros2_ws/install/quadruped_mujoco/lib:/home/nisarg/.mujoco/mujoco210/bin:/home/nisarg/quadruped_ws/install/unitree_go/lib:/home/nisarg/quadruped_ws/install/unitree_api/lib:/home/nisarg/quadruped_ws/install/champ_msgs/lib:/usr/lib/x86_64-linux-gnu/gazebo-11/plugins:/opt/ros/humble/opt/rviz_ogre_vendor/lib:/opt/ros/humble/lib/x86_64-linux-gnu:/opt/ros/humble/lib'), ('HOME', '/home/nisarg'), ('CONDA_SHLVL', '0'), ('OLDPWD', '/home/nisarg/Documents/repo/libchamp-imp/ros2_ws'), ('DESKTOP_SESSION', 'ubuntu'), ('ROS_PYTHON_VERSION', '3'), ('GNOME_SHELL_SESSION_MODE', 'ubuntu'), ('GTK_MODULES', 'gail:atk-bridge'), ('DBUS_STARTER_BUS_TYPE', 'session'), ('SYSTEMD_EXEC_PID', '2064'), ('DBUS_SESSION_BUS_ADDRESS', 'unix:path=/run/user/1000/bus,guid=e03bf6c2ed0ad06e9aa581ee67d7e20e'), ('COLORTERM', 'truecolor'), ('_CE_M', ''), ('COLCON_PREFIX_PATH', '/home/nisarg/Documents/repo/libchamp-imp/ros2_ws/install:/home/nisarg/Documents/repo/libchamp-imp/install:/home/nisarg/Documents/repo/helium-quadruped-mjc/install:/home/nisarg/quadruped_ws/install'), ('ROS_DISTRO', 'humble'), ('GTK_IM_MODULE', 'ibus'), ('LOGNAME', 'nisarg'), ('_', '/usr/bin/colcon'), ('ROS_VERSION', '2'), ('PKG_CONFIG_PATH', '/home/nisarg/quadruped_ws/install/unitree_legged_sdk/lib/x86_64-linux-gnu/pkgconfig:/home/nisarg/quadruped_ws/install/unitree_legged_sdk/lib/pkgconfig'), ('XDG_SESSION_CLASS', 'user'), ('USERNAME', 'nisarg'), ('TERM', 'xterm-256color'), ('GNOME_DESKTOP_SESSION_ID', 'this-is-deprecated'), ('_CE_CONDA', ''), ('ROS_LOCALHOST_ONLY', '0'), ('WINDOWPATH', '2'), ('PATH', '/home/nisarg/miniconda3/condabin:/opt/ros/humble/bin:/usr/local/sbin:/usr/local/bin:/usr/sbin:/usr/bin:/sbin:/bin:/usr/games:/usr/local/games:/snap/bin:/snap/bin'), ('SESSION_MANAGER', 'local/nisarg-OMEN:@/tmp/.ICE-unix/2064,unix/nisarg-OMEN:/tmp/.ICE-unix/2064'), ('XDG_MENU_PREFIX', 'gnome-'), ('GNOME_TERMINAL_SCREEN', '/org/gnome/Terminal/screen/a2c74410_1cec_4ef8_bca7_33967d08ea0c'), ('XDG_RUNTIME_DIR', '/run/user/1000'), ('DISPLAY', ':1'), ('LANG', 'en_US.UTF-8'), ('XDG_CURRENT_DESKTOP', 'ubuntu:GNOME'), ('XMODIFIERS', '@im=ibus'), ('XDG_SESSION_DESKTOP', 'ubuntu'), ('XAUTHORITY', '/run/user/1000/gdm/Xauthority'), ('GNOME_TERMINAL_SERVICE', ':1.107'), ('SSH_AGENT_LAUNCHER', 'gnome-keyring'), ('SSH_AUTH_SOCK', '/run/user/1000/keyring/ssh'), ('ROS_DOMAIN_ID', '47'), ('AMENT_PREFIX_PATH', '/home/nisarg/Documents/repo/libchamp-imp/ros2_ws/install/quadruped_mujoco:/home/nisarg/Documents/repo/helium-quadruped-mjc/install/helium_quadruped_simulation:/home/nisarg/Documents/repo/helium-quadruped-mjc/install/helium_quadruped_description:/home/nisarg/Documents/repo/helium-quadruped-mjc/install/helium_quadruped_controller:/home/nisarg/quadruped_ws/install/unitree_go:/home/nisarg/quadruped_ws/install/unitree_api:/home/nisarg/quadruped_ws/install/champ_teleop:/home/nisarg/quadruped_ws/install/champ_msgs:/home/nisarg/quadruped_ws/install/champ_description:/home/nisarg/quadruped_ws/install/champ:/opt/ros/humble'), ('CONDA_PYTHON_EXE', '/home/nisarg/miniconda3/bin/python'), ('SHELL', '/bin/bash'), ('QT_ACCESSIBILITY', '1'), ('GDMSESSION', 'ubuntu'), ('CMAKE_MODULE_PATH', '/home/nisarg/Documents/repo/libchamp-imp/ros2_ws/install/quadruped_mujoco/share/quadruped_mujoco/cmake'), ('GPG_AGENT_INFO', '/run/user/1000/gnupg/S.gpg-agent:0:1'), ('QT_IM_MODULE', 'ibus'), ('PWD', '/home/nisarg/Documents/repo/libchamp-imp/ros2_ws/build/quadruped_mujoco'), ('LC_ALL', 'en_US.UTF-8'), ('XDG_CONFIG_DIRS', '/etc/xdg/xdg-ubuntu:/etc/xdg'), ('CONDA_EXE', '/home/nisarg/miniconda3/bin/conda'), ('DBUS_STARTER_ADDRESS', 'unix:path=/run/user/1000/bus,guid=e03bf6c2ed0ad06e9aa581ee67d7e20e'), ('MUJOCO_PLUGIN_PATH', '/lib'), ('XDG_DATA_DIRS', '/usr/share/ubuntu:/usr/share/gnome:/usr/local/share/:/usr/share/:/var/lib/snapd/desktop'), ('PYTHONPATH', '/home/nisarg/Documents/repo/libchamp-imp/ros2_ws/install/quadruped_mujoco/local/lib/python3.10/dist-packages:/home/nisarg/Documents/repo/helium-quadruped-mjc/install/helium_quadruped_simulation/lib/python3.10/site-packages:/home/nisarg/Documents/repo/helium-quadruped-mjc/install/helium_quadruped_description/lib/python3.10/site-packages:/home/nisarg/Documents/repo/helium-quadruped-mjc/install/helium_quadruped_controller/lib/python3.10/site-packages:/home/nisarg/quadruped_ws/install/unitree_go/local/lib/python3.10/dist-packages:/home/nisarg/quadruped_ws/install/unitree_api/local/lib/python3.10/dist-packages:/home/nisarg/quadruped_ws/install/champ_msgs/local/lib/python3.10/dist-packages:/opt/ros/humble/lib/python3.10/site-packages:/opt/ros/humble/local/lib/python3.10/dist-packages'), ('COLCON', '1'), ('VTE_VERSION', '6800'), ('CMAKE_PREFIX_PATH', '/home/nisarg/Documents/repo/libchamp-imp/ros2_ws/install/quadruped_mujoco:/home/nisarg/quadruped_ws/install/unitree_go:/home/nisarg/quadruped_ws/install/unitree_api:/home/nisarg/quadruped_ws/install/champ_teleop:/home/nisarg/quadruped_ws/install/champ_msgs:/home/nisarg/quadruped_ws/install/champ_description:/home/nisarg/quadruped_ws/install/champ:/home/nisarg/Documents/repo/helium-quadruped-mjc/install/helium_quadruped_simulation:/home/nisarg/Documents/repo/helium-quadruped-mjc/install/helium_quadruped_description:/home/nisarg/Documents/repo/helium-quadruped-mjc/install/helium_quadruped_controller:/opt/ros/humble'), ('MUJOCO_KEY_PATH', '/home/nisarg/.mujoco/mjkey.txt')]), 'shell': False}
[0.039460] (quadruped_mujoco) StdoutLine: {'line': b'-- Found ament_cmake: 1.3.11 (/opt/ros/humble/share/ament_cmake/cmake)\n'}
[0.099578] (-) TimerEvent: {}
[0.147931] (quadruped_mujoco) StdoutLine: {'line': b'-- Found rclcpp: 16.0.11 (/opt/ros/humble/share/rclcpp/cmake)\n'}
[0.168645] (quadruped_mujoco) StdoutLine: {'line': b'-- Found rosidl_generator_c: 3.1.6 (/opt/ros/humble/share/rosidl_generator_c/cmake)\n'}
[0.171881] (quadruped_mujoco) StdoutLine: {'line': b'-- Found rosidl_adapter: 3.1.6 (/opt/ros/humble/share/rosidl_adapter/cmake)\n'}
[0.176880] (quadruped_mujoco) StdoutLine: {'line': b'-- Found rosidl_generator_cpp: 3.1.6 (/opt/ros/humble/share/rosidl_generator_cpp/cmake)\n'}
[0.184738] (quadruped_mujoco) StdoutLine: {'line': b'-- Using all available rosidl_typesupport_c: rosidl_typesupport_fastrtps_c;rosidl_typesupport_introspection_c\n'}
[0.192745] (quadruped_mujoco) StdoutLine: {'line': b'-- Using all available rosidl_typesupport_cpp: rosidl_typesupport_fastrtps_cpp;rosidl_typesupport_introspection_cpp\n'}
[0.199698] (-) TimerEvent: {}
[0.213577] (quadruped_mujoco) StdoutLine: {'line': b'-- Found rmw_implementation_cmake: 6.1.2 (/opt/ros/humble/share/rmw_implementation_cmake/cmake)\n'}
[0.214571] (quadruped_mujoco) StdoutLine: {'line': b'-- Found rmw_fastrtps_cpp: 6.2.7 (/opt/ros/humble/share/rmw_fastrtps_cpp/cmake)\n'}
[0.290255] (quadruped_mujoco) StdoutLine: {'line': b"-- Using RMW implementation 'rmw_fastrtps_cpp' as default\n"}
[0.299774] (-) TimerEvent: {}
[0.321720] (quadruped_mujoco) StdoutLine: {'line': b'-- Found sensor_msgs: 4.2.4 (/opt/ros/humble/share/sensor_msgs/cmake)\n'}
[0.340447] (quadruped_mujoco) StdoutLine: {'line': b'-- Found nav_msgs: 4.2.4 (/opt/ros/humble/share/nav_msgs/cmake)\n'}
[0.350905] (quadruped_mujoco) StdoutLine: {'line': b'-- Found tf2: 0.25.12 (/opt/ros/humble/share/tf2/cmake)\n'}
[0.353501] (quadruped_mujoco) StdoutLine: {'line': b'-- Found tf2_ros: 0.25.12 (/opt/ros/humble/share/tf2_ros/cmake)\n'}
[0.399863] (-) TimerEvent: {}
[0.403529] (quadruped_mujoco) StdoutLine: {'line': b'-- Found rosidl_default_generators: 1.2.0 (/opt/ros/humble/share/rosidl_default_generators/cmake)\n'}
[0.409259] (quadruped_mujoco) StderrLine: {'line': b'\x1b[33mCMake Warning (dev) at /usr/share/cmake-3.22/Modules/FindOpenGL.cmake:315 (message):\n'}
[0.409421] (quadruped_mujoco) StderrLine: {'line': b'  Policy CMP0072 is not set: FindOpenGL prefers GLVND by default when\n'}
[0.409493] (quadruped_mujoco) StderrLine: {'line': b'  available.  Run "cmake --help-policy CMP0072" for policy details.  Use the\n'}
[0.409547] (quadruped_mujoco) StderrLine: {'line': b'  cmake_policy command to set the policy and suppress this warning.\n'}
[0.409595] (quadruped_mujoco) StderrLine: {'line': b'\n'}
[0.409655] (quadruped_mujoco) StderrLine: {'line': b'  FindOpenGL found both a legacy GL library:\n'}
[0.409706] (quadruped_mujoco) StderrLine: {'line': b'\n'}
[0.409751] (quadruped_mujoco) StderrLine: {'line': b'    OPENGL_gl_LIBRARY: /usr/lib/x86_64-linux-gnu/libGL.so\n'}
[0.409800] (quadruped_mujoco) StderrLine: {'line': b'\n'}
[0.409850] (quadruped_mujoco) StderrLine: {'line': b'  and GLVND libraries for OpenGL and GLX:\n'}
[0.409914] (quadruped_mujoco) StderrLine: {'line': b'\n'}
[0.409970] (quadruped_mujoco) StderrLine: {'line': b'    OPENGL_opengl_LIBRARY: /usr/lib/x86_64-linux-gnu/libOpenGL.so\n'}
[0.410026] (quadruped_mujoco) StderrLine: {'line': b'    OPENGL_glx_LIBRARY: /usr/lib/x86_64-linux-gnu/libGLX.so\n'}
[0.410079] (quadruped_mujoco) StderrLine: {'line': b'\n'}
[0.410132] (quadruped_mujoco) StderrLine: {'line': b'  OpenGL_GL_PREFERENCE has not been set to "GLVND" or "LEGACY", so for\n'}
[0.410183] (quadruped_mujoco) StderrLine: {'line': b'  compatibility with CMake 3.10 and below the legacy GL library will be used.\n'}
[0.410240] (quadruped_mujoco) StderrLine: {'line': b'Call Stack (most recent call first):\n'}
[0.410301] (quadruped_mujoco) StderrLine: {'line': b'  CMakeLists.txt:28 (find_package)\n'}
[0.410353] (quadruped_mujoco) StderrLine: {'line': b'This warning is for project developers.  Use -Wno-dev to suppress it.\n'}
[0.410405] (quadruped_mujoco) StderrLine: {'line': b'\x1b[0m\n'}
[0.500014] (-) TimerEvent: {}
[0.600312] (-) TimerEvent: {}
[0.685246] (quadruped_mujoco) StdoutLine: {'line': b'-- Found ament_cmake_ros: 0.10.0 (/opt/ros/humble/share/ament_cmake_ros/cmake)\n'}
[0.700419] (-) TimerEvent: {}
[0.800601] (-) TimerEvent: {}
[0.900802] (-) TimerEvent: {}
[0.991121] (quadruped_mujoco) StdoutLine: {'line': b'-- Using all available rosidl_typesupport_c: rosidl_typesupport_fastrtps_c;rosidl_typesupport_introspection_c\n'}
[1.000876] (-) TimerEvent: {}
[1.101123] (-) TimerEvent: {}
[1.135028] (quadruped_mujoco) StdoutLine: {'line': b'-- Using all available rosidl_typesupport_cpp: rosidl_typesupport_fastrtps_cpp;rosidl_typesupport_introspection_cpp\n'}
[1.152652] (quadruped_mujoco) StdoutLine: {'line': b'-- Found python_cmake_module: 0.10.0 (/opt/ros/humble/share/python_cmake_module/cmake)\n'}
[1.179134] (quadruped_mujoco) StdoutLine: {'line': b'-- Using PYTHON_EXECUTABLE: /usr/bin/python3\n'}
[1.179244] (quadruped_mujoco) StdoutLine: {'line': b'-- Using PYTHON_INCLUDE_DIRS: /usr/include/python3.10\n'}
[1.179306] (quadruped_mujoco) StdoutLine: {'line': b'-- Using PYTHON_LIBRARIES: /usr/lib/x86_64-linux-gnu/libpython3.10.so\n'}
[1.201236] (-) TimerEvent: {}
[1.224136] (quadruped_mujoco) StdoutLine: {'line': b'-- Configuring done\n'}
[1.271099] (quadruped_mujoco) StdoutLine: {'line': b'-- Generating done\n'}
[1.289052] (quadruped_mujoco) StdoutLine: {'line': b'-- Build files have been written to: /home/nisarg/Documents/repo/libchamp-imp/ros2_ws/build/quadruped_mujoco\n'}
[1.301389] (-) TimerEvent: {}
[1.309350] (quadruped_mujoco) StdoutLine: {'line': b'\x1b[35m\x1b[1mConsolidate compiler generated dependencies of target mujoco_interface_node\x1b[0m\n'}
[1.312692] (quadruped_mujoco) StdoutLine: {'line': b'\x1b[35m\x1b[1mConsolidate compiler generated dependencies of target quadruped_mujoco__rosidl_generator_c\x1b[0m\n'}
[1.316845] (quadruped_mujoco) StdoutLine: {'line': b'[  1%] Built target quadruped_mujoco__cpp\n'}
[1.321669] (quadruped_mujoco) StdoutLine: {'line': b'[  2%] Built target ament_cmake_python_copy_quadruped_mujoco\n'}
[1.321891] (quadruped_mujoco) StdoutLine: {'line': b'[ 10%] Built target quadruped_mujoco__rosidl_generator_c\n'}
[1.322459] (quadruped_mujoco) StdoutLine: {'line': b'[ 12%] Built target mujoco_interface_node\n'}
[1.324932] (quadruped_mujoco) StdoutLine: {'line': b'\x1b[35m\x1b[1mConsolidate compiler generated dependencies of target quadruped_mujoco__rosidl_typesupport_fastrtps_cpp\x1b[0m\n'}
[1.325963] (quadruped_mujoco) StdoutLine: {'line': b'\x1b[35m\x1b[1mConsolidate compiler generated dependencies of target quadruped_mujoco__rosidl_typesupport_cpp\x1b[0m\n'}
[1.329490] (quadruped_mujoco) StdoutLine: {'line': b'\x1b[35m\x1b[1mConsolidate compiler generated dependencies of target quadruped_mujoco__rosidl_typesupport_fastrtps_c\x1b[0m\n'}
[1.329904] (quadruped_mujoco) StdoutLine: {'line': b'\x1b[35m\x1b[1mConsolidate compiler generated dependencies of target quadruped_mujoco__rosidl_typesupport_introspection_cpp\x1b[0m\n'}
[1.331694] (quadruped_mujoco) StdoutLine: {'line': b'\x1b[35m\x1b[1mConsolidate compiler generated dependencies of target quadruped_mujoco__rosidl_typesupport_introspection_c\x1b[0m\n'}
[1.333830] (quadruped_mujoco) StdoutLine: {'line': b'\x1b[35m\x1b[1mConsolidate compiler generated dependencies of target quadruped_mujoco__rosidl_typesupport_c\x1b[0m\n'}
[1.338331] (quadruped_mujoco) StdoutLine: {'line': b'[ 22%] Built target quadruped_mujoco__rosidl_typesupport_cpp\n'}
[1.338514] (quadruped_mujoco) StdoutLine: {'line': b'[ 31%] Built target quadruped_mujoco__rosidl_typesupport_fastrtps_cpp\n'}
[1.339810] (quadruped_mujoco) StdoutLine: {'line': b'[ 40%] Built target quadruped_mujoco__rosidl_typesupport_fastrtps_c\n'}
[1.342116] (quadruped_mujoco) StdoutLine: {'line': b'[ 57%] Built target quadruped_mujoco__rosidl_typesupport_c\n'}
[1.342273] (quadruped_mujoco) StdoutLine: {'line': b'[ 58%] Built target quadruped_mujoco__rosidl_typesupport_introspection_cpp\n'}
[1.343284] (quadruped_mujoco) StdoutLine: {'line': b'[ 67%] Built target quadruped_mujoco__rosidl_typesupport_introspection_c\n'}
[1.347018] (quadruped_mujoco) StdoutLine: {'line': b'\x1b[35m\x1b[1mConsolidate compiler generated dependencies of target quadruped_mujoco_lib\x1b[0m\n'}
[1.362091] (quadruped_mujoco) StdoutLine: {'line': b'[ 67%] Built target quadruped_mujoco\n'}
[1.362998] (quadruped_mujoco) StdoutLine: {'line': b'[ 70%] Built target quadruped_mujoco_lib\n'}
[1.373513] (quadruped_mujoco) StdoutLine: {'line': b'\x1b[35m\x1b[1mConsolidate compiler generated dependencies of target mujoco_sim_node\x1b[0m\n'}
[1.373721] (quadruped_mujoco) StdoutLine: {'line': b'\x1b[35m\x1b[1mConsolidate compiler generated dependencies of target trot_node\x1b[0m\n'}
[1.373868] (quadruped_mujoco) StdoutLine: {'line': b'\x1b[35m\x1b[1mConsolidate compiler generated dependencies of target turn_node\x1b[0m\n'}
[1.373955] (quadruped_mujoco) StdoutLine: {'line': b'\x1b[35m\x1b[1mConsolidate compiler generated dependencies of target waypoint_nav_node\x1b[0m\n'}
[1.374948] (quadruped_mujoco) StdoutLine: {'line': b'\x1b[35m\x1b[1mConsolidate compiler generated dependencies of target quadruped_controller_node\x1b[0m\n'}
[1.382528] (quadruped_mujoco) StdoutLine: {'line': b'[ 72%] Built target waypoint_nav_node\n'}
[1.383501] (quadruped_mujoco) StdoutLine: {'line': b'[ 74%] \x1b[32mBuilding CXX object CMakeFiles/mujoco_sim_node.dir/src/nodes/mujoco_sim_node.cpp.o\x1b[0m\n'}
[1.383722] (quadruped_mujoco) StdoutLine: {'line': b'[ 76%] Built target turn_node\n'}
[1.384037] (quadruped_mujoco) StdoutLine: {'line': b'[ 79%] Built target trot_node\n'}
[1.384582] (quadruped_mujoco) StdoutLine: {'line': b'[ 80%] Built target quadruped_mujoco__py\n'}
[1.386247] (quadruped_mujoco) StdoutLine: {'line': b'[ 81%] \x1b[32mBuilding CXX object CMakeFiles/quadruped_controller_node.dir/src/nodes/quadruped_controller_node.cpp.o\x1b[0m\n'}
[1.393097] (quadruped_mujoco) StdoutLine: {'line': b'\x1b[35m\x1b[1mConsolidate compiler generated dependencies of target quadruped_mujoco__rosidl_generator_py\x1b[0m\n'}
[1.401463] (-) TimerEvent: {}
[1.408558] (quadruped_mujoco) StdoutLine: {'line': b'[ 89%] Built target quadruped_mujoco__rosidl_generator_py\n'}
[1.420876] (quadruped_mujoco) StdoutLine: {'line': b'\x1b[35m\x1b[1mConsolidate compiler generated dependencies of target quadruped_mujoco__rosidl_typesupport_c__pyext\x1b[0m\n'}
[1.421012] (quadruped_mujoco) StdoutLine: {'line': b'\x1b[35m\x1b[1mConsolidate compiler generated dependencies of target quadruped_mujoco__rosidl_typesupport_introspection_c__pyext\x1b[0m\n'}
[1.421077] (quadruped_mujoco) StdoutLine: {'line': b'\x1b[35m\x1b[1mConsolidate compiler generated dependencies of target quadruped_mujoco__rosidl_typesupport_fastrtps_c__pyext\x1b[0m\n'}
[1.429225] (quadruped_mujoco) StdoutLine: {'line': b'[ 92%] Built target quadruped_mujoco__rosidl_typesupport_fastrtps_c__pyext\n'}
[1.430213] (quadruped_mujoco) StdoutLine: {'line': b'[ 94%] Built target quadruped_mujoco__rosidl_typesupport_c__pyext\n'}
[1.433328] (quadruped_mujoco) StdoutLine: {'line': b'[ 97%] Built target quadruped_mujoco__rosidl_typesupport_introspection_c__pyext\n'}
[1.501563] (-) TimerEvent: {}
[1.541298] (quadruped_mujoco) StdoutLine: {'line': b'running egg_info\n'}
[1.541782] (quadruped_mujoco) StdoutLine: {'line': b'writing quadruped_mujoco.egg-info/PKG-INFO\n'}
[1.541989] (quadruped_mujoco) StdoutLine: {'line': b'writing dependency_links to quadruped_mujoco.egg-info/dependency_links.txt\n'}
[1.542101] (quadruped_mujoco) StdoutLine: {'line': b'writing top-level names to quadruped_mujoco.egg-info/top_level.txt\n'}
[1.543722] (quadruped_mujoco) StdoutLine: {'line': b"reading manifest file 'quadruped_mujoco.egg-info/SOURCES.txt'\n"}
[1.544247] (quadruped_mujoco) StdoutLine: {'line': b"writing manifest file 'quadruped_mujoco.egg-info/SOURCES.txt'\n"}
[1.566947] (quadruped_mujoco) StdoutLine: {'line': b'[ 97%] Built target ament_cmake_python_build_quadruped_mujoco_egg\n'}
[1.601687] (-) TimerEvent: {}
[1.701921] (-) TimerEvent: {}
[1.802192] (-) TimerEvent: {}
[1.902429] (-) TimerEvent: {}
[2.002656] (-) TimerEvent: {}
[2.102898] (-) TimerEvent: {}
[2.203155] (-) TimerEvent: {}
[2.303418] (-) TimerEvent: {}
[2.403688] (-) TimerEvent: {}
[2.503959] (-) TimerEvent: {}
[2.604232] (-) TimerEvent: {}
[2.704456] (-) TimerEvent: {}
[2.804697] (-) TimerEvent: {}
[2.837064] (quadruped_mujoco) StderrLine: {'line': b'In file included from \x1b[01m\x1b[K/home/nisarg/Documents/repo/libchamp-imp/ros2_ws/src/quadruped_mujoco/include/quadruped_mujoco/leg_controller/leg_controller.hpp:6\x1b[m\x1b[K,\n'}
[2.837270] (quadruped_mujoco) StderrLine: {'line': b'                 from \x1b[01m\x1b[K/home/nisarg/Documents/repo/libchamp-imp/ros2_ws/src/quadruped_mujoco/include/quadruped_mujoco/controllers/quadruped_controller.hpp:12\x1b[m\x1b[K,\n'}
[2.837313] (quadruped_mujoco) StderrLine: {'line': b'                 from \x1b[01m\x1b[K/home/nisarg/Documents/repo/libchamp-imp/ros2_ws/src/quadruped_mujoco/include/quadruped_mujoco/controllers/trot_controller.hpp:4\x1b[m\x1b[K,\n'}
[2.837357] (quadruped_mujoco) StderrLine: {'line': b'                 from \x1b[01m\x1b[K/home/nisarg/Documents/repo/libchamp-imp/ros2_ws/src/quadruped_mujoco/src/nodes/quadruped_controller_node.cpp:2\x1b[m\x1b[K:\n'}
[2.837392] (quadruped_mujoco) StderrLine: {'line': b'\x1b[01m\x1b[K/home/nisarg/Documents/repo/libchamp-imp/ros2_ws/src/quadruped_mujoco/include/quadruped_mujoco/leg_controller/phase_generator.hpp:\x1b[m\x1b[K In constructor \xe2\x80\x98\x1b[01m\x1b[Kchamp::PhaseGenerator::PhaseGenerator(champ::QuadrupedBase&, champ::PhaseGenerator::Time)\x1b[m\x1b[K\xe2\x80\x99:\n'}
[2.837427] (quadruped_mujoco) StderrLine: {'line': b'\x1b[01m\x1b[K/home/nisarg/Documents/repo/libchamp-imp/ros2_ws/src/quadruped_mujoco/include/quadruped_mujoco/leg_controller/phase_generator.hpp:64:18:\x1b[m\x1b[K \x1b[01;35m\x1b[Kwarning: \x1b[m\x1b[K\xe2\x80\x98\x1b[01m\x1b[Kchamp::PhaseGenerator::has_swung_\x1b[m\x1b[K\xe2\x80\x99 will be initialized after [\x1b[01;35m\x1b[K\x1b]8;;https://gcc.gnu.org/onlinedocs/gcc/Warning-Options.html#index-Wreorder\x07-Wreorder\x1b]8;;\x07\x1b[m\x1b[K]\n'}
[2.837465] (quadruped_mujoco) StderrLine: {'line': b'   64 |             bool \x1b[01;35m\x1b[Khas_swung_\x1b[m\x1b[K;\n'}
[2.837499] (quadruped_mujoco) StderrLine: {'line': b'      |                  \x1b[01;35m\x1b[K^~~~~~~~~~\x1b[m\x1b[K\n'}
[2.837530] (quadruped_mujoco) StderrLine: {'line': b'\x1b[01m\x1b[K/home/nisarg/Documents/repo/libchamp-imp/ros2_ws/src/quadruped_mujoco/include/quadruped_mujoco/leg_controller/phase_generator.hpp:17:18:\x1b[m\x1b[K \x1b[01;35m\x1b[Kwarning: \x1b[m\x1b[K  \xe2\x80\x98\x1b[01m\x1b[Kbool champ::PhaseGenerator::has_started\x1b[m\x1b[K\xe2\x80\x99 [\x1b[01;35m\x1b[K\x1b]8;;https://gcc.gnu.org/onlinedocs/gcc/Warning-Options.html#index-Wreorder\x07-Wreorder\x1b]8;;\x07\x1b[m\x1b[K]\n'}
[2.837564] (quadruped_mujoco) StderrLine: {'line': b'   17 |             bool \x1b[01;35m\x1b[Khas_started\x1b[m\x1b[K;\n'}
[2.837599] (quadruped_mujoco) StderrLine: {'line': b'      |                  \x1b[01;35m\x1b[K^~~~~~~~~~~\x1b[m\x1b[K\n'}
[2.837683] (quadruped_mujoco) StderrLine: {'line': b'\x1b[01m\x1b[K/home/nisarg/Documents/repo/libchamp-imp/ros2_ws/src/quadruped_mujoco/include/quadruped_mujoco/leg_controller/phase_generator.hpp:19:13:\x1b[m\x1b[K \x1b[01;35m\x1b[Kwarning: \x1b[m\x1b[K  when initialized here [\x1b[01;35m\x1b[K\x1b]8;;https://gcc.gnu.org/onlinedocs/gcc/Warning-Options.html#index-Wreorder\x07-Wreorder\x1b]8;;\x07\x1b[m\x1b[K]\n'}
[2.837717] (quadruped_mujoco) StderrLine: {'line': b'   19 |             \x1b[01;35m\x1b[KPhaseGenerator\x1b[m\x1b[K(QuadrupedBase &base, Time time = now()):\n'}
[2.837750] (quadruped_mujoco) StderrLine: {'line': b'      |             \x1b[01;35m\x1b[K^~~~~~~~~~~~~~\x1b[m\x1b[K\n'}
[2.837781] (quadruped_mujoco) StderrLine: {'line': b'\x1b[01m\x1b[K/home/nisarg/Documents/repo/libchamp-imp/ros2_ws/src/quadruped_mujoco/include/quadruped_mujoco/leg_controller/phase_generator.hpp:\x1b[m\x1b[K In member function \xe2\x80\x98\x1b[01m\x1b[Kvoid champ::PhaseGenerator::run(float, float, champ::PhaseGenerator::Time)\x1b[m\x1b[K\xe2\x80\x99:\n'}
[2.837813] (quadruped_mujoco) StderrLine: {'line': b'\x1b[01m\x1b[K/home/nisarg/Documents/repo/libchamp-imp/ros2_ws/src/quadruped_mujoco/include/quadruped_mujoco/leg_controller/phase_generator.hpp:32:28:\x1b[m\x1b[K \x1b[01;35m\x1b[Kwarning: \x1b[m\x1b[Kunused parameter \xe2\x80\x98\x1b[01m\x1b[Ktarget_velocity\x1b[m\x1b[K\xe2\x80\x99 [\x1b[01;35m\x1b[K\x1b]8;;https://gcc.gnu.org/onlinedocs/gcc/Warning-Options.html#index-Wunused-parameter\x07-Wunused-parameter\x1b]8;;\x07\x1b[m\x1b[K]\n'}
[2.837845] (quadruped_mujoco) StderrLine: {'line': b'   32 |             void run(\x1b[01;35m\x1b[Kfloat target_velocity\x1b[m\x1b[K, float step_length, Time time = now())\n'}
[2.837877] (quadruped_mujoco) StderrLine: {'line': b'      |                      \x1b[01;35m\x1b[K~~~~~~^~~~~~~~~~~~~~~\x1b[m\x1b[K\n'}
[2.837907] (quadruped_mujoco) StderrLine: {'line': b'\x1b[01m\x1b[K/home/nisarg/Documents/repo/libchamp-imp/ros2_ws/src/quadruped_mujoco/include/quadruped_mujoco/leg_controller/phase_generator.hpp:32:51:\x1b[m\x1b[K \x1b[01;35m\x1b[Kwarning: \x1b[m\x1b[Kunused parameter \xe2\x80\x98\x1b[01m\x1b[Kstep_length\x1b[m\x1b[K\xe2\x80\x99 [\x1b[01;35m\x1b[K\x1b]8;;https://gcc.gnu.org/onlinedocs/gcc/Warning-Options.html#index-Wunused-parameter\x07-Wunused-parameter\x1b]8;;\x07\x1b[m\x1b[K]\n'}
[2.837950] (quadruped_mujoco) StderrLine: {'line': b'   32 |             void run(float target_velocity, \x1b[01;35m\x1b[Kfloat step_length\x1b[m\x1b[K, Time time = now())\n'}
[2.837982] (quadruped_mujoco) StderrLine: {'line': b'      |                                             \x1b[01;35m\x1b[K~~~~~~^~~~~~~~~~~\x1b[m\x1b[K\n'}
[2.838011] (quadruped_mujoco) StderrLine: {'line': b'In file included from \x1b[01m\x1b[K/home/nisarg/Documents/repo/libchamp-imp/ros2_ws/src/quadruped_mujoco/include/quadruped_mujoco/controllers/quadruped_controller.hpp:12\x1b[m\x1b[K,\n'}
[2.838042] (quadruped_mujoco) StderrLine: {'line': b'                 from \x1b[01m\x1b[K/home/nisarg/Documents/repo/libchamp-imp/ros2_ws/src/quadruped_mujoco/include/quadruped_mujoco/controllers/trot_controller.hpp:4\x1b[m\x1b[K,\n'}
[2.838071] (quadruped_mujoco) StderrLine: {'line': b'                 from \x1b[01m\x1b[K/home/nisarg/Documents/repo/libchamp-imp/ros2_ws/src/quadruped_mujoco/src/nodes/quadruped_controller_node.cpp:2\x1b[m\x1b[K:\n'}
[2.838099] (quadruped_mujoco) StderrLine: {'line': b'\x1b[01m\x1b[K/home/nisarg/Documents/repo/libchamp-imp/ros2_ws/src/quadruped_mujoco/include/quadruped_mujoco/leg_controller/leg_controller.hpp:\x1b[m\x1b[K In constructor \xe2\x80\x98\x1b[01m\x1b[Kchamp::LegController::LegController(champ::QuadrupedBase&, champ::PhaseGenerator::Time)\x1b[m\x1b[K\xe2\x80\x99:\n'}
[2.838133] (quadruped_mujoco) StderrLine: {'line': b'\x1b[01m\x1b[K/home/nisarg/Documents/repo/libchamp-imp/ros2_ws/src/quadruped_mujoco/include/quadruped_mujoco/leg_controller/leg_controller.hpp:13:69:\x1b[m\x1b[K \x1b[01;35m\x1b[Kwarning: \x1b[m\x1b[Kunused parameter \xe2\x80\x98\x1b[01m\x1b[Ktime\x1b[m\x1b[K\xe2\x80\x99 [\x1b[01;35m\x1b[K\x1b]8;;https://gcc.gnu.org/onlinedocs/gcc/Warning-Options.html#index-Wunused-parameter\x07-Wunused-parameter\x1b]8;;\x07\x1b[m\x1b[K]\n'}
[2.838164] (quadruped_mujoco) StderrLine: {'line': b'   13 |     LegController(QuadrupedBase &base, \x1b[01;35m\x1b[KPhaseGenerator::Time time = PhaseGenerator::now()\x1b[m\x1b[K):\n'}
[2.838193] (quadruped_mujoco) StderrLine: {'line': b'      |                                        \x1b[01;35m\x1b[K~~~~~~~~~~~~~~~~~~~~~^~~~~~~~~~~~~~~~~~~~~~~~~~~~\x1b[m\x1b[K\n'}
[2.838222] (quadruped_mujoco) StderrLine: {'line': b'\n'}
[2.904800] (-) TimerEvent: {}
[2.944762] (quadruped_mujoco) StderrLine: {'line': b'\x1b[01m\x1b[K/home/nisarg/Documents/repo/libchamp-imp/ros2_ws/src/quadruped_mujoco/src/nodes/quadruped_controller_node.cpp:\x1b[m\x1b[K In member function \xe2\x80\x98\x1b[01m\x1b[Kvoid QuadrupedControllerNode::jointStatesCallback(sensor_msgs::msg::JointState_<std::allocator<void> >::SharedPtr)\x1b[m\x1b[K\xe2\x80\x99:\n'}
[2.944943] (quadruped_mujoco) StderrLine: {'line': b'\x1b[01m\x1b[K/home/nisarg/Documents/repo/libchamp-imp/ros2_ws/src/quadruped_mujoco/src/nodes/quadruped_controller_node.cpp:16:80:\x1b[m\x1b[K \x1b[01;35m\x1b[Kwarning: \x1b[m\x1b[Kunused parameter \xe2\x80\x98\x1b[01m\x1b[Kmsg\x1b[m\x1b[K\xe2\x80\x99 [\x1b[01;35m\x1b[K\x1b]8;;https://gcc.gnu.org/onlinedocs/gcc/Warning-Options.html#index-Wunused-parameter\x07-Wunused-parameter\x1b]8;;\x07\x1b[m\x1b[K]\n'}
[2.945023] (quadruped_mujoco) StderrLine: {'line': b'   16 | ointStatesCallback(\x1b[01;35m\x1b[Kconst sensor_msgs::msg::JointState::SharedPtr msg\x1b[m\x1b[K) {\n'}
[2.945082] (quadruped_mujoco) StderrLine: {'line': b'      |                    \x1b[01;35m\x1b[K~~~~~~~~~~~~~~~~~~~~~~~~~~~~~~~~~~~~~~~~~~~~~~^~~\x1b[m\x1b[K\n'}
[2.945130] (quadruped_mujoco) StderrLine: {'line': b'\n'}
[3.004896] (-) TimerEvent: {}
[3.105171] (-) TimerEvent: {}
[3.205449] (-) TimerEvent: {}
[3.305784] (-) TimerEvent: {}
[3.406088] (-) TimerEvent: {}
[3.480454] (quadruped_mujoco) StderrLine: {'line': b'In file included from \x1b[01m\x1b[K/usr/include/x86_64-linux-gnu/c++/11/bits/c++allocator.h:33\x1b[m\x1b[K,\n'}
[3.480590] (quadruped_mujoco) StderrLine: {'line': b'                 from \x1b[01m\x1b[K/usr/include/c++/11/bits/allocator.h:46\x1b[m\x1b[K,\n'}
[3.480652] (quadruped_mujoco) StderrLine: {'line': b'                 from \x1b[01m\x1b[K/usr/include/c++/11/memory:64\x1b[m\x1b[K,\n'}
[3.480683] (quadruped_mujoco) StderrLine: {'line': b'                 from \x1b[01m\x1b[K/opt/ros/humble/include/rclcpp/rclcpp/rclcpp.hpp:153\x1b[m\x1b[K,\n'}
[3.480710] (quadruped_mujoco) StderrLine: {'line': b'                 from \x1b[01m\x1b[K/home/nisarg/Documents/repo/libchamp-imp/ros2_ws/src/quadruped_mujoco/src/nodes/quadruped_controller_node.cpp:1\x1b[m\x1b[K:\n'}
[3.480737] (quadruped_mujoco) StderrLine: {'line': b'/usr/include/c++/11/ext/new_allocator.h: In instantiation of \xe2\x80\x98\x1b[01m\x1b[Kvoid __gnu_cxx::new_allocator<_Tp>::construct(_Up*, _Args&& ...) [with _Up = champ::TrotController; _Args = {champ::QuadrupedBase&}; _Tp = champ::TrotController]\x1b[m\x1b[K\xe2\x80\x99:\n'}
[3.480769] (quadruped_mujoco) StderrLine: {'line': b'\x1b[01m\x1b[K/usr/include/c++/11/bits/alloc_traits.h:516:17:\x1b[m\x1b[K   required from \xe2\x80\x98\x1b[01m\x1b[Kstatic void std::allocator_traits<std::allocator<_Tp1> >::construct(std::allocator_traits<std::allocator<_Tp1> >::allocator_type&, _Up*, _Args&& ...) [with _Up = champ::TrotController; _Args = {champ::QuadrupedBase&}; _Tp = champ::TrotController; std::allocator_traits<std::allocator<_Tp1> >::allocator_type = std::allocator<champ::TrotController>]\x1b[m\x1b[K\xe2\x80\x99\n'}
[3.480803] (quadruped_mujoco) StderrLine: {'line': b'\x1b[01m\x1b[K/usr/include/c++/11/bits/shared_ptr_base.h:519:39:\x1b[m\x1b[K   required from \xe2\x80\x98\x1b[01m\x1b[Kstd::_Sp_counted_ptr_inplace<_Tp, _Alloc, _Lp>::_Sp_counted_ptr_inplace(_Alloc, _Args&& ...) [with _Args = {champ::QuadrupedBase&}; _Tp = champ::TrotController; _Alloc = std::allocator<champ::TrotController>; __gnu_cxx::_Lock_policy _Lp = __gnu_cxx::_S_atomic]\x1b[m\x1b[K\xe2\x80\x99\n'}
[3.480833] (quadruped_mujoco) StderrLine: {'line': b'\x1b[01m\x1b[K/usr/include/c++/11/bits/shared_ptr_base.h:650:16:\x1b[m\x1b[K   required from \xe2\x80\x98\x1b[01m\x1b[Kstd::__shared_count<_Lp>::__shared_count(_Tp*&, std::_Sp_alloc_shared_tag<_Alloc>, _Args&& ...) [with _Tp = champ::TrotController; _Alloc = std::allocator<champ::TrotController>; _Args = {champ::QuadrupedBase&}; __gnu_cxx::_Lock_policy _Lp = __gnu_cxx::_S_atomic]\x1b[m\x1b[K\xe2\x80\x99\n'}
[3.480859] (quadruped_mujoco) StderrLine: {'line': b'\x1b[01m\x1b[K/usr/include/c++/11/bits/shared_ptr_base.h:1342:14:\x1b[m\x1b[K   required from \xe2\x80\x98\x1b[01m\x1b[Kstd::__shared_ptr<_Tp, _Lp>::__shared_ptr(std::_Sp_alloc_shared_tag<_Tp>, _Args&& ...) [with _Alloc = std::allocator<champ::TrotController>; _Args = {champ::QuadrupedBase&}; _Tp = champ::TrotController; __gnu_cxx::_Lock_policy _Lp = __gnu_cxx::_S_atomic]\x1b[m\x1b[K\xe2\x80\x99\n'}
[3.480886] (quadruped_mujoco) StderrLine: {'line': b'\x1b[01m\x1b[K/usr/include/c++/11/bits/shared_ptr.h:409:59:\x1b[m\x1b[K   required from \xe2\x80\x98\x1b[01m\x1b[Kstd::shared_ptr<_Tp>::shared_ptr(std::_Sp_alloc_shared_tag<_Tp>, _Args&& ...) [with _Alloc = std::allocator<champ::TrotController>; _Args = {champ::QuadrupedBase&}; _Tp = champ::TrotController]\x1b[m\x1b[K\xe2\x80\x99\n'}
[3.480932] (quadruped_mujoco) StderrLine: {'line': b'\x1b[01m\x1b[K/usr/include/c++/11/bits/shared_ptr.h:862:14:\x1b[m\x1b[K   required from \xe2\x80\x98\x1b[01m\x1b[Kstd::shared_ptr<_Tp> std::allocate_shared(const _Alloc&, _Args&& ...) [with _Tp = champ::TrotController; _Alloc = std::allocator<champ::TrotController>; _Args = {champ::QuadrupedBase&}]\x1b[m\x1b[K\xe2\x80\x99\n'}
[3.480959] (quadruped_mujoco) StderrLine: {'line': b'\x1b[01m\x1b[K/usr/include/c++/11/bits/shared_ptr.h:878:39:\x1b[m\x1b[K   required from \xe2\x80\x98\x1b[01m\x1b[Kstd::shared_ptr<_Tp> std::make_shared(_Args&& ...) [with _Tp = champ::TrotController; _Args = {champ::QuadrupedBase&}]\x1b[m\x1b[K\xe2\x80\x99\n'}
[3.480985] (quadruped_mujoco) StderrLine: {'line': b'\x1b[01m\x1b[K/home/nisarg/Documents/repo/libchamp-imp/ros2_ws/src/quadruped_mujoco/src/nodes/quadruped_controller_node.cpp:47:66:\x1b[m\x1b[K   required from here\n'}
[3.481011] (quadruped_mujoco) StderrLine: {'line': b'\x1b[01m\x1b[K/usr/include/c++/11/ext/new_allocator.h:162:11:\x1b[m\x1b[K \x1b[01;31m\x1b[Kerror: \x1b[m\x1b[Kno matching function for call to \xe2\x80\x98\x1b[01m\x1b[Kchamp::TrotController::TrotController(champ::QuadrupedBase&)\x1b[m\x1b[K\xe2\x80\x99\n'}
[3.481037] (quadruped_mujoco) StderrLine: {'line': b'  162 |         { \x1b[01;31m\x1b[K::new((void *)__p) _Up(std::forward<_Args>(__args)...)\x1b[m\x1b[K; }\n'}
[3.481062] (quadruped_mujoco) StderrLine: {'line': b'      |           \x1b[01;31m\x1b[K^~~~~~~~~~~~~~~~~~~~~~~~~~~~~~~~~~~~~~~~~~~~~~~~~~~~~~\x1b[m\x1b[K\n'}
[3.481087] (quadruped_mujoco) StderrLine: {'line': b'In file included from \x1b[01m\x1b[K/home/nisarg/Documents/repo/libchamp-imp/ros2_ws/src/quadruped_mujoco/src/nodes/quadruped_controller_node.cpp:2\x1b[m\x1b[K:\n'}
[3.481115] (quadruped_mujoco) StderrLine: {'line': b'\x1b[01m\x1b[K/home/nisarg/Documents/repo/libchamp-imp/ros2_ws/src/quadruped_mujoco/include/quadruped_mujoco/controllers/trot_controller.hpp:11:13:\x1b[m\x1b[K \x1b[01;36m\x1b[Knote: \x1b[m\x1b[Kcandidate: \xe2\x80\x98\x1b[01m\x1b[Kchamp::TrotController::TrotController(rclcpp::Node::SharedPtr)\x1b[m\x1b[K\xe2\x80\x99\n'}
[3.481140] (quadruped_mujoco) StderrLine: {'line': b'   11 |             \x1b[01;36m\x1b[KTrotController\x1b[m\x1b[K(rclcpp::Node::SharedPtr node) :\n'}
[3.481166] (quadruped_mujoco) StderrLine: {'line': b'      |             \x1b[01;36m\x1b[K^~~~~~~~~~~~~~\x1b[m\x1b[K\n'}
[3.481191] (quadruped_mujoco) StderrLine: {'line': b'\x1b[01m\x1b[K/home/nisarg/Documents/repo/libchamp-imp/ros2_ws/src/quadruped_mujoco/include/quadruped_mujoco/controllers/trot_controller.hpp:11:52:\x1b[m\x1b[K \x1b[01;36m\x1b[Knote: \x1b[m\x1b[K  no known conversion for argument 1 from \xe2\x80\x98\x1b[01m\x1b[Kchamp::QuadrupedBase\x1b[m\x1b[K\xe2\x80\x99 to \xe2\x80\x98\x1b[01m\x1b[Krclcpp::Node::SharedPtr\x1b[m\x1b[K\xe2\x80\x99 {aka \xe2\x80\x98\x1b[01m\x1b[Kstd::shared_ptr<rclcpp::Node>\x1b[m\x1b[K\xe2\x80\x99}\n'}
[3.481221] (quadruped_mujoco) StderrLine: {'line': b'   11 |             TrotController(\x1b[01;36m\x1b[Krclcpp::Node::SharedPtr node\x1b[m\x1b[K) :\n'}
[3.481246] (quadruped_mujoco) StderrLine: {'line': b'      |                            \x1b[01;36m\x1b[K~~~~~~~~~~~~~~~~~~~~~~~~^~~~\x1b[m\x1b[K\n'}
[3.481271] (quadruped_mujoco) StderrLine: {'line': b'\x1b[01m\x1b[K/home/nisarg/Documents/repo/libchamp-imp/ros2_ws/src/quadruped_mujoco/include/quadruped_mujoco/controllers/trot_controller.hpp:8:11:\x1b[m\x1b[K \x1b[01;36m\x1b[Knote: \x1b[m\x1b[Kcandidate: \xe2\x80\x98\x1b[01m\x1b[Kchamp::TrotController::TrotController(const champ::TrotController&)\x1b[m\x1b[K\xe2\x80\x99\n'}
[3.481298] (quadruped_mujoco) StderrLine: {'line': b'    8 |     class \x1b[01;36m\x1b[KTrotController\x1b[m\x1b[K : public QuadrupedController\n'}
[3.481324] (quadruped_mujoco) StderrLine: {'line': b'      |           \x1b[01;36m\x1b[K^~~~~~~~~~~~~~\x1b[m\x1b[K\n'}
[3.481348] (quadruped_mujoco) StderrLine: {'line': b'\x1b[01m\x1b[K/home/nisarg/Documents/repo/libchamp-imp/ros2_ws/src/quadruped_mujoco/include/quadruped_mujoco/controllers/trot_controller.hpp:8:11:\x1b[m\x1b[K \x1b[01;36m\x1b[Knote: \x1b[m\x1b[K  no known conversion for argument 1 from \xe2\x80\x98\x1b[01m\x1b[Kchamp::QuadrupedBase\x1b[m\x1b[K\xe2\x80\x99 to \xe2\x80\x98\x1b[01m\x1b[Kconst champ::TrotController&\x1b[m\x1b[K\xe2\x80\x99\n'}
[3.481374] (quadruped_mujoco) StderrLine: {'line': b'\x1b[01m\x1b[K/home/nisarg/Documents/repo/libchamp-imp/ros2_ws/src/quadruped_mujoco/include/quadruped_mujoco/controllers/trot_controller.hpp:8:11:\x1b[m\x1b[K \x1b[01;36m\x1b[Knote: \x1b[m\x1b[Kcandidate: \xe2\x80\x98\x1b[01m\x1b[Kchamp::TrotController::TrotController(champ::TrotController&&)\x1b[m\x1b[K\xe2\x80\x99\n'}
[3.481400] (quadruped_mujoco) StderrLine: {'line': b'\x1b[01m\x1b[K/home/nisarg/Documents/repo/libchamp-imp/ros2_ws/src/quadruped_mujoco/include/quadruped_mujoco/controllers/trot_controller.hpp:8:11:\x1b[m\x1b[K \x1b[01;36m\x1b[Knote: \x1b[m\x1b[K  no known conversion for argument 1 from \xe2\x80\x98\x1b[01m\x1b[Kchamp::QuadrupedBase\x1b[m\x1b[K\xe2\x80\x99 to \xe2\x80\x98\x1b[01m\x1b[Kchamp::TrotController&&\x1b[m\x1b[K\xe2\x80\x99\n'}
[3.506287] (-) TimerEvent: {}
[3.606646] (-) TimerEvent: {}
[3.706886] (-) TimerEvent: {}
[3.807240] (-) TimerEvent: {}
[3.907602] (-) TimerEvent: {}
[4.007855] (-) TimerEvent: {}
[4.108121] (-) TimerEvent: {}
[4.208471] (-) TimerEvent: {}
[4.308721] (-) TimerEvent: {}
[4.409015] (-) TimerEvent: {}
[4.509295] (-) TimerEvent: {}
[4.609669] (-) TimerEvent: {}
[4.709901] (-) TimerEvent: {}
[4.810226] (-) TimerEvent: {}
[4.910558] (-) TimerEvent: {}
[5.010818] (-) TimerEvent: {}
[5.018603] (quadruped_mujoco) StderrLine: {'line': b'gmake[2]: *** [CMakeFiles/quadruped_controller_node.dir/build.make:76: CMakeFiles/quadruped_controller_node.dir/src/nodes/quadruped_controller_node.cpp.o] Error 1\n'}
[5.018879] (quadruped_mujoco) StderrLine: {'line': b'gmake[1]: *** [CMakeFiles/Makefile2:659: CMakeFiles/quadruped_controller_node.dir/all] Error 2\n'}
[5.018952] (quadruped_mujoco) StderrLine: {'line': b'gmake[1]: *** Waiting for unfinished jobs....\n'}
[5.110952] (-) TimerEvent: {}
[5.211266] (-) TimerEvent: {}
[5.311577] (-) TimerEvent: {}
[5.411806] (-) TimerEvent: {}
[5.512087] (-) TimerEvent: {}
[5.612403] (-) TimerEvent: {}
[5.712725] (-) TimerEvent: {}
[5.812992] (-) TimerEvent: {}
[5.913320] (-) TimerEvent: {}
[6.013647] (-) TimerEvent: {}
[6.113867] (-) TimerEvent: {}
[6.214177] (-) TimerEvent: {}
[6.314490] (-) TimerEvent: {}
[6.414815] (-) TimerEvent: {}
[6.515258] (-) TimerEvent: {}
[6.615869] (-) TimerEvent: {}
[6.716131] (-) TimerEvent: {}
[6.816393] (-) TimerEvent: {}
[6.892846] (quadruped_mujoco) StdoutLine: {'line': b'[ 98%] \x1b[32m\x1b[1mLinking CXX executable mujoco_sim_node\x1b[0m\n'}
[6.916490] (-) TimerEvent: {}
[7.016769] (-) TimerEvent: {}
[7.117081] (-) TimerEvent: {}
[7.217348] (-) TimerEvent: {}
[7.265073] (quadruped_mujoco) StdoutLine: {'line': b'[ 98%] Built target mujoco_sim_node\n'}
[7.266035] (quadruped_mujoco) StderrLine: {'line': b'gmake: *** [Makefile:146: all] Error 2\n'}
[7.267606] (quadruped_mujoco) CommandEnded: {'returncode': 2}
[7.278423] (quadruped_mujoco) JobEnded: {'identifier': 'quadruped_mujoco', 'rc': 2}
[7.289156] (-) EventReactorShutdown: {}
