[0.016s] Invoking command in '/home/nisarg/Documents/repo/libchamp-imp/build/champ_description': /usr/bin/cmake /home/nisarg/Documents/repo/libchamp-imp/champ/champ_description -DCATKIN_INSTALL_INTO_PREFIX_ROOT=0 -DCMAKE_INSTALL_PREFIX=/home/nisarg/Documents/repo/libchamp-imp/install/champ_description
[0.022s] [0mCMake Deprecation Warning at CMakeLists.txt:2 (cmake_minimum_required):
[0.022s]   Compatibility with CMake < 2.8.12 will be removed from a future version of
[0.022s]   CMake.
[0.022s] 
[0.022s]   Update the VERSION argument <min> value or use a ...<max> suffix to tell
[0.023s]   CMake that the project does not need compatibility with older versions.
[0.023s] 
[0.023s] [0m
[0.215s] -- The C compiler identification is GNU 11.4.0
[0.317s] -- The CXX compiler identification is GNU 11.4.0
[0.325s] -- Detecting C compiler ABI info
[0.386s] -- Detecting C compiler ABI info - done
[0.395s] -- Check for working C compiler: /usr/bin/cc - skipped
[0.395s] -- Detecting C compile features
[0.395s] -- Detecting C compile features - done
[0.399s] -- Detecting CXX compiler ABI info
[0.460s] -- Detecting CXX compiler ABI info - done
[0.466s] -- Check for working CXX compiler: /usr/bin/c++ - skipped
[0.466s] -- Detecting CXX compile features
[0.467s] -- Detecting CXX compile features - done
[0.474s] [31mCMake Error at CMakeLists.txt:5 (find_package):
[0.474s]   By not providing "Findcatkin.cmake" in CMAKE_MODULE_PATH this project has
[0.474s]   asked CMake to find a package configuration file provided by "catkin", but
[0.474s]   CMake did not find one.
[0.475s] 
[0.475s]   Could not find a package configuration file provided by "catkin" with any
[0.475s]   of the following names:
[0.475s] 
[0.475s]     catkinConfig.cmake
[0.475s]     catkin-config.cmake
[0.475s] 
[0.475s]   Add the installation prefix of "catkin" to CMAKE_PREFIX_PATH or set
[0.475s]   "catkin_DIR" to a directory containing one of the above files.  If "catkin"
[0.475s]   provides a separate development package or SDK, be sure it has been
[0.475s]   installed.
[0.475s] 
[0.475s] [0m
[0.475s] -- Configuring incomplete, errors occurred!
[0.475s] See also "/home/nisarg/Documents/repo/libchamp-imp/build/champ_description/CMakeFiles/CMakeOutput.log".
[0.476s] Invoked command in '/home/nisarg/Documents/repo/libchamp-imp/build/champ_description' returned '1': /usr/bin/cmake /home/nisarg/Documents/repo/libchamp-imp/champ/champ_description -DCATKIN_INSTALL_INTO_PREFIX_ROOT=0 -DCMAKE_INSTALL_PREFIX=/home/nisarg/Documents/repo/libchamp-imp/install/champ_description
