[0.000000] (-) TimerEvent: {}
[0.000454] (quadruped_mujoco) JobQueued: {'identifier': 'quadruped_mujoco', 'dependencies': OrderedDict()}
[0.000503] (quadruped_mujoco) JobStarted: {'identifier': 'quadruped_mujoco'}
[0.006776] (quadruped_mujoco) JobProgress: {'identifier': 'quadruped_mujoco', 'progress': 'cmake'}
[0.006995] (quadruped_mujoco) Command: {'cmd': ['/usr/bin/cmake', '/home/nisarg/Documents/repo/libchamp-imp/ros2_ws/src/quadruped_mujoco', '-DCMAKE_INSTALL_PREFIX=/home/nisarg/Documents/repo/libchamp-imp/ros2_ws/install/quadruped_mujoco'], 'cwd': '/home/nisarg/Documents/repo/libchamp-imp/ros2_ws/build/quadruped_mujoco', 'env': OrderedDict([('LANGUAGE', 'en_IN:en'), ('USER', 'nisarg'), ('ROS_PACKAGE_PATH', '/home/nisarg/quadruped_ws/install/unitree_legged_sdk/share'), ('XDG_SESSION_TYPE', 'x11'), ('SHLVL', '1'), ('LD_LIBRARY_PATH', '/home/nisarg/Documents/repo/libchamp-imp/ros2_ws/install/quadruped_mujoco/lib:/home/nisarg/.mujoco/mujoco210/bin:/home/nisarg/quadruped_ws/install/unitree_go/lib:/home/nisarg/quadruped_ws/install/unitree_api/lib:/home/nisarg/quadruped_ws/install/champ_msgs/lib:/usr/lib/x86_64-linux-gnu/gazebo-11/plugins:/opt/ros/humble/opt/rviz_ogre_vendor/lib:/opt/ros/humble/lib/x86_64-linux-gnu:/opt/ros/humble/lib'), ('HOME', '/home/nisarg'), ('CONDA_SHLVL', '0'), ('OLDPWD', '/home/nisarg/Documents/repo/libchamp-imp/ros2_ws'), ('DESKTOP_SESSION', 'ubuntu'), ('ROS_PYTHON_VERSION', '3'), ('GNOME_SHELL_SESSION_MODE', 'ubuntu'), ('GTK_MODULES', 'gail:atk-bridge'), ('DBUS_STARTER_BUS_TYPE', 'session'), ('SYSTEMD_EXEC_PID', '2064'), ('DBUS_SESSION_BUS_ADDRESS', 'unix:path=/run/user/1000/bus,guid=e03bf6c2ed0ad06e9aa581ee67d7e20e'), ('COLORTERM', 'truecolor'), ('_CE_M', ''), ('COLCON_PREFIX_PATH', '/home/nisarg/Documents/repo/libchamp-imp/ros2_ws/install:/home/nisarg/Documents/repo/libchamp-imp/install:/home/nisarg/Documents/repo/helium-quadruped-mjc/install:/home/nisarg/quadruped_ws/install'), ('ROS_DISTRO', 'humble'), ('GTK_IM_MODULE', 'ibus'), ('LOGNAME', 'nisarg'), ('_', '/usr/bin/colcon'), ('ROS_VERSION', '2'), ('PKG_CONFIG_PATH', '/home/nisarg/quadruped_ws/install/unitree_legged_sdk/lib/x86_64-linux-gnu/pkgconfig:/home/nisarg/quadruped_ws/install/unitree_legged_sdk/lib/pkgconfig'), ('XDG_SESSION_CLASS', 'user'), ('USERNAME', 'nisarg'), ('TERM', 'xterm-256color'), ('GNOME_DESKTOP_SESSION_ID', 'this-is-deprecated'), ('_CE_CONDA', ''), ('ROS_LOCALHOST_ONLY', '0'), ('WINDOWPATH', '2'), ('PATH', '/home/nisarg/miniconda3/condabin:/opt/ros/humble/bin:/usr/local/sbin:/usr/local/bin:/usr/sbin:/usr/bin:/sbin:/bin:/usr/games:/usr/local/games:/snap/bin:/snap/bin'), ('SESSION_MANAGER', 'local/nisarg-OMEN:@/tmp/.ICE-unix/2064,unix/nisarg-OMEN:/tmp/.ICE-unix/2064'), ('XDG_MENU_PREFIX', 'gnome-'), ('GNOME_TERMINAL_SCREEN', '/org/gnome/Terminal/screen/a2c74410_1cec_4ef8_bca7_33967d08ea0c'), ('XDG_RUNTIME_DIR', '/run/user/1000'), ('DISPLAY', ':1'), ('LANG', 'en_US.UTF-8'), ('XDG_CURRENT_DESKTOP', 'ubuntu:GNOME'), ('XMODIFIERS', '@im=ibus'), ('XDG_SESSION_DESKTOP', 'ubuntu'), ('XAUTHORITY', '/run/user/1000/gdm/Xauthority'), ('GNOME_TERMINAL_SERVICE', ':1.107'), ('SSH_AGENT_LAUNCHER', 'gnome-keyring'), ('SSH_AUTH_SOCK', '/run/user/1000/keyring/ssh'), ('ROS_DOMAIN_ID', '47'), ('AMENT_PREFIX_PATH', '/home/nisarg/Documents/repo/libchamp-imp/ros2_ws/install/quadruped_mujoco:/home/nisarg/Documents/repo/helium-quadruped-mjc/install/helium_quadruped_simulation:/home/nisarg/Documents/repo/helium-quadruped-mjc/install/helium_quadruped_description:/home/nisarg/Documents/repo/helium-quadruped-mjc/install/helium_quadruped_controller:/home/nisarg/quadruped_ws/install/unitree_go:/home/nisarg/quadruped_ws/install/unitree_api:/home/nisarg/quadruped_ws/install/champ_teleop:/home/nisarg/quadruped_ws/install/champ_msgs:/home/nisarg/quadruped_ws/install/champ_description:/home/nisarg/quadruped_ws/install/champ:/opt/ros/humble'), ('CONDA_PYTHON_EXE', '/home/nisarg/miniconda3/bin/python'), ('SHELL', '/bin/bash'), ('QT_ACCESSIBILITY', '1'), ('GDMSESSION', 'ubuntu'), ('CMAKE_MODULE_PATH', '/home/nisarg/Documents/repo/libchamp-imp/ros2_ws/install/quadruped_mujoco/share/quadruped_mujoco/cmake'), ('GPG_AGENT_INFO', '/run/user/1000/gnupg/S.gpg-agent:0:1'), ('QT_IM_MODULE', 'ibus'), ('PWD', '/home/nisarg/Documents/repo/libchamp-imp/ros2_ws/build/quadruped_mujoco'), ('LC_ALL', 'en_US.UTF-8'), ('XDG_CONFIG_DIRS', '/etc/xdg/xdg-ubuntu:/etc/xdg'), ('CONDA_EXE', '/home/nisarg/miniconda3/bin/conda'), ('DBUS_STARTER_ADDRESS', 'unix:path=/run/user/1000/bus,guid=e03bf6c2ed0ad06e9aa581ee67d7e20e'), ('MUJOCO_PLUGIN_PATH', '/lib'), ('XDG_DATA_DIRS', '/usr/share/ubuntu:/usr/share/gnome:/usr/local/share/:/usr/share/:/var/lib/snapd/desktop'), ('PYTHONPATH', '/home/nisarg/Documents/repo/libchamp-imp/ros2_ws/install/quadruped_mujoco/local/lib/python3.10/dist-packages:/home/nisarg/Documents/repo/helium-quadruped-mjc/install/helium_quadruped_simulation/lib/python3.10/site-packages:/home/nisarg/Documents/repo/helium-quadruped-mjc/install/helium_quadruped_description/lib/python3.10/site-packages:/home/nisarg/Documents/repo/helium-quadruped-mjc/install/helium_quadruped_controller/lib/python3.10/site-packages:/home/nisarg/quadruped_ws/install/unitree_go/local/lib/python3.10/dist-packages:/home/nisarg/quadruped_ws/install/unitree_api/local/lib/python3.10/dist-packages:/home/nisarg/quadruped_ws/install/champ_msgs/local/lib/python3.10/dist-packages:/opt/ros/humble/lib/python3.10/site-packages:/opt/ros/humble/local/lib/python3.10/dist-packages'), ('COLCON', '1'), ('VTE_VERSION', '6800'), ('CMAKE_PREFIX_PATH', '/home/nisarg/Documents/repo/libchamp-imp/ros2_ws/install/quadruped_mujoco:/home/nisarg/quadruped_ws/install/unitree_go:/home/nisarg/quadruped_ws/install/unitree_api:/home/nisarg/quadruped_ws/install/champ_teleop:/home/nisarg/quadruped_ws/install/champ_msgs:/home/nisarg/quadruped_ws/install/champ_description:/home/nisarg/quadruped_ws/install/champ:/home/nisarg/Documents/repo/helium-quadruped-mjc/install/helium_quadruped_simulation:/home/nisarg/Documents/repo/helium-quadruped-mjc/install/helium_quadruped_description:/home/nisarg/Documents/repo/helium-quadruped-mjc/install/helium_quadruped_controller:/opt/ros/humble'), ('MUJOCO_KEY_PATH', '/home/nisarg/.mujoco/mjkey.txt')]), 'shell': False}
[0.072757] (quadruped_mujoco) StdoutLine: {'line': b'-- The C compiler identification is GNU 11.4.0\n'}
[0.099746] (-) TimerEvent: {}
[0.127493] (quadruped_mujoco) StdoutLine: {'line': b'-- The CXX compiler identification is GNU 11.4.0\n'}
[0.135324] (quadruped_mujoco) StdoutLine: {'line': b'-- Detecting C compiler ABI info\n'}
[0.199866] (-) TimerEvent: {}
[0.220729] (quadruped_mujoco) StdoutLine: {'line': b'-- Detecting C compiler ABI info - done\n'}
[0.229539] (quadruped_mujoco) StdoutLine: {'line': b'-- Check for working C compiler: /usr/bin/cc - skipped\n'}
[0.229848] (quadruped_mujoco) StdoutLine: {'line': b'-- Detecting C compile features\n'}
[0.230492] (quadruped_mujoco) StdoutLine: {'line': b'-- Detecting C compile features - done\n'}
[0.234561] (quadruped_mujoco) StdoutLine: {'line': b'-- Detecting CXX compiler ABI info\n'}
[0.299964] (-) TimerEvent: {}
[0.307080] (quadruped_mujoco) StdoutLine: {'line': b'-- Detecting CXX compiler ABI info - done\n'}
[0.314784] (quadruped_mujoco) StdoutLine: {'line': b'-- Check for working CXX compiler: /usr/bin/c++ - skipped\n'}
[0.315011] (quadruped_mujoco) StdoutLine: {'line': b'-- Detecting CXX compile features\n'}
[0.315258] (quadruped_mujoco) StdoutLine: {'line': b'-- Detecting CXX compile features - done\n'}
[0.317160] (quadruped_mujoco) StdoutLine: {'line': b'-- Found ament_cmake: 1.3.11 (/opt/ros/humble/share/ament_cmake/cmake)\n'}
[0.400071] (-) TimerEvent: {}
[0.448633] (quadruped_mujoco) StdoutLine: {'line': b'-- Found Python3: /usr/bin/python3 (found version "3.10.12") found components: Interpreter \n'}
[0.500212] (-) TimerEvent: {}
[0.519813] (quadruped_mujoco) StdoutLine: {'line': b'-- Found rclcpp: 16.0.11 (/opt/ros/humble/share/rclcpp/cmake)\n'}
[0.551222] (quadruped_mujoco) StdoutLine: {'line': b'-- Found rosidl_generator_c: 3.1.6 (/opt/ros/humble/share/rosidl_generator_c/cmake)\n'}
[0.555023] (quadruped_mujoco) StdoutLine: {'line': b'-- Found rosidl_adapter: 3.1.6 (/opt/ros/humble/share/rosidl_adapter/cmake)\n'}
[0.560979] (quadruped_mujoco) StdoutLine: {'line': b'-- Found rosidl_generator_cpp: 3.1.6 (/opt/ros/humble/share/rosidl_generator_cpp/cmake)\n'}
[0.569533] (quadruped_mujoco) StdoutLine: {'line': b'-- Using all available rosidl_typesupport_c: rosidl_typesupport_fastrtps_c;rosidl_typesupport_introspection_c\n'}
[0.581103] (quadruped_mujoco) StdoutLine: {'line': b'-- Using all available rosidl_typesupport_cpp: rosidl_typesupport_fastrtps_cpp;rosidl_typesupport_introspection_cpp\n'}
[0.600386] (-) TimerEvent: {}
[0.612760] (quadruped_mujoco) StdoutLine: {'line': b'-- Found rmw_implementation_cmake: 6.1.2 (/opt/ros/humble/share/rmw_implementation_cmake/cmake)\n'}
[0.614977] (quadruped_mujoco) StdoutLine: {'line': b'-- Found rmw_fastrtps_cpp: 6.2.7 (/opt/ros/humble/share/rmw_fastrtps_cpp/cmake)\n'}
[0.694547] (quadruped_mujoco) StdoutLine: {'line': b'-- Found OpenSSL: /usr/lib/x86_64-linux-gnu/libcrypto.so (found version "3.0.2")  \n'}
[0.700496] (-) TimerEvent: {}
[0.718034] (quadruped_mujoco) StdoutLine: {'line': b'-- Found FastRTPS: /opt/ros/humble/include  \n'}
[0.754350] (quadruped_mujoco) StdoutLine: {'line': b"-- Using RMW implementation 'rmw_fastrtps_cpp' as default\n"}
[0.761469] (quadruped_mujoco) StdoutLine: {'line': b'-- Looking for pthread.h\n'}
[0.800739] (-) TimerEvent: {}
[0.835293] (quadruped_mujoco) StdoutLine: {'line': b'-- Looking for pthread.h - found\n'}
[0.835547] (quadruped_mujoco) StdoutLine: {'line': b'-- Performing Test CMAKE_HAVE_LIBC_PTHREAD\n'}
[0.900813] (-) TimerEvent: {}
[0.901417] (quadruped_mujoco) StdoutLine: {'line': b'-- Performing Test CMAKE_HAVE_LIBC_PTHREAD - Success\n'}
[0.902348] (quadruped_mujoco) StdoutLine: {'line': b'-- Found Threads: TRUE  \n'}
[0.939533] (quadruped_mujoco) StdoutLine: {'line': b'-- Found sensor_msgs: 4.2.4 (/opt/ros/humble/share/sensor_msgs/cmake)\n'}
[0.961093] (quadruped_mujoco) StdoutLine: {'line': b'-- Found nav_msgs: 4.2.4 (/opt/ros/humble/share/nav_msgs/cmake)\n'}
[0.973322] (quadruped_mujoco) StdoutLine: {'line': b'-- Found tf2: 0.25.12 (/opt/ros/humble/share/tf2/cmake)\n'}
[0.981326] (quadruped_mujoco) StdoutLine: {'line': b'-- Found tf2_ros: 0.25.12 (/opt/ros/humble/share/tf2_ros/cmake)\n'}
[1.000896] (-) TimerEvent: {}
[1.044077] (quadruped_mujoco) StdoutLine: {'line': b'-- Found rosidl_default_generators: 1.2.0 (/opt/ros/humble/share/rosidl_default_generators/cmake)\n'}
[1.050960] (quadruped_mujoco) StdoutLine: {'line': b'-- Found mujoco: /usr/local/lib/libmujoco.so  \n'}
[1.054471] (quadruped_mujoco) StderrLine: {'line': b'\x1b[33mCMake Warning (dev) at /usr/share/cmake-3.22/Modules/FindOpenGL.cmake:315 (message):\n'}
[1.054689] (quadruped_mujoco) StderrLine: {'line': b'  Policy CMP0072 is not set: FindOpenGL prefers GLVND by default when\n'}
[1.054827] (quadruped_mujoco) StderrLine: {'line': b'  available.  Run "cmake --help-policy CMP0072" for policy details.  Use the\n'}
[1.054872] (quadruped_mujoco) StderrLine: {'line': b'  cmake_policy command to set the policy and suppress this warning.\n'}
[1.054903] (quadruped_mujoco) StderrLine: {'line': b'\n'}
[1.054932] (quadruped_mujoco) StderrLine: {'line': b'  FindOpenGL found both a legacy GL library:\n'}
[1.054959] (quadruped_mujoco) StderrLine: {'line': b'\n'}
[1.054986] (quadruped_mujoco) StderrLine: {'line': b'    OPENGL_gl_LIBRARY: /usr/lib/x86_64-linux-gnu/libGL.so\n'}
[1.055051] (quadruped_mujoco) StderrLine: {'line': b'\n'}
[1.055077] (quadruped_mujoco) StderrLine: {'line': b'  and GLVND libraries for OpenGL and GLX:\n'}
[1.055105] (quadruped_mujoco) StderrLine: {'line': b'\n'}
[1.055132] (quadruped_mujoco) StderrLine: {'line': b'    OPENGL_opengl_LIBRARY: /usr/lib/x86_64-linux-gnu/libOpenGL.so\n'}
[1.055157] (quadruped_mujoco) StderrLine: {'line': b'    OPENGL_glx_LIBRARY: /usr/lib/x86_64-linux-gnu/libGLX.so\n'}
[1.055184] (quadruped_mujoco) StderrLine: {'line': b'\n'}
[1.055211] (quadruped_mujoco) StderrLine: {'line': b'  OpenGL_GL_PREFERENCE has not been set to "GLVND" or "LEGACY", so for\n'}
[1.055237] (quadruped_mujoco) StderrLine: {'line': b'  compatibility with CMake 3.10 and below the legacy GL library will be used.\n'}
[1.055271] (quadruped_mujoco) StderrLine: {'line': b'Call Stack (most recent call first):\n'}
[1.055299] (quadruped_mujoco) StderrLine: {'line': b'  CMakeLists.txt:28 (find_package)\n'}
[1.055326] (quadruped_mujoco) StderrLine: {'line': b'This warning is for project developers.  Use -Wno-dev to suppress it.\n'}
[1.055356] (quadruped_mujoco) StderrLine: {'line': b'\x1b[0m\n'}
[1.055381] (quadruped_mujoco) StdoutLine: {'line': b'-- Found OpenGL: /usr/lib/x86_64-linux-gnu/libOpenGL.so   \n'}
[1.085690] (quadruped_mujoco) StdoutLine: {'line': b'-- Found GLEW: /usr/include (found version "2.2.0") \n'}
[1.100987] (-) TimerEvent: {}
[1.201280] (-) TimerEvent: {}
[1.301539] (-) TimerEvent: {}
[1.342364] (quadruped_mujoco) StdoutLine: {'line': b'-- Found ament_cmake_ros: 0.10.0 (/opt/ros/humble/share/ament_cmake_ros/cmake)\n'}
[1.401639] (-) TimerEvent: {}
[1.501899] (-) TimerEvent: {}
[1.602136] (-) TimerEvent: {}
[1.660855] (quadruped_mujoco) StdoutLine: {'line': b'-- Using all available rosidl_typesupport_c: rosidl_typesupport_fastrtps_c;rosidl_typesupport_introspection_c\n'}
[1.702245] (-) TimerEvent: {}
[1.798260] (quadruped_mujoco) StdoutLine: {'line': b'-- Using all available rosidl_typesupport_cpp: rosidl_typesupport_fastrtps_cpp;rosidl_typesupport_introspection_cpp\n'}
[1.802369] (-) TimerEvent: {}
[1.820881] (quadruped_mujoco) StdoutLine: {'line': b'-- Found PythonInterp: /usr/bin/python3 (found suitable version "3.10.12", minimum required is "3.6") \n'}
[1.822360] (quadruped_mujoco) StdoutLine: {'line': b'-- Found python_cmake_module: 0.10.0 (/opt/ros/humble/share/python_cmake_module/cmake)\n'}
[1.843364] (quadruped_mujoco) StdoutLine: {'line': b'-- Found PythonLibs: /usr/lib/x86_64-linux-gnu/libpython3.10.so (found suitable version "3.10.12", minimum required is "3.5") \n'}
[1.843602] (quadruped_mujoco) StdoutLine: {'line': b'-- Using PYTHON_EXECUTABLE: /usr/bin/python3\n'}
[1.843707] (quadruped_mujoco) StdoutLine: {'line': b'-- Using PYTHON_INCLUDE_DIRS: /usr/include/python3.10\n'}
[1.843813] (quadruped_mujoco) StdoutLine: {'line': b'-- Using PYTHON_LIBRARIES: /usr/lib/x86_64-linux-gnu/libpython3.10.so\n'}
[1.859601] (quadruped_mujoco) StdoutLine: {'line': b'-- Found PythonExtra: .so  \n'}
[1.902496] (-) TimerEvent: {}
[1.921578] (quadruped_mujoco) StdoutLine: {'line': b'-- Configuring done\n'}
[1.967837] (quadruped_mujoco) StdoutLine: {'line': b'-- Generating done\n'}
[1.985443] (quadruped_mujoco) StdoutLine: {'line': b'-- Build files have been written to: /home/nisarg/Documents/repo/libchamp-imp/ros2_ws/build/quadruped_mujoco\n'}
[1.994494] (quadruped_mujoco) CommandEnded: {'returncode': 0}
[1.995034] (quadruped_mujoco) JobProgress: {'identifier': 'quadruped_mujoco', 'progress': 'build'}
[1.995631] (quadruped_mujoco) Command: {'cmd': ['/usr/bin/cmake', '--build', '/home/nisarg/Documents/repo/libchamp-imp/ros2_ws/build/quadruped_mujoco', '--', '-j12', '-l12'], 'cwd': '/home/nisarg/Documents/repo/libchamp-imp/ros2_ws/build/quadruped_mujoco', 'env': OrderedDict([('LANGUAGE', 'en_IN:en'), ('USER', 'nisarg'), ('ROS_PACKAGE_PATH', '/home/nisarg/quadruped_ws/install/unitree_legged_sdk/share'), ('XDG_SESSION_TYPE', 'x11'), ('SHLVL', '1'), ('LD_LIBRARY_PATH', '/home/nisarg/Documents/repo/libchamp-imp/ros2_ws/install/quadruped_mujoco/lib:/home/nisarg/.mujoco/mujoco210/bin:/home/nisarg/quadruped_ws/install/unitree_go/lib:/home/nisarg/quadruped_ws/install/unitree_api/lib:/home/nisarg/quadruped_ws/install/champ_msgs/lib:/usr/lib/x86_64-linux-gnu/gazebo-11/plugins:/opt/ros/humble/opt/rviz_ogre_vendor/lib:/opt/ros/humble/lib/x86_64-linux-gnu:/opt/ros/humble/lib'), ('HOME', '/home/nisarg'), ('CONDA_SHLVL', '0'), ('OLDPWD', '/home/nisarg/Documents/repo/libchamp-imp/ros2_ws'), ('DESKTOP_SESSION', 'ubuntu'), ('ROS_PYTHON_VERSION', '3'), ('GNOME_SHELL_SESSION_MODE', 'ubuntu'), ('GTK_MODULES', 'gail:atk-bridge'), ('DBUS_STARTER_BUS_TYPE', 'session'), ('SYSTEMD_EXEC_PID', '2064'), ('DBUS_SESSION_BUS_ADDRESS', 'unix:path=/run/user/1000/bus,guid=e03bf6c2ed0ad06e9aa581ee67d7e20e'), ('COLORTERM', 'truecolor'), ('_CE_M', ''), ('COLCON_PREFIX_PATH', '/home/nisarg/Documents/repo/libchamp-imp/ros2_ws/install:/home/nisarg/Documents/repo/libchamp-imp/install:/home/nisarg/Documents/repo/helium-quadruped-mjc/install:/home/nisarg/quadruped_ws/install'), ('ROS_DISTRO', 'humble'), ('GTK_IM_MODULE', 'ibus'), ('LOGNAME', 'nisarg'), ('_', '/usr/bin/colcon'), ('ROS_VERSION', '2'), ('PKG_CONFIG_PATH', '/home/nisarg/quadruped_ws/install/unitree_legged_sdk/lib/x86_64-linux-gnu/pkgconfig:/home/nisarg/quadruped_ws/install/unitree_legged_sdk/lib/pkgconfig'), ('XDG_SESSION_CLASS', 'user'), ('USERNAME', 'nisarg'), ('TERM', 'xterm-256color'), ('GNOME_DESKTOP_SESSION_ID', 'this-is-deprecated'), ('_CE_CONDA', ''), ('ROS_LOCALHOST_ONLY', '0'), ('WINDOWPATH', '2'), ('PATH', '/home/nisarg/miniconda3/condabin:/opt/ros/humble/bin:/usr/local/sbin:/usr/local/bin:/usr/sbin:/usr/bin:/sbin:/bin:/usr/games:/usr/local/games:/snap/bin:/snap/bin'), ('SESSION_MANAGER', 'local/nisarg-OMEN:@/tmp/.ICE-unix/2064,unix/nisarg-OMEN:/tmp/.ICE-unix/2064'), ('XDG_MENU_PREFIX', 'gnome-'), ('GNOME_TERMINAL_SCREEN', '/org/gnome/Terminal/screen/a2c74410_1cec_4ef8_bca7_33967d08ea0c'), ('XDG_RUNTIME_DIR', '/run/user/1000'), ('DISPLAY', ':1'), ('LANG', 'en_US.UTF-8'), ('XDG_CURRENT_DESKTOP', 'ubuntu:GNOME'), ('XMODIFIERS', '@im=ibus'), ('XDG_SESSION_DESKTOP', 'ubuntu'), ('XAUTHORITY', '/run/user/1000/gdm/Xauthority'), ('GNOME_TERMINAL_SERVICE', ':1.107'), ('SSH_AGENT_LAUNCHER', 'gnome-keyring'), ('SSH_AUTH_SOCK', '/run/user/1000/keyring/ssh'), ('ROS_DOMAIN_ID', '47'), ('AMENT_PREFIX_PATH', '/home/nisarg/Documents/repo/libchamp-imp/ros2_ws/install/quadruped_mujoco:/home/nisarg/Documents/repo/helium-quadruped-mjc/install/helium_quadruped_simulation:/home/nisarg/Documents/repo/helium-quadruped-mjc/install/helium_quadruped_description:/home/nisarg/Documents/repo/helium-quadruped-mjc/install/helium_quadruped_controller:/home/nisarg/quadruped_ws/install/unitree_go:/home/nisarg/quadruped_ws/install/unitree_api:/home/nisarg/quadruped_ws/install/champ_teleop:/home/nisarg/quadruped_ws/install/champ_msgs:/home/nisarg/quadruped_ws/install/champ_description:/home/nisarg/quadruped_ws/install/champ:/opt/ros/humble'), ('CONDA_PYTHON_EXE', '/home/nisarg/miniconda3/bin/python'), ('SHELL', '/bin/bash'), ('QT_ACCESSIBILITY', '1'), ('GDMSESSION', 'ubuntu'), ('CMAKE_MODULE_PATH', '/home/nisarg/Documents/repo/libchamp-imp/ros2_ws/install/quadruped_mujoco/share/quadruped_mujoco/cmake'), ('GPG_AGENT_INFO', '/run/user/1000/gnupg/S.gpg-agent:0:1'), ('QT_IM_MODULE', 'ibus'), ('PWD', '/home/nisarg/Documents/repo/libchamp-imp/ros2_ws/build/quadruped_mujoco'), ('LC_ALL', 'en_US.UTF-8'), ('XDG_CONFIG_DIRS', '/etc/xdg/xdg-ubuntu:/etc/xdg'), ('CONDA_EXE', '/home/nisarg/miniconda3/bin/conda'), ('DBUS_STARTER_ADDRESS', 'unix:path=/run/user/1000/bus,guid=e03bf6c2ed0ad06e9aa581ee67d7e20e'), ('MUJOCO_PLUGIN_PATH', '/lib'), ('XDG_DATA_DIRS', '/usr/share/ubuntu:/usr/share/gnome:/usr/local/share/:/usr/share/:/var/lib/snapd/desktop'), ('PYTHONPATH', '/home/nisarg/Documents/repo/libchamp-imp/ros2_ws/install/quadruped_mujoco/local/lib/python3.10/dist-packages:/home/nisarg/Documents/repo/helium-quadruped-mjc/install/helium_quadruped_simulation/lib/python3.10/site-packages:/home/nisarg/Documents/repo/helium-quadruped-mjc/install/helium_quadruped_description/lib/python3.10/site-packages:/home/nisarg/Documents/repo/helium-quadruped-mjc/install/helium_quadruped_controller/lib/python3.10/site-packages:/home/nisarg/quadruped_ws/install/unitree_go/local/lib/python3.10/dist-packages:/home/nisarg/quadruped_ws/install/unitree_api/local/lib/python3.10/dist-packages:/home/nisarg/quadruped_ws/install/champ_msgs/local/lib/python3.10/dist-packages:/opt/ros/humble/lib/python3.10/site-packages:/opt/ros/humble/local/lib/python3.10/dist-packages'), ('COLCON', '1'), ('VTE_VERSION', '6800'), ('CMAKE_PREFIX_PATH', '/home/nisarg/Documents/repo/libchamp-imp/ros2_ws/install/quadruped_mujoco:/home/nisarg/quadruped_ws/install/unitree_go:/home/nisarg/quadruped_ws/install/unitree_api:/home/nisarg/quadruped_ws/install/champ_teleop:/home/nisarg/quadruped_ws/install/champ_msgs:/home/nisarg/quadruped_ws/install/champ_description:/home/nisarg/quadruped_ws/install/champ:/home/nisarg/Documents/repo/helium-quadruped-mjc/install/helium_quadruped_simulation:/home/nisarg/Documents/repo/helium-quadruped-mjc/install/helium_quadruped_description:/home/nisarg/Documents/repo/helium-quadruped-mjc/install/helium_quadruped_controller:/opt/ros/humble'), ('MUJOCO_KEY_PATH', '/home/nisarg/.mujoco/mjkey.txt')]), 'shell': False}
[2.002619] (-) TimerEvent: {}
[2.034037] (quadruped_mujoco) StdoutLine: {'line': b'[  1%] \x1b[34m\x1b[1mGenerating C code for ROS interfaces\x1b[0m\n'}
[2.051193] (quadruped_mujoco) StdoutLine: {'line': b'[  2%] \x1b[34m\x1b[1mGenerating C++ code for ROS interfaces\x1b[0m\n'}
[2.059573] (quadruped_mujoco) StdoutLine: {'line': b'[  3%] \x1b[32mBuilding CXX object CMakeFiles/mujoco_interface_node.dir/src/mujoco_interface.cpp.o\x1b[0m\n'}
[2.067117] (quadruped_mujoco) StdoutLine: {'line': b'[  3%] Built target ament_cmake_python_copy_quadruped_mujoco\n'}
[2.102724] (-) TimerEvent: {}
[2.202968] (-) TimerEvent: {}
[2.240270] (quadruped_mujoco) StdoutLine: {'line': b'running egg_info\n'}
[2.240729] (quadruped_mujoco) StdoutLine: {'line': b'creating quadruped_mujoco.egg-info\n'}
[2.240929] (quadruped_mujoco) StdoutLine: {'line': b'writing quadruped_mujoco.egg-info/PKG-INFO\n'}
[2.241033] (quadruped_mujoco) StdoutLine: {'line': b'writing dependency_links to quadruped_mujoco.egg-info/dependency_links.txt\n'}
[2.241129] (quadruped_mujoco) StdoutLine: {'line': b'writing top-level names to quadruped_mujoco.egg-info/top_level.txt\n'}
[2.241284] (quadruped_mujoco) StdoutLine: {'line': b"writing manifest file 'quadruped_mujoco.egg-info/SOURCES.txt'\n"}
[2.242926] (quadruped_mujoco) StdoutLine: {'line': b"reading manifest file 'quadruped_mujoco.egg-info/SOURCES.txt'\n"}
[2.243270] (quadruped_mujoco) StdoutLine: {'line': b"writing manifest file 'quadruped_mujoco.egg-info/SOURCES.txt'\n"}
[2.271493] (quadruped_mujoco) StdoutLine: {'line': b'[  3%] Built target ament_cmake_python_build_quadruped_mujoco_egg\n'}
[2.303063] (-) TimerEvent: {}
[2.366516] (quadruped_mujoco) StdoutLine: {'line': b'[  6%] \x1b[32mBuilding C object CMakeFiles/quadruped_mujoco__rosidl_generator_c.dir/rosidl_generator_c/quadruped_mujoco/msg/detail/velocities__functions.c.o\x1b[0m\n'}
[2.366770] (quadruped_mujoco) StdoutLine: {'line': b'[  6%] \x1b[32mBuilding C object CMakeFiles/quadruped_mujoco__rosidl_generator_c.dir/rosidl_generator_c/quadruped_mujoco/msg/detail/contacts_stamped__functions.c.o\x1b[0m\n'}
[2.366894] (quadruped_mujoco) StdoutLine: {'line': b'[  7%] \x1b[32mBuilding C object CMakeFiles/quadruped_mujoco__rosidl_generator_c.dir/rosidl_generator_c/quadruped_mujoco/msg/detail/contacts__functions.c.o\x1b[0m\n'}
[2.367188] (quadruped_mujoco) StdoutLine: {'line': b'[  9%] \x1b[32mBuilding C object CMakeFiles/quadruped_mujoco__rosidl_generator_c.dir/rosidl_generator_c/quadruped_mujoco/msg/detail/joints__functions.c.o\x1b[0m\n'}
[2.367573] (quadruped_mujoco) StdoutLine: {'line': b'[ 10%] \x1b[32mBuilding C object CMakeFiles/quadruped_mujoco__rosidl_generator_c.dir/rosidl_generator_c/quadruped_mujoco/msg/detail/pose__functions.c.o\x1b[0m\n'}
[2.372938] (quadruped_mujoco) StdoutLine: {'line': b'[ 10%] Built target quadruped_mujoco__cpp\n'}
[2.382965] (quadruped_mujoco) StdoutLine: {'line': b'[ 11%] \x1b[34m\x1b[1mGenerating C++ type support dispatch for ROS interfaces\x1b[0m\n'}
[2.383187] (quadruped_mujoco) StdoutLine: {'line': b'[ 12%] \x1b[34m\x1b[1mGenerating C++ type support for eProsima Fast-RTPS\x1b[0m\n'}
[2.383268] (quadruped_mujoco) StdoutLine: {'line': b'[ 14%] \x1b[34m\x1b[1mGenerating C++ introspection for ROS interfaces\x1b[0m\n'}
[2.403155] (-) TimerEvent: {}
[2.422959] (quadruped_mujoco) StdoutLine: {'line': b'[ 15%] \x1b[32m\x1b[1mLinking C shared library libquadruped_mujoco__rosidl_generator_c.so\x1b[0m\n'}
[2.467666] (quadruped_mujoco) StdoutLine: {'line': b'[ 15%] Built target quadruped_mujoco__rosidl_generator_c\n'}
[2.476719] (quadruped_mujoco) StdoutLine: {'line': b'[ 16%] \x1b[34m\x1b[1mGenerating C type support for eProsima Fast-RTPS\x1b[0m\n'}
[2.479085] (quadruped_mujoco) StdoutLine: {'line': b'[ 19%] \x1b[34m\x1b[1mGenerating C introspection for ROS interfaces\x1b[0m\n'}
[2.479280] (quadruped_mujoco) StdoutLine: {'line': b'[ 19%] \x1b[34m\x1b[1mGenerating C type support dispatch for ROS interfaces\x1b[0m\n'}
[2.503253] (-) TimerEvent: {}
[2.603521] (-) TimerEvent: {}
[2.605034] (quadruped_mujoco) StdoutLine: {'line': b'[ 20%] \x1b[32mBuilding CXX object CMakeFiles/quadruped_mujoco__rosidl_typesupport_cpp.dir/rosidl_typesupport_cpp/quadruped_mujoco/msg/contacts__type_support.cpp.o\x1b[0m\n'}
[2.606208] (quadruped_mujoco) StdoutLine: {'line': b'[ 22%] \x1b[32mBuilding CXX object CMakeFiles/quadruped_mujoco__rosidl_typesupport_cpp.dir/rosidl_typesupport_cpp/quadruped_mujoco/msg/joints__type_support.cpp.o\x1b[0m\n'}
[2.606402] (quadruped_mujoco) StdoutLine: {'line': b'[ 23%] \x1b[32mBuilding CXX object CMakeFiles/quadruped_mujoco__rosidl_typesupport_cpp.dir/rosidl_typesupport_cpp/quadruped_mujoco/msg/velocities__type_support.cpp.o\x1b[0m\n'}
[2.606499] (quadruped_mujoco) StdoutLine: {'line': b'[ 24%] \x1b[32mBuilding CXX object CMakeFiles/quadruped_mujoco__rosidl_typesupport_cpp.dir/rosidl_typesupport_cpp/quadruped_mujoco/msg/contacts_stamped__type_support.cpp.o\x1b[0m\n'}
[2.608831] (quadruped_mujoco) StdoutLine: {'line': b'[ 25%] \x1b[32mBuilding CXX object CMakeFiles/quadruped_mujoco__rosidl_typesupport_cpp.dir/rosidl_typesupport_cpp/quadruped_mujoco/msg/pose__type_support.cpp.o\x1b[0m\n'}
[2.703945] (-) TimerEvent: {}
[2.731186] (quadruped_mujoco) StdoutLine: {'line': b'[ 27%] \x1b[32mBuilding CXX object CMakeFiles/quadruped_mujoco__rosidl_typesupport_fastrtps_cpp.dir/rosidl_typesupport_fastrtps_cpp/quadruped_mujoco/msg/detail/dds_fastrtps/contacts__type_support.cpp.o\x1b[0m\n'}
[2.731421] (quadruped_mujoco) StdoutLine: {'line': b'[ 28%] \x1b[32mBuilding CXX object CMakeFiles/quadruped_mujoco__rosidl_typesupport_fastrtps_cpp.dir/rosidl_typesupport_fastrtps_cpp/quadruped_mujoco/msg/detail/dds_fastrtps/joints__type_support.cpp.o\x1b[0m\n'}
[2.804901] (-) TimerEvent: {}
[2.859771] (quadruped_mujoco) StdoutLine: {'line': b'[ 29%] \x1b[32mBuilding CXX object CMakeFiles/quadruped_mujoco__rosidl_typesupport_fastrtps_cpp.dir/rosidl_typesupport_fastrtps_cpp/quadruped_mujoco/msg/detail/dds_fastrtps/pose__type_support.cpp.o\x1b[0m\n'}
[2.879473] (quadruped_mujoco) StdoutLine: {'line': b'[ 31%] \x1b[32mBuilding CXX object CMakeFiles/quadruped_mujoco__rosidl_typesupport_fastrtps_cpp.dir/rosidl_typesupport_fastrtps_cpp/quadruped_mujoco/msg/detail/dds_fastrtps/velocities__type_support.cpp.o\x1b[0m\n'}
[2.881400] (quadruped_mujoco) StdoutLine: {'line': b'[ 32%] \x1b[32mBuilding CXX object CMakeFiles/quadruped_mujoco__rosidl_typesupport_fastrtps_cpp.dir/rosidl_typesupport_fastrtps_cpp/quadruped_mujoco/msg/detail/dds_fastrtps/contacts_stamped__type_support.cpp.o\x1b[0m\n'}
[2.893941] (quadruped_mujoco) StdoutLine: {'line': b'[ 33%] \x1b[32mBuilding CXX object CMakeFiles/quadruped_mujoco__rosidl_typesupport_fastrtps_c.dir/rosidl_typesupport_fastrtps_c/quadruped_mujoco/msg/detail/contacts__type_support_c.cpp.o\x1b[0m\n'}
[2.895285] (quadruped_mujoco) StdoutLine: {'line': b'[ 35%] \x1b[32mBuilding CXX object CMakeFiles/quadruped_mujoco__rosidl_typesupport_introspection_cpp.dir/rosidl_typesupport_introspection_cpp/quadruped_mujoco/msg/detail/contacts__type_support.cpp.o\x1b[0m\n'}
[2.901464] (quadruped_mujoco) StdoutLine: {'line': b'[ 36%] \x1b[32mBuilding CXX object CMakeFiles/quadruped_mujoco__rosidl_typesupport_fastrtps_c.dir/rosidl_typesupport_fastrtps_c/quadruped_mujoco/msg/detail/joints__type_support_c.cpp.o\x1b[0m\n'}
[2.904995] (-) TimerEvent: {}
[2.908887] (quadruped_mujoco) StdoutLine: {'line': b'[ 37%] \x1b[32mBuilding CXX object CMakeFiles/quadruped_mujoco__rosidl_typesupport_c.dir/rosidl_typesupport_c/quadruped_mujoco/msg/contacts__type_support.cpp.o\x1b[0m\n'}
[2.937790] (quadruped_mujoco) StdoutLine: {'line': b'[ 38%] \x1b[32mBuilding CXX object CMakeFiles/quadruped_mujoco__rosidl_typesupport_c.dir/rosidl_typesupport_c/quadruped_mujoco/msg/joints__type_support.cpp.o\x1b[0m\n'}
[2.971777] (quadruped_mujoco) StdoutLine: {'line': b'[ 40%] \x1b[32mBuilding CXX object CMakeFiles/quadruped_mujoco__rosidl_typesupport_c.dir/rosidl_typesupport_c/quadruped_mujoco/msg/pose__type_support.cpp.o\x1b[0m\n'}
[2.989354] (quadruped_mujoco) StdoutLine: {'line': b'[ 41%] \x1b[32m\x1b[1mLinking CXX shared library libquadruped_mujoco__rosidl_typesupport_cpp.so\x1b[0m\n'}
[2.998560] (quadruped_mujoco) StdoutLine: {'line': b'[ 42%] \x1b[32mBuilding CXX object CMakeFiles/quadruped_mujoco__rosidl_typesupport_c.dir/rosidl_typesupport_c/quadruped_mujoco/msg/velocities__type_support.cpp.o\x1b[0m\n'}
[3.005112] (-) TimerEvent: {}
[3.034377] (quadruped_mujoco) StdoutLine: {'line': b'[ 42%] Built target quadruped_mujoco__rosidl_typesupport_cpp\n'}
[3.038637] (quadruped_mujoco) StdoutLine: {'line': b'[ 44%] \x1b[32mBuilding CXX object CMakeFiles/quadruped_mujoco__rosidl_typesupport_c.dir/rosidl_typesupport_c/quadruped_mujoco/msg/contacts_stamped__type_support.cpp.o\x1b[0m\n'}
[3.044486] (quadruped_mujoco) StdoutLine: {'line': b'[ 45%] \x1b[32mBuilding CXX object CMakeFiles/quadruped_mujoco__rosidl_typesupport_fastrtps_c.dir/rosidl_typesupport_fastrtps_c/quadruped_mujoco/msg/detail/pose__type_support_c.cpp.o\x1b[0m\n'}
[3.087963] (quadruped_mujoco) StdoutLine: {'line': b'[ 46%] \x1b[32m\x1b[1mLinking CXX shared library libquadruped_mujoco__rosidl_typesupport_c.so\x1b[0m\n'}
[3.101706] (quadruped_mujoco) StdoutLine: {'line': b'[ 48%] \x1b[32mBuilding C object CMakeFiles/quadruped_mujoco__rosidl_typesupport_introspection_c.dir/rosidl_typesupport_introspection_c/quadruped_mujoco/msg/detail/contacts__type_support.c.o\x1b[0m\n'}
[3.105229] (-) TimerEvent: {}
[3.138810] (quadruped_mujoco) StdoutLine: {'line': b'[ 48%] Built target quadruped_mujoco__rosidl_typesupport_c\n'}
[3.148524] (quadruped_mujoco) StdoutLine: {'line': b'[ 49%] \x1b[32mBuilding CXX object CMakeFiles/quadruped_mujoco__rosidl_typesupport_fastrtps_c.dir/rosidl_typesupport_fastrtps_c/quadruped_mujoco/msg/detail/velocities__type_support_c.cpp.o\x1b[0m\n'}
[3.173913] (quadruped_mujoco) StdoutLine: {'line': b'[ 50%] \x1b[32mBuilding C object CMakeFiles/quadruped_mujoco__rosidl_typesupport_introspection_c.dir/rosidl_typesupport_introspection_c/quadruped_mujoco/msg/detail/joints__type_support.c.o\x1b[0m\n'}
[3.205332] (-) TimerEvent: {}
[3.236515] (quadruped_mujoco) StdoutLine: {'line': b'[ 51%] \x1b[32mBuilding CXX object CMakeFiles/quadruped_mujoco_lib.dir/src/controllers/quadruped_controller.cpp.o\x1b[0m\n'}
[3.267317] (quadruped_mujoco) StdoutLine: {'line': b'[ 53%] \x1b[32mBuilding C object CMakeFiles/quadruped_mujoco__rosidl_typesupport_introspection_c.dir/rosidl_typesupport_introspection_c/quadruped_mujoco/msg/detail/pose__type_support.c.o\x1b[0m\n'}
[3.272668] (quadruped_mujoco) StdoutLine: {'line': b'[ 54%] \x1b[32mBuilding CXX object CMakeFiles/quadruped_mujoco__rosidl_typesupport_fastrtps_c.dir/rosidl_typesupport_fastrtps_c/quadruped_mujoco/msg/detail/contacts_stamped__type_support_c.cpp.o\x1b[0m\n'}
[3.292542] (quadruped_mujoco) StdoutLine: {'line': b'[ 55%] \x1b[32mBuilding CXX object CMakeFiles/quadruped_mujoco__rosidl_typesupport_introspection_cpp.dir/rosidl_typesupport_introspection_cpp/quadruped_mujoco/msg/detail/joints__type_support.cpp.o\x1b[0m\n'}
[3.304368] (quadruped_mujoco) StdoutLine: {'line': b'[ 57%] \x1b[32mBuilding C object CMakeFiles/quadruped_mujoco__rosidl_typesupport_introspection_c.dir/rosidl_typesupport_introspection_c/quadruped_mujoco/msg/detail/velocities__type_support.c.o\x1b[0m\n'}
[3.306069] (-) TimerEvent: {}
[3.323679] (quadruped_mujoco) StdoutLine: {'line': b'[ 58%] \x1b[32mBuilding C object CMakeFiles/quadruped_mujoco__rosidl_typesupport_introspection_c.dir/rosidl_typesupport_introspection_c/quadruped_mujoco/msg/detail/contacts_stamped__type_support.c.o\x1b[0m\n'}
[3.348992] (quadruped_mujoco) StdoutLine: {'line': b'[ 59%] \x1b[32mBuilding CXX object CMakeFiles/quadruped_mujoco__rosidl_typesupport_introspection_cpp.dir/rosidl_typesupport_introspection_cpp/quadruped_mujoco/msg/detail/pose__type_support.cpp.o\x1b[0m\n'}
[3.356809] (quadruped_mujoco) StdoutLine: {'line': b'[ 61%] \x1b[32mBuilding CXX object CMakeFiles/quadruped_mujoco__rosidl_typesupport_introspection_cpp.dir/rosidl_typesupport_introspection_cpp/quadruped_mujoco/msg/detail/velocities__type_support.cpp.o\x1b[0m\n'}
[3.357804] (quadruped_mujoco) StdoutLine: {'line': b'[ 62%] \x1b[32mBuilding CXX object CMakeFiles/quadruped_mujoco__rosidl_typesupport_introspection_cpp.dir/rosidl_typesupport_introspection_cpp/quadruped_mujoco/msg/detail/contacts_stamped__type_support.cpp.o\x1b[0m\n'}
[3.369925] (quadruped_mujoco) StdoutLine: {'line': b'[ 63%] \x1b[32m\x1b[1mLinking C shared library libquadruped_mujoco__rosidl_typesupport_introspection_c.so\x1b[0m\n'}
[3.379785] (quadruped_mujoco) StdoutLine: {'line': b'[ 64%] \x1b[32m\x1b[1mLinking CXX shared library libquadruped_mujoco__rosidl_typesupport_fastrtps_cpp.so\x1b[0m\n'}
[3.406171] (-) TimerEvent: {}
[3.408753] (quadruped_mujoco) StdoutLine: {'line': b'[ 64%] Built target quadruped_mujoco__rosidl_typesupport_introspection_c\n'}
[3.454357] (quadruped_mujoco) StdoutLine: {'line': b'[ 64%] Built target quadruped_mujoco__rosidl_typesupport_fastrtps_cpp\n'}
[3.506295] (-) TimerEvent: {}
[3.606604] (-) TimerEvent: {}
[3.699357] (quadruped_mujoco) StdoutLine: {'line': b'[ 66%] \x1b[32m\x1b[1mLinking CXX shared library libquadruped_mujoco__rosidl_typesupport_fastrtps_c.so\x1b[0m\n'}
[3.706707] (-) TimerEvent: {}
[3.789921] (quadruped_mujoco) StdoutLine: {'line': b'[ 67%] \x1b[32m\x1b[1mLinking CXX shared library libquadruped_mujoco__rosidl_typesupport_introspection_cpp.so\x1b[0m\n'}
[3.803098] (quadruped_mujoco) StdoutLine: {'line': b'[ 67%] Built target quadruped_mujoco__rosidl_typesupport_fastrtps_c\n'}
[3.806793] (-) TimerEvent: {}
[3.864221] (quadruped_mujoco) StdoutLine: {'line': b'[ 67%] Built target quadruped_mujoco__rosidl_typesupport_introspection_cpp\n'}
[3.886362] (quadruped_mujoco) StdoutLine: {'line': b'[ 67%] Built target quadruped_mujoco\n'}
[3.906897] (-) TimerEvent: {}
[3.912777] (quadruped_mujoco) StdoutLine: {'line': b'[ 68%] \x1b[34m\x1b[1mGenerating Python code for ROS interfaces\x1b[0m\n'}
[4.006985] (-) TimerEvent: {}
[4.107225] (-) TimerEvent: {}
[4.207471] (-) TimerEvent: {}
[4.307751] (-) TimerEvent: {}
[4.357427] (quadruped_mujoco) StdoutLine: {'line': b'[ 68%] Built target quadruped_mujoco__py\n'}
[4.376488] (quadruped_mujoco) StdoutLine: {'line': b'[ 71%] \x1b[32mBuilding C object CMakeFiles/quadruped_mujoco__rosidl_generator_py.dir/rosidl_generator_py/quadruped_mujoco/msg/_pose_s.c.o\x1b[0m\n'}
[4.376679] (quadruped_mujoco) StdoutLine: {'line': b'[ 71%] \x1b[32mBuilding C object CMakeFiles/quadruped_mujoco__rosidl_generator_py.dir/rosidl_generator_py/quadruped_mujoco/msg/_velocities_s.c.o\x1b[0m\n'}
[4.379726] (quadruped_mujoco) StdoutLine: {'line': b'[ 74%] \x1b[32mBuilding C object CMakeFiles/quadruped_mujoco__rosidl_generator_py.dir/rosidl_generator_py/quadruped_mujoco/msg/_joints_s.c.o\x1b[0m\n'}
[4.379911] (quadruped_mujoco) StdoutLine: {'line': b'[ 74%] \x1b[32mBuilding C object CMakeFiles/quadruped_mujoco__rosidl_generator_py.dir/rosidl_generator_py/quadruped_mujoco/msg/_contacts_s.c.o\x1b[0m\n'}
[4.380193] (quadruped_mujoco) StdoutLine: {'line': b'[ 75%] \x1b[32mBuilding C object CMakeFiles/quadruped_mujoco__rosidl_generator_py.dir/rosidl_generator_py/quadruped_mujoco/msg/_contacts_stamped_s.c.o\x1b[0m\n'}
[4.407853] (-) TimerEvent: {}
[4.499054] (quadruped_mujoco) StdoutLine: {'line': b'[ 76%] \x1b[32m\x1b[1mLinking C shared library rosidl_generator_py/quadruped_mujoco/libquadruped_mujoco__rosidl_generator_py.so\x1b[0m\n'}
[4.507957] (-) TimerEvent: {}
[4.539422] (quadruped_mujoco) StdoutLine: {'line': b'[ 76%] Built target quadruped_mujoco__rosidl_generator_py\n'}
[4.554910] (quadruped_mujoco) StdoutLine: {'line': b'[ 77%] \x1b[32mBuilding C object CMakeFiles/quadruped_mujoco__rosidl_typesupport_introspection_c__pyext.dir/rosidl_generator_py/quadruped_mujoco/_quadruped_mujoco_s.ep.rosidl_typesupport_introspection_c.c.o\x1b[0m\n'}
[4.561434] (quadruped_mujoco) StdoutLine: {'line': b'[ 79%] \x1b[32mBuilding C object CMakeFiles/quadruped_mujoco__rosidl_typesupport_c__pyext.dir/rosidl_generator_py/quadruped_mujoco/_quadruped_mujoco_s.ep.rosidl_typesupport_c.c.o\x1b[0m\n'}
[4.562235] (quadruped_mujoco) StdoutLine: {'line': b'[ 80%] \x1b[32mBuilding C object CMakeFiles/quadruped_mujoco__rosidl_typesupport_fastrtps_c__pyext.dir/rosidl_generator_py/quadruped_mujoco/_quadruped_mujoco_s.ep.rosidl_typesupport_fastrtps_c.c.o\x1b[0m\n'}
[4.608068] (-) TimerEvent: {}
[4.626809] (quadruped_mujoco) StdoutLine: {'line': b'[ 81%] \x1b[32m\x1b[1mLinking C shared library rosidl_generator_py/quadruped_mujoco/quadruped_mujoco_s__rosidl_typesupport_introspection_c.cpython-310-x86_64-linux-gnu.so\x1b[0m\n'}
[4.632636] (quadruped_mujoco) StdoutLine: {'line': b'[ 83%] \x1b[32m\x1b[1mLinking C shared library rosidl_generator_py/quadruped_mujoco/quadruped_mujoco_s__rosidl_typesupport_fastrtps_c.cpython-310-x86_64-linux-gnu.so\x1b[0m\n'}
[4.654893] (quadruped_mujoco) StdoutLine: {'line': b'[ 83%] Built target quadruped_mujoco__rosidl_typesupport_introspection_c__pyext\n'}
[4.674147] (quadruped_mujoco) StdoutLine: {'line': b'[ 83%] Built target quadruped_mujoco__rosidl_typesupport_fastrtps_c__pyext\n'}
[4.682674] (quadruped_mujoco) StdoutLine: {'line': b'[ 84%] \x1b[32m\x1b[1mLinking C shared library rosidl_generator_py/quadruped_mujoco/quadruped_mujoco_s__rosidl_typesupport_c.cpython-310-x86_64-linux-gnu.so\x1b[0m\n'}
[4.708191] (-) TimerEvent: {}
[4.717733] (quadruped_mujoco) StdoutLine: {'line': b'[ 84%] Built target quadruped_mujoco__rosidl_typesupport_c__pyext\n'}
[4.808302] (-) TimerEvent: {}
[4.908729] (-) TimerEvent: {}
[5.009157] (-) TimerEvent: {}
[5.044363] (quadruped_mujoco) StderrLine: {'line': b'In file included from \x1b[01m\x1b[K/home/nisarg/Documents/repo/libchamp-imp/ros2_ws/src/quadruped_mujoco/include/quadruped_mujoco/leg_controller/leg_controller.hpp:6\x1b[m\x1b[K,\n'}
[5.044706] (quadruped_mujoco) StderrLine: {'line': b'                 from \x1b[01m\x1b[K/home/nisarg/Documents/repo/libchamp-imp/ros2_ws/src/quadruped_mujoco/include/quadruped_mujoco/controllers/quadruped_controller.hpp:12\x1b[m\x1b[K,\n'}
[5.044822] (quadruped_mujoco) StderrLine: {'line': b'                 from \x1b[01m\x1b[K/home/nisarg/Documents/repo/libchamp-imp/ros2_ws/src/quadruped_mujoco/src/controllers/quadruped_controller.cpp:1\x1b[m\x1b[K:\n'}
[5.044910] (quadruped_mujoco) StderrLine: {'line': b'\x1b[01m\x1b[K/home/nisarg/Documents/repo/libchamp-imp/ros2_ws/src/quadruped_mujoco/include/quadruped_mujoco/leg_controller/phase_generator.hpp:\x1b[m\x1b[K In constructor \xe2\x80\x98\x1b[01m\x1b[Kchamp::PhaseGenerator::PhaseGenerator(champ::QuadrupedBase&, champ::PhaseGenerator::Time)\x1b[m\x1b[K\xe2\x80\x99:\n'}
[5.044997] (quadruped_mujoco) StderrLine: {'line': b'\x1b[01m\x1b[K/home/nisarg/Documents/repo/libchamp-imp/ros2_ws/src/quadruped_mujoco/include/quadruped_mujoco/leg_controller/phase_generator.hpp:64:18:\x1b[m\x1b[K \x1b[01;35m\x1b[Kwarning: \x1b[m\x1b[K\xe2\x80\x98\x1b[01m\x1b[Kchamp::PhaseGenerator::has_swung_\x1b[m\x1b[K\xe2\x80\x99 will be initialized after [\x1b[01;35m\x1b[K\x1b]8;;https://gcc.gnu.org/onlinedocs/gcc/Warning-Options.html#index-Wreorder\x07-Wreorder\x1b]8;;\x07\x1b[m\x1b[K]\n'}
[5.045101] (quadruped_mujoco) StderrLine: {'line': b'   64 |             bool \x1b[01;35m\x1b[Khas_swung_\x1b[m\x1b[K;\n'}
[5.045183] (quadruped_mujoco) StderrLine: {'line': b'      |                  \x1b[01;35m\x1b[K^~~~~~~~~~\x1b[m\x1b[K\n'}
[5.045264] (quadruped_mujoco) StderrLine: {'line': b'\x1b[01m\x1b[K/home/nisarg/Documents/repo/libchamp-imp/ros2_ws/src/quadruped_mujoco/include/quadruped_mujoco/leg_controller/phase_generator.hpp:17:18:\x1b[m\x1b[K \x1b[01;35m\x1b[Kwarning: \x1b[m\x1b[K  \xe2\x80\x98\x1b[01m\x1b[Kbool champ::PhaseGenerator::has_started\x1b[m\x1b[K\xe2\x80\x99 [\x1b[01;35m\x1b[K\x1b]8;;https://gcc.gnu.org/onlinedocs/gcc/Warning-Options.html#index-Wreorder\x07-Wreorder\x1b]8;;\x07\x1b[m\x1b[K]\n'}
[5.045358] (quadruped_mujoco) StderrLine: {'line': b'   17 |             bool \x1b[01;35m\x1b[Khas_started\x1b[m\x1b[K;\n'}
[5.045440] (quadruped_mujoco) StderrLine: {'line': b'      |                  \x1b[01;35m\x1b[K^~~~~~~~~~~\x1b[m\x1b[K\n'}
[5.045524] (quadruped_mujoco) StderrLine: {'line': b'\x1b[01m\x1b[K/home/nisarg/Documents/repo/libchamp-imp/ros2_ws/src/quadruped_mujoco/include/quadruped_mujoco/leg_controller/phase_generator.hpp:19:13:\x1b[m\x1b[K \x1b[01;35m\x1b[Kwarning: \x1b[m\x1b[K  when initialized here [\x1b[01;35m\x1b[K\x1b]8;;https://gcc.gnu.org/onlinedocs/gcc/Warning-Options.html#index-Wreorder\x07-Wreorder\x1b]8;;\x07\x1b[m\x1b[K]\n'}
[5.045615] (quadruped_mujoco) StderrLine: {'line': b'   19 |             \x1b[01;35m\x1b[KPhaseGenerator\x1b[m\x1b[K(QuadrupedBase &base, Time time = now()):\n'}
[5.045700] (quadruped_mujoco) StderrLine: {'line': b'      |             \x1b[01;35m\x1b[K^~~~~~~~~~~~~~\x1b[m\x1b[K\n'}
[5.045793] (quadruped_mujoco) StderrLine: {'line': b'\x1b[01m\x1b[K/home/nisarg/Documents/repo/libchamp-imp/ros2_ws/src/quadruped_mujoco/include/quadruped_mujoco/leg_controller/phase_generator.hpp:\x1b[m\x1b[K In member function \xe2\x80\x98\x1b[01m\x1b[Kvoid champ::PhaseGenerator::run(float, float, champ::PhaseGenerator::Time)\x1b[m\x1b[K\xe2\x80\x99:\n'}
[5.045876] (quadruped_mujoco) StderrLine: {'line': b'\x1b[01m\x1b[K/home/nisarg/Documents/repo/libchamp-imp/ros2_ws/src/quadruped_mujoco/include/quadruped_mujoco/leg_controller/phase_generator.hpp:32:28:\x1b[m\x1b[K \x1b[01;35m\x1b[Kwarning: \x1b[m\x1b[Kunused parameter \xe2\x80\x98\x1b[01m\x1b[Ktarget_velocity\x1b[m\x1b[K\xe2\x80\x99 [\x1b[01;35m\x1b[K\x1b]8;;https://gcc.gnu.org/onlinedocs/gcc/Warning-Options.html#index-Wunused-parameter\x07-Wunused-parameter\x1b]8;;\x07\x1b[m\x1b[K]\n'}
[5.045959] (quadruped_mujoco) StderrLine: {'line': b'   32 |             void run(\x1b[01;35m\x1b[Kfloat target_velocity\x1b[m\x1b[K, float step_length, Time time = now())\n'}
[5.046037] (quadruped_mujoco) StderrLine: {'line': b'      |                      \x1b[01;35m\x1b[K~~~~~~^~~~~~~~~~~~~~~\x1b[m\x1b[K\n'}
[5.046120] (quadruped_mujoco) StderrLine: {'line': b'\x1b[01m\x1b[K/home/nisarg/Documents/repo/libchamp-imp/ros2_ws/src/quadruped_mujoco/include/quadruped_mujoco/leg_controller/phase_generator.hpp:32:51:\x1b[m\x1b[K \x1b[01;35m\x1b[Kwarning: \x1b[m\x1b[Kunused parameter \xe2\x80\x98\x1b[01m\x1b[Kstep_length\x1b[m\x1b[K\xe2\x80\x99 [\x1b[01;35m\x1b[K\x1b]8;;https://gcc.gnu.org/onlinedocs/gcc/Warning-Options.html#index-Wunused-parameter\x07-Wunused-parameter\x1b]8;;\x07\x1b[m\x1b[K]\n'}
[5.046210] (quadruped_mujoco) StderrLine: {'line': b'   32 |             void run(float target_velocity, \x1b[01;35m\x1b[Kfloat step_length\x1b[m\x1b[K, Time time = now())\n'}
[5.046287] (quadruped_mujoco) StderrLine: {'line': b'      |                                             \x1b[01;35m\x1b[K~~~~~~^~~~~~~~~~~\x1b[m\x1b[K\n'}
[5.046364] (quadruped_mujoco) StderrLine: {'line': b'In file included from \x1b[01m\x1b[K/home/nisarg/Documents/repo/libchamp-imp/ros2_ws/src/quadruped_mujoco/include/quadruped_mujoco/controllers/quadruped_controller.hpp:12\x1b[m\x1b[K,\n'}
[5.046441] (quadruped_mujoco) StderrLine: {'line': b'                 from \x1b[01m\x1b[K/home/nisarg/Documents/repo/libchamp-imp/ros2_ws/src/quadruped_mujoco/src/controllers/quadruped_controller.cpp:1\x1b[m\x1b[K:\n'}
[5.046518] (quadruped_mujoco) StderrLine: {'line': b'\x1b[01m\x1b[K/home/nisarg/Documents/repo/libchamp-imp/ros2_ws/src/quadruped_mujoco/include/quadruped_mujoco/leg_controller/leg_controller.hpp:\x1b[m\x1b[K In constructor \xe2\x80\x98\x1b[01m\x1b[Kchamp::LegController::LegController(champ::QuadrupedBase&, champ::PhaseGenerator::Time)\x1b[m\x1b[K\xe2\x80\x99:\n'}
[5.046597] (quadruped_mujoco) StderrLine: {'line': b'\x1b[01m\x1b[K/home/nisarg/Documents/repo/libchamp-imp/ros2_ws/src/quadruped_mujoco/include/quadruped_mujoco/leg_controller/leg_controller.hpp:13:69:\x1b[m\x1b[K \x1b[01;35m\x1b[Kwarning: \x1b[m\x1b[Kunused parameter \xe2\x80\x98\x1b[01m\x1b[Ktime\x1b[m\x1b[K\xe2\x80\x99 [\x1b[01;35m\x1b[K\x1b]8;;https://gcc.gnu.org/onlinedocs/gcc/Warning-Options.html#index-Wunused-parameter\x07-Wunused-parameter\x1b]8;;\x07\x1b[m\x1b[K]\n'}
[5.046685] (quadruped_mujoco) StderrLine: {'line': b'   13 |             LegController(QuadrupedBase &base, \x1b[01;35m\x1b[KPhaseGenerator::Time time = PhaseGenerator::now()\x1b[m\x1b[K):\n'}
[5.046773] (quadruped_mujoco) StderrLine: {'line': b'      |                                                \x1b[01;35m\x1b[K~~~~~~~~~~~~~~~~~~~~~^~~~~~~~~~~~~~~~~~~~~~~~~~~~\x1b[m\x1b[K\n'}
[5.109387] (-) TimerEvent: {}
[5.149921] (quadruped_mujoco) StderrLine: {'line': b'\x1b[01m\x1b[K/home/nisarg/Documents/repo/libchamp-imp/ros2_ws/src/quadruped_mujoco/src/controllers/quadruped_controller.cpp:\x1b[m\x1b[K In member function \xe2\x80\x98\x1b[01m\x1b[Kvirtual void champ::QuadrupedController::execute(const champ::Velocities&)\x1b[m\x1b[K\xe2\x80\x99:\n'}
[5.150124] (quadruped_mujoco) StderrLine: {'line': b'\x1b[01m\x1b[K/home/nisarg/Documents/repo/libchamp-imp/ros2_ws/src/quadruped_mujoco/src/controllers/quadruped_controller.cpp:207:57:\x1b[m\x1b[K \x1b[01;35m\x1b[Kwarning: \x1b[m\x1b[Kunused parameter \xe2\x80\x98\x1b[01m\x1b[Kreq_vel\x1b[m\x1b[K\xe2\x80\x99 [\x1b[01;35m\x1b[K\x1b]8;;https://gcc.gnu.org/onlinedocs/gcc/Warning-Options.html#index-Wunused-parameter\x07-Wunused-parameter\x1b]8;;\x07\x1b[m\x1b[K]\n'}
[5.150239] (quadruped_mujoco) StderrLine: {'line': b'  207 |     void QuadrupedController::execute(\x1b[01;35m\x1b[Kconst Velocities &req_vel\x1b[m\x1b[K)\n'}
[5.150323] (quadruped_mujoco) StderrLine: {'line': b'      |                                       \x1b[01;35m\x1b[K~~~~~~~~~~~~~~~~~~^~~~~~~\x1b[m\x1b[K\n'}
[5.209616] (-) TimerEvent: {}
[5.309904] (-) TimerEvent: {}
[5.410318] (-) TimerEvent: {}
[5.510734] (-) TimerEvent: {}
[5.611025] (-) TimerEvent: {}
[5.711315] (-) TimerEvent: {}
[5.811634] (-) TimerEvent: {}
[5.911937] (-) TimerEvent: {}
[5.944071] (quadruped_mujoco) StdoutLine: {'line': b'[ 85%] \x1b[32m\x1b[1mLinking CXX executable mujoco_interface_node\x1b[0m\n'}
[6.012043] (-) TimerEvent: {}
[6.112462] (-) TimerEvent: {}
[6.154744] (quadruped_mujoco) StdoutLine: {'line': b'[ 85%] Built target mujoco_interface_node\n'}
[6.212686] (-) TimerEvent: {}
[6.313127] (-) TimerEvent: {}
[6.413544] (-) TimerEvent: {}
[6.513973] (-) TimerEvent: {}
[6.614384] (-) TimerEvent: {}
[6.714820] (-) TimerEvent: {}
[6.815159] (-) TimerEvent: {}
[6.915567] (-) TimerEvent: {}
[7.015993] (-) TimerEvent: {}
[7.116316] (-) TimerEvent: {}
[7.216739] (-) TimerEvent: {}
[7.317153] (-) TimerEvent: {}
[7.417564] (-) TimerEvent: {}
[7.517988] (-) TimerEvent: {}
[7.618309] (-) TimerEvent: {}
[7.718739] (-) TimerEvent: {}
[7.819185] (-) TimerEvent: {}
[7.919604] (-) TimerEvent: {}
[8.020055] (-) TimerEvent: {}
[8.120501] (-) TimerEvent: {}
[8.220937] (-) TimerEvent: {}
[8.321409] (-) TimerEvent: {}
[8.421860] (-) TimerEvent: {}
[8.522332] (-) TimerEvent: {}
[8.622794] (-) TimerEvent: {}
[8.723203] (-) TimerEvent: {}
[8.823594] (-) TimerEvent: {}
[8.923938] (-) TimerEvent: {}
[9.024347] (-) TimerEvent: {}
[9.124766] (-) TimerEvent: {}
[9.225058] (-) TimerEvent: {}
[9.325312] (-) TimerEvent: {}
[9.425631] (-) TimerEvent: {}
[9.525853] (-) TimerEvent: {}
[9.626074] (-) TimerEvent: {}
[9.726398] (-) TimerEvent: {}
[9.826728] (-) TimerEvent: {}
[9.926948] (-) TimerEvent: {}
[10.027202] (-) TimerEvent: {}
[10.127418] (-) TimerEvent: {}
[10.227738] (-) TimerEvent: {}
[10.327956] (-) TimerEvent: {}
[10.428173] (-) TimerEvent: {}
[10.528432] (-) TimerEvent: {}
[10.628760] (-) TimerEvent: {}
[10.728977] (-) TimerEvent: {}
[10.829227] (-) TimerEvent: {}
[10.929555] (-) TimerEvent: {}
[11.029883] (-) TimerEvent: {}
[11.130101] (-) TimerEvent: {}
[11.230354] (-) TimerEvent: {}
[11.330667] (-) TimerEvent: {}
[11.430891] (-) TimerEvent: {}
[11.531205] (-) TimerEvent: {}
[11.631529] (-) TimerEvent: {}
[11.731999] (-) TimerEvent: {}
[11.832421] (-) TimerEvent: {}
[11.932662] (-) TimerEvent: {}
[12.032874] (-) TimerEvent: {}
[12.133100] (-) TimerEvent: {}
[12.233374] (-) TimerEvent: {}
[12.333660] (-) TimerEvent: {}
[12.433912] (-) TimerEvent: {}
[12.499539] (quadruped_mujoco) StdoutLine: {'line': b'[ 87%] \x1b[32m\x1b[1mLinking CXX shared library libquadruped_mujoco_lib.so\x1b[0m\n'}
[12.534005] (-) TimerEvent: {}
[12.634225] (-) TimerEvent: {}
[12.734446] (-) TimerEvent: {}
[12.834733] (-) TimerEvent: {}
[12.934969] (-) TimerEvent: {}
[13.035296] (-) TimerEvent: {}
[13.055100] (quadruped_mujoco) StdoutLine: {'line': b'[ 87%] Built target quadruped_mujoco_lib\n'}
[13.073246] (quadruped_mujoco) StdoutLine: {'line': b'[ 89%] \x1b[32mBuilding CXX object CMakeFiles/quadruped_controller_node.dir/src/nodes/quadruped_controller_node.cpp.o\x1b[0m\n'}
[13.073550] (quadruped_mujoco) StdoutLine: {'line': b'[ 89%] \x1b[32mBuilding CXX object CMakeFiles/turn_node.dir/src/nodes/turn_node.cpp.o\x1b[0m\n'}
[13.075481] (quadruped_mujoco) StdoutLine: {'line': b'[ 90%] \x1b[32mBuilding CXX object CMakeFiles/waypoint_nav_node.dir/src/nodes/waypoint_nav_node.cpp.o\x1b[0m\n'}
[13.077447] (quadruped_mujoco) StdoutLine: {'line': b'[ 92%] \x1b[32mBuilding CXX object CMakeFiles/trot_node.dir/src/nodes/trot_node.cpp.o\x1b[0m\n'}
[13.083620] (quadruped_mujoco) StdoutLine: {'line': b'[ 93%] \x1b[32mBuilding CXX object CMakeFiles/mujoco_sim_node.dir/src/nodes/mujoco_sim_node.cpp.o\x1b[0m\n'}
[13.135404] (-) TimerEvent: {}
[13.235744] (-) TimerEvent: {}
[13.336039] (-) TimerEvent: {}
[13.436365] (-) TimerEvent: {}
[13.536735] (-) TimerEvent: {}
[13.637043] (-) TimerEvent: {}
[13.737379] (-) TimerEvent: {}
[13.837727] (-) TimerEvent: {}
[13.938066] (-) TimerEvent: {}
[14.038407] (-) TimerEvent: {}
[14.138759] (-) TimerEvent: {}
[14.239065] (-) TimerEvent: {}
[14.339423] (-) TimerEvent: {}
[14.439736] (-) TimerEvent: {}
[14.540045] (-) TimerEvent: {}
[14.619662] (quadruped_mujoco) StderrLine: {'line': b'In file included from \x1b[01m\x1b[K/home/nisarg/Documents/repo/libchamp-imp/ros2_ws/src/quadruped_mujoco/include/quadruped_mujoco/leg_controller/leg_controller.hpp:6\x1b[m\x1b[K,\n'}
[14.619989] (quadruped_mujoco) StderrLine: {'line': b'                 from \x1b[01m\x1b[K/home/nisarg/Documents/repo/libchamp-imp/ros2_ws/src/quadruped_mujoco/include/quadruped_mujoco/controllers/quadruped_controller.hpp:12\x1b[m\x1b[K,\n'}
[14.620208] (quadruped_mujoco) StderrLine: {'line': b'                 from \x1b[01m\x1b[K/home/nisarg/Documents/repo/libchamp-imp/ros2_ws/src/quadruped_mujoco/include/quadruped_mujoco/controllers/turn_controller.hpp:4\x1b[m\x1b[K,\n'}
[14.620307] (quadruped_mujoco) StderrLine: {'line': b'                 from \x1b[01m\x1b[K/home/nisarg/Documents/repo/libchamp-imp/ros2_ws/src/quadruped_mujoco/src/nodes/turn_node.cpp:2\x1b[m\x1b[K:\n'}
[14.620391] (quadruped_mujoco) StderrLine: {'line': b'\x1b[01m\x1b[K/home/nisarg/Documents/repo/libchamp-imp/ros2_ws/src/quadruped_mujoco/include/quadruped_mujoco/leg_controller/phase_generator.hpp:\x1b[m\x1b[K In constructor \xe2\x80\x98\x1b[01m\x1b[Kchamp::PhaseGenerator::PhaseGenerator(champ::QuadrupedBase&, champ::PhaseGenerator::Time)\x1b[m\x1b[K\xe2\x80\x99:\n'}
[14.620474] (quadruped_mujoco) StderrLine: {'line': b'\x1b[01m\x1b[K/home/nisarg/Documents/repo/libchamp-imp/ros2_ws/src/quadruped_mujoco/include/quadruped_mujoco/leg_controller/phase_generator.hpp:64:18:\x1b[m\x1b[K \x1b[01;35m\x1b[Kwarning: \x1b[m\x1b[K\xe2\x80\x98\x1b[01m\x1b[Kchamp::PhaseGenerator::has_swung_\x1b[m\x1b[K\xe2\x80\x99 will be initialized after [\x1b[01;35m\x1b[K\x1b]8;;https://gcc.gnu.org/onlinedocs/gcc/Warning-Options.html#index-Wreorder\x07-Wreorder\x1b]8;;\x07\x1b[m\x1b[K]\n'}
[14.620557] (quadruped_mujoco) StderrLine: {'line': b'   64 |             bool \x1b[01;35m\x1b[Khas_swung_\x1b[m\x1b[K;\n'}
[14.620633] (quadruped_mujoco) StderrLine: {'line': b'      |                  \x1b[01;35m\x1b[K^~~~~~~~~~\x1b[m\x1b[K\n'}
[14.620717] (quadruped_mujoco) StderrLine: {'line': b'\x1b[01m\x1b[K/home/nisarg/Documents/repo/libchamp-imp/ros2_ws/src/quadruped_mujoco/include/quadruped_mujoco/leg_controller/phase_generator.hpp:17:18:\x1b[m\x1b[K \x1b[01;35m\x1b[Kwarning: \x1b[m\x1b[K  \xe2\x80\x98\x1b[01m\x1b[Kbool champ::PhaseGenerator::has_started\x1b[m\x1b[K\xe2\x80\x99 [\x1b[01;35m\x1b[K\x1b]8;;https://gcc.gnu.org/onlinedocs/gcc/Warning-Options.html#index-Wreorder\x07-Wreorder\x1b]8;;\x07\x1b[m\x1b[K]\n'}
[14.620828] (quadruped_mujoco) StderrLine: {'line': b'   17 |             bool \x1b[01;35m\x1b[Khas_started\x1b[m\x1b[K;\n'}
[14.620905] (quadruped_mujoco) StderrLine: {'line': b'      |                  \x1b[01;35m\x1b[K^~~~~~~~~~~\x1b[m\x1b[K\n'}
[14.620982] (quadruped_mujoco) StderrLine: {'line': b'\x1b[01m\x1b[K/home/nisarg/Documents/repo/libchamp-imp/ros2_ws/src/quadruped_mujoco/include/quadruped_mujoco/leg_controller/phase_generator.hpp:19:13:\x1b[m\x1b[K \x1b[01;35m\x1b[Kwarning: \x1b[m\x1b[K  when initialized here [\x1b[01;35m\x1b[K\x1b]8;;https://gcc.gnu.org/onlinedocs/gcc/Warning-Options.html#index-Wreorder\x07-Wreorder\x1b]8;;\x07\x1b[m\x1b[K]\n'}
[14.621073] (quadruped_mujoco) StderrLine: {'line': b'   19 |             \x1b[01;35m\x1b[KPhaseGenerator\x1b[m\x1b[K(QuadrupedBase &base, Time time = now()):\n'}
[14.621152] (quadruped_mujoco) StderrLine: {'line': b'      |             \x1b[01;35m\x1b[K^~~~~~~~~~~~~~\x1b[m\x1b[K\n'}
[14.621230] (quadruped_mujoco) StderrLine: {'line': b'\x1b[01m\x1b[K/home/nisarg/Documents/repo/libchamp-imp/ros2_ws/src/quadruped_mujoco/include/quadruped_mujoco/leg_controller/phase_generator.hpp:\x1b[m\x1b[K In member function \xe2\x80\x98\x1b[01m\x1b[Kvoid champ::PhaseGenerator::run(float, float, champ::PhaseGenerator::Time)\x1b[m\x1b[K\xe2\x80\x99:\n'}
[14.621309] (quadruped_mujoco) StderrLine: {'line': b'\x1b[01m\x1b[K/home/nisarg/Documents/repo/libchamp-imp/ros2_ws/src/quadruped_mujoco/include/quadruped_mujoco/leg_controller/phase_generator.hpp:32:28:\x1b[m\x1b[K \x1b[01;35m\x1b[Kwarning: \x1b[m\x1b[Kunused parameter \xe2\x80\x98\x1b[01m\x1b[Ktarget_velocity\x1b[m\x1b[K\xe2\x80\x99 [\x1b[01;35m\x1b[K\x1b]8;;https://gcc.gnu.org/onlinedocs/gcc/Warning-Options.html#index-Wunused-parameter\x07-Wunused-parameter\x1b]8;;\x07\x1b[m\x1b[K]\n'}
[14.621391] (quadruped_mujoco) StderrLine: {'line': b'   32 |             void run(\x1b[01;35m\x1b[Kfloat target_velocity\x1b[m\x1b[K, float step_length, Time time = now())\n'}
[14.621468] (quadruped_mujoco) StderrLine: {'line': b'      |                      \x1b[01;35m\x1b[K~~~~~~^~~~~~~~~~~~~~~\x1b[m\x1b[K\n'}
[14.621547] (quadruped_mujoco) StderrLine: {'line': b'\x1b[01m\x1b[K/home/nisarg/Documents/repo/libchamp-imp/ros2_ws/src/quadruped_mujoco/include/quadruped_mujoco/leg_controller/phase_generator.hpp:32:51:\x1b[m\x1b[K \x1b[01;35m\x1b[Kwarning: \x1b[m\x1b[Kunused parameter \xe2\x80\x98\x1b[01m\x1b[Kstep_length\x1b[m\x1b[K\xe2\x80\x99 [\x1b[01;35m\x1b[K\x1b]8;;https://gcc.gnu.org/onlinedocs/gcc/Warning-Options.html#index-Wunused-parameter\x07-Wunused-parameter\x1b]8;;\x07\x1b[m\x1b[K]\n'}
[14.621635] (quadruped_mujoco) StderrLine: {'line': b'   32 |             void run(float target_velocity, \x1b[01;35m\x1b[Kfloat step_length\x1b[m\x1b[K, Time time = now())\n'}
[14.621728] (quadruped_mujoco) StderrLine: {'line': b'      |                                             \x1b[01;35m\x1b[K~~~~~~^~~~~~~~~~~\x1b[m\x1b[K\n'}
[14.621816] (quadruped_mujoco) StderrLine: {'line': b'In file included from \x1b[01m\x1b[K/home/nisarg/Documents/repo/libchamp-imp/ros2_ws/src/quadruped_mujoco/include/quadruped_mujoco/controllers/quadruped_controller.hpp:12\x1b[m\x1b[K,\n'}
[14.621892] (quadruped_mujoco) StderrLine: {'line': b'                 from \x1b[01m\x1b[K/home/nisarg/Documents/repo/libchamp-imp/ros2_ws/src/quadruped_mujoco/include/quadruped_mujoco/controllers/turn_controller.hpp:4\x1b[m\x1b[K,\n'}
[14.621969] (quadruped_mujoco) StderrLine: {'line': b'                 from \x1b[01m\x1b[K/home/nisarg/Documents/repo/libchamp-imp/ros2_ws/src/quadruped_mujoco/src/nodes/turn_node.cpp:2\x1b[m\x1b[K:\n'}
[14.622045] (quadruped_mujoco) StderrLine: {'line': b'\x1b[01m\x1b[K/home/nisarg/Documents/repo/libchamp-imp/ros2_ws/src/quadruped_mujoco/include/quadruped_mujoco/leg_controller/leg_controller.hpp:\x1b[m\x1b[K In constructor \xe2\x80\x98\x1b[01m\x1b[Kchamp::LegController::LegController(champ::QuadrupedBase&, champ::PhaseGenerator::Time)\x1b[m\x1b[K\xe2\x80\x99:\n'}
[14.622129] (quadruped_mujoco) StderrLine: {'line': b'\x1b[01m\x1b[K/home/nisarg/Documents/repo/libchamp-imp/ros2_ws/src/quadruped_mujoco/include/quadruped_mujoco/leg_controller/leg_controller.hpp:13:69:\x1b[m\x1b[K \x1b[01;35m\x1b[Kwarning: \x1b[m\x1b[Kunused parameter \xe2\x80\x98\x1b[01m\x1b[Ktime\x1b[m\x1b[K\xe2\x80\x99 [\x1b[01;35m\x1b[K\x1b]8;;https://gcc.gnu.org/onlinedocs/gcc/Warning-Options.html#index-Wunused-parameter\x07-Wunused-parameter\x1b]8;;\x07\x1b[m\x1b[K]\n'}
[14.622209] (quadruped_mujoco) StderrLine: {'line': b'   13 |             LegController(QuadrupedBase &base, \x1b[01;35m\x1b[KPhaseGenerator::Time time = PhaseGenerator::now()\x1b[m\x1b[K):\n'}
[14.622287] (quadruped_mujoco) StderrLine: {'line': b'      |                                                \x1b[01;35m\x1b[K~~~~~~~~~~~~~~~~~~~~~^~~~~~~~~~~~~~~~~~~~~~~~~~~~\x1b[m\x1b[K\n'}
[14.637647] (quadruped_mujoco) StderrLine: {'line': b'\x1b[01m\x1b[K/home/nisarg/Documents/repo/libchamp-imp/ros2_ws/src/quadruped_mujoco/src/nodes/mujoco_sim_node.cpp:\x1b[m\x1b[K In member function \xe2\x80\x98\x1b[01m\x1b[Kvoid MujocoSimNode::loadModel()\x1b[m\x1b[K\xe2\x80\x99:\n'}
[14.637852] (quadruped_mujoco) StderrLine: {'line': b'\x1b[01m\x1b[K/home/nisarg/Documents/repo/libchamp-imp/ros2_ws/src/quadruped_mujoco/src/nodes/mujoco_sim_node.cpp:59:13:\x1b[m\x1b[K \x1b[01;31m\x1b[Kerror: \x1b[m\x1b[K\xe2\x80\x98\x1b[01m\x1b[KinitializeJoints\x1b[m\x1b[K\xe2\x80\x99 was not declared in this scope\n'}
[14.637942] (quadruped_mujoco) StderrLine: {'line': b'   59 |             \x1b[01;31m\x1b[KinitializeJoints\x1b[m\x1b[K();\n'}
[14.638019] (quadruped_mujoco) StderrLine: {'line': b'      |             \x1b[01;31m\x1b[K^~~~~~~~~~~~~~~~\x1b[m\x1b[K\n'}
[14.639897] (quadruped_mujoco) StderrLine: {'line': b'In file included from \x1b[01m\x1b[K/home/nisarg/Documents/repo/libchamp-imp/ros2_ws/src/quadruped_mujoco/include/quadruped_mujoco/leg_controller/leg_controller.hpp:6\x1b[m\x1b[K,\n'}
[14.640167] (-) TimerEvent: {}
[14.640285] (quadruped_mujoco) StderrLine: {'line': b'                 from \x1b[01m\x1b[K/home/nisarg/Documents/repo/libchamp-imp/ros2_ws/src/quadruped_mujoco/include/quadruped_mujoco/controllers/quadruped_controller.hpp:12\x1b[m\x1b[K,\n'}
[14.640503] (quadruped_mujoco) StderrLine: {'line': b'                 from \x1b[01m\x1b[K/home/nisarg/Documents/repo/libchamp-imp/ros2_ws/src/quadruped_mujoco/include/quadruped_mujoco/controllers/waypoint_controller.hpp:4\x1b[m\x1b[K,\n'}
[14.640611] (quadruped_mujoco) StderrLine: {'line': b'                 from \x1b[01m\x1b[K/home/nisarg/Documents/repo/libchamp-imp/ros2_ws/src/quadruped_mujoco/src/nodes/waypoint_nav_node.cpp:2\x1b[m\x1b[K:\n'}
[14.640694] (quadruped_mujoco) StderrLine: {'line': b'\x1b[01m\x1b[K/home/nisarg/Documents/repo/libchamp-imp/ros2_ws/src/quadruped_mujoco/include/quadruped_mujoco/leg_controller/phase_generator.hpp:\x1b[m\x1b[K In constructor \xe2\x80\x98\x1b[01m\x1b[Kchamp::PhaseGenerator::PhaseGenerator(champ::QuadrupedBase&, champ::PhaseGenerator::Time)\x1b[m\x1b[K\xe2\x80\x99:\n'}
[14.640792] (quadruped_mujoco) StderrLine: {'line': b'\x1b[01m\x1b[K/home/nisarg/Documents/repo/libchamp-imp/ros2_ws/src/quadruped_mujoco/include/quadruped_mujoco/leg_controller/phase_generator.hpp:64:18:\x1b[m\x1b[K \x1b[01;35m\x1b[Kwarning: \x1b[m\x1b[K\xe2\x80\x98\x1b[01m\x1b[Kchamp::PhaseGenerator::has_swung_\x1b[m\x1b[K\xe2\x80\x99 will be initialized after [\x1b[01;35m\x1b[K\x1b]8;;https://gcc.gnu.org/onlinedocs/gcc/Warning-Options.html#index-Wreorder\x07-Wreorder\x1b]8;;\x07\x1b[m\x1b[K]\n'}
[14.640878] (quadruped_mujoco) StderrLine: {'line': b'   64 |             bool \x1b[01;35m\x1b[Khas_swung_\x1b[m\x1b[K;\n'}
[14.640956] (quadruped_mujoco) StderrLine: {'line': b'      |                  \x1b[01;35m\x1b[K^~~~~~~~~~\x1b[m\x1b[K\n'}
[14.641033] (quadruped_mujoco) StderrLine: {'line': b'\x1b[01m\x1b[K/home/nisarg/Documents/repo/libchamp-imp/ros2_ws/src/quadruped_mujoco/include/quadruped_mujoco/leg_controller/phase_generator.hpp:17:18:\x1b[m\x1b[K \x1b[01;35m\x1b[Kwarning: \x1b[m\x1b[K  \xe2\x80\x98\x1b[01m\x1b[Kbool champ::PhaseGenerator::has_started\x1b[m\x1b[K\xe2\x80\x99 [\x1b[01;35m\x1b[K\x1b]8;;https://gcc.gnu.org/onlinedocs/gcc/Warning-Options.html#index-Wreorder\x07-Wreorder\x1b]8;;\x07\x1b[m\x1b[K]\n'}
[14.641128] (quadruped_mujoco) StderrLine: {'line': b'   17 |             bool \x1b[01;35m\x1b[Khas_started\x1b[m\x1b[K;\n'}
[14.641205] (quadruped_mujoco) StderrLine: {'line': b'      |                  \x1b[01;35m\x1b[K^~~~~~~~~~~\x1b[m\x1b[K\n'}
[14.641283] (quadruped_mujoco) StderrLine: {'line': b'\x1b[01m\x1b[K/home/nisarg/Documents/repo/libchamp-imp/ros2_ws/src/quadruped_mujoco/include/quadruped_mujoco/leg_controller/phase_generator.hpp:19:13:\x1b[m\x1b[K \x1b[01;35m\x1b[Kwarning: \x1b[m\x1b[K  when initialized here [\x1b[01;35m\x1b[K\x1b]8;;https://gcc.gnu.org/onlinedocs/gcc/Warning-Options.html#index-Wreorder\x07-Wreorder\x1b]8;;\x07\x1b[m\x1b[K]\n'}
[14.641367] (quadruped_mujoco) StderrLine: {'line': b'   19 |             \x1b[01;35m\x1b[KPhaseGenerator\x1b[m\x1b[K(QuadrupedBase &base, Time time = now()):\n'}
[14.641444] (quadruped_mujoco) StderrLine: {'line': b'      |             \x1b[01;35m\x1b[K^~~~~~~~~~~~~~\x1b[m\x1b[K\n'}
[14.641522] (quadruped_mujoco) StderrLine: {'line': b'\x1b[01m\x1b[K/home/nisarg/Documents/repo/libchamp-imp/ros2_ws/src/quadruped_mujoco/include/quadruped_mujoco/leg_controller/phase_generator.hpp:\x1b[m\x1b[K In member function \xe2\x80\x98\x1b[01m\x1b[Kvoid champ::PhaseGenerator::run(float, float, champ::PhaseGenerator::Time)\x1b[m\x1b[K\xe2\x80\x99:\n'}
[14.641604] (quadruped_mujoco) StderrLine: {'line': b'\x1b[01m\x1b[K/home/nisarg/Documents/repo/libchamp-imp/ros2_ws/src/quadruped_mujoco/include/quadruped_mujoco/leg_controller/phase_generator.hpp:32:28:\x1b[m\x1b[K \x1b[01;35m\x1b[Kwarning: \x1b[m\x1b[Kunused parameter \xe2\x80\x98\x1b[01m\x1b[Ktarget_velocity\x1b[m\x1b[K\xe2\x80\x99 [\x1b[01;35m\x1b[K\x1b]8;;https://gcc.gnu.org/onlinedocs/gcc/Warning-Options.html#index-Wunused-parameter\x07-Wunused-parameter\x1b]8;;\x07\x1b[m\x1b[K]\n'}
[14.641686] (quadruped_mujoco) StderrLine: {'line': b'   32 |             void run(\x1b[01;35m\x1b[Kfloat target_velocity\x1b[m\x1b[K, float step_length, Time time = now())\n'}
[14.641780] (quadruped_mujoco) StderrLine: {'line': b'      |                      \x1b[01;35m\x1b[K~~~~~~^~~~~~~~~~~~~~~\x1b[m\x1b[K\n'}
[14.641860] (quadruped_mujoco) StderrLine: {'line': b'\x1b[01m\x1b[K/home/nisarg/Documents/repo/libchamp-imp/ros2_ws/src/quadruped_mujoco/include/quadruped_mujoco/leg_controller/phase_generator.hpp:32:51:\x1b[m\x1b[K \x1b[01;35m\x1b[Kwarning: \x1b[m\x1b[Kunused parameter \xe2\x80\x98\x1b[01m\x1b[Kstep_length\x1b[m\x1b[K\xe2\x80\x99 [\x1b[01;35m\x1b[K\x1b]8;;https://gcc.gnu.org/onlinedocs/gcc/Warning-Options.html#index-Wunused-parameter\x07-Wunused-parameter\x1b]8;;\x07\x1b[m\x1b[K]\n'}
[14.641938] (quadruped_mujoco) StderrLine: {'line': b'   32 |             void run(float target_velocity, \x1b[01;35m\x1b[Kfloat step_length\x1b[m\x1b[K, Time time = now())\n'}
[14.642015] (quadruped_mujoco) StderrLine: {'line': b'      |                                             \x1b[01;35m\x1b[K~~~~~~^~~~~~~~~~~\x1b[m\x1b[K\n'}
[14.642091] (quadruped_mujoco) StderrLine: {'line': b'In file included from \x1b[01m\x1b[K/home/nisarg/Documents/repo/libchamp-imp/ros2_ws/src/quadruped_mujoco/include/quadruped_mujoco/controllers/quadruped_controller.hpp:12\x1b[m\x1b[K,\n'}
[14.642171] (quadruped_mujoco) StderrLine: {'line': b'                 from \x1b[01m\x1b[K/home/nisarg/Documents/repo/libchamp-imp/ros2_ws/src/quadruped_mujoco/include/quadruped_mujoco/controllers/waypoint_controller.hpp:4\x1b[m\x1b[K,\n'}
[14.642247] (quadruped_mujoco) StderrLine: {'line': b'                 from \x1b[01m\x1b[K/home/nisarg/Documents/repo/libchamp-imp/ros2_ws/src/quadruped_mujoco/src/nodes/waypoint_nav_node.cpp:2\x1b[m\x1b[K:\n'}
[14.642325] (quadruped_mujoco) StderrLine: {'line': b'\x1b[01m\x1b[K/home/nisarg/Documents/repo/libchamp-imp/ros2_ws/src/quadruped_mujoco/include/quadruped_mujoco/leg_controller/leg_controller.hpp:\x1b[m\x1b[K In constructor \xe2\x80\x98\x1b[01m\x1b[Kchamp::LegController::LegController(champ::QuadrupedBase&, champ::PhaseGenerator::Time)\x1b[m\x1b[K\xe2\x80\x99:\n'}
[14.642413] (quadruped_mujoco) StderrLine: {'line': b'\x1b[01m\x1b[K/home/nisarg/Documents/repo/libchamp-imp/ros2_ws/src/quadruped_mujoco/include/quadruped_mujoco/leg_controller/leg_controller.hpp:13:69:\x1b[m\x1b[K \x1b[01;35m\x1b[Kwarning: \x1b[m\x1b[Kunused parameter \xe2\x80\x98\x1b[01m\x1b[Ktime\x1b[m\x1b[K\xe2\x80\x99 [\x1b[01;35m\x1b[K\x1b]8;;https://gcc.gnu.org/onlinedocs/gcc/Warning-Options.html#index-Wunused-parameter\x07-Wunused-parameter\x1b]8;;\x07\x1b[m\x1b[K]\n'}
[14.642498] (quadruped_mujoco) StderrLine: {'line': b'   13 |             LegController(QuadrupedBase &base, \x1b[01;35m\x1b[KPhaseGenerator::Time time = PhaseGenerator::now()\x1b[m\x1b[K):\n'}
[14.642576] (quadruped_mujoco) StderrLine: {'line': b'      |                                                \x1b[01;35m\x1b[K~~~~~~~~~~~~~~~~~~~~~^~~~~~~~~~~~~~~~~~~~~~~~~~~~\x1b[m\x1b[K\n'}
[14.649870] (quadruped_mujoco) StderrLine: {'line': b'In file included from \x1b[01m\x1b[K/home/nisarg/Documents/repo/libchamp-imp/ros2_ws/src/quadruped_mujoco/include/quadruped_mujoco/leg_controller/leg_controller.hpp:6\x1b[m\x1b[K,\n'}
[14.650186] (quadruped_mujoco) StderrLine: {'line': b'                 from \x1b[01m\x1b[K/home/nisarg/Documents/repo/libchamp-imp/ros2_ws/src/quadruped_mujoco/include/quadruped_mujoco/controllers/quadruped_controller.hpp:12\x1b[m\x1b[K,\n'}
[14.650293] (quadruped_mujoco) StderrLine: {'line': b'                 from \x1b[01m\x1b[K/home/nisarg/Documents/repo/libchamp-imp/ros2_ws/src/quadruped_mujoco/include/quadruped_mujoco/controllers/trot_controller.hpp:4\x1b[m\x1b[K,\n'}
[14.650423] (quadruped_mujoco) StderrLine: {'line': b'                 from \x1b[01m\x1b[K/home/nisarg/Documents/repo/libchamp-imp/ros2_ws/src/quadruped_mujoco/src/nodes/quadruped_controller_node.cpp:2\x1b[m\x1b[K:\n'}
[14.650506] (quadruped_mujoco) StderrLine: {'line': b'\x1b[01m\x1b[K/home/nisarg/Documents/repo/libchamp-imp/ros2_ws/src/quadruped_mujoco/include/quadruped_mujoco/leg_controller/phase_generator.hpp:\x1b[m\x1b[K In constructor \xe2\x80\x98\x1b[01m\x1b[Kchamp::PhaseGenerator::PhaseGenerator(champ::QuadrupedBase&, champ::PhaseGenerator::Time)\x1b[m\x1b[K\xe2\x80\x99:\n'}
[14.650608] (quadruped_mujoco) StderrLine: {'line': b'\x1b[01m\x1b[K/home/nisarg/Documents/repo/libchamp-imp/ros2_ws/src/quadruped_mujoco/include/quadruped_mujoco/leg_controller/phase_generator.hpp:64:18:\x1b[m\x1b[K \x1b[01;35m\x1b[Kwarning: \x1b[m\x1b[K\xe2\x80\x98\x1b[01m\x1b[Kchamp::PhaseGenerator::has_swung_\x1b[m\x1b[K\xe2\x80\x99 will be initialized after [\x1b[01;35m\x1b[K\x1b]8;;https://gcc.gnu.org/onlinedocs/gcc/Warning-Options.html#index-Wreorder\x07-Wreorder\x1b]8;;\x07\x1b[m\x1b[K]\n'}
[14.650700] (quadruped_mujoco) StderrLine: {'line': b'   64 |             bool \x1b[01;35m\x1b[Khas_swung_\x1b[m\x1b[K;\n'}
[14.650798] (quadruped_mujoco) StderrLine: {'line': b'      |                  \x1b[01;35m\x1b[K^~~~~~~~~~\x1b[m\x1b[K\n'}
[14.650876] (quadruped_mujoco) StderrLine: {'line': b'\x1b[01m\x1b[K/home/nisarg/Documents/repo/libchamp-imp/ros2_ws/src/quadruped_mujoco/include/quadruped_mujoco/leg_controller/phase_generator.hpp:17:18:\x1b[m\x1b[K \x1b[01;35m\x1b[Kwarning: \x1b[m\x1b[K  \xe2\x80\x98\x1b[01m\x1b[Kbool champ::PhaseGenerator::has_started\x1b[m\x1b[K\xe2\x80\x99 [\x1b[01;35m\x1b[K\x1b]8;;https://gcc.gnu.org/onlinedocs/gcc/Warning-Options.html#index-Wreorder\x07-Wreorder\x1b]8;;\x07\x1b[m\x1b[K]\n'}
[14.650955] (quadruped_mujoco) StderrLine: {'line': b'   17 |             bool \x1b[01;35m\x1b[Khas_started\x1b[m\x1b[K;\n'}
[14.651029] (quadruped_mujoco) StderrLine: {'line': b'      |                  \x1b[01;35m\x1b[K^~~~~~~~~~~\x1b[m\x1b[K\n'}
[14.651105] (quadruped_mujoco) StderrLine: {'line': b'\x1b[01m\x1b[K/home/nisarg/Documents/repo/libchamp-imp/ros2_ws/src/quadruped_mujoco/include/quadruped_mujoco/leg_controller/phase_generator.hpp:19:13:\x1b[m\x1b[K \x1b[01;35m\x1b[Kwarning: \x1b[m\x1b[K  when initialized here [\x1b[01;35m\x1b[K\x1b]8;;https://gcc.gnu.org/onlinedocs/gcc/Warning-Options.html#index-Wreorder\x07-Wreorder\x1b]8;;\x07\x1b[m\x1b[K]\n'}
[14.651195] (quadruped_mujoco) StderrLine: {'line': b'   19 |             \x1b[01;35m\x1b[KPhaseGenerator\x1b[m\x1b[K(QuadrupedBase &base, Time time = now()):\n'}
[14.651271] (quadruped_mujoco) StderrLine: {'line': b'      |             \x1b[01;35m\x1b[K^~~~~~~~~~~~~~\x1b[m\x1b[K\n'}
[14.651344] (quadruped_mujoco) StderrLine: {'line': b'\x1b[01m\x1b[K/home/nisarg/Documents/repo/libchamp-imp/ros2_ws/src/quadruped_mujoco/include/quadruped_mujoco/leg_controller/phase_generator.hpp:\x1b[m\x1b[K In member function \xe2\x80\x98\x1b[01m\x1b[Kvoid champ::PhaseGenerator::run(float, float, champ::PhaseGenerator::Time)\x1b[m\x1b[K\xe2\x80\x99:\n'}
[14.651419] (quadruped_mujoco) StderrLine: {'line': b'\x1b[01m\x1b[K/home/nisarg/Documents/repo/libchamp-imp/ros2_ws/src/quadruped_mujoco/include/quadruped_mujoco/leg_controller/phase_generator.hpp:32:28:\x1b[m\x1b[K \x1b[01;35m\x1b[Kwarning: \x1b[m\x1b[Kunused parameter \xe2\x80\x98\x1b[01m\x1b[Ktarget_velocity\x1b[m\x1b[K\xe2\x80\x99 [\x1b[01;35m\x1b[K\x1b]8;;https://gcc.gnu.org/onlinedocs/gcc/Warning-Options.html#index-Wunused-parameter\x07-Wunused-parameter\x1b]8;;\x07\x1b[m\x1b[K]\n'}
[14.651496] (quadruped_mujoco) StderrLine: {'line': b'   32 |             void run(\x1b[01;35m\x1b[Kfloat target_velocity\x1b[m\x1b[K, float step_length, Time time = now())\n'}
[14.651569] (quadruped_mujoco) StderrLine: {'line': b'      |                      \x1b[01;35m\x1b[K~~~~~~^~~~~~~~~~~~~~~\x1b[m\x1b[K\n'}
[14.651641] (quadruped_mujoco) StderrLine: {'line': b'\x1b[01m\x1b[K/home/nisarg/Documents/repo/libchamp-imp/ros2_ws/src/quadruped_mujoco/include/quadruped_mujoco/leg_controller/phase_generator.hpp:32:51:\x1b[m\x1b[K \x1b[01;35m\x1b[Kwarning: \x1b[m\x1b[Kunused parameter \xe2\x80\x98\x1b[01m\x1b[Kstep_length\x1b[m\x1b[K\xe2\x80\x99 [\x1b[01;35m\x1b[K\x1b]8;;https://gcc.gnu.org/onlinedocs/gcc/Warning-Options.html#index-Wunused-parameter\x07-Wunused-parameter\x1b]8;;\x07\x1b[m\x1b[K]\n'}
[14.651731] (quadruped_mujoco) StderrLine: {'line': b'   32 |             void run(float target_velocity, \x1b[01;35m\x1b[Kfloat step_length\x1b[m\x1b[K, Time time = now())\n'}
[14.651818] (quadruped_mujoco) StderrLine: {'line': b'      |                                             \x1b[01;35m\x1b[K~~~~~~^~~~~~~~~~~\x1b[m\x1b[K\n'}
[14.651894] (quadruped_mujoco) StderrLine: {'line': b'In file included from \x1b[01m\x1b[K/home/nisarg/Documents/repo/libchamp-imp/ros2_ws/src/quadruped_mujoco/include/quadruped_mujoco/controllers/quadruped_controller.hpp:12\x1b[m\x1b[K,\n'}
[14.651978] (quadruped_mujoco) StderrLine: {'line': b'                 from \x1b[01m\x1b[K/home/nisarg/Documents/repo/libchamp-imp/ros2_ws/src/quadruped_mujoco/include/quadruped_mujoco/controllers/trot_controller.hpp:4\x1b[m\x1b[K,\n'}
[14.652054] (quadruped_mujoco) StderrLine: {'line': b'                 from \x1b[01m\x1b[K/home/nisarg/Documents/repo/libchamp-imp/ros2_ws/src/quadruped_mujoco/src/nodes/quadruped_controller_node.cpp:2\x1b[m\x1b[K:\n'}
[14.652131] (quadruped_mujoco) StderrLine: {'line': b'\x1b[01m\x1b[K/home/nisarg/Documents/repo/libchamp-imp/ros2_ws/src/quadruped_mujoco/include/quadruped_mujoco/leg_controller/leg_controller.hpp:\x1b[m\x1b[K In constructor \xe2\x80\x98\x1b[01m\x1b[Kchamp::LegController::LegController(champ::QuadrupedBase&, champ::PhaseGenerator::Time)\x1b[m\x1b[K\xe2\x80\x99:\n'}
[14.652207] (quadruped_mujoco) StderrLine: {'line': b'\x1b[01m\x1b[K/home/nisarg/Documents/repo/libchamp-imp/ros2_ws/src/quadruped_mujoco/include/quadruped_mujoco/leg_controller/leg_controller.hpp:13:69:\x1b[m\x1b[K \x1b[01;35m\x1b[Kwarning: \x1b[m\x1b[Kunused parameter \xe2\x80\x98\x1b[01m\x1b[Ktime\x1b[m\x1b[K\xe2\x80\x99 [\x1b[01;35m\x1b[K\x1b]8;;https://gcc.gnu.org/onlinedocs/gcc/Warning-Options.html#index-Wunused-parameter\x07-Wunused-parameter\x1b]8;;\x07\x1b[m\x1b[K]\n'}
[14.652288] (quadruped_mujoco) StderrLine: {'line': b'   13 |     LegController(QuadrupedBase &base, \x1b[01;35m\x1b[KPhaseGenerator::Time time = PhaseGenerator::now()\x1b[m\x1b[K):\n'}
[14.652367] (quadruped_mujoco) StderrLine: {'line': b'      |                                        \x1b[01;35m\x1b[K~~~~~~~~~~~~~~~~~~~~~^~~~~~~~~~~~~~~~~~~~~~~~~~~~\x1b[m\x1b[K\n'}
[14.652445] (quadruped_mujoco) StderrLine: {'line': b'\n'}
[14.740330] (-) TimerEvent: {}
[14.743112] (quadruped_mujoco) StderrLine: {'line': b'\x1b[01m\x1b[K/home/nisarg/Documents/repo/libchamp-imp/ros2_ws/src/quadruped_mujoco/src/nodes/waypoint_nav_node.cpp:\x1b[m\x1b[K In member function \xe2\x80\x98\x1b[01m\x1b[Kvoid WaypointNavNode::pathCallback(nav_msgs::msg::Path_<std::allocator<void> >::SharedPtr)\x1b[m\x1b[K\xe2\x80\x99:\n'}
[14.743305] (quadruped_mujoco) StderrLine: {'line': b'\x1b[01m\x1b[K/home/nisarg/Documents/repo/libchamp-imp/ros2_ws/src/quadruped_mujoco/src/nodes/waypoint_nav_node.cpp:31:64:\x1b[m\x1b[K \x1b[01;35m\x1b[Kwarning: \x1b[m\x1b[Kunused parameter \xe2\x80\x98\x1b[01m\x1b[Kmsg\x1b[m\x1b[K\xe2\x80\x99 [\x1b[01;35m\x1b[K\x1b]8;;https://gcc.gnu.org/onlinedocs/gcc/Warning-Options.html#index-Wunused-parameter\x07-Wunused-parameter\x1b]8;;\x07\x1b[m\x1b[K]\n'}
[14.743398] (quadruped_mujoco) StderrLine: {'line': b'   31 |         void pathCallback(\x1b[01;35m\x1b[Kconst nav_msgs::msg::Path::SharedPtr msg\x1b[m\x1b[K)\n'}
[14.743479] (quadruped_mujoco) StderrLine: {'line': b'      |                           \x1b[01;35m\x1b[K~~~~~~~~~~~~~~~~~~~~~~~~~~~~~~~~~~~~~^~~\x1b[m\x1b[K\n'}
[14.840474] (-) TimerEvent: {}
[14.940812] (-) TimerEvent: {}
[15.041151] (-) TimerEvent: {}
[15.141488] (-) TimerEvent: {}
[15.187307] (quadruped_mujoco) StdoutLine: {'line': b'[ 94%] \x1b[32m\x1b[1mLinking CXX executable quadruped_controller_node\x1b[0m\n'}
[15.241648] (-) TimerEvent: {}
[15.342025] (-) TimerEvent: {}
[15.442381] (-) TimerEvent: {}
[15.462079] (quadruped_mujoco) StdoutLine: {'line': b'[ 94%] Built target quadruped_controller_node\n'}
[15.542604] (-) TimerEvent: {}
[15.642909] (-) TimerEvent: {}
[15.713044] (quadruped_mujoco) StderrLine: {'line': b'In file included from \x1b[01m\x1b[K/home/nisarg/Documents/repo/libchamp-imp/ros2_ws/src/quadruped_mujoco/include/quadruped_mujoco/leg_controller/leg_controller.hpp:6\x1b[m\x1b[K,\n'}
[15.713258] (quadruped_mujoco) StderrLine: {'line': b'                 from \x1b[01m\x1b[K/home/nisarg/Documents/repo/libchamp-imp/ros2_ws/src/quadruped_mujoco/include/quadruped_mujoco/controllers/quadruped_controller.hpp:12\x1b[m\x1b[K,\n'}
[15.713478] (quadruped_mujoco) StderrLine: {'line': b'                 from \x1b[01m\x1b[K/home/nisarg/Documents/repo/libchamp-imp/ros2_ws/src/quadruped_mujoco/include/quadruped_mujoco/controllers/trot_controller.hpp:4\x1b[m\x1b[K,\n'}
[15.713574] (quadruped_mujoco) StderrLine: {'line': b'                 from \x1b[01m\x1b[K/home/nisarg/Documents/repo/libchamp-imp/ros2_ws/src/quadruped_mujoco/src/nodes/trot_node.cpp:2\x1b[m\x1b[K:\n'}
[15.713661] (quadruped_mujoco) StderrLine: {'line': b'\x1b[01m\x1b[K/home/nisarg/Documents/repo/libchamp-imp/ros2_ws/src/quadruped_mujoco/include/quadruped_mujoco/leg_controller/phase_generator.hpp:\x1b[m\x1b[K In constructor \xe2\x80\x98\x1b[01m\x1b[Kchamp::PhaseGenerator::PhaseGenerator(champ::QuadrupedBase&, champ::PhaseGenerator::Time)\x1b[m\x1b[K\xe2\x80\x99:\n'}
[15.713765] (quadruped_mujoco) StderrLine: {'line': b'\x1b[01m\x1b[K/home/nisarg/Documents/repo/libchamp-imp/ros2_ws/src/quadruped_mujoco/include/quadruped_mujoco/leg_controller/phase_generator.hpp:64:18:\x1b[m\x1b[K \x1b[01;35m\x1b[Kwarning: \x1b[m\x1b[K\xe2\x80\x98\x1b[01m\x1b[Kchamp::PhaseGenerator::has_swung_\x1b[m\x1b[K\xe2\x80\x99 will be initialized after [\x1b[01;35m\x1b[K\x1b]8;;https://gcc.gnu.org/onlinedocs/gcc/Warning-Options.html#index-Wreorder\x07-Wreorder\x1b]8;;\x07\x1b[m\x1b[K]\n'}
[15.713860] (quadruped_mujoco) StderrLine: {'line': b'   64 |             bool \x1b[01;35m\x1b[Khas_swung_\x1b[m\x1b[K;\n'}
[15.713944] (quadruped_mujoco) StderrLine: {'line': b'      |                  \x1b[01;35m\x1b[K^~~~~~~~~~\x1b[m\x1b[K\n'}
[15.714027] (quadruped_mujoco) StderrLine: {'line': b'\x1b[01m\x1b[K/home/nisarg/Documents/repo/libchamp-imp/ros2_ws/src/quadruped_mujoco/include/quadruped_mujoco/leg_controller/phase_generator.hpp:17:18:\x1b[m\x1b[K \x1b[01;35m\x1b[Kwarning: \x1b[m\x1b[K  \xe2\x80\x98\x1b[01m\x1b[Kbool champ::PhaseGenerator::has_started\x1b[m\x1b[K\xe2\x80\x99 [\x1b[01;35m\x1b[K\x1b]8;;https://gcc.gnu.org/onlinedocs/gcc/Warning-Options.html#index-Wreorder\x07-Wreorder\x1b]8;;\x07\x1b[m\x1b[K]\n'}
[15.714130] (quadruped_mujoco) StderrLine: {'line': b'   17 |             bool \x1b[01;35m\x1b[Khas_started\x1b[m\x1b[K;\n'}
[15.714214] (quadruped_mujoco) StderrLine: {'line': b'      |                  \x1b[01;35m\x1b[K^~~~~~~~~~~\x1b[m\x1b[K\n'}
[15.714297] (quadruped_mujoco) StderrLine: {'line': b'\x1b[01m\x1b[K/home/nisarg/Documents/repo/libchamp-imp/ros2_ws/src/quadruped_mujoco/include/quadruped_mujoco/leg_controller/phase_generator.hpp:19:13:\x1b[m\x1b[K \x1b[01;35m\x1b[Kwarning: \x1b[m\x1b[K  when initialized here [\x1b[01;35m\x1b[K\x1b]8;;https://gcc.gnu.org/onlinedocs/gcc/Warning-Options.html#index-Wreorder\x07-Wreorder\x1b]8;;\x07\x1b[m\x1b[K]\n'}
[15.714389] (quadruped_mujoco) StderrLine: {'line': b'   19 |             \x1b[01;35m\x1b[KPhaseGenerator\x1b[m\x1b[K(QuadrupedBase &base, Time time = now()):\n'}
[15.714470] (quadruped_mujoco) StderrLine: {'line': b'      |             \x1b[01;35m\x1b[K^~~~~~~~~~~~~~\x1b[m\x1b[K\n'}
[15.714548] (quadruped_mujoco) StderrLine: {'line': b'\x1b[01m\x1b[K/home/nisarg/Documents/repo/libchamp-imp/ros2_ws/src/quadruped_mujoco/include/quadruped_mujoco/leg_controller/phase_generator.hpp:\x1b[m\x1b[K In member function \xe2\x80\x98\x1b[01m\x1b[Kvoid champ::PhaseGenerator::run(float, float, champ::PhaseGenerator::Time)\x1b[m\x1b[K\xe2\x80\x99:\n'}
[15.714630] (quadruped_mujoco) StderrLine: {'line': b'\x1b[01m\x1b[K/home/nisarg/Documents/repo/libchamp-imp/ros2_ws/src/quadruped_mujoco/include/quadruped_mujoco/leg_controller/phase_generator.hpp:32:28:\x1b[m\x1b[K \x1b[01;35m\x1b[Kwarning: \x1b[m\x1b[Kunused parameter \xe2\x80\x98\x1b[01m\x1b[Ktarget_velocity\x1b[m\x1b[K\xe2\x80\x99 [\x1b[01;35m\x1b[K\x1b]8;;https://gcc.gnu.org/onlinedocs/gcc/Warning-Options.html#index-Wunused-parameter\x07-Wunused-parameter\x1b]8;;\x07\x1b[m\x1b[K]\n'}
[15.714725] (quadruped_mujoco) StderrLine: {'line': b'   32 |             void run(\x1b[01;35m\x1b[Kfloat target_velocity\x1b[m\x1b[K, float step_length, Time time = now())\n'}
[15.714812] (quadruped_mujoco) StderrLine: {'line': b'      |                      \x1b[01;35m\x1b[K~~~~~~^~~~~~~~~~~~~~~\x1b[m\x1b[K\n'}
[15.714891] (quadruped_mujoco) StderrLine: {'line': b'\x1b[01m\x1b[K/home/nisarg/Documents/repo/libchamp-imp/ros2_ws/src/quadruped_mujoco/include/quadruped_mujoco/leg_controller/phase_generator.hpp:32:51:\x1b[m\x1b[K \x1b[01;35m\x1b[Kwarning: \x1b[m\x1b[Kunused parameter \xe2\x80\x98\x1b[01m\x1b[Kstep_length\x1b[m\x1b[K\xe2\x80\x99 [\x1b[01;35m\x1b[K\x1b]8;;https://gcc.gnu.org/onlinedocs/gcc/Warning-Options.html#index-Wunused-parameter\x07-Wunused-parameter\x1b]8;;\x07\x1b[m\x1b[K]\n'}
[15.714980] (quadruped_mujoco) StderrLine: {'line': b'   32 |             void run(float target_velocity, \x1b[01;35m\x1b[Kfloat step_length\x1b[m\x1b[K, Time time = now())\n'}
[15.715060] (quadruped_mujoco) StderrLine: {'line': b'      |                                             \x1b[01;35m\x1b[K~~~~~~^~~~~~~~~~~\x1b[m\x1b[K\n'}
[15.715138] (quadruped_mujoco) StderrLine: {'line': b'In file included from \x1b[01m\x1b[K/home/nisarg/Documents/repo/libchamp-imp/ros2_ws/src/quadruped_mujoco/include/quadruped_mujoco/controllers/quadruped_controller.hpp:12\x1b[m\x1b[K,\n'}
[15.715217] (quadruped_mujoco) StderrLine: {'line': b'                 from \x1b[01m\x1b[K/home/nisarg/Documents/repo/libchamp-imp/ros2_ws/src/quadruped_mujoco/include/quadruped_mujoco/controllers/trot_controller.hpp:4\x1b[m\x1b[K,\n'}
[15.715295] (quadruped_mujoco) StderrLine: {'line': b'                 from \x1b[01m\x1b[K/home/nisarg/Documents/repo/libchamp-imp/ros2_ws/src/quadruped_mujoco/src/nodes/trot_node.cpp:2\x1b[m\x1b[K:\n'}
[15.715373] (quadruped_mujoco) StderrLine: {'line': b'\x1b[01m\x1b[K/home/nisarg/Documents/repo/libchamp-imp/ros2_ws/src/quadruped_mujoco/include/quadruped_mujoco/leg_controller/leg_controller.hpp:\x1b[m\x1b[K In constructor \xe2\x80\x98\x1b[01m\x1b[Kchamp::LegController::LegController(champ::QuadrupedBase&, champ::PhaseGenerator::Time)\x1b[m\x1b[K\xe2\x80\x99:\n'}
[15.715459] (quadruped_mujoco) StderrLine: {'line': b'\x1b[01m\x1b[K/home/nisarg/Documents/repo/libchamp-imp/ros2_ws/src/quadruped_mujoco/include/quadruped_mujoco/leg_controller/leg_controller.hpp:13:69:\x1b[m\x1b[K \x1b[01;35m\x1b[Kwarning: \x1b[m\x1b[Kunused parameter \xe2\x80\x98\x1b[01m\x1b[Ktime\x1b[m\x1b[K\xe2\x80\x99 [\x1b[01;35m\x1b[K\x1b]8;;https://gcc.gnu.org/onlinedocs/gcc/Warning-Options.html#index-Wunused-parameter\x07-Wunused-parameter\x1b]8;;\x07\x1b[m\x1b[K]\n'}
[15.715550] (quadruped_mujoco) StderrLine: {'line': b'   13 |             LegController(QuadrupedBase &base, \x1b[01;35m\x1b[KPhaseGenerator::Time time = PhaseGenerator::now()\x1b[m\x1b[K):\n'}
[15.715628] (quadruped_mujoco) StderrLine: {'line': b'      |                                                \x1b[01;35m\x1b[K~~~~~~~~~~~~~~~~~~~~~^~~~~~~~~~~~~~~~~~~~~~~~~~~~\x1b[m\x1b[K\n'}
[15.743037] (-) TimerEvent: {}
[15.843480] (-) TimerEvent: {}
[15.943908] (-) TimerEvent: {}
[16.044236] (-) TimerEvent: {}
[16.144680] (-) TimerEvent: {}
[16.245005] (-) TimerEvent: {}
[16.332421] (quadruped_mujoco) StderrLine: {'line': b'gmake[2]: *** [CMakeFiles/mujoco_sim_node.dir/build.make:76: CMakeFiles/mujoco_sim_node.dir/src/nodes/mujoco_sim_node.cpp.o] Error 1\n'}
[16.332669] (quadruped_mujoco) StderrLine: {'line': b'gmake[1]: *** [CMakeFiles/Makefile2:771: CMakeFiles/mujoco_sim_node.dir/all] Error 2\n'}
[16.332782] (quadruped_mujoco) StderrLine: {'line': b'gmake[1]: *** Waiting for unfinished jobs....\n'}
[16.345118] (-) TimerEvent: {}
[16.445544] (-) TimerEvent: {}
[16.545907] (-) TimerEvent: {}
[16.646359] (-) TimerEvent: {}
[16.746763] (-) TimerEvent: {}
[16.847173] (-) TimerEvent: {}
[16.947461] (-) TimerEvent: {}
[17.047762] (-) TimerEvent: {}
[17.148087] (-) TimerEvent: {}
[17.248359] (-) TimerEvent: {}
[17.348635] (-) TimerEvent: {}
[17.448922] (-) TimerEvent: {}
[17.549240] (-) TimerEvent: {}
[17.649537] (-) TimerEvent: {}
[17.749858] (-) TimerEvent: {}
[17.850131] (-) TimerEvent: {}
[17.950445] (-) TimerEvent: {}
[18.050770] (-) TimerEvent: {}
[18.151071] (-) TimerEvent: {}
[18.251471] (-) TimerEvent: {}
[18.351873] (-) TimerEvent: {}
[18.452198] (-) TimerEvent: {}
[18.552616] (-) TimerEvent: {}
[18.653033] (-) TimerEvent: {}
[18.753326] (-) TimerEvent: {}
[18.800378] (quadruped_mujoco) StdoutLine: {'line': b'[ 96%] \x1b[32m\x1b[1mLinking CXX executable turn_node\x1b[0m\n'}
[18.853552] (-) TimerEvent: {}
[18.931958] (quadruped_mujoco) StdoutLine: {'line': b'[ 97%] \x1b[32m\x1b[1mLinking CXX executable waypoint_nav_node\x1b[0m\n'}
[18.953702] (-) TimerEvent: {}
[19.054155] (-) TimerEvent: {}
[19.154600] (-) TimerEvent: {}
[19.237163] (quadruped_mujoco) StdoutLine: {'line': b'[ 97%] Built target turn_node\n'}
[19.254828] (-) TimerEvent: {}
[19.353429] (quadruped_mujoco) StdoutLine: {'line': b'[ 97%] Built target waypoint_nav_node\n'}
[19.354916] (-) TimerEvent: {}
[19.455189] (-) TimerEvent: {}
[19.555603] (-) TimerEvent: {}
[19.655901] (-) TimerEvent: {}
[19.756231] (-) TimerEvent: {}
[19.856551] (-) TimerEvent: {}
[19.869044] (quadruped_mujoco) StdoutLine: {'line': b'[ 98%] \x1b[32m\x1b[1mLinking CXX executable trot_node\x1b[0m\n'}
[19.956777] (-) TimerEvent: {}
[20.057092] (-) TimerEvent: {}
[20.157515] (-) TimerEvent: {}
[20.257872] (-) TimerEvent: {}
[20.273498] (quadruped_mujoco) StdoutLine: {'line': b'[ 98%] Built target trot_node\n'}
[20.274476] (quadruped_mujoco) StderrLine: {'line': b'gmake: *** [Makefile:146: all] Error 2\n'}
[20.276610] (quadruped_mujoco) CommandEnded: {'returncode': 2}
[20.282922] (quadruped_mujoco) JobEnded: {'identifier': 'quadruped_mujoco', 'rc': 2}
[20.293785] (-) EventReactorShutdown: {}
