[  9%] Built target quadruped_mujoco__rosidl_generator_c
[ 10%] Built target quadruped_mujoco__cpp
[ 13%] Built target mujoco_interface_node
[ 13%] Built target ament_cmake_python_copy_quadruped_mujoco
[ 23%] Built target quadruped_mujoco__rosidl_typesupport_cpp
[ 32%] Built target quadruped_mujoco__rosidl_typesupport_c
[ 42%] Built target quadruped_mujoco__rosidl_typesupport_introspection_cpp
[ 52%] Built target quadruped_mujoco__rosidl_typesupport_fastrtps_cpp
[ 71%] Built target quadruped_mujoco__rosidl_typesupport_introspection_c
[ 71%] Built target quadruped_mujoco__rosidl_typesupport_fastrtps_c
[ 71%] Built target quadruped_mujoco
[ 72%] [32mBuilding CXX object CMakeFiles/trot_node.dir/src/nodes/trot_node.cpp.o[0m
[ 73%] [32mBuilding CXX object CMakeFiles/turn_node.dir/src/nodes/turn_node.cpp.o[0m
[ 76%] Built target quadruped_mujoco__py
[ 76%] [32mBuilding CXX object CMakeFiles/quadruped_controller_node.dir/src/nodes/quadruped_controller_node.cpp.o[0m
[ 78%] [32mBuilding CXX object CMakeFiles/waypoint_nav_node.dir/src/nodes/waypoint_nav_node.cpp.o[0m
[35m[1mConsolidate compiler generated dependencies of target quadruped_mujoco__rosidl_generator_py[0m
[ 86%] Built target quadruped_mujoco__rosidl_generator_py
[ 87%] [32mBuilding C object CMakeFiles/quadruped_mujoco__rosidl_typesupport_c__pyext.dir/rosidl_generator_py/quadruped_mujoco/_quadruped_mujoco_s.ep.rosidl_typesupport_c.c.o[0m
[ 89%] [32mBuilding C object CMakeFiles/quadruped_mujoco__rosidl_typesupport_introspection_c__pyext.dir/rosidl_generator_py/quadruped_mujoco/_quadruped_mujoco_s.ep.rosidl_typesupport_introspection_c.c.o[0m
[ 90%] [32mBuilding C object CMakeFiles/quadruped_mujoco__rosidl_typesupport_fastrtps_c__pyext.dir/rosidl_generator_py/quadruped_mujoco/_quadruped_mujoco_s.ep.rosidl_typesupport_fastrtps_c.c.o[0m
[ 91%] [32m[1mLinking C shared library rosidl_generator_py/quadruped_mujoco/quadruped_mujoco_s__rosidl_typesupport_introspection_c.cpython-310-x86_64-linux-gnu.so[0m
running egg_info
writing quadruped_mujoco.egg-info/PKG-INFO
writing dependency_links to quadruped_mujoco.egg-info/dependency_links.txt
writing top-level names to quadruped_mujoco.egg-info/top_level.txt
reading manifest file 'quadruped_mujoco.egg-info/SOURCES.txt'
writing manifest file 'quadruped_mujoco.egg-info/SOURCES.txt'
[ 91%] Built target ament_cmake_python_build_quadruped_mujoco_egg
[ 91%] Built target quadruped_mujoco__rosidl_typesupport_introspection_c__pyext
[ 93%] [32m[1mLinking C shared library rosidl_generator_py/quadruped_mujoco/quadruped_mujoco_s__rosidl_typesupport_c.cpython-310-x86_64-linux-gnu.so[0m
[ 94%] [32m[1mLinking C shared library rosidl_generator_py/quadruped_mujoco/quadruped_mujoco_s__rosidl_typesupport_fastrtps_c.cpython-310-x86_64-linux-gnu.so[0m
[ 94%] Built target quadruped_mujoco__rosidl_typesupport_c__pyext
[ 94%] Built target quadruped_mujoco__rosidl_typesupport_fastrtps_c__pyext
