[  1%] Built target quadruped_mujoco__cpp
[ 10%] Built target quadruped_mujoco__rosidl_generator_c
[ 13%] Built target mujoco_interface_node
[ 13%] Built target ament_cmake_python_copy_quadruped_mujoco
[ 23%] Built target quadruped_mujoco__rosidl_typesupport_introspection_cpp
[ 32%] Built target quadruped_mujoco__rosidl_typesupport_c
[ 42%] Built target quadruped_mujoco__rosidl_typesupport_fastrtps_cpp
[ 52%] Built target quadruped_mujoco__rosidl_typesupport_introspection_c
[ 71%] Built target quadruped_mujoco__rosidl_typesupport_cpp
[ 71%] Built target quadruped_mujoco__rosidl_typesupport_fastrtps_c
[ 71%] Built target quadruped_mujoco
[35m[1mConsolidate compiler generated dependencies of target turn_node[0m
[35m[1mConsolidate compiler generated dependencies of target quadruped_controller_node[0m
[35m[1mConsolidate compiler generated dependencies of target waypoint_nav_node[0m
[35m[1mConsolidate compiler generated dependencies of target trot_node[0m
[ 72%] Built target quadruped_mujoco__py
[ 73%] [32mBuilding CXX object CMakeFiles/turn_node.dir/src/nodes/turn_node.cpp.o[0m
[ 75%] [32mBuilding CXX object CMakeFiles/quadruped_controller_node.dir/src/nodes/quadruped_controller_node.cpp.o[0m
[ 76%] [32mBuilding CXX object CMakeFiles/waypoint_nav_node.dir/src/nodes/waypoint_nav_node.cpp.o[0m
[ 78%] [32mBuilding CXX object CMakeFiles/trot_node.dir/src/nodes/trot_node.cpp.o[0m
[ 86%] Built target quadruped_mujoco__rosidl_generator_py
[ 89%] Built target quadruped_mujoco__rosidl_typesupport_introspection_c__pyext
[ 91%] Built target quadruped_mujoco__rosidl_typesupport_fastrtps_c__pyext
[ 94%] Built target quadruped_mujoco__rosidl_typesupport_c__pyext
running egg_info
writing quadruped_mujoco.egg-info/PKG-INFO
writing dependency_links to quadruped_mujoco.egg-info/dependency_links.txt
writing top-level names to quadruped_mujoco.egg-info/top_level.txt
reading manifest file 'quadruped_mujoco.egg-info/SOURCES.txt'
writing manifest file 'quadruped_mujoco.egg-info/SOURCES.txt'
[ 94%] Built target ament_cmake_python_build_quadruped_mujoco_egg
