[0.014s] Invoking command in '/home/nisarg/Documents/repo/libchamp-imp/build/quadruped_mujoco': /usr/bin/cmake /home/nisarg/Documents/repo/libchamp-imp/quadruped_mujoco -DCMAKE_INSTALL_PREFIX=/home/nisarg/Documents/repo/libchamp-imp/install/quadruped_mujoco
[0.211s] -- The C compiler identification is GNU 11.4.0
[0.311s] -- The CXX compiler identification is GNU 11.4.0
[0.319s] -- Detecting C compiler ABI info
[0.375s] -- Detecting C compiler ABI info - done
[0.381s] -- Check for working C compiler: /usr/bin/cc - skipped
[0.382s] -- Detecting C compile features
[0.383s] -- Detecting C compile features - done
[0.386s] -- Detecting CXX compiler ABI info
[0.448s] -- Detecting CXX compiler ABI info - done
[0.453s] -- Check for working CXX compiler: /usr/bin/c++ - skipped
[0.453s] -- Detecting CXX compile features
[0.454s] -- Detecting CXX compile features - done
[0.459s] -- Found ament_cmake: 1.3.11 (/opt/ros/humble/share/ament_cmake/cmake)
[0.577s] -- Found Python3: /usr/bin/python3 (found version "3.10.12") found components: Interpreter 
[0.670s] -- Found rclcpp: 16.0.11 (/opt/ros/humble/share/rclcpp/cmake)
[0.719s] -- Found rosidl_generator_c: 3.1.6 (/opt/ros/humble/share/rosidl_generator_c/cmake)
[0.724s] -- Found rosidl_adapter: 3.1.6 (/opt/ros/humble/share/rosidl_adapter/cmake)
[0.733s] -- Found rosidl_generator_cpp: 3.1.6 (/opt/ros/humble/share/rosidl_generator_cpp/cmake)
[0.747s] -- Using all available rosidl_typesupport_c: rosidl_typesupport_fastrtps_c;rosidl_typesupport_introspection_c
[0.762s] -- Using all available rosidl_typesupport_cpp: rosidl_typesupport_fastrtps_cpp;rosidl_typesupport_introspection_cpp
[0.808s] -- Found rmw_implementation_cmake: 6.1.2 (/opt/ros/humble/share/rmw_implementation_cmake/cmake)
[0.811s] -- Found rmw_fastrtps_cpp: 6.2.7 (/opt/ros/humble/share/rmw_fastrtps_cpp/cmake)
[0.887s] -- Found OpenSSL: /usr/lib/x86_64-linux-gnu/libcrypto.so (found version "3.0.2")  
[0.909s] -- Found FastRTPS: /opt/ros/humble/include  
[0.939s] -- Using RMW implementation 'rmw_fastrtps_cpp' as default
[0.950s] -- Looking for pthread.h
[1.007s] -- Looking for pthread.h - found
[1.007s] -- Performing Test CMAKE_HAVE_LIBC_PTHREAD
[1.063s] -- Performing Test CMAKE_HAVE_LIBC_PTHREAD - Success
[1.064s] -- Found Threads: TRUE  
[1.117s] -- Found geometry_msgs: 4.2.4 (/opt/ros/humble/share/geometry_msgs/cmake)
[1.130s] -- Found sensor_msgs: 4.2.4 (/opt/ros/humble/share/sensor_msgs/cmake)
[1.147s] -- Found tf2: 0.25.12 (/opt/ros/humble/share/tf2/cmake)
[1.156s] -- Found tf2_ros: 0.25.12 (/opt/ros/humble/share/tf2_ros/cmake)
[1.239s] -- Found rosidl_default_generators: 1.2.0 (/opt/ros/humble/share/rosidl_default_generators/cmake)
[1.252s] [31mCMake Error at CMakeLists.txt:17 (find_package):
[1.252s]   By not providing "Findmujoco.cmake" in CMAKE_MODULE_PATH this project has
[1.252s]   asked CMake to find a package configuration file provided by "mujoco", but
[1.252s]   CMake did not find one.
[1.252s] 
[1.252s]   Could not find a package configuration file provided by "mujoco" with any
[1.252s]   of the following names:
[1.252s] 
[1.252s]     mujocoConfig.cmake
[1.252s]     mujoco-config.cmake
[1.252s] 
[1.252s]   Add the installation prefix of "mujoco" to CMAKE_PREFIX_PATH or set
[1.252s]   "mujoco_DIR" to a directory containing one of the above files.  If "mujoco"
[1.252s]   provides a separate development package or SDK, be sure it has been
[1.252s]   installed.
[1.252s] 
[1.252s] [0m
[1.252s] -- Configuring incomplete, errors occurred!
[1.253s] See also "/home/nisarg/Documents/repo/libchamp-imp/build/quadruped_mujoco/CMakeFiles/CMakeOutput.log".
