[0.000000] (-) TimerEvent: {}
[0.000303] (quadruped_mujoco) JobQueued: {'identifier': 'quadruped_mujoco', 'dependencies': OrderedDict()}
[0.000323] (quadruped_mujoco) JobStarted: {'identifier': 'quadruped_mujoco'}
[0.009312] (quadruped_mujoco) JobProgress: {'identifier': 'quadruped_mujoco', 'progress': 'cmake'}
[0.009583] (quadruped_mujoco) Command: {'cmd': ['/usr/bin/cmake', '/home/nisarg/Documents/repo/libchamp-imp/ros2_ws/src/quadruped_mujoco', '-DCMAKE_INSTALL_PREFIX=/home/nisarg/Documents/repo/libchamp-imp/ros2_ws/install/quadruped_mujoco'], 'cwd': '/home/nisarg/Documents/repo/libchamp-imp/ros2_ws/build/quadruped_mujoco', 'env': OrderedDict([('LANGUAGE', 'en_IN:en'), ('USER', 'nisarg'), ('ROS_PACKAGE_PATH', '/home/nisarg/quadruped_ws/install/unitree_legged_sdk/share'), ('XDG_SESSION_TYPE', 'x11'), ('SHLVL', '1'), ('LD_LIBRARY_PATH', '/home/nisarg/Documents/repo/libchamp-imp/ros2_ws/install/quadruped_mujoco/lib:/home/nisarg/.mujoco/mujoco210/bin:/home/nisarg/quadruped_ws/install/unitree_go/lib:/home/nisarg/quadruped_ws/install/unitree_api/lib:/home/nisarg/quadruped_ws/install/champ_msgs/lib:/usr/lib/x86_64-linux-gnu/gazebo-11/plugins:/opt/ros/humble/opt/rviz_ogre_vendor/lib:/opt/ros/humble/lib/x86_64-linux-gnu:/opt/ros/humble/lib'), ('HOME', '/home/nisarg'), ('CONDA_SHLVL', '0'), ('OLDPWD', '/home/nisarg/Documents/repo/libchamp-imp/ros2_ws'), ('DESKTOP_SESSION', 'ubuntu'), ('ROS_PYTHON_VERSION', '3'), ('GNOME_SHELL_SESSION_MODE', 'ubuntu'), ('GTK_MODULES', 'gail:atk-bridge'), ('DBUS_STARTER_BUS_TYPE', 'session'), ('SYSTEMD_EXEC_PID', '2064'), ('DBUS_SESSION_BUS_ADDRESS', 'unix:path=/run/user/1000/bus,guid=e03bf6c2ed0ad06e9aa581ee67d7e20e'), ('COLORTERM', 'truecolor'), ('_CE_M', ''), ('COLCON_PREFIX_PATH', '/home/nisarg/Documents/repo/libchamp-imp/ros2_ws/install:/home/nisarg/Documents/repo/libchamp-imp/install:/home/nisarg/Documents/repo/helium-quadruped-mjc/install:/home/nisarg/quadruped_ws/install'), ('ROS_DISTRO', 'humble'), ('GTK_IM_MODULE', 'ibus'), ('LOGNAME', 'nisarg'), ('_', '/usr/bin/colcon'), ('ROS_VERSION', '2'), ('PKG_CONFIG_PATH', '/home/nisarg/quadruped_ws/install/unitree_legged_sdk/lib/x86_64-linux-gnu/pkgconfig:/home/nisarg/quadruped_ws/install/unitree_legged_sdk/lib/pkgconfig'), ('XDG_SESSION_CLASS', 'user'), ('USERNAME', 'nisarg'), ('TERM', 'xterm-256color'), ('GNOME_DESKTOP_SESSION_ID', 'this-is-deprecated'), ('_CE_CONDA', ''), ('ROS_LOCALHOST_ONLY', '0'), ('WINDOWPATH', '2'), ('PATH', '/home/nisarg/miniconda3/condabin:/opt/ros/humble/bin:/usr/local/sbin:/usr/local/bin:/usr/sbin:/usr/bin:/sbin:/bin:/usr/games:/usr/local/games:/snap/bin:/snap/bin'), ('SESSION_MANAGER', 'local/nisarg-OMEN:@/tmp/.ICE-unix/2064,unix/nisarg-OMEN:/tmp/.ICE-unix/2064'), ('XDG_MENU_PREFIX', 'gnome-'), ('GNOME_TERMINAL_SCREEN', '/org/gnome/Terminal/screen/a2c74410_1cec_4ef8_bca7_33967d08ea0c'), ('XDG_RUNTIME_DIR', '/run/user/1000'), ('DISPLAY', ':1'), ('LANG', 'en_US.UTF-8'), ('XDG_CURRENT_DESKTOP', 'ubuntu:GNOME'), ('XMODIFIERS', '@im=ibus'), ('XDG_SESSION_DESKTOP', 'ubuntu'), ('XAUTHORITY', '/run/user/1000/gdm/Xauthority'), ('GNOME_TERMINAL_SERVICE', ':1.107'), ('SSH_AGENT_LAUNCHER', 'gnome-keyring'), ('SSH_AUTH_SOCK', '/run/user/1000/keyring/ssh'), ('ROS_DOMAIN_ID', '47'), ('AMENT_PREFIX_PATH', '/home/nisarg/Documents/repo/libchamp-imp/ros2_ws/install/quadruped_mujoco:/home/nisarg/Documents/repo/helium-quadruped-mjc/install/helium_quadruped_simulation:/home/nisarg/Documents/repo/helium-quadruped-mjc/install/helium_quadruped_description:/home/nisarg/Documents/repo/helium-quadruped-mjc/install/helium_quadruped_controller:/home/nisarg/quadruped_ws/install/unitree_go:/home/nisarg/quadruped_ws/install/unitree_api:/home/nisarg/quadruped_ws/install/champ_teleop:/home/nisarg/quadruped_ws/install/champ_msgs:/home/nisarg/quadruped_ws/install/champ_description:/home/nisarg/quadruped_ws/install/champ:/opt/ros/humble'), ('CONDA_PYTHON_EXE', '/home/nisarg/miniconda3/bin/python'), ('SHELL', '/bin/bash'), ('QT_ACCESSIBILITY', '1'), ('GDMSESSION', 'ubuntu'), ('CMAKE_MODULE_PATH', '/home/nisarg/Documents/repo/libchamp-imp/ros2_ws/install/quadruped_mujoco/share/quadruped_mujoco/cmake'), ('GPG_AGENT_INFO', '/run/user/1000/gnupg/S.gpg-agent:0:1'), ('QT_IM_MODULE', 'ibus'), ('PWD', '/home/nisarg/Documents/repo/libchamp-imp/ros2_ws/build/quadruped_mujoco'), ('LC_ALL', 'en_US.UTF-8'), ('XDG_CONFIG_DIRS', '/etc/xdg/xdg-ubuntu:/etc/xdg'), ('CONDA_EXE', '/home/nisarg/miniconda3/bin/conda'), ('DBUS_STARTER_ADDRESS', 'unix:path=/run/user/1000/bus,guid=e03bf6c2ed0ad06e9aa581ee67d7e20e'), ('MUJOCO_PLUGIN_PATH', '/lib'), ('XDG_DATA_DIRS', '/usr/share/ubuntu:/usr/share/gnome:/usr/local/share/:/usr/share/:/var/lib/snapd/desktop'), ('PYTHONPATH', '/home/nisarg/Documents/repo/libchamp-imp/ros2_ws/install/quadruped_mujoco/local/lib/python3.10/dist-packages:/home/nisarg/Documents/repo/helium-quadruped-mjc/install/helium_quadruped_simulation/lib/python3.10/site-packages:/home/nisarg/Documents/repo/helium-quadruped-mjc/install/helium_quadruped_description/lib/python3.10/site-packages:/home/nisarg/Documents/repo/helium-quadruped-mjc/install/helium_quadruped_controller/lib/python3.10/site-packages:/home/nisarg/quadruped_ws/install/unitree_go/local/lib/python3.10/dist-packages:/home/nisarg/quadruped_ws/install/unitree_api/local/lib/python3.10/dist-packages:/home/nisarg/quadruped_ws/install/champ_msgs/local/lib/python3.10/dist-packages:/opt/ros/humble/lib/python3.10/site-packages:/opt/ros/humble/local/lib/python3.10/dist-packages'), ('COLCON', '1'), ('VTE_VERSION', '6800'), ('CMAKE_PREFIX_PATH', '/home/nisarg/Documents/repo/libchamp-imp/ros2_ws/install/quadruped_mujoco:/home/nisarg/quadruped_ws/install/unitree_go:/home/nisarg/quadruped_ws/install/unitree_api:/home/nisarg/quadruped_ws/install/champ_teleop:/home/nisarg/quadruped_ws/install/champ_msgs:/home/nisarg/quadruped_ws/install/champ_description:/home/nisarg/quadruped_ws/install/champ:/home/nisarg/Documents/repo/helium-quadruped-mjc/install/helium_quadruped_simulation:/home/nisarg/Documents/repo/helium-quadruped-mjc/install/helium_quadruped_description:/home/nisarg/Documents/repo/helium-quadruped-mjc/install/helium_quadruped_controller:/opt/ros/humble'), ('MUJOCO_KEY_PATH', '/home/nisarg/.mujoco/mjkey.txt')]), 'shell': False}
[0.083277] (quadruped_mujoco) StdoutLine: {'line': b'-- The C compiler identification is GNU 11.4.0\n'}
[0.099729] (-) TimerEvent: {}
[0.150659] (quadruped_mujoco) StdoutLine: {'line': b'-- The CXX compiler identification is GNU 11.4.0\n'}
[0.155814] (quadruped_mujoco) StdoutLine: {'line': b'-- Detecting C compiler ABI info\n'}
[0.199886] (-) TimerEvent: {}
[0.248583] (quadruped_mujoco) StdoutLine: {'line': b'-- Detecting C compiler ABI info - done\n'}
[0.254430] (quadruped_mujoco) StdoutLine: {'line': b'-- Check for working C compiler: /usr/bin/cc - skipped\n'}
[0.254737] (quadruped_mujoco) StdoutLine: {'line': b'-- Detecting C compile features\n'}
[0.255018] (quadruped_mujoco) StdoutLine: {'line': b'-- Detecting C compile features - done\n'}
[0.257967] (quadruped_mujoco) StdoutLine: {'line': b'-- Detecting CXX compiler ABI info\n'}
[0.299988] (-) TimerEvent: {}
[0.356480] (quadruped_mujoco) StdoutLine: {'line': b'-- Detecting CXX compiler ABI info - done\n'}
[0.363164] (quadruped_mujoco) StdoutLine: {'line': b'-- Check for working CXX compiler: /usr/bin/c++ - skipped\n'}
[0.363466] (quadruped_mujoco) StdoutLine: {'line': b'-- Detecting CXX compile features\n'}
[0.363650] (quadruped_mujoco) StdoutLine: {'line': b'-- Detecting CXX compile features - done\n'}
[0.365627] (quadruped_mujoco) StdoutLine: {'line': b'-- Found ament_cmake: 1.3.11 (/opt/ros/humble/share/ament_cmake/cmake)\n'}
[0.400095] (-) TimerEvent: {}
[0.500454] (-) TimerEvent: {}
[0.523148] (quadruped_mujoco) StdoutLine: {'line': b'-- Found Python3: /usr/bin/python3 (found version "3.10.12") found components: Interpreter \n'}
[0.597176] (quadruped_mujoco) StdoutLine: {'line': b'-- Found rclcpp: 16.0.11 (/opt/ros/humble/share/rclcpp/cmake)\n'}
[0.600530] (-) TimerEvent: {}
[0.630359] (quadruped_mujoco) StdoutLine: {'line': b'-- Found rosidl_generator_c: 3.1.6 (/opt/ros/humble/share/rosidl_generator_c/cmake)\n'}
[0.634408] (quadruped_mujoco) StdoutLine: {'line': b'-- Found rosidl_adapter: 3.1.6 (/opt/ros/humble/share/rosidl_adapter/cmake)\n'}
[0.640772] (quadruped_mujoco) StdoutLine: {'line': b'-- Found rosidl_generator_cpp: 3.1.6 (/opt/ros/humble/share/rosidl_generator_cpp/cmake)\n'}
[0.649842] (quadruped_mujoco) StdoutLine: {'line': b'-- Using all available rosidl_typesupport_c: rosidl_typesupport_fastrtps_c;rosidl_typesupport_introspection_c\n'}
[0.662987] (quadruped_mujoco) StdoutLine: {'line': b'-- Using all available rosidl_typesupport_cpp: rosidl_typesupport_fastrtps_cpp;rosidl_typesupport_introspection_cpp\n'}
[0.696336] (quadruped_mujoco) StdoutLine: {'line': b'-- Found rmw_implementation_cmake: 6.1.2 (/opt/ros/humble/share/rmw_implementation_cmake/cmake)\n'}
[0.698560] (quadruped_mujoco) StdoutLine: {'line': b'-- Found rmw_fastrtps_cpp: 6.2.7 (/opt/ros/humble/share/rmw_fastrtps_cpp/cmake)\n'}
[0.700631] (-) TimerEvent: {}
[0.800999] (-) TimerEvent: {}
[0.801563] (quadruped_mujoco) StdoutLine: {'line': b'-- Found OpenSSL: /usr/lib/x86_64-linux-gnu/libcrypto.so (found version "3.0.2")  \n'}
[0.830132] (quadruped_mujoco) StdoutLine: {'line': b'-- Found FastRTPS: /opt/ros/humble/include  \n'}
[0.864744] (quadruped_mujoco) StdoutLine: {'line': b"-- Using RMW implementation 'rmw_fastrtps_cpp' as default\n"}
[0.872131] (quadruped_mujoco) StdoutLine: {'line': b'-- Looking for pthread.h\n'}
[0.901098] (-) TimerEvent: {}
[0.937090] (quadruped_mujoco) StdoutLine: {'line': b'-- Looking for pthread.h - found\n'}
[0.937435] (quadruped_mujoco) StdoutLine: {'line': b'-- Performing Test CMAKE_HAVE_LIBC_PTHREAD\n'}
[1.001199] (-) TimerEvent: {}
[1.008891] (quadruped_mujoco) StdoutLine: {'line': b'-- Performing Test CMAKE_HAVE_LIBC_PTHREAD - Success\n'}
[1.009812] (quadruped_mujoco) StdoutLine: {'line': b'-- Found Threads: TRUE  \n'}
[1.050551] (quadruped_mujoco) StdoutLine: {'line': b'-- Found sensor_msgs: 4.2.4 (/opt/ros/humble/share/sensor_msgs/cmake)\n'}
[1.072538] (quadruped_mujoco) StdoutLine: {'line': b'-- Found nav_msgs: 4.2.4 (/opt/ros/humble/share/nav_msgs/cmake)\n'}
[1.084437] (quadruped_mujoco) StdoutLine: {'line': b'-- Found tf2: 0.25.12 (/opt/ros/humble/share/tf2/cmake)\n'}
[1.092450] (quadruped_mujoco) StdoutLine: {'line': b'-- Found tf2_ros: 0.25.12 (/opt/ros/humble/share/tf2_ros/cmake)\n'}
[1.101290] (-) TimerEvent: {}
[1.158852] (quadruped_mujoco) StdoutLine: {'line': b'-- Found rosidl_default_generators: 1.2.0 (/opt/ros/humble/share/rosidl_default_generators/cmake)\n'}
[1.166442] (quadruped_mujoco) StdoutLine: {'line': b'-- Found mujoco: /usr/local/lib/libmujoco.so  \n'}
[1.169834] (quadruped_mujoco) StderrLine: {'line': b'\x1b[33mCMake Warning (dev) at /usr/share/cmake-3.22/Modules/FindOpenGL.cmake:315 (message):\n'}
[1.169957] (quadruped_mujoco) StderrLine: {'line': b'  Policy CMP0072 is not set: FindOpenGL prefers GLVND by default when\n'}
[1.170003] (quadruped_mujoco) StderrLine: {'line': b'  available.  Run "cmake --help-policy CMP0072" for policy details.  Use the\n'}
[1.170041] (quadruped_mujoco) StderrLine: {'line': b'  cmake_policy command to set the policy and suppress this warning.\n'}
[1.170077] (quadruped_mujoco) StderrLine: {'line': b'\n'}
[1.170112] (quadruped_mujoco) StderrLine: {'line': b'  FindOpenGL found both a legacy GL library:\n'}
[1.170149] (quadruped_mujoco) StderrLine: {'line': b'\n'}
[1.170184] (quadruped_mujoco) StderrLine: {'line': b'    OPENGL_gl_LIBRARY: /usr/lib/x86_64-linux-gnu/libGL.so\n'}
[1.170220] (quadruped_mujoco) StderrLine: {'line': b'\n'}
[1.170255] (quadruped_mujoco) StderrLine: {'line': b'  and GLVND libraries for OpenGL and GLX:\n'}
[1.170290] (quadruped_mujoco) StderrLine: {'line': b'\n'}
[1.170325] (quadruped_mujoco) StderrLine: {'line': b'    OPENGL_opengl_LIBRARY: /usr/lib/x86_64-linux-gnu/libOpenGL.so\n'}
[1.170361] (quadruped_mujoco) StderrLine: {'line': b'    OPENGL_glx_LIBRARY: /usr/lib/x86_64-linux-gnu/libGLX.so\n'}
[1.170398] (quadruped_mujoco) StderrLine: {'line': b'\n'}
[1.170437] (quadruped_mujoco) StderrLine: {'line': b'  OpenGL_GL_PREFERENCE has not been set to "GLVND" or "LEGACY", so for\n'}
[1.170497] (quadruped_mujoco) StderrLine: {'line': b'  compatibility with CMake 3.10 and below the legacy GL library will be used.\n'}
[1.170545] (quadruped_mujoco) StderrLine: {'line': b'Call Stack (most recent call first):\n'}
[1.170585] (quadruped_mujoco) StderrLine: {'line': b'  CMakeLists.txt:28 (find_package)\n'}
[1.170618] (quadruped_mujoco) StderrLine: {'line': b'This warning is for project developers.  Use -Wno-dev to suppress it.\n'}
[1.170656] (quadruped_mujoco) StderrLine: {'line': b'\x1b[0m\n'}
[1.170690] (quadruped_mujoco) StdoutLine: {'line': b'-- Found OpenGL: /usr/lib/x86_64-linux-gnu/libOpenGL.so   \n'}
[1.201155] (quadruped_mujoco) StdoutLine: {'line': b'-- Found GLEW: /usr/include (found version "2.2.0") \n'}
[1.201359] (-) TimerEvent: {}
[1.301594] (-) TimerEvent: {}
[1.401827] (-) TimerEvent: {}
[1.439967] (quadruped_mujoco) StdoutLine: {'line': b'-- Found ament_cmake_ros: 0.10.0 (/opt/ros/humble/share/ament_cmake_ros/cmake)\n'}
[1.501957] (-) TimerEvent: {}
[1.602223] (-) TimerEvent: {}
[1.702488] (-) TimerEvent: {}
[1.801646] (quadruped_mujoco) StdoutLine: {'line': b'-- Using all available rosidl_typesupport_c: rosidl_typesupport_fastrtps_c;rosidl_typesupport_introspection_c\n'}
[1.802649] (-) TimerEvent: {}
[1.902831] (-) TimerEvent: {}
[1.924583] (quadruped_mujoco) StdoutLine: {'line': b'-- Using all available rosidl_typesupport_cpp: rosidl_typesupport_fastrtps_cpp;rosidl_typesupport_introspection_cpp\n'}
[1.943361] (quadruped_mujoco) StdoutLine: {'line': b'-- Found PythonInterp: /usr/bin/python3 (found suitable version "3.10.12", minimum required is "3.6") \n'}
[1.944795] (quadruped_mujoco) StdoutLine: {'line': b'-- Found python_cmake_module: 0.10.0 (/opt/ros/humble/share/python_cmake_module/cmake)\n'}
[1.966587] (quadruped_mujoco) StdoutLine: {'line': b'-- Found PythonLibs: /usr/lib/x86_64-linux-gnu/libpython3.10.so (found suitable version "3.10.12", minimum required is "3.5") \n'}
[1.966759] (quadruped_mujoco) StdoutLine: {'line': b'-- Using PYTHON_EXECUTABLE: /usr/bin/python3\n'}
[1.966804] (quadruped_mujoco) StdoutLine: {'line': b'-- Using PYTHON_INCLUDE_DIRS: /usr/include/python3.10\n'}
[1.966841] (quadruped_mujoco) StdoutLine: {'line': b'-- Using PYTHON_LIBRARIES: /usr/lib/x86_64-linux-gnu/libpython3.10.so\n'}
[1.989856] (quadruped_mujoco) StdoutLine: {'line': b'-- Found PythonExtra: .so  \n'}
[2.002924] (-) TimerEvent: {}
[2.060612] (quadruped_mujoco) StdoutLine: {'line': b'-- Configuring done\n'}
[2.103031] (-) TimerEvent: {}
[2.111733] (quadruped_mujoco) StdoutLine: {'line': b'-- Generating done\n'}
[2.130558] (quadruped_mujoco) StdoutLine: {'line': b'-- Build files have been written to: /home/nisarg/Documents/repo/libchamp-imp/ros2_ws/build/quadruped_mujoco\n'}
[2.142366] (quadruped_mujoco) CommandEnded: {'returncode': 0}
[2.142857] (quadruped_mujoco) JobProgress: {'identifier': 'quadruped_mujoco', 'progress': 'build'}
[2.143486] (quadruped_mujoco) Command: {'cmd': ['/usr/bin/cmake', '--build', '/home/nisarg/Documents/repo/libchamp-imp/ros2_ws/build/quadruped_mujoco', '--', '-j12', '-l12'], 'cwd': '/home/nisarg/Documents/repo/libchamp-imp/ros2_ws/build/quadruped_mujoco', 'env': OrderedDict([('LANGUAGE', 'en_IN:en'), ('USER', 'nisarg'), ('ROS_PACKAGE_PATH', '/home/nisarg/quadruped_ws/install/unitree_legged_sdk/share'), ('XDG_SESSION_TYPE', 'x11'), ('SHLVL', '1'), ('LD_LIBRARY_PATH', '/home/nisarg/Documents/repo/libchamp-imp/ros2_ws/install/quadruped_mujoco/lib:/home/nisarg/.mujoco/mujoco210/bin:/home/nisarg/quadruped_ws/install/unitree_go/lib:/home/nisarg/quadruped_ws/install/unitree_api/lib:/home/nisarg/quadruped_ws/install/champ_msgs/lib:/usr/lib/x86_64-linux-gnu/gazebo-11/plugins:/opt/ros/humble/opt/rviz_ogre_vendor/lib:/opt/ros/humble/lib/x86_64-linux-gnu:/opt/ros/humble/lib'), ('HOME', '/home/nisarg'), ('CONDA_SHLVL', '0'), ('OLDPWD', '/home/nisarg/Documents/repo/libchamp-imp/ros2_ws'), ('DESKTOP_SESSION', 'ubuntu'), ('ROS_PYTHON_VERSION', '3'), ('GNOME_SHELL_SESSION_MODE', 'ubuntu'), ('GTK_MODULES', 'gail:atk-bridge'), ('DBUS_STARTER_BUS_TYPE', 'session'), ('SYSTEMD_EXEC_PID', '2064'), ('DBUS_SESSION_BUS_ADDRESS', 'unix:path=/run/user/1000/bus,guid=e03bf6c2ed0ad06e9aa581ee67d7e20e'), ('COLORTERM', 'truecolor'), ('_CE_M', ''), ('COLCON_PREFIX_PATH', '/home/nisarg/Documents/repo/libchamp-imp/ros2_ws/install:/home/nisarg/Documents/repo/libchamp-imp/install:/home/nisarg/Documents/repo/helium-quadruped-mjc/install:/home/nisarg/quadruped_ws/install'), ('ROS_DISTRO', 'humble'), ('GTK_IM_MODULE', 'ibus'), ('LOGNAME', 'nisarg'), ('_', '/usr/bin/colcon'), ('ROS_VERSION', '2'), ('PKG_CONFIG_PATH', '/home/nisarg/quadruped_ws/install/unitree_legged_sdk/lib/x86_64-linux-gnu/pkgconfig:/home/nisarg/quadruped_ws/install/unitree_legged_sdk/lib/pkgconfig'), ('XDG_SESSION_CLASS', 'user'), ('USERNAME', 'nisarg'), ('TERM', 'xterm-256color'), ('GNOME_DESKTOP_SESSION_ID', 'this-is-deprecated'), ('_CE_CONDA', ''), ('ROS_LOCALHOST_ONLY', '0'), ('WINDOWPATH', '2'), ('PATH', '/home/nisarg/miniconda3/condabin:/opt/ros/humble/bin:/usr/local/sbin:/usr/local/bin:/usr/sbin:/usr/bin:/sbin:/bin:/usr/games:/usr/local/games:/snap/bin:/snap/bin'), ('SESSION_MANAGER', 'local/nisarg-OMEN:@/tmp/.ICE-unix/2064,unix/nisarg-OMEN:/tmp/.ICE-unix/2064'), ('XDG_MENU_PREFIX', 'gnome-'), ('GNOME_TERMINAL_SCREEN', '/org/gnome/Terminal/screen/a2c74410_1cec_4ef8_bca7_33967d08ea0c'), ('XDG_RUNTIME_DIR', '/run/user/1000'), ('DISPLAY', ':1'), ('LANG', 'en_US.UTF-8'), ('XDG_CURRENT_DESKTOP', 'ubuntu:GNOME'), ('XMODIFIERS', '@im=ibus'), ('XDG_SESSION_DESKTOP', 'ubuntu'), ('XAUTHORITY', '/run/user/1000/gdm/Xauthority'), ('GNOME_TERMINAL_SERVICE', ':1.107'), ('SSH_AGENT_LAUNCHER', 'gnome-keyring'), ('SSH_AUTH_SOCK', '/run/user/1000/keyring/ssh'), ('ROS_DOMAIN_ID', '47'), ('AMENT_PREFIX_PATH', '/home/nisarg/Documents/repo/libchamp-imp/ros2_ws/install/quadruped_mujoco:/home/nisarg/Documents/repo/helium-quadruped-mjc/install/helium_quadruped_simulation:/home/nisarg/Documents/repo/helium-quadruped-mjc/install/helium_quadruped_description:/home/nisarg/Documents/repo/helium-quadruped-mjc/install/helium_quadruped_controller:/home/nisarg/quadruped_ws/install/unitree_go:/home/nisarg/quadruped_ws/install/unitree_api:/home/nisarg/quadruped_ws/install/champ_teleop:/home/nisarg/quadruped_ws/install/champ_msgs:/home/nisarg/quadruped_ws/install/champ_description:/home/nisarg/quadruped_ws/install/champ:/opt/ros/humble'), ('CONDA_PYTHON_EXE', '/home/nisarg/miniconda3/bin/python'), ('SHELL', '/bin/bash'), ('QT_ACCESSIBILITY', '1'), ('GDMSESSION', 'ubuntu'), ('CMAKE_MODULE_PATH', '/home/nisarg/Documents/repo/libchamp-imp/ros2_ws/install/quadruped_mujoco/share/quadruped_mujoco/cmake'), ('GPG_AGENT_INFO', '/run/user/1000/gnupg/S.gpg-agent:0:1'), ('QT_IM_MODULE', 'ibus'), ('PWD', '/home/nisarg/Documents/repo/libchamp-imp/ros2_ws/build/quadruped_mujoco'), ('LC_ALL', 'en_US.UTF-8'), ('XDG_CONFIG_DIRS', '/etc/xdg/xdg-ubuntu:/etc/xdg'), ('CONDA_EXE', '/home/nisarg/miniconda3/bin/conda'), ('DBUS_STARTER_ADDRESS', 'unix:path=/run/user/1000/bus,guid=e03bf6c2ed0ad06e9aa581ee67d7e20e'), ('MUJOCO_PLUGIN_PATH', '/lib'), ('XDG_DATA_DIRS', '/usr/share/ubuntu:/usr/share/gnome:/usr/local/share/:/usr/share/:/var/lib/snapd/desktop'), ('PYTHONPATH', '/home/nisarg/Documents/repo/libchamp-imp/ros2_ws/install/quadruped_mujoco/local/lib/python3.10/dist-packages:/home/nisarg/Documents/repo/helium-quadruped-mjc/install/helium_quadruped_simulation/lib/python3.10/site-packages:/home/nisarg/Documents/repo/helium-quadruped-mjc/install/helium_quadruped_description/lib/python3.10/site-packages:/home/nisarg/Documents/repo/helium-quadruped-mjc/install/helium_quadruped_controller/lib/python3.10/site-packages:/home/nisarg/quadruped_ws/install/unitree_go/local/lib/python3.10/dist-packages:/home/nisarg/quadruped_ws/install/unitree_api/local/lib/python3.10/dist-packages:/home/nisarg/quadruped_ws/install/champ_msgs/local/lib/python3.10/dist-packages:/opt/ros/humble/lib/python3.10/site-packages:/opt/ros/humble/local/lib/python3.10/dist-packages'), ('COLCON', '1'), ('VTE_VERSION', '6800'), ('CMAKE_PREFIX_PATH', '/home/nisarg/Documents/repo/libchamp-imp/ros2_ws/install/quadruped_mujoco:/home/nisarg/quadruped_ws/install/unitree_go:/home/nisarg/quadruped_ws/install/unitree_api:/home/nisarg/quadruped_ws/install/champ_teleop:/home/nisarg/quadruped_ws/install/champ_msgs:/home/nisarg/quadruped_ws/install/champ_description:/home/nisarg/quadruped_ws/install/champ:/home/nisarg/Documents/repo/helium-quadruped-mjc/install/helium_quadruped_simulation:/home/nisarg/Documents/repo/helium-quadruped-mjc/install/helium_quadruped_description:/home/nisarg/Documents/repo/helium-quadruped-mjc/install/helium_quadruped_controller:/opt/ros/humble'), ('MUJOCO_KEY_PATH', '/home/nisarg/.mujoco/mjkey.txt')]), 'shell': False}
[2.181569] (quadruped_mujoco) StdoutLine: {'line': b'[  1%] \x1b[34m\x1b[1mGenerating C code for ROS interfaces\x1b[0m\n'}
[2.202258] (quadruped_mujoco) StdoutLine: {'line': b'[  2%] \x1b[32mBuilding CXX object CMakeFiles/mujoco_interface_node.dir/src/mujoco_interface.cpp.o\x1b[0m\n'}
[2.203150] (-) TimerEvent: {}
[2.204494] (quadruped_mujoco) StdoutLine: {'line': b'[  3%] \x1b[34m\x1b[1mGenerating C++ code for ROS interfaces\x1b[0m\n'}
[2.210551] (quadruped_mujoco) StdoutLine: {'line': b'[  3%] Built target ament_cmake_python_copy_quadruped_mujoco\n'}
[2.303270] (-) TimerEvent: {}
[2.389547] (quadruped_mujoco) StdoutLine: {'line': b'running egg_info\n'}
[2.390039] (quadruped_mujoco) StdoutLine: {'line': b'creating quadruped_mujoco.egg-info\n'}
[2.390321] (quadruped_mujoco) StdoutLine: {'line': b'writing quadruped_mujoco.egg-info/PKG-INFO\n'}
[2.390477] (quadruped_mujoco) StdoutLine: {'line': b'writing dependency_links to quadruped_mujoco.egg-info/dependency_links.txt\n'}
[2.390602] (quadruped_mujoco) StdoutLine: {'line': b'writing top-level names to quadruped_mujoco.egg-info/top_level.txt\n'}
[2.390748] (quadruped_mujoco) StdoutLine: {'line': b"writing manifest file 'quadruped_mujoco.egg-info/SOURCES.txt'\n"}
[2.392571] (quadruped_mujoco) StdoutLine: {'line': b"reading manifest file 'quadruped_mujoco.egg-info/SOURCES.txt'\n"}
[2.392897] (quadruped_mujoco) StdoutLine: {'line': b"writing manifest file 'quadruped_mujoco.egg-info/SOURCES.txt'\n"}
[2.403365] (-) TimerEvent: {}
[2.421086] (quadruped_mujoco) StdoutLine: {'line': b'[  3%] Built target ament_cmake_python_build_quadruped_mujoco_egg\n'}
[2.504468] (-) TimerEvent: {}
[2.535142] (quadruped_mujoco) StdoutLine: {'line': b'[  3%] Built target quadruped_mujoco__cpp\n'}
[2.538802] (quadruped_mujoco) StdoutLine: {'line': b'[  5%] \x1b[32mBuilding C object CMakeFiles/quadruped_mujoco__rosidl_generator_c.dir/rosidl_generator_c/quadruped_mujoco/msg/detail/joints__functions.c.o\x1b[0m\n'}
[2.539042] (quadruped_mujoco) StdoutLine: {'line': b'[  6%] \x1b[32mBuilding C object CMakeFiles/quadruped_mujoco__rosidl_generator_c.dir/rosidl_generator_c/quadruped_mujoco/msg/detail/velocities__functions.c.o\x1b[0m\n'}
[2.539165] (quadruped_mujoco) StdoutLine: {'line': b'[  7%] \x1b[32mBuilding C object CMakeFiles/quadruped_mujoco__rosidl_generator_c.dir/rosidl_generator_c/quadruped_mujoco/msg/detail/contacts_stamped__functions.c.o\x1b[0m\n'}
[2.541753] (quadruped_mujoco) StdoutLine: {'line': b'[  9%] \x1b[32mBuilding C object CMakeFiles/quadruped_mujoco__rosidl_generator_c.dir/rosidl_generator_c/quadruped_mujoco/msg/detail/contacts__functions.c.o\x1b[0m\n'}
[2.542132] (quadruped_mujoco) StdoutLine: {'line': b'[ 10%] \x1b[32mBuilding C object CMakeFiles/quadruped_mujoco__rosidl_generator_c.dir/rosidl_generator_c/quadruped_mujoco/msg/detail/pose__functions.c.o\x1b[0m\n'}
[2.545063] (quadruped_mujoco) StdoutLine: {'line': b'[ 11%] \x1b[34m\x1b[1mGenerating C++ type support for eProsima Fast-RTPS\x1b[0m\n'}
[2.545288] (quadruped_mujoco) StdoutLine: {'line': b'[ 12%] \x1b[34m\x1b[1mGenerating C++ introspection for ROS interfaces\x1b[0m\n'}
[2.546704] (quadruped_mujoco) StdoutLine: {'line': b'[ 14%] \x1b[34m\x1b[1mGenerating C++ type support dispatch for ROS interfaces\x1b[0m\n'}
[2.604184] (quadruped_mujoco) StdoutLine: {'line': b'[ 15%] \x1b[32m\x1b[1mLinking C shared library libquadruped_mujoco__rosidl_generator_c.so\x1b[0m\n'}
[2.604532] (-) TimerEvent: {}
[2.633186] (quadruped_mujoco) StdoutLine: {'line': b'[ 15%] Built target quadruped_mujoco__rosidl_generator_c\n'}
[2.642589] (quadruped_mujoco) StdoutLine: {'line': b'[ 16%] \x1b[34m\x1b[1mGenerating C type support dispatch for ROS interfaces\x1b[0m\n'}
[2.644195] (quadruped_mujoco) StdoutLine: {'line': b'[ 18%] \x1b[34m\x1b[1mGenerating C introspection for ROS interfaces\x1b[0m\n'}
[2.645990] (quadruped_mujoco) StdoutLine: {'line': b'[ 19%] \x1b[34m\x1b[1mGenerating C type support for eProsima Fast-RTPS\x1b[0m\n'}
[2.704644] (-) TimerEvent: {}
[2.804956] (-) TimerEvent: {}
[2.827860] (quadruped_mujoco) StdoutLine: {'line': b'[ 20%] \x1b[32mBuilding CXX object CMakeFiles/quadruped_mujoco__rosidl_typesupport_introspection_cpp.dir/rosidl_typesupport_introspection_cpp/quadruped_mujoco/msg/detail/contacts__type_support.cpp.o\x1b[0m\n'}
[2.828402] (quadruped_mujoco) StdoutLine: {'line': b'[ 22%] \x1b[32mBuilding CXX object CMakeFiles/quadruped_mujoco__rosidl_typesupport_introspection_cpp.dir/rosidl_typesupport_introspection_cpp/quadruped_mujoco/msg/detail/contacts_stamped__type_support.cpp.o\x1b[0m\n'}
[2.828505] (quadruped_mujoco) StdoutLine: {'line': b'[ 23%] \x1b[32mBuilding CXX object CMakeFiles/quadruped_mujoco__rosidl_typesupport_introspection_cpp.dir/rosidl_typesupport_introspection_cpp/quadruped_mujoco/msg/detail/joints__type_support.cpp.o\x1b[0m\n'}
[2.828576] (quadruped_mujoco) StdoutLine: {'line': b'[ 24%] \x1b[32mBuilding CXX object CMakeFiles/quadruped_mujoco__rosidl_typesupport_introspection_cpp.dir/rosidl_typesupport_introspection_cpp/quadruped_mujoco/msg/detail/pose__type_support.cpp.o\x1b[0m\n'}
[2.832719] (quadruped_mujoco) StdoutLine: {'line': b'[ 25%] \x1b[32mBuilding CXX object CMakeFiles/quadruped_mujoco__rosidl_typesupport_introspection_cpp.dir/rosidl_typesupport_introspection_cpp/quadruped_mujoco/msg/detail/velocities__type_support.cpp.o\x1b[0m\n'}
[2.905051] (-) TimerEvent: {}
[2.911362] (quadruped_mujoco) StdoutLine: {'line': b'[ 27%] \x1b[32mBuilding CXX object CMakeFiles/quadruped_mujoco__rosidl_typesupport_fastrtps_cpp.dir/rosidl_typesupport_fastrtps_cpp/quadruped_mujoco/msg/detail/dds_fastrtps/contacts__type_support.cpp.o\x1b[0m\n'}
[2.911990] (quadruped_mujoco) StdoutLine: {'line': b'[ 28%] \x1b[32mBuilding CXX object CMakeFiles/quadruped_mujoco__rosidl_typesupport_fastrtps_cpp.dir/rosidl_typesupport_fastrtps_cpp/quadruped_mujoco/msg/detail/dds_fastrtps/joints__type_support.cpp.o\x1b[0m\n'}
[2.923575] (quadruped_mujoco) StdoutLine: {'line': b'[ 29%] \x1b[32mBuilding CXX object CMakeFiles/quadruped_mujoco__rosidl_typesupport_c.dir/rosidl_typesupport_c/quadruped_mujoco/msg/contacts__type_support.cpp.o\x1b[0m\n'}
[2.964269] (quadruped_mujoco) StdoutLine: {'line': b'[ 31%] \x1b[32mBuilding CXX object CMakeFiles/quadruped_mujoco__rosidl_typesupport_c.dir/rosidl_typesupport_c/quadruped_mujoco/msg/joints__type_support.cpp.o\x1b[0m\n'}
[3.005167] (-) TimerEvent: {}
[3.005716] (quadruped_mujoco) StdoutLine: {'line': b'[ 32%] \x1b[32mBuilding CXX object CMakeFiles/quadruped_mujoco__rosidl_typesupport_c.dir/rosidl_typesupport_c/quadruped_mujoco/msg/pose__type_support.cpp.o\x1b[0m\n'}
[3.029640] (quadruped_mujoco) StdoutLine: {'line': b'[ 33%] \x1b[32mBuilding CXX object CMakeFiles/quadruped_mujoco__rosidl_typesupport_cpp.dir/rosidl_typesupport_cpp/quadruped_mujoco/msg/contacts__type_support.cpp.o\x1b[0m\n'}
[3.045346] (quadruped_mujoco) StdoutLine: {'line': b'[ 35%] \x1b[32mBuilding CXX object CMakeFiles/quadruped_mujoco__rosidl_typesupport_c.dir/rosidl_typesupport_c/quadruped_mujoco/msg/velocities__type_support.cpp.o\x1b[0m\n'}
[3.064661] (quadruped_mujoco) StdoutLine: {'line': b'[ 36%] \x1b[32mBuilding C object CMakeFiles/quadruped_mujoco__rosidl_typesupport_introspection_c.dir/rosidl_typesupport_introspection_c/quadruped_mujoco/msg/detail/contacts__type_support.c.o\x1b[0m\n'}
[3.099607] (quadruped_mujoco) StdoutLine: {'line': b'[ 37%] \x1b[32mBuilding CXX object CMakeFiles/quadruped_mujoco__rosidl_typesupport_c.dir/rosidl_typesupport_c/quadruped_mujoco/msg/contacts_stamped__type_support.cpp.o\x1b[0m\n'}
[3.105277] (-) TimerEvent: {}
[3.106694] (quadruped_mujoco) StdoutLine: {'line': b'[ 38%] \x1b[32mBuilding C object CMakeFiles/quadruped_mujoco__rosidl_typesupport_introspection_c.dir/rosidl_typesupport_introspection_c/quadruped_mujoco/msg/detail/joints__type_support.c.o\x1b[0m\n'}
[3.137288] (quadruped_mujoco) StdoutLine: {'line': b'[ 40%] \x1b[32m\x1b[1mLinking CXX shared library libquadruped_mujoco__rosidl_typesupport_c.so\x1b[0m\n'}
[3.171884] (quadruped_mujoco) StdoutLine: {'line': b'[ 41%] \x1b[32mBuilding C object CMakeFiles/quadruped_mujoco__rosidl_typesupport_introspection_c.dir/rosidl_typesupport_introspection_c/quadruped_mujoco/msg/detail/pose__type_support.c.o\x1b[0m\n'}
[3.196991] (quadruped_mujoco) StdoutLine: {'line': b'[ 41%] Built target quadruped_mujoco__rosidl_typesupport_c\n'}
[3.205413] (-) TimerEvent: {}
[3.206934] (quadruped_mujoco) StdoutLine: {'line': b'[ 42%] \x1b[32mBuilding CXX object CMakeFiles/quadruped_mujoco__rosidl_typesupport_fastrtps_cpp.dir/rosidl_typesupport_fastrtps_cpp/quadruped_mujoco/msg/detail/dds_fastrtps/pose__type_support.cpp.o\x1b[0m\n'}
[3.244576] (quadruped_mujoco) StdoutLine: {'line': b'[ 44%] \x1b[32mBuilding C object CMakeFiles/quadruped_mujoco__rosidl_typesupport_introspection_c.dir/rosidl_typesupport_introspection_c/quadruped_mujoco/msg/detail/velocities__type_support.c.o\x1b[0m\n'}
[3.269588] (quadruped_mujoco) StdoutLine: {'line': b'[ 45%] \x1b[32mBuilding C object CMakeFiles/quadruped_mujoco__rosidl_typesupport_introspection_c.dir/rosidl_typesupport_introspection_c/quadruped_mujoco/msg/detail/contacts_stamped__type_support.c.o\x1b[0m\n'}
[3.273314] (quadruped_mujoco) StdoutLine: {'line': b'[ 46%] \x1b[32mBuilding CXX object CMakeFiles/quadruped_mujoco__rosidl_typesupport_cpp.dir/rosidl_typesupport_cpp/quadruped_mujoco/msg/joints__type_support.cpp.o\x1b[0m\n'}
[3.301606] (quadruped_mujoco) StdoutLine: {'line': b'[ 48%] \x1b[32mBuilding CXX object CMakeFiles/quadruped_mujoco__rosidl_typesupport_cpp.dir/rosidl_typesupport_cpp/quadruped_mujoco/msg/pose__type_support.cpp.o\x1b[0m\n'}
[3.305521] (-) TimerEvent: {}
[3.318269] (quadruped_mujoco) StdoutLine: {'line': b'[ 49%] \x1b[32m\x1b[1mLinking C shared library libquadruped_mujoco__rosidl_typesupport_introspection_c.so\x1b[0m\n'}
[3.324606] (quadruped_mujoco) StdoutLine: {'line': b'[ 50%] \x1b[32mBuilding CXX object CMakeFiles/quadruped_mujoco__rosidl_typesupport_cpp.dir/rosidl_typesupport_cpp/quadruped_mujoco/msg/velocities__type_support.cpp.o\x1b[0m\n'}
[3.337721] (quadruped_mujoco) StdoutLine: {'line': b'[ 51%] \x1b[32mBuilding CXX object CMakeFiles/quadruped_mujoco__rosidl_typesupport_fastrtps_c.dir/rosidl_typesupport_fastrtps_c/quadruped_mujoco/msg/detail/joints__type_support_c.cpp.o\x1b[0m\n'}
[3.338332] (quadruped_mujoco) StdoutLine: {'line': b'[ 53%] \x1b[32mBuilding CXX object CMakeFiles/quadruped_mujoco__rosidl_typesupport_fastrtps_c.dir/rosidl_typesupport_fastrtps_c/quadruped_mujoco/msg/detail/contacts__type_support_c.cpp.o\x1b[0m\n'}
[3.354643] (quadruped_mujoco) StdoutLine: {'line': b'[ 54%] \x1b[32mBuilding CXX object CMakeFiles/quadruped_mujoco__rosidl_typesupport_fastrtps_c.dir/rosidl_typesupport_fastrtps_c/quadruped_mujoco/msg/detail/pose__type_support_c.cpp.o\x1b[0m\n'}
[3.365945] (quadruped_mujoco) StdoutLine: {'line': b'[ 54%] Built target quadruped_mujoco__rosidl_typesupport_introspection_c\n'}
[3.375797] (quadruped_mujoco) StdoutLine: {'line': b'[ 55%] \x1b[32mBuilding CXX object CMakeFiles/quadruped_mujoco__rosidl_typesupport_fastrtps_cpp.dir/rosidl_typesupport_fastrtps_cpp/quadruped_mujoco/msg/detail/dds_fastrtps/velocities__type_support.cpp.o\x1b[0m\n'}
[3.389935] (quadruped_mujoco) StdoutLine: {'line': b'[ 57%] \x1b[32m\x1b[1mLinking CXX shared library libquadruped_mujoco__rosidl_typesupport_introspection_cpp.so\x1b[0m\n'}
[3.398431] (quadruped_mujoco) StdoutLine: {'line': b'[ 58%] \x1b[32mBuilding CXX object CMakeFiles/quadruped_mujoco__rosidl_typesupport_fastrtps_cpp.dir/rosidl_typesupport_fastrtps_cpp/quadruped_mujoco/msg/detail/dds_fastrtps/contacts_stamped__type_support.cpp.o\x1b[0m\n'}
[3.405714] (-) TimerEvent: {}
[3.485579] (quadruped_mujoco) StdoutLine: {'line': b'[ 59%] \x1b[32mBuilding CXX object CMakeFiles/quadruped_mujoco__rosidl_typesupport_fastrtps_c.dir/rosidl_typesupport_fastrtps_c/quadruped_mujoco/msg/detail/velocities__type_support_c.cpp.o\x1b[0m\n'}
[3.505820] (-) TimerEvent: {}
[3.529087] (quadruped_mujoco) StdoutLine: {'line': b'[ 59%] Built target quadruped_mujoco__rosidl_typesupport_introspection_cpp\n'}
[3.539627] (quadruped_mujoco) StdoutLine: {'line': b'[ 61%] \x1b[32mBuilding CXX object CMakeFiles/quadruped_mujoco__rosidl_typesupport_cpp.dir/rosidl_typesupport_cpp/quadruped_mujoco/msg/contacts_stamped__type_support.cpp.o\x1b[0m\n'}
[3.595183] (quadruped_mujoco) StdoutLine: {'line': b'[ 62%] \x1b[32mBuilding CXX object CMakeFiles/quadruped_mujoco__rosidl_typesupport_fastrtps_c.dir/rosidl_typesupport_fastrtps_c/quadruped_mujoco/msg/detail/contacts_stamped__type_support_c.cpp.o\x1b[0m\n'}
[3.605927] (-) TimerEvent: {}
[3.706248] (-) TimerEvent: {}
[3.765553] (quadruped_mujoco) StdoutLine: {'line': b'[ 63%] \x1b[32m\x1b[1mLinking CXX shared library libquadruped_mujoco__rosidl_typesupport_cpp.so\x1b[0m\n'}
[3.806354] (-) TimerEvent: {}
[3.809151] (quadruped_mujoco) StdoutLine: {'line': b'[ 64%] \x1b[32m\x1b[1mLinking CXX shared library libquadruped_mujoco__rosidl_typesupport_fastrtps_cpp.so\x1b[0m\n'}
[3.809444] (quadruped_mujoco) StdoutLine: {'line': b'[ 64%] Built target quadruped_mujoco__rosidl_typesupport_cpp\n'}
[3.828387] (quadruped_mujoco) StdoutLine: {'line': b'[ 66%] \x1b[32mBuilding CXX object CMakeFiles/quadruped_mujoco_lib.dir/src/controllers/quadruped_controller.cpp.o\x1b[0m\n'}
[3.905641] (quadruped_mujoco) StdoutLine: {'line': b'[ 66%] Built target quadruped_mujoco__rosidl_typesupport_fastrtps_cpp\n'}
[3.906403] (-) TimerEvent: {}
[3.914343] (quadruped_mujoco) StdoutLine: {'line': b'[ 67%] \x1b[32m\x1b[1mLinking CXX shared library libquadruped_mujoco__rosidl_typesupport_fastrtps_c.so\x1b[0m\n'}
[3.979213] (quadruped_mujoco) StdoutLine: {'line': b'[ 67%] Built target quadruped_mujoco__rosidl_typesupport_fastrtps_c\n'}
[3.996779] (quadruped_mujoco) StdoutLine: {'line': b'[ 67%] Built target quadruped_mujoco\n'}
[4.006535] (-) TimerEvent: {}
[4.017699] (quadruped_mujoco) StdoutLine: {'line': b'[ 68%] \x1b[34m\x1b[1mGenerating Python code for ROS interfaces\x1b[0m\n'}
[4.106615] (-) TimerEvent: {}
[4.206954] (-) TimerEvent: {}
[4.307186] (-) TimerEvent: {}
[4.407468] (-) TimerEvent: {}
[4.459265] (quadruped_mujoco) StdoutLine: {'line': b'[ 68%] Built target quadruped_mujoco__py\n'}
[4.477552] (quadruped_mujoco) StdoutLine: {'line': b'[ 70%] \x1b[32mBuilding C object CMakeFiles/quadruped_mujoco__rosidl_generator_py.dir/rosidl_generator_py/quadruped_mujoco/msg/_contacts_s.c.o\x1b[0m\n'}
[4.478597] (quadruped_mujoco) StdoutLine: {'line': b'[ 71%] \x1b[32mBuilding C object CMakeFiles/quadruped_mujoco__rosidl_generator_py.dir/rosidl_generator_py/quadruped_mujoco/msg/_velocities_s.c.o\x1b[0m\n'}
[4.481692] (quadruped_mujoco) StdoutLine: {'line': b'[ 74%] \x1b[32mBuilding C object CMakeFiles/quadruped_mujoco__rosidl_generator_py.dir/rosidl_generator_py/quadruped_mujoco/msg/_joints_s.c.o\x1b[0m\n'}
[4.481893] (quadruped_mujoco) StdoutLine: {'line': b'[ 74%] \x1b[32mBuilding C object CMakeFiles/quadruped_mujoco__rosidl_generator_py.dir/rosidl_generator_py/quadruped_mujoco/msg/_pose_s.c.o\x1b[0m\n'}
[4.482149] (quadruped_mujoco) StdoutLine: {'line': b'[ 75%] \x1b[32mBuilding C object CMakeFiles/quadruped_mujoco__rosidl_generator_py.dir/rosidl_generator_py/quadruped_mujoco/msg/_contacts_stamped_s.c.o\x1b[0m\n'}
[4.507581] (-) TimerEvent: {}
[4.598080] (quadruped_mujoco) StdoutLine: {'line': b'[ 76%] \x1b[32m\x1b[1mLinking C shared library rosidl_generator_py/quadruped_mujoco/libquadruped_mujoco__rosidl_generator_py.so\x1b[0m\n'}
[4.607679] (-) TimerEvent: {}
[4.636661] (quadruped_mujoco) StdoutLine: {'line': b'[ 76%] Built target quadruped_mujoco__rosidl_generator_py\n'}
[4.652061] (quadruped_mujoco) StdoutLine: {'line': b'[ 79%] \x1b[32mBuilding C object CMakeFiles/quadruped_mujoco__rosidl_typesupport_c__pyext.dir/rosidl_generator_py/quadruped_mujoco/_quadruped_mujoco_s.ep.rosidl_typesupport_c.c.o\x1b[0m\n'}
[4.652251] (quadruped_mujoco) StdoutLine: {'line': b'[ 79%] \x1b[32mBuilding C object CMakeFiles/quadruped_mujoco__rosidl_typesupport_fastrtps_c__pyext.dir/rosidl_generator_py/quadruped_mujoco/_quadruped_mujoco_s.ep.rosidl_typesupport_fastrtps_c.c.o\x1b[0m\n'}
[4.658888] (quadruped_mujoco) StdoutLine: {'line': b'[ 80%] \x1b[32mBuilding C object CMakeFiles/quadruped_mujoco__rosidl_typesupport_introspection_c__pyext.dir/rosidl_generator_py/quadruped_mujoco/_quadruped_mujoco_s.ep.rosidl_typesupport_introspection_c.c.o\x1b[0m\n'}
[4.707788] (-) TimerEvent: {}
[4.737212] (quadruped_mujoco) StdoutLine: {'line': b'[ 81%] \x1b[32m\x1b[1mLinking C shared library rosidl_generator_py/quadruped_mujoco/quadruped_mujoco_s__rosidl_typesupport_introspection_c.cpython-310-x86_64-linux-gnu.so\x1b[0m\n'}
[4.738010] (quadruped_mujoco) StdoutLine: {'line': b'[ 83%] \x1b[32m\x1b[1mLinking C shared library rosidl_generator_py/quadruped_mujoco/quadruped_mujoco_s__rosidl_typesupport_c.cpython-310-x86_64-linux-gnu.so\x1b[0m\n'}
[4.769477] (quadruped_mujoco) StdoutLine: {'line': b'[ 83%] Built target quadruped_mujoco__rosidl_typesupport_introspection_c__pyext\n'}
[4.771976] (quadruped_mujoco) StdoutLine: {'line': b'[ 83%] Built target quadruped_mujoco__rosidl_typesupport_c__pyext\n'}
[4.781852] (quadruped_mujoco) StdoutLine: {'line': b'[ 84%] \x1b[32m\x1b[1mLinking C shared library rosidl_generator_py/quadruped_mujoco/quadruped_mujoco_s__rosidl_typesupport_fastrtps_c.cpython-310-x86_64-linux-gnu.so\x1b[0m\n'}
[4.807905] (-) TimerEvent: {}
[4.816906] (quadruped_mujoco) StdoutLine: {'line': b'[ 84%] Built target quadruped_mujoco__rosidl_typesupport_fastrtps_c__pyext\n'}
[4.908048] (-) TimerEvent: {}
[5.008385] (-) TimerEvent: {}
[5.108717] (-) TimerEvent: {}
[5.209019] (-) TimerEvent: {}
[5.309361] (-) TimerEvent: {}
[5.409645] (-) TimerEvent: {}
[5.505722] (quadruped_mujoco) StderrLine: {'line': b'In file included from \x1b[01m\x1b[K/home/nisarg/Documents/repo/libchamp-imp/ros2_ws/src/quadruped_mujoco/include/quadruped_mujoco/leg_controller/leg_controller.hpp:6\x1b[m\x1b[K,\n'}
[5.505887] (quadruped_mujoco) StderrLine: {'line': b'                 from \x1b[01m\x1b[K/home/nisarg/Documents/repo/libchamp-imp/ros2_ws/src/quadruped_mujoco/include/quadruped_mujoco/controllers/quadruped_controller.hpp:12\x1b[m\x1b[K,\n'}
[5.505929] (quadruped_mujoco) StderrLine: {'line': b'                 from \x1b[01m\x1b[K/home/nisarg/Documents/repo/libchamp-imp/ros2_ws/src/quadruped_mujoco/src/controllers/quadruped_controller.cpp:1\x1b[m\x1b[K:\n'}
[5.506089] (quadruped_mujoco) StderrLine: {'line': b'\x1b[01m\x1b[K/home/nisarg/Documents/repo/libchamp-imp/ros2_ws/src/quadruped_mujoco/include/quadruped_mujoco/leg_controller/phase_generator.hpp:\x1b[m\x1b[K In constructor \xe2\x80\x98\x1b[01m\x1b[Kchamp::PhaseGenerator::PhaseGenerator(champ::QuadrupedBase&, champ::PhaseGenerator::Time)\x1b[m\x1b[K\xe2\x80\x99:\n'}
[5.506144] (quadruped_mujoco) StderrLine: {'line': b'\x1b[01m\x1b[K/home/nisarg/Documents/repo/libchamp-imp/ros2_ws/src/quadruped_mujoco/include/quadruped_mujoco/leg_controller/phase_generator.hpp:64:18:\x1b[m\x1b[K \x1b[01;35m\x1b[Kwarning: \x1b[m\x1b[K\xe2\x80\x98\x1b[01m\x1b[Kchamp::PhaseGenerator::has_swung_\x1b[m\x1b[K\xe2\x80\x99 will be initialized after [\x1b[01;35m\x1b[K\x1b]8;;https://gcc.gnu.org/onlinedocs/gcc/Warning-Options.html#index-Wreorder\x07-Wreorder\x1b]8;;\x07\x1b[m\x1b[K]\n'}
[5.506191] (quadruped_mujoco) StderrLine: {'line': b'   64 |             bool \x1b[01;35m\x1b[Khas_swung_\x1b[m\x1b[K;\n'}
[5.506225] (quadruped_mujoco) StderrLine: {'line': b'      |                  \x1b[01;35m\x1b[K^~~~~~~~~~\x1b[m\x1b[K\n'}
[5.506255] (quadruped_mujoco) StderrLine: {'line': b'\x1b[01m\x1b[K/home/nisarg/Documents/repo/libchamp-imp/ros2_ws/src/quadruped_mujoco/include/quadruped_mujoco/leg_controller/phase_generator.hpp:17:18:\x1b[m\x1b[K \x1b[01;35m\x1b[Kwarning: \x1b[m\x1b[K  \xe2\x80\x98\x1b[01m\x1b[Kbool champ::PhaseGenerator::has_started\x1b[m\x1b[K\xe2\x80\x99 [\x1b[01;35m\x1b[K\x1b]8;;https://gcc.gnu.org/onlinedocs/gcc/Warning-Options.html#index-Wreorder\x07-Wreorder\x1b]8;;\x07\x1b[m\x1b[K]\n'}
[5.506292] (quadruped_mujoco) StderrLine: {'line': b'   17 |             bool \x1b[01;35m\x1b[Khas_started\x1b[m\x1b[K;\n'}
[5.506323] (quadruped_mujoco) StderrLine: {'line': b'      |                  \x1b[01;35m\x1b[K^~~~~~~~~~~\x1b[m\x1b[K\n'}
[5.506353] (quadruped_mujoco) StderrLine: {'line': b'\x1b[01m\x1b[K/home/nisarg/Documents/repo/libchamp-imp/ros2_ws/src/quadruped_mujoco/include/quadruped_mujoco/leg_controller/phase_generator.hpp:19:13:\x1b[m\x1b[K \x1b[01;35m\x1b[Kwarning: \x1b[m\x1b[K  when initialized here [\x1b[01;35m\x1b[K\x1b]8;;https://gcc.gnu.org/onlinedocs/gcc/Warning-Options.html#index-Wreorder\x07-Wreorder\x1b]8;;\x07\x1b[m\x1b[K]\n'}
[5.506388] (quadruped_mujoco) StderrLine: {'line': b'   19 |             \x1b[01;35m\x1b[KPhaseGenerator\x1b[m\x1b[K(QuadrupedBase &base, Time time = now()):\n'}
[5.506418] (quadruped_mujoco) StderrLine: {'line': b'      |             \x1b[01;35m\x1b[K^~~~~~~~~~~~~~\x1b[m\x1b[K\n'}
[5.506448] (quadruped_mujoco) StderrLine: {'line': b'\x1b[01m\x1b[K/home/nisarg/Documents/repo/libchamp-imp/ros2_ws/src/quadruped_mujoco/include/quadruped_mujoco/leg_controller/phase_generator.hpp:\x1b[m\x1b[K In member function \xe2\x80\x98\x1b[01m\x1b[Kvoid champ::PhaseGenerator::run(float, float, champ::PhaseGenerator::Time)\x1b[m\x1b[K\xe2\x80\x99:\n'}
[5.506482] (quadruped_mujoco) StderrLine: {'line': b'\x1b[01m\x1b[K/home/nisarg/Documents/repo/libchamp-imp/ros2_ws/src/quadruped_mujoco/include/quadruped_mujoco/leg_controller/phase_generator.hpp:32:28:\x1b[m\x1b[K \x1b[01;35m\x1b[Kwarning: \x1b[m\x1b[Kunused parameter \xe2\x80\x98\x1b[01m\x1b[Ktarget_velocity\x1b[m\x1b[K\xe2\x80\x99 [\x1b[01;35m\x1b[K\x1b]8;;https://gcc.gnu.org/onlinedocs/gcc/Warning-Options.html#index-Wunused-parameter\x07-Wunused-parameter\x1b]8;;\x07\x1b[m\x1b[K]\n'}
[5.506514] (quadruped_mujoco) StderrLine: {'line': b'   32 |             void run(\x1b[01;35m\x1b[Kfloat target_velocity\x1b[m\x1b[K, float step_length, Time time = now())\n'}
[5.506555] (quadruped_mujoco) StderrLine: {'line': b'      |                      \x1b[01;35m\x1b[K~~~~~~^~~~~~~~~~~~~~~\x1b[m\x1b[K\n'}
[5.506585] (quadruped_mujoco) StderrLine: {'line': b'\x1b[01m\x1b[K/home/nisarg/Documents/repo/libchamp-imp/ros2_ws/src/quadruped_mujoco/include/quadruped_mujoco/leg_controller/phase_generator.hpp:32:51:\x1b[m\x1b[K \x1b[01;35m\x1b[Kwarning: \x1b[m\x1b[Kunused parameter \xe2\x80\x98\x1b[01m\x1b[Kstep_length\x1b[m\x1b[K\xe2\x80\x99 [\x1b[01;35m\x1b[K\x1b]8;;https://gcc.gnu.org/onlinedocs/gcc/Warning-Options.html#index-Wunused-parameter\x07-Wunused-parameter\x1b]8;;\x07\x1b[m\x1b[K]\n'}
[5.506620] (quadruped_mujoco) StderrLine: {'line': b'   32 |             void run(float target_velocity, \x1b[01;35m\x1b[Kfloat step_length\x1b[m\x1b[K, Time time = now())\n'}
[5.506650] (quadruped_mujoco) StderrLine: {'line': b'      |                                             \x1b[01;35m\x1b[K~~~~~~^~~~~~~~~~~\x1b[m\x1b[K\n'}
[5.506680] (quadruped_mujoco) StderrLine: {'line': b'In file included from \x1b[01m\x1b[K/home/nisarg/Documents/repo/libchamp-imp/ros2_ws/src/quadruped_mujoco/include/quadruped_mujoco/controllers/quadruped_controller.hpp:12\x1b[m\x1b[K,\n'}
[5.506712] (quadruped_mujoco) StderrLine: {'line': b'                 from \x1b[01m\x1b[K/home/nisarg/Documents/repo/libchamp-imp/ros2_ws/src/quadruped_mujoco/src/controllers/quadruped_controller.cpp:1\x1b[m\x1b[K:\n'}
[5.506741] (quadruped_mujoco) StderrLine: {'line': b'\x1b[01m\x1b[K/home/nisarg/Documents/repo/libchamp-imp/ros2_ws/src/quadruped_mujoco/include/quadruped_mujoco/leg_controller/leg_controller.hpp:\x1b[m\x1b[K In constructor \xe2\x80\x98\x1b[01m\x1b[Kchamp::LegController::LegController(champ::QuadrupedBase&, champ::PhaseGenerator::Time)\x1b[m\x1b[K\xe2\x80\x99:\n'}
[5.506771] (quadruped_mujoco) StderrLine: {'line': b'\x1b[01m\x1b[K/home/nisarg/Documents/repo/libchamp-imp/ros2_ws/src/quadruped_mujoco/include/quadruped_mujoco/leg_controller/leg_controller.hpp:13:69:\x1b[m\x1b[K \x1b[01;35m\x1b[Kwarning: \x1b[m\x1b[Kunused parameter \xe2\x80\x98\x1b[01m\x1b[Ktime\x1b[m\x1b[K\xe2\x80\x99 [\x1b[01;35m\x1b[K\x1b]8;;https://gcc.gnu.org/onlinedocs/gcc/Warning-Options.html#index-Wunused-parameter\x07-Wunused-parameter\x1b]8;;\x07\x1b[m\x1b[K]\n'}
[5.506805] (quadruped_mujoco) StderrLine: {'line': b'   13 |     LegController(QuadrupedBase &base, \x1b[01;35m\x1b[KPhaseGenerator::Time time = PhaseGenerator::now()\x1b[m\x1b[K):\n'}
[5.506834] (quadruped_mujoco) StderrLine: {'line': b'      |                                        \x1b[01;35m\x1b[K~~~~~~~~~~~~~~~~~~~~~^~~~~~~~~~~~~~~~~~~~~~~~~~~~\x1b[m\x1b[K\n'}
[5.506862] (quadruped_mujoco) StderrLine: {'line': b'\n'}
[5.509749] (-) TimerEvent: {}
[5.610100] (-) TimerEvent: {}
[5.618720] (quadruped_mujoco) StderrLine: {'line': b'\x1b[01m\x1b[K/home/nisarg/Documents/repo/libchamp-imp/ros2_ws/src/quadruped_mujoco/src/controllers/quadruped_controller.cpp:\x1b[m\x1b[K In member function \xe2\x80\x98\x1b[01m\x1b[Kvirtual void champ::QuadrupedController::execute(const champ::Velocities&)\x1b[m\x1b[K\xe2\x80\x99:\n'}
[5.618931] (quadruped_mujoco) StderrLine: {'line': b'\x1b[01m\x1b[K/home/nisarg/Documents/repo/libchamp-imp/ros2_ws/src/quadruped_mujoco/src/controllers/quadruped_controller.cpp:207:57:\x1b[m\x1b[K \x1b[01;35m\x1b[Kwarning: \x1b[m\x1b[Kunused parameter \xe2\x80\x98\x1b[01m\x1b[Kreq_vel\x1b[m\x1b[K\xe2\x80\x99 [\x1b[01;35m\x1b[K\x1b]8;;https://gcc.gnu.org/onlinedocs/gcc/Warning-Options.html#index-Wunused-parameter\x07-Wunused-parameter\x1b]8;;\x07\x1b[m\x1b[K]\n'}
[5.619067] (quadruped_mujoco) StderrLine: {'line': b'  207 |     void QuadrupedController::execute(\x1b[01;35m\x1b[Kconst Velocities &req_vel\x1b[m\x1b[K)\n'}
[5.619163] (quadruped_mujoco) StderrLine: {'line': b'      |                                       \x1b[01;35m\x1b[K~~~~~~~~~~~~~~~~~~^~~~~~~\x1b[m\x1b[K\n'}
[5.710207] (-) TimerEvent: {}
[5.810553] (-) TimerEvent: {}
[5.910845] (-) TimerEvent: {}
[6.011176] (-) TimerEvent: {}
[6.111602] (-) TimerEvent: {}
[6.212001] (-) TimerEvent: {}
[6.267884] (quadruped_mujoco) StdoutLine: {'line': b'[ 85%] \x1b[32m\x1b[1mLinking CXX executable mujoco_interface_node\x1b[0m\n'}
[6.312120] (-) TimerEvent: {}
[6.412392] (-) TimerEvent: {}
[6.500913] (quadruped_mujoco) StdoutLine: {'line': b'[ 85%] Built target mujoco_interface_node\n'}
[6.512599] (-) TimerEvent: {}
[6.612961] (-) TimerEvent: {}
[6.713285] (-) TimerEvent: {}
[6.813626] (-) TimerEvent: {}
[6.913971] (-) TimerEvent: {}
[7.014362] (-) TimerEvent: {}
[7.114741] (-) TimerEvent: {}
[7.215092] (-) TimerEvent: {}
[7.315492] (-) TimerEvent: {}
[7.415874] (-) TimerEvent: {}
[7.516281] (-) TimerEvent: {}
[7.616692] (-) TimerEvent: {}
[7.717008] (-) TimerEvent: {}
[7.817416] (-) TimerEvent: {}
[7.917729] (-) TimerEvent: {}
[8.018052] (-) TimerEvent: {}
[8.118371] (-) TimerEvent: {}
[8.218684] (-) TimerEvent: {}
[8.318981] (-) TimerEvent: {}
[8.419316] (-) TimerEvent: {}
[8.519646] (-) TimerEvent: {}
[8.619974] (-) TimerEvent: {}
[8.720308] (-) TimerEvent: {}
[8.820631] (-) TimerEvent: {}
[8.920972] (-) TimerEvent: {}
[9.021309] (-) TimerEvent: {}
[9.121619] (-) TimerEvent: {}
[9.221896] (-) TimerEvent: {}
[9.322204] (-) TimerEvent: {}
[9.422508] (-) TimerEvent: {}
[9.522819] (-) TimerEvent: {}
[9.623144] (-) TimerEvent: {}
[9.723545] (-) TimerEvent: {}
[9.823827] (-) TimerEvent: {}
[9.924141] (-) TimerEvent: {}
[10.024556] (-) TimerEvent: {}
[10.124840] (-) TimerEvent: {}
[10.225128] (-) TimerEvent: {}
[10.325514] (-) TimerEvent: {}
[10.425799] (-) TimerEvent: {}
[10.526130] (-) TimerEvent: {}
[10.626441] (-) TimerEvent: {}
[10.726764] (-) TimerEvent: {}
[10.827032] (-) TimerEvent: {}
[10.927379] (-) TimerEvent: {}
[11.027687] (-) TimerEvent: {}
[11.127996] (-) TimerEvent: {}
[11.228319] (-) TimerEvent: {}
[11.328677] (-) TimerEvent: {}
[11.428987] (-) TimerEvent: {}
[11.529385] (-) TimerEvent: {}
[11.629677] (-) TimerEvent: {}
[11.730101] (-) TimerEvent: {}
[11.830410] (-) TimerEvent: {}
[11.930704] (-) TimerEvent: {}
[12.031018] (-) TimerEvent: {}
[12.131426] (-) TimerEvent: {}
[12.231718] (-) TimerEvent: {}
[12.332131] (-) TimerEvent: {}
[12.432596] (-) TimerEvent: {}
[12.533067] (-) TimerEvent: {}
[12.633480] (-) TimerEvent: {}
[12.733903] (-) TimerEvent: {}
[12.834219] (-) TimerEvent: {}
[12.934633] (-) TimerEvent: {}
[13.034990] (-) TimerEvent: {}
[13.135402] (-) TimerEvent: {}
[13.186498] (quadruped_mujoco) StdoutLine: {'line': b'[ 87%] \x1b[32m\x1b[1mLinking CXX shared library libquadruped_mujoco_lib.so\x1b[0m\n'}
[13.235528] (-) TimerEvent: {}
[13.335840] (-) TimerEvent: {}
[13.436148] (-) TimerEvent: {}
[13.536500] (-) TimerEvent: {}
[13.636813] (-) TimerEvent: {}
[13.737096] (-) TimerEvent: {}
[13.787846] (quadruped_mujoco) StdoutLine: {'line': b'[ 87%] Built target quadruped_mujoco_lib\n'}
[13.829503] (quadruped_mujoco) StdoutLine: {'line': b'[ 88%] \x1b[32mBuilding CXX object CMakeFiles/mujoco_sim_node.dir/src/nodes/mujoco_sim_node.cpp.o\x1b[0m\n'}
[13.832168] (quadruped_mujoco) StdoutLine: {'line': b'[ 89%] \x1b[32mBuilding CXX object CMakeFiles/turn_node.dir/src/nodes/turn_node.cpp.o\x1b[0m\n'}
[13.832666] (quadruped_mujoco) StdoutLine: {'line': b'[ 90%] \x1b[32mBuilding CXX object CMakeFiles/quadruped_controller_node.dir/src/nodes/quadruped_controller_node.cpp.o\x1b[0m\n'}
[13.837282] (-) TimerEvent: {}
[13.838102] (quadruped_mujoco) StdoutLine: {'line': b'[ 92%] \x1b[32mBuilding CXX object CMakeFiles/waypoint_nav_node.dir/src/nodes/waypoint_nav_node.cpp.o\x1b[0m\n'}
[13.843041] (quadruped_mujoco) StdoutLine: {'line': b'[ 93%] \x1b[32mBuilding CXX object CMakeFiles/trot_node.dir/src/nodes/trot_node.cpp.o\x1b[0m\n'}
[13.937360] (-) TimerEvent: {}
[14.037674] (-) TimerEvent: {}
[14.137996] (-) TimerEvent: {}
[14.238315] (-) TimerEvent: {}
[14.338595] (-) TimerEvent: {}
[14.438993] (-) TimerEvent: {}
[14.539335] (-) TimerEvent: {}
[14.639764] (-) TimerEvent: {}
[14.740098] (-) TimerEvent: {}
[14.840412] (-) TimerEvent: {}
[14.940742] (-) TimerEvent: {}
[15.041055] (-) TimerEvent: {}
[15.141366] (-) TimerEvent: {}
[15.241729] (-) TimerEvent: {}
[15.342040] (-) TimerEvent: {}
[15.442343] (-) TimerEvent: {}
[15.466070] (quadruped_mujoco) StderrLine: {'line': b'In file included from \x1b[01m\x1b[K/home/nisarg/Documents/repo/libchamp-imp/ros2_ws/src/quadruped_mujoco/include/quadruped_mujoco/leg_controller/leg_controller.hpp:6\x1b[m\x1b[K,\n'}
[15.466391] (quadruped_mujoco) StderrLine: {'line': b'                 from \x1b[01m\x1b[K/home/nisarg/Documents/repo/libchamp-imp/ros2_ws/src/quadruped_mujoco/include/quadruped_mujoco/controllers/quadruped_controller.hpp:12\x1b[m\x1b[K,\n'}
[15.466563] (quadruped_mujoco) StderrLine: {'line': b'                 from \x1b[01m\x1b[K/home/nisarg/Documents/repo/libchamp-imp/ros2_ws/src/quadruped_mujoco/include/quadruped_mujoco/controllers/waypoint_controller.hpp:4\x1b[m\x1b[K,\n'}
[15.466662] (quadruped_mujoco) StderrLine: {'line': b'                 from \x1b[01m\x1b[K/home/nisarg/Documents/repo/libchamp-imp/ros2_ws/src/quadruped_mujoco/src/nodes/waypoint_nav_node.cpp:2\x1b[m\x1b[K:\n'}
[15.466749] (quadruped_mujoco) StderrLine: {'line': b'\x1b[01m\x1b[K/home/nisarg/Documents/repo/libchamp-imp/ros2_ws/src/quadruped_mujoco/include/quadruped_mujoco/leg_controller/phase_generator.hpp:\x1b[m\x1b[K In constructor \xe2\x80\x98\x1b[01m\x1b[Kchamp::PhaseGenerator::PhaseGenerator(champ::QuadrupedBase&, champ::PhaseGenerator::Time)\x1b[m\x1b[K\xe2\x80\x99:\n'}
[15.466837] (quadruped_mujoco) StderrLine: {'line': b'\x1b[01m\x1b[K/home/nisarg/Documents/repo/libchamp-imp/ros2_ws/src/quadruped_mujoco/include/quadruped_mujoco/leg_controller/phase_generator.hpp:64:18:\x1b[m\x1b[K \x1b[01;35m\x1b[Kwarning: \x1b[m\x1b[K\xe2\x80\x98\x1b[01m\x1b[Kchamp::PhaseGenerator::has_swung_\x1b[m\x1b[K\xe2\x80\x99 will be initialized after [\x1b[01;35m\x1b[K\x1b]8;;https://gcc.gnu.org/onlinedocs/gcc/Warning-Options.html#index-Wreorder\x07-Wreorder\x1b]8;;\x07\x1b[m\x1b[K]\n'}
[15.466927] (quadruped_mujoco) StderrLine: {'line': b'   64 |             bool \x1b[01;35m\x1b[Khas_swung_\x1b[m\x1b[K;\n'}
[15.467011] (quadruped_mujoco) StderrLine: {'line': b'      |                  \x1b[01;35m\x1b[K^~~~~~~~~~\x1b[m\x1b[K\n'}
[15.467114] (quadruped_mujoco) StderrLine: {'line': b'\x1b[01m\x1b[K/home/nisarg/Documents/repo/libchamp-imp/ros2_ws/src/quadruped_mujoco/include/quadruped_mujoco/leg_controller/phase_generator.hpp:17:18:\x1b[m\x1b[K \x1b[01;35m\x1b[Kwarning: \x1b[m\x1b[K  \xe2\x80\x98\x1b[01m\x1b[Kbool champ::PhaseGenerator::has_started\x1b[m\x1b[K\xe2\x80\x99 [\x1b[01;35m\x1b[K\x1b]8;;https://gcc.gnu.org/onlinedocs/gcc/Warning-Options.html#index-Wreorder\x07-Wreorder\x1b]8;;\x07\x1b[m\x1b[K]\n'}
[15.467204] (quadruped_mujoco) StderrLine: {'line': b'   17 |             bool \x1b[01;35m\x1b[Khas_started\x1b[m\x1b[K;\n'}
[15.467288] (quadruped_mujoco) StderrLine: {'line': b'      |                  \x1b[01;35m\x1b[K^~~~~~~~~~~\x1b[m\x1b[K\n'}
[15.467372] (quadruped_mujoco) StderrLine: {'line': b'\x1b[01m\x1b[K/home/nisarg/Documents/repo/libchamp-imp/ros2_ws/src/quadruped_mujoco/include/quadruped_mujoco/leg_controller/phase_generator.hpp:19:13:\x1b[m\x1b[K \x1b[01;35m\x1b[Kwarning: \x1b[m\x1b[K  when initialized here [\x1b[01;35m\x1b[K\x1b]8;;https://gcc.gnu.org/onlinedocs/gcc/Warning-Options.html#index-Wreorder\x07-Wreorder\x1b]8;;\x07\x1b[m\x1b[K]\n'}
[15.467469] (quadruped_mujoco) StderrLine: {'line': b'   19 |             \x1b[01;35m\x1b[KPhaseGenerator\x1b[m\x1b[K(QuadrupedBase &base, Time time = now()):\n'}
[15.467573] (quadruped_mujoco) StderrLine: {'line': b'      |             \x1b[01;35m\x1b[K^~~~~~~~~~~~~~\x1b[m\x1b[K\n'}
[15.467665] (quadruped_mujoco) StderrLine: {'line': b'\x1b[01m\x1b[K/home/nisarg/Documents/repo/libchamp-imp/ros2_ws/src/quadruped_mujoco/include/quadruped_mujoco/leg_controller/phase_generator.hpp:\x1b[m\x1b[K In member function \xe2\x80\x98\x1b[01m\x1b[Kvoid champ::PhaseGenerator::run(float, float, champ::PhaseGenerator::Time)\x1b[m\x1b[K\xe2\x80\x99:\n'}
[15.467757] (quadruped_mujoco) StderrLine: {'line': b'\x1b[01m\x1b[K/home/nisarg/Documents/repo/libchamp-imp/ros2_ws/src/quadruped_mujoco/include/quadruped_mujoco/leg_controller/phase_generator.hpp:32:28:\x1b[m\x1b[K \x1b[01;35m\x1b[Kwarning: \x1b[m\x1b[Kunused parameter \xe2\x80\x98\x1b[01m\x1b[Ktarget_velocity\x1b[m\x1b[K\xe2\x80\x99 [\x1b[01;35m\x1b[K\x1b]8;;https://gcc.gnu.org/onlinedocs/gcc/Warning-Options.html#index-Wunused-parameter\x07-Wunused-parameter\x1b]8;;\x07\x1b[m\x1b[K]\n'}
[15.467847] (quadruped_mujoco) StderrLine: {'line': b'   32 |             void run(\x1b[01;35m\x1b[Kfloat target_velocity\x1b[m\x1b[K, float step_length, Time time = now())\n'}
[15.467934] (quadruped_mujoco) StderrLine: {'line': b'      |                      \x1b[01;35m\x1b[K~~~~~~^~~~~~~~~~~~~~~\x1b[m\x1b[K\n'}
[15.468017] (quadruped_mujoco) StderrLine: {'line': b'\x1b[01m\x1b[K/home/nisarg/Documents/repo/libchamp-imp/ros2_ws/src/quadruped_mujoco/include/quadruped_mujoco/leg_controller/phase_generator.hpp:32:51:\x1b[m\x1b[K \x1b[01;35m\x1b[Kwarning: \x1b[m\x1b[Kunused parameter \xe2\x80\x98\x1b[01m\x1b[Kstep_length\x1b[m\x1b[K\xe2\x80\x99 [\x1b[01;35m\x1b[K\x1b]8;;https://gcc.gnu.org/onlinedocs/gcc/Warning-Options.html#index-Wunused-parameter\x07-Wunused-parameter\x1b]8;;\x07\x1b[m\x1b[K]\n'}
[15.468117] (quadruped_mujoco) StderrLine: {'line': b'   32 |             void run(float target_velocity, \x1b[01;35m\x1b[Kfloat step_length\x1b[m\x1b[K, Time time = now())\n'}
[15.468210] (quadruped_mujoco) StderrLine: {'line': b'      |                                             \x1b[01;35m\x1b[K~~~~~~^~~~~~~~~~~\x1b[m\x1b[K\n'}
[15.468296] (quadruped_mujoco) StderrLine: {'line': b'In file included from \x1b[01m\x1b[K/home/nisarg/Documents/repo/libchamp-imp/ros2_ws/src/quadruped_mujoco/include/quadruped_mujoco/controllers/quadruped_controller.hpp:12\x1b[m\x1b[K,\n'}
[15.468380] (quadruped_mujoco) StderrLine: {'line': b'                 from \x1b[01m\x1b[K/home/nisarg/Documents/repo/libchamp-imp/ros2_ws/src/quadruped_mujoco/include/quadruped_mujoco/controllers/waypoint_controller.hpp:4\x1b[m\x1b[K,\n'}
[15.468466] (quadruped_mujoco) StderrLine: {'line': b'                 from \x1b[01m\x1b[K/home/nisarg/Documents/repo/libchamp-imp/ros2_ws/src/quadruped_mujoco/src/nodes/waypoint_nav_node.cpp:2\x1b[m\x1b[K:\n'}
[15.468573] (quadruped_mujoco) StderrLine: {'line': b'\x1b[01m\x1b[K/home/nisarg/Documents/repo/libchamp-imp/ros2_ws/src/quadruped_mujoco/include/quadruped_mujoco/leg_controller/leg_controller.hpp:\x1b[m\x1b[K In constructor \xe2\x80\x98\x1b[01m\x1b[Kchamp::LegController::LegController(champ::QuadrupedBase&, champ::PhaseGenerator::Time)\x1b[m\x1b[K\xe2\x80\x99:\n'}
[15.468663] (quadruped_mujoco) StderrLine: {'line': b'\x1b[01m\x1b[K/home/nisarg/Documents/repo/libchamp-imp/ros2_ws/src/quadruped_mujoco/include/quadruped_mujoco/leg_controller/leg_controller.hpp:13:69:\x1b[m\x1b[K \x1b[01;35m\x1b[Kwarning: \x1b[m\x1b[Kunused parameter \xe2\x80\x98\x1b[01m\x1b[Ktime\x1b[m\x1b[K\xe2\x80\x99 [\x1b[01;35m\x1b[K\x1b]8;;https://gcc.gnu.org/onlinedocs/gcc/Warning-Options.html#index-Wunused-parameter\x07-Wunused-parameter\x1b]8;;\x07\x1b[m\x1b[K]\n'}
[15.468754] (quadruped_mujoco) StderrLine: {'line': b'   13 |             LegController(QuadrupedBase &base, \x1b[01;35m\x1b[KPhaseGenerator::Time time = PhaseGenerator::now()\x1b[m\x1b[K):\n'}
[15.468838] (quadruped_mujoco) StderrLine: {'line': b'      |                                                \x1b[01;35m\x1b[K~~~~~~~~~~~~~~~~~~~~~^~~~~~~~~~~~~~~~~~~~~~~~~~~~\x1b[m\x1b[K\n'}
[15.529865] (quadruped_mujoco) StderrLine: {'line': b'\x1b[01m\x1b[K/home/nisarg/Documents/repo/libchamp-imp/ros2_ws/src/quadruped_mujoco/src/nodes/mujoco_sim_node.cpp:\x1b[m\x1b[K In lambda function:\n'}
[15.530077] (quadruped_mujoco) StderrLine: {'line': b'\x1b[01m\x1b[K/home/nisarg/Documents/repo/libchamp-imp/ros2_ws/src/quadruped_mujoco/src/nodes/mujoco_sim_node.cpp:237:21:\x1b[m\x1b[K \x1b[01;31m\x1b[Kerror: \x1b[m\x1b[K\xe2\x80\x98\x1b[01m\x1b[KGLFWwindow\x1b[m\x1b[K\xe2\x80\x99 was not declared in this scope\n'}
[15.530167] (quadruped_mujoco) StderrLine: {'line': b'  237 |                     \x1b[01;31m\x1b[KGLFWwindow\x1b[m\x1b[K* window = glfwCreateWindow(1200, 900, "MuJoCo Simulation", NULL, NULL);\n'}
[15.530247] (quadruped_mujoco) StderrLine: {'line': b'      |                     \x1b[01;31m\x1b[K^~~~~~~~~~\x1b[m\x1b[K\n'}
[15.534187] (quadruped_mujoco) StderrLine: {'line': b'\x1b[01m\x1b[K/home/nisarg/Documents/repo/libchamp-imp/ros2_ws/src/quadruped_mujoco/src/nodes/mujoco_sim_node.cpp:237:33:\x1b[m\x1b[K \x1b[01;31m\x1b[Kerror: \x1b[m\x1b[K\xe2\x80\x98\x1b[01m\x1b[Kwindow\x1b[m\x1b[K\xe2\x80\x99 was not declared in this scope\n'}
[15.534389] (quadruped_mujoco) StderrLine: {'line': b'  237 |                     GLFWwindow* \x1b[01;31m\x1b[Kwindow\x1b[m\x1b[K = glfwCreateWindow(1200, 900, "MuJoCo Simulation", NULL, NULL);\n'}
[15.534478] (quadruped_mujoco) StderrLine: {'line': b'      |                                 \x1b[01;31m\x1b[K^~~~~~\x1b[m\x1b[K\n'}
[15.541623] (quadruped_mujoco) StderrLine: {'line': b'\x1b[01m\x1b[K/home/nisarg/Documents/repo/libchamp-imp/ros2_ws/src/quadruped_mujoco/src/nodes/mujoco_sim_node.cpp:237:42:\x1b[m\x1b[K \x1b[01;31m\x1b[Kerror: \x1b[m\x1b[K\xe2\x80\x98\x1b[01m\x1b[KglfwCreateWindow\x1b[m\x1b[K\xe2\x80\x99 was not declared in this scope\n'}
[15.541853] (quadruped_mujoco) StderrLine: {'line': b'  237 |                     GLFWwindow* window = \x1b[01;31m\x1b[KglfwCreateWindow\x1b[m\x1b[K(1200, 900, "MuJoCo Simulation", NULL, NULL);\n'}
[15.541949] (quadruped_mujoco) StderrLine: {'line': b'      |                                          \x1b[01;31m\x1b[K^~~~~~~~~~~~~~~~\x1b[m\x1b[K\n'}
[15.542412] (-) TimerEvent: {}
[15.551051] (quadruped_mujoco) StderrLine: {'line': b'\x1b[01m\x1b[K/home/nisarg/Documents/repo/libchamp-imp/ros2_ws/src/quadruped_mujoco/src/nodes/mujoco_sim_node.cpp:243:21:\x1b[m\x1b[K \x1b[01;31m\x1b[Kerror: \x1b[m\x1b[K\xe2\x80\x98\x1b[01m\x1b[KglfwMakeContextCurrent\x1b[m\x1b[K\xe2\x80\x99 was not declared in this scope\n'}
[15.551262] (quadruped_mujoco) StderrLine: {'line': b'  243 |                     \x1b[01;31m\x1b[KglfwMakeContextCurrent\x1b[m\x1b[K(window);\n'}
[15.551352] (quadruped_mujoco) StderrLine: {'line': b'      |                     \x1b[01;31m\x1b[K^~~~~~~~~~~~~~~~~~~~~~\x1b[m\x1b[K\n'}
[15.558738] (quadruped_mujoco) StderrLine: {'line': b'\x1b[01m\x1b[K/home/nisarg/Documents/repo/libchamp-imp/ros2_ws/src/quadruped_mujoco/src/nodes/mujoco_sim_node.cpp:244:21:\x1b[m\x1b[K \x1b[01;31m\x1b[Kerror: \x1b[m\x1b[K\xe2\x80\x98\x1b[01m\x1b[KglfwSwapInterval\x1b[m\x1b[K\xe2\x80\x99 was not declared in this scope\n'}
[15.558967] (quadruped_mujoco) StderrLine: {'line': b'  244 |                     \x1b[01;31m\x1b[KglfwSwapInterval\x1b[m\x1b[K(1);\n'}
[15.559067] (quadruped_mujoco) StderrLine: {'line': b'      |                     \x1b[01;31m\x1b[K^~~~~~~~~~~~~~~~\x1b[m\x1b[K\n'}
[15.565252] (quadruped_mujoco) StderrLine: {'line': b'\x1b[01m\x1b[K/home/nisarg/Documents/repo/libchamp-imp/ros2_ws/src/quadruped_mujoco/src/nodes/waypoint_nav_node.cpp:\x1b[m\x1b[K In member function \xe2\x80\x98\x1b[01m\x1b[Kvoid WaypointNavNode::pathCallback(nav_msgs::msg::Path_<std::allocator<void> >::SharedPtr)\x1b[m\x1b[K\xe2\x80\x99:\n'}
[15.565475] (quadruped_mujoco) StderrLine: {'line': b'\x1b[01m\x1b[K/home/nisarg/Documents/repo/libchamp-imp/ros2_ws/src/quadruped_mujoco/src/nodes/waypoint_nav_node.cpp:31:64:\x1b[m\x1b[K \x1b[01;35m\x1b[Kwarning: \x1b[m\x1b[Kunused parameter \xe2\x80\x98\x1b[01m\x1b[Kmsg\x1b[m\x1b[K\xe2\x80\x99 [\x1b[01;35m\x1b[K\x1b]8;;https://gcc.gnu.org/onlinedocs/gcc/Warning-Options.html#index-Wunused-parameter\x07-Wunused-parameter\x1b]8;;\x07\x1b[m\x1b[K]\n'}
[15.565598] (quadruped_mujoco) StderrLine: {'line': b'   31 |         void pathCallback(\x1b[01;35m\x1b[Kconst nav_msgs::msg::Path::SharedPtr msg\x1b[m\x1b[K)\n'}
[15.565687] (quadruped_mujoco) StderrLine: {'line': b'      |                           \x1b[01;35m\x1b[K~~~~~~~~~~~~~~~~~~~~~~~~~~~~~~~~~~~~~^~~\x1b[m\x1b[K\n'}
[15.567963] (quadruped_mujoco) StderrLine: {'line': b'\x1b[01m\x1b[K/home/nisarg/Documents/repo/libchamp-imp/ros2_ws/src/quadruped_mujoco/src/nodes/mujoco_sim_node.cpp:247:29:\x1b[m\x1b[K \x1b[01;31m\x1b[Kerror: \x1b[m\x1b[K\xe2\x80\x98\x1b[01m\x1b[KglfwWindowShouldClose\x1b[m\x1b[K\xe2\x80\x99 was not declared in this scope\n'}
[15.568167] (quadruped_mujoco) StderrLine: {'line': b'  247 |                     while (!\x1b[01;31m\x1b[KglfwWindowShouldClose\x1b[m\x1b[K(window)) {\n'}
[15.568258] (quadruped_mujoco) StderrLine: {'line': b'      |                             \x1b[01;31m\x1b[K^~~~~~~~~~~~~~~~~~~~~\x1b[m\x1b[K\n'}
[15.575139] (quadruped_mujoco) StderrLine: {'line': b'In file included from \x1b[01m\x1b[K/home/nisarg/Documents/repo/libchamp-imp/ros2_ws/src/quadruped_mujoco/include/quadruped_mujoco/leg_controller/leg_controller.hpp:6\x1b[m\x1b[K,\n'}
[15.575407] (quadruped_mujoco) StderrLine: {'line': b'                 from \x1b[01m\x1b[K/home/nisarg/Documents/repo/libchamp-imp/ros2_ws/src/quadruped_mujoco/include/quadruped_mujoco/controllers/quadruped_controller.hpp:12\x1b[m\x1b[K,\n'}
[15.575590] (quadruped_mujoco) StderrLine: {'line': b'                 from \x1b[01m\x1b[K/home/nisarg/Documents/repo/libchamp-imp/ros2_ws/src/quadruped_mujoco/include/quadruped_mujoco/controllers/turn_controller.hpp:4\x1b[m\x1b[K,\n'}
[15.575682] (quadruped_mujoco) StderrLine: {'line': b'                 from \x1b[01m\x1b[K/home/nisarg/Documents/repo/libchamp-imp/ros2_ws/src/quadruped_mujoco/src/nodes/turn_node.cpp:2\x1b[m\x1b[K:\n'}
[15.575764] (quadruped_mujoco) StderrLine: {'line': b'\x1b[01m\x1b[K/home/nisarg/Documents/repo/libchamp-imp/ros2_ws/src/quadruped_mujoco/include/quadruped_mujoco/leg_controller/phase_generator.hpp:\x1b[m\x1b[K In constructor \xe2\x80\x98\x1b[01m\x1b[Kchamp::PhaseGenerator::PhaseGenerator(champ::QuadrupedBase&, champ::PhaseGenerator::Time)\x1b[m\x1b[K\xe2\x80\x99:\n'}
[15.575846] (quadruped_mujoco) StderrLine: {'line': b'\x1b[01m\x1b[K/home/nisarg/Documents/repo/libchamp-imp/ros2_ws/src/quadruped_mujoco/include/quadruped_mujoco/leg_controller/phase_generator.hpp:64:18:\x1b[m\x1b[K \x1b[01;35m\x1b[Kwarning: \x1b[m\x1b[K\xe2\x80\x98\x1b[01m\x1b[Kchamp::PhaseGenerator::has_swung_\x1b[m\x1b[K\xe2\x80\x99 will be initialized after [\x1b[01;35m\x1b[K\x1b]8;;https://gcc.gnu.org/onlinedocs/gcc/Warning-Options.html#index-Wreorder\x07-Wreorder\x1b]8;;\x07\x1b[m\x1b[K]\n'}
[15.575948] (quadruped_mujoco) StderrLine: {'line': b'   64 |             bool \x1b[01;35m\x1b[Khas_swung_\x1b[m\x1b[K;\n'}
[15.576035] (quadruped_mujoco) StderrLine: {'line': b'      |                  \x1b[01;35m\x1b[K^~~~~~~~~~\x1b[m\x1b[K\n'}
[15.576119] (quadruped_mujoco) StderrLine: {'line': b'\x1b[01m\x1b[K/home/nisarg/Documents/repo/libchamp-imp/ros2_ws/src/quadruped_mujoco/include/quadruped_mujoco/leg_controller/phase_generator.hpp:17:18:\x1b[m\x1b[K \x1b[01;35m\x1b[Kwarning: \x1b[m\x1b[K  \xe2\x80\x98\x1b[01m\x1b[Kbool champ::PhaseGenerator::has_started\x1b[m\x1b[K\xe2\x80\x99 [\x1b[01;35m\x1b[K\x1b]8;;https://gcc.gnu.org/onlinedocs/gcc/Warning-Options.html#index-Wreorder\x07-Wreorder\x1b]8;;\x07\x1b[m\x1b[K]\n'}
[15.576210] (quadruped_mujoco) StderrLine: {'line': b'   17 |             bool \x1b[01;35m\x1b[Khas_started\x1b[m\x1b[K;\n'}
[15.576300] (quadruped_mujoco) StderrLine: {'line': b'      |                  \x1b[01;35m\x1b[K^~~~~~~~~~~\x1b[m\x1b[K\n'}
[15.576391] (quadruped_mujoco) StderrLine: {'line': b'\x1b[01m\x1b[K/home/nisarg/Documents/repo/libchamp-imp/ros2_ws/src/quadruped_mujoco/include/quadruped_mujoco/leg_controller/phase_generator.hpp:19:13:\x1b[m\x1b[K \x1b[01;35m\x1b[Kwarning: \x1b[m\x1b[K  when initialized here [\x1b[01;35m\x1b[K\x1b]8;;https://gcc.gnu.org/onlinedocs/gcc/Warning-Options.html#index-Wreorder\x07-Wreorder\x1b]8;;\x07\x1b[m\x1b[K]\n'}
[15.576497] (quadruped_mujoco) StderrLine: {'line': b'   19 |             \x1b[01;35m\x1b[KPhaseGenerator\x1b[m\x1b[K(QuadrupedBase &base, Time time = now()):\n'}
[15.576610] (quadruped_mujoco) StderrLine: {'line': b'      |             \x1b[01;35m\x1b[K^~~~~~~~~~~~~~\x1b[m\x1b[K\n'}
[15.576702] (quadruped_mujoco) StderrLine: {'line': b'\x1b[01m\x1b[K/home/nisarg/Documents/repo/libchamp-imp/ros2_ws/src/quadruped_mujoco/include/quadruped_mujoco/leg_controller/phase_generator.hpp:\x1b[m\x1b[K In member function \xe2\x80\x98\x1b[01m\x1b[Kvoid champ::PhaseGenerator::run(float, float, champ::PhaseGenerator::Time)\x1b[m\x1b[K\xe2\x80\x99:\n'}
[15.576793] (quadruped_mujoco) StderrLine: {'line': b'\x1b[01m\x1b[K/home/nisarg/Documents/repo/libchamp-imp/ros2_ws/src/quadruped_mujoco/include/quadruped_mujoco/leg_controller/phase_generator.hpp:32:28:\x1b[m\x1b[K \x1b[01;35m\x1b[Kwarning: \x1b[m\x1b[Kunused parameter \xe2\x80\x98\x1b[01m\x1b[Ktarget_velocity\x1b[m\x1b[K\xe2\x80\x99 [\x1b[01;35m\x1b[K\x1b]8;;https://gcc.gnu.org/onlinedocs/gcc/Warning-Options.html#index-Wunused-parameter\x07-Wunused-parameter\x1b]8;;\x07\x1b[m\x1b[K]\n'}
[15.576885] (quadruped_mujoco) StderrLine: {'line': b'   32 |             void run(\x1b[01;35m\x1b[Kfloat target_velocity\x1b[m\x1b[K, float step_length, Time time = now())\n'}
[15.576973] (quadruped_mujoco) StderrLine: {'line': b'      |                      \x1b[01;35m\x1b[K~~~~~~^~~~~~~~~~~~~~~\x1b[m\x1b[K\n'}
[15.577075] (quadruped_mujoco) StderrLine: {'line': b'\x1b[01m\x1b[K/home/nisarg/Documents/repo/libchamp-imp/ros2_ws/src/quadruped_mujoco/include/quadruped_mujoco/leg_controller/phase_generator.hpp:32:51:\x1b[m\x1b[K \x1b[01;35m\x1b[Kwarning: \x1b[m\x1b[Kunused parameter \xe2\x80\x98\x1b[01m\x1b[Kstep_length\x1b[m\x1b[K\xe2\x80\x99 [\x1b[01;35m\x1b[K\x1b]8;;https://gcc.gnu.org/onlinedocs/gcc/Warning-Options.html#index-Wunused-parameter\x07-Wunused-parameter\x1b]8;;\x07\x1b[m\x1b[K]\n'}
[15.577240] (quadruped_mujoco) StderrLine: {'line': b'   32 |             void run(float target_velocity, \x1b[01;35m\x1b[Kfloat step_length\x1b[m\x1b[K, Time time = now())\n'}
[15.577326] (quadruped_mujoco) StderrLine: {'line': b'      |                                             \x1b[01;35m\x1b[K~~~~~~^~~~~~~~~~~\x1b[m\x1b[K\n'}
[15.577408] (quadruped_mujoco) StderrLine: {'line': b'In file included from \x1b[01m\x1b[K/home/nisarg/Documents/repo/libchamp-imp/ros2_ws/src/quadruped_mujoco/include/quadruped_mujoco/controllers/quadruped_controller.hpp:12\x1b[m\x1b[K,\n'}
[15.577488] (quadruped_mujoco) StderrLine: {'line': b'                 from \x1b[01m\x1b[K/home/nisarg/Documents/repo/libchamp-imp/ros2_ws/src/quadruped_mujoco/include/quadruped_mujoco/controllers/turn_controller.hpp:4\x1b[m\x1b[K,\n'}
[15.577590] (quadruped_mujoco) StderrLine: {'line': b'                 from \x1b[01m\x1b[K/home/nisarg/Documents/repo/libchamp-imp/ros2_ws/src/quadruped_mujoco/src/nodes/turn_node.cpp:2\x1b[m\x1b[K:\n'}
[15.577674] (quadruped_mujoco) StderrLine: {'line': b'\x1b[01m\x1b[K/home/nisarg/Documents/repo/libchamp-imp/ros2_ws/src/quadruped_mujoco/include/quadruped_mujoco/leg_controller/leg_controller.hpp:\x1b[m\x1b[K In constructor \xe2\x80\x98\x1b[01m\x1b[Kchamp::LegController::LegController(champ::QuadrupedBase&, champ::PhaseGenerator::Time)\x1b[m\x1b[K\xe2\x80\x99:\n'}
[15.577756] (quadruped_mujoco) StderrLine: {'line': b'\x1b[01m\x1b[K/home/nisarg/Documents/repo/libchamp-imp/ros2_ws/src/quadruped_mujoco/include/quadruped_mujoco/leg_controller/leg_controller.hpp:13:69:\x1b[m\x1b[K \x1b[01;35m\x1b[Kwarning: \x1b[m\x1b[Kunused parameter \xe2\x80\x98\x1b[01m\x1b[Ktime\x1b[m\x1b[K\xe2\x80\x99 [\x1b[01;35m\x1b[K\x1b]8;;https://gcc.gnu.org/onlinedocs/gcc/Warning-Options.html#index-Wunused-parameter\x07-Wunused-parameter\x1b]8;;\x07\x1b[m\x1b[K]\n'}
[15.577848] (quadruped_mujoco) StderrLine: {'line': b'   13 |             LegController(QuadrupedBase &base, \x1b[01;35m\x1b[KPhaseGenerator::Time time = PhaseGenerator::now()\x1b[m\x1b[K):\n'}
[15.577931] (quadruped_mujoco) StderrLine: {'line': b'      |                                                \x1b[01;35m\x1b[K~~~~~~~~~~~~~~~~~~~~~^~~~~~~~~~~~~~~~~~~~~~~~~~~~\x1b[m\x1b[K\n'}
[15.578011] (quadruped_mujoco) StderrLine: {'line': b'\x1b[01m\x1b[K/home/nisarg/Documents/repo/libchamp-imp/ros2_ws/src/quadruped_mujoco/src/nodes/mujoco_sim_node.cpp:250:25:\x1b[m\x1b[K \x1b[01;31m\x1b[Kerror: \x1b[m\x1b[K\xe2\x80\x98\x1b[01m\x1b[KglfwGetFramebufferSize\x1b[m\x1b[K\xe2\x80\x99 was not declared in this scope\n'}
[15.578093] (quadruped_mujoco) StderrLine: {'line': b'  250 |                         \x1b[01;31m\x1b[KglfwGetFramebufferSize\x1b[m\x1b[K(window, &viewport.width, &viewport.height);\n'}
[15.578177] (quadruped_mujoco) StderrLine: {'line': b'      |                         \x1b[01;31m\x1b[K^~~~~~~~~~~~~~~~~~~~~~\x1b[m\x1b[K\n'}
[15.584437] (quadruped_mujoco) StderrLine: {'line': b'\x1b[01m\x1b[K/home/nisarg/Documents/repo/libchamp-imp/ros2_ws/src/quadruped_mujoco/src/nodes/mujoco_sim_node.cpp:257:25:\x1b[m\x1b[K \x1b[01;31m\x1b[Kerror: \x1b[m\x1b[K\xe2\x80\x98\x1b[01m\x1b[KglfwSwapBuffers\x1b[m\x1b[K\xe2\x80\x99 was not declared in this scope\n'}
[15.584679] (quadruped_mujoco) StderrLine: {'line': b'  257 |                         \x1b[01;31m\x1b[KglfwSwapBuffers\x1b[m\x1b[K(window);\n'}
[15.584785] (quadruped_mujoco) StderrLine: {'line': b'      |                         \x1b[01;31m\x1b[K^~~~~~~~~~~~~~~\x1b[m\x1b[K\n'}
[15.591624] (quadruped_mujoco) StderrLine: {'line': b'\x1b[01m\x1b[K/home/nisarg/Documents/repo/libchamp-imp/ros2_ws/src/quadruped_mujoco/src/nodes/mujoco_sim_node.cpp:260:25:\x1b[m\x1b[K \x1b[01;31m\x1b[Kerror: \x1b[m\x1b[K\xe2\x80\x98\x1b[01m\x1b[KglfwPollEvents\x1b[m\x1b[K\xe2\x80\x99 was not declared in this scope\n'}
[15.591859] (quadruped_mujoco) StderrLine: {'line': b'  260 |                         \x1b[01;31m\x1b[KglfwPollEvents\x1b[m\x1b[K();\n'}
[15.591978] (quadruped_mujoco) StderrLine: {'line': b'      |                         \x1b[01;31m\x1b[K^~~~~~~~~~~~~~\x1b[m\x1b[K\n'}
[15.599387] (quadruped_mujoco) StderrLine: {'line': b'\x1b[01m\x1b[K/home/nisarg/Documents/repo/libchamp-imp/ros2_ws/src/quadruped_mujoco/src/nodes/mujoco_sim_node.cpp:270:21:\x1b[m\x1b[K \x1b[01;31m\x1b[Kerror: \x1b[m\x1b[K\xe2\x80\x98\x1b[01m\x1b[KglfwDestroyWindow\x1b[m\x1b[K\xe2\x80\x99 was not declared in this scope\n'}
[15.599611] (quadruped_mujoco) StderrLine: {'line': b'  270 |                     \x1b[01;31m\x1b[KglfwDestroyWindow\x1b[m\x1b[K(window);\n'}
[15.599708] (quadruped_mujoco) StderrLine: {'line': b'      |                     \x1b[01;31m\x1b[K^~~~~~~~~~~~~~~~~\x1b[m\x1b[K\n'}
[15.604553] (quadruped_mujoco) StderrLine: {'line': b'\x1b[01m\x1b[K/home/nisarg/Documents/repo/libchamp-imp/ros2_ws/src/quadruped_mujoco/src/nodes/mujoco_sim_node.cpp:\x1b[m\x1b[K In function \xe2\x80\x98\x1b[01m\x1b[Kint main(int, char**)\x1b[m\x1b[K\xe2\x80\x99:\n'}
[15.604763] (quadruped_mujoco) StderrLine: {'line': b'\x1b[01m\x1b[K/home/nisarg/Documents/repo/libchamp-imp/ros2_ws/src/quadruped_mujoco/src/nodes/mujoco_sim_node.cpp:289:10:\x1b[m\x1b[K \x1b[01;31m\x1b[Kerror: \x1b[m\x1b[K\xe2\x80\x98\x1b[01m\x1b[KglfwInit\x1b[m\x1b[K\xe2\x80\x99 was not declared in this scope\n'}
[15.604850] (quadruped_mujoco) StderrLine: {'line': b'  289 |     if (!\x1b[01;31m\x1b[KglfwInit\x1b[m\x1b[K()) {\n'}
[15.604929] (quadruped_mujoco) StderrLine: {'line': b'      |          \x1b[01;31m\x1b[K^~~~~~~~\x1b[m\x1b[K\n'}
[15.611537] (quadruped_mujoco) StderrLine: {'line': b'\x1b[01m\x1b[K/home/nisarg/Documents/repo/libchamp-imp/ros2_ws/src/quadruped_mujoco/src/nodes/mujoco_sim_node.cpp:300:5:\x1b[m\x1b[K \x1b[01;31m\x1b[Kerror: \x1b[m\x1b[K\xe2\x80\x98\x1b[01m\x1b[KglfwTerminate\x1b[m\x1b[K\xe2\x80\x99 was not declared in this scope\n'}
[15.611735] (quadruped_mujoco) StderrLine: {'line': b'  300 |     \x1b[01;31m\x1b[KglfwTerminate\x1b[m\x1b[K();\n'}
[15.611813] (quadruped_mujoco) StderrLine: {'line': b'      |     \x1b[01;31m\x1b[K^~~~~~~~~~~~~\x1b[m\x1b[K\n'}
[15.642538] (-) TimerEvent: {}
[15.742859] (-) TimerEvent: {}
[15.843219] (-) TimerEvent: {}
[15.866260] (quadruped_mujoco) StderrLine: {'line': b'In file included from \x1b[01m\x1b[K/home/nisarg/Documents/repo/libchamp-imp/ros2_ws/src/quadruped_mujoco/include/quadruped_mujoco/leg_controller/leg_controller.hpp:6\x1b[m\x1b[K,\n'}
[15.866537] (quadruped_mujoco) StderrLine: {'line': b'                 from \x1b[01m\x1b[K/home/nisarg/Documents/repo/libchamp-imp/ros2_ws/src/quadruped_mujoco/include/quadruped_mujoco/controllers/quadruped_controller.hpp:12\x1b[m\x1b[K,\n'}
[15.866726] (quadruped_mujoco) StderrLine: {'line': b'                 from \x1b[01m\x1b[K/home/nisarg/Documents/repo/libchamp-imp/ros2_ws/src/quadruped_mujoco/include/quadruped_mujoco/controllers/trot_controller.hpp:4\x1b[m\x1b[K,\n'}
[15.866838] (quadruped_mujoco) StderrLine: {'line': b'                 from \x1b[01m\x1b[K/home/nisarg/Documents/repo/libchamp-imp/ros2_ws/src/quadruped_mujoco/src/nodes/trot_node.cpp:2\x1b[m\x1b[K:\n'}
[15.866921] (quadruped_mujoco) StderrLine: {'line': b'\x1b[01m\x1b[K/home/nisarg/Documents/repo/libchamp-imp/ros2_ws/src/quadruped_mujoco/include/quadruped_mujoco/leg_controller/phase_generator.hpp:\x1b[m\x1b[K In constructor \xe2\x80\x98\x1b[01m\x1b[Kchamp::PhaseGenerator::PhaseGenerator(champ::QuadrupedBase&, champ::PhaseGenerator::Time)\x1b[m\x1b[K\xe2\x80\x99:\n'}
[15.867000] (quadruped_mujoco) StderrLine: {'line': b'\x1b[01m\x1b[K/home/nisarg/Documents/repo/libchamp-imp/ros2_ws/src/quadruped_mujoco/include/quadruped_mujoco/leg_controller/phase_generator.hpp:64:18:\x1b[m\x1b[K \x1b[01;35m\x1b[Kwarning: \x1b[m\x1b[K\xe2\x80\x98\x1b[01m\x1b[Kchamp::PhaseGenerator::has_swung_\x1b[m\x1b[K\xe2\x80\x99 will be initialized after [\x1b[01;35m\x1b[K\x1b]8;;https://gcc.gnu.org/onlinedocs/gcc/Warning-Options.html#index-Wreorder\x07-Wreorder\x1b]8;;\x07\x1b[m\x1b[K]\n'}
[15.867080] (quadruped_mujoco) StderrLine: {'line': b'   64 |             bool \x1b[01;35m\x1b[Khas_swung_\x1b[m\x1b[K;\n'}
[15.867154] (quadruped_mujoco) StderrLine: {'line': b'      |                  \x1b[01;35m\x1b[K^~~~~~~~~~\x1b[m\x1b[K\n'}
[15.867227] (quadruped_mujoco) StderrLine: {'line': b'\x1b[01m\x1b[K/home/nisarg/Documents/repo/libchamp-imp/ros2_ws/src/quadruped_mujoco/include/quadruped_mujoco/leg_controller/phase_generator.hpp:17:18:\x1b[m\x1b[K \x1b[01;35m\x1b[Kwarning: \x1b[m\x1b[K  \xe2\x80\x98\x1b[01m\x1b[Kbool champ::PhaseGenerator::has_started\x1b[m\x1b[K\xe2\x80\x99 [\x1b[01;35m\x1b[K\x1b]8;;https://gcc.gnu.org/onlinedocs/gcc/Warning-Options.html#index-Wreorder\x07-Wreorder\x1b]8;;\x07\x1b[m\x1b[K]\n'}
[15.867304] (quadruped_mujoco) StderrLine: {'line': b'   17 |             bool \x1b[01;35m\x1b[Khas_started\x1b[m\x1b[K;\n'}
[15.867378] (quadruped_mujoco) StderrLine: {'line': b'      |                  \x1b[01;35m\x1b[K^~~~~~~~~~~\x1b[m\x1b[K\n'}
[15.867470] (quadruped_mujoco) StderrLine: {'line': b'\x1b[01m\x1b[K/home/nisarg/Documents/repo/libchamp-imp/ros2_ws/src/quadruped_mujoco/include/quadruped_mujoco/leg_controller/phase_generator.hpp:19:13:\x1b[m\x1b[K \x1b[01;35m\x1b[Kwarning: \x1b[m\x1b[K  when initialized here [\x1b[01;35m\x1b[K\x1b]8;;https://gcc.gnu.org/onlinedocs/gcc/Warning-Options.html#index-Wreorder\x07-Wreorder\x1b]8;;\x07\x1b[m\x1b[K]\n'}
[15.867565] (quadruped_mujoco) StderrLine: {'line': b'   19 |             \x1b[01;35m\x1b[KPhaseGenerator\x1b[m\x1b[K(QuadrupedBase &base, Time time = now()):\n'}
[15.867653] (quadruped_mujoco) StderrLine: {'line': b'      |             \x1b[01;35m\x1b[K^~~~~~~~~~~~~~\x1b[m\x1b[K\n'}
[15.867730] (quadruped_mujoco) StderrLine: {'line': b'\x1b[01m\x1b[K/home/nisarg/Documents/repo/libchamp-imp/ros2_ws/src/quadruped_mujoco/include/quadruped_mujoco/leg_controller/phase_generator.hpp:\x1b[m\x1b[K In member function \xe2\x80\x98\x1b[01m\x1b[Kvoid champ::PhaseGenerator::run(float, float, champ::PhaseGenerator::Time)\x1b[m\x1b[K\xe2\x80\x99:\n'}
[15.867807] (quadruped_mujoco) StderrLine: {'line': b'\x1b[01m\x1b[K/home/nisarg/Documents/repo/libchamp-imp/ros2_ws/src/quadruped_mujoco/include/quadruped_mujoco/leg_controller/phase_generator.hpp:32:28:\x1b[m\x1b[K \x1b[01;35m\x1b[Kwarning: \x1b[m\x1b[Kunused parameter \xe2\x80\x98\x1b[01m\x1b[Ktarget_velocity\x1b[m\x1b[K\xe2\x80\x99 [\x1b[01;35m\x1b[K\x1b]8;;https://gcc.gnu.org/onlinedocs/gcc/Warning-Options.html#index-Wunused-parameter\x07-Wunused-parameter\x1b]8;;\x07\x1b[m\x1b[K]\n'}
[15.867895] (quadruped_mujoco) StderrLine: {'line': b'   32 |             void run(\x1b[01;35m\x1b[Kfloat target_velocity\x1b[m\x1b[K, float step_length, Time time = now())\n'}
[15.867972] (quadruped_mujoco) StderrLine: {'line': b'      |                      \x1b[01;35m\x1b[K~~~~~~^~~~~~~~~~~~~~~\x1b[m\x1b[K\n'}
[15.868052] (quadruped_mujoco) StderrLine: {'line': b'\x1b[01m\x1b[K/home/nisarg/Documents/repo/libchamp-imp/ros2_ws/src/quadruped_mujoco/include/quadruped_mujoco/leg_controller/phase_generator.hpp:32:51:\x1b[m\x1b[K \x1b[01;35m\x1b[Kwarning: \x1b[m\x1b[Kunused parameter \xe2\x80\x98\x1b[01m\x1b[Kstep_length\x1b[m\x1b[K\xe2\x80\x99 [\x1b[01;35m\x1b[K\x1b]8;;https://gcc.gnu.org/onlinedocs/gcc/Warning-Options.html#index-Wunused-parameter\x07-Wunused-parameter\x1b]8;;\x07\x1b[m\x1b[K]\n'}
[15.868144] (quadruped_mujoco) StderrLine: {'line': b'   32 |             void run(float target_velocity, \x1b[01;35m\x1b[Kfloat step_length\x1b[m\x1b[K, Time time = now())\n'}
[15.868229] (quadruped_mujoco) StderrLine: {'line': b'      |                                             \x1b[01;35m\x1b[K~~~~~~^~~~~~~~~~~\x1b[m\x1b[K\n'}
[15.868308] (quadruped_mujoco) StderrLine: {'line': b'In file included from \x1b[01m\x1b[K/home/nisarg/Documents/repo/libchamp-imp/ros2_ws/src/quadruped_mujoco/include/quadruped_mujoco/controllers/quadruped_controller.hpp:12\x1b[m\x1b[K,\n'}
[15.868386] (quadruped_mujoco) StderrLine: {'line': b'                 from \x1b[01m\x1b[K/home/nisarg/Documents/repo/libchamp-imp/ros2_ws/src/quadruped_mujoco/include/quadruped_mujoco/controllers/trot_controller.hpp:4\x1b[m\x1b[K,\n'}
[15.868466] (quadruped_mujoco) StderrLine: {'line': b'                 from \x1b[01m\x1b[K/home/nisarg/Documents/repo/libchamp-imp/ros2_ws/src/quadruped_mujoco/src/nodes/trot_node.cpp:2\x1b[m\x1b[K:\n'}
[15.868562] (quadruped_mujoco) StderrLine: {'line': b'\x1b[01m\x1b[K/home/nisarg/Documents/repo/libchamp-imp/ros2_ws/src/quadruped_mujoco/include/quadruped_mujoco/leg_controller/leg_controller.hpp:\x1b[m\x1b[K In constructor \xe2\x80\x98\x1b[01m\x1b[Kchamp::LegController::LegController(champ::QuadrupedBase&, champ::PhaseGenerator::Time)\x1b[m\x1b[K\xe2\x80\x99:\n'}
[15.868662] (quadruped_mujoco) StderrLine: {'line': b'\x1b[01m\x1b[K/home/nisarg/Documents/repo/libchamp-imp/ros2_ws/src/quadruped_mujoco/include/quadruped_mujoco/leg_controller/leg_controller.hpp:13:69:\x1b[m\x1b[K \x1b[01;35m\x1b[Kwarning: \x1b[m\x1b[Kunused parameter \xe2\x80\x98\x1b[01m\x1b[Ktime\x1b[m\x1b[K\xe2\x80\x99 [\x1b[01;35m\x1b[K\x1b]8;;https://gcc.gnu.org/onlinedocs/gcc/Warning-Options.html#index-Wunused-parameter\x07-Wunused-parameter\x1b]8;;\x07\x1b[m\x1b[K]\n'}
[15.868749] (quadruped_mujoco) StderrLine: {'line': b'   13 |             LegController(QuadrupedBase &base, \x1b[01;35m\x1b[KPhaseGenerator::Time time = PhaseGenerator::now()\x1b[m\x1b[K):\n'}
[15.868829] (quadruped_mujoco) StderrLine: {'line': b'      |                                                \x1b[01;35m\x1b[K~~~~~~~~~~~~~~~~~~~~~^~~~~~~~~~~~~~~~~~~~~~~~~~~~\x1b[m\x1b[K\n'}
[15.943330] (-) TimerEvent: {}
[16.020250] (quadruped_mujoco) StderrLine: {'line': b'In file included from \x1b[01m\x1b[K/home/nisarg/Documents/repo/libchamp-imp/ros2_ws/src/quadruped_mujoco/include/quadruped_mujoco/leg_controller/leg_controller.hpp:6\x1b[m\x1b[K,\n'}
[16.020583] (quadruped_mujoco) StderrLine: {'line': b'                 from \x1b[01m\x1b[K/home/nisarg/Documents/repo/libchamp-imp/ros2_ws/src/quadruped_mujoco/include/quadruped_mujoco/controllers/quadruped_controller.hpp:12\x1b[m\x1b[K,\n'}
[16.020806] (quadruped_mujoco) StderrLine: {'line': b'                 from \x1b[01m\x1b[K/home/nisarg/Documents/repo/libchamp-imp/ros2_ws/src/quadruped_mujoco/include/quadruped_mujoco/controllers/trot_controller.hpp:4\x1b[m\x1b[K,\n'}
[16.020904] (quadruped_mujoco) StderrLine: {'line': b'                 from \x1b[01m\x1b[K/home/nisarg/Documents/repo/libchamp-imp/ros2_ws/src/quadruped_mujoco/src/nodes/quadruped_controller_node.cpp:2\x1b[m\x1b[K:\n'}
[16.020987] (quadruped_mujoco) StderrLine: {'line': b'\x1b[01m\x1b[K/home/nisarg/Documents/repo/libchamp-imp/ros2_ws/src/quadruped_mujoco/include/quadruped_mujoco/leg_controller/phase_generator.hpp:\x1b[m\x1b[K In constructor \xe2\x80\x98\x1b[01m\x1b[Kchamp::PhaseGenerator::PhaseGenerator(champ::QuadrupedBase&, champ::PhaseGenerator::Time)\x1b[m\x1b[K\xe2\x80\x99:\n'}
[16.021068] (quadruped_mujoco) StderrLine: {'line': b'\x1b[01m\x1b[K/home/nisarg/Documents/repo/libchamp-imp/ros2_ws/src/quadruped_mujoco/include/quadruped_mujoco/leg_controller/phase_generator.hpp:64:18:\x1b[m\x1b[K \x1b[01;35m\x1b[Kwarning: \x1b[m\x1b[K\xe2\x80\x98\x1b[01m\x1b[Kchamp::PhaseGenerator::has_swung_\x1b[m\x1b[K\xe2\x80\x99 will be initialized after [\x1b[01;35m\x1b[K\x1b]8;;https://gcc.gnu.org/onlinedocs/gcc/Warning-Options.html#index-Wreorder\x07-Wreorder\x1b]8;;\x07\x1b[m\x1b[K]\n'}
[16.021150] (quadruped_mujoco) StderrLine: {'line': b'   64 |             bool \x1b[01;35m\x1b[Khas_swung_\x1b[m\x1b[K;\n'}
[16.021226] (quadruped_mujoco) StderrLine: {'line': b'      |                  \x1b[01;35m\x1b[K^~~~~~~~~~\x1b[m\x1b[K\n'}
[16.021303] (quadruped_mujoco) StderrLine: {'line': b'\x1b[01m\x1b[K/home/nisarg/Documents/repo/libchamp-imp/ros2_ws/src/quadruped_mujoco/include/quadruped_mujoco/leg_controller/phase_generator.hpp:17:18:\x1b[m\x1b[K \x1b[01;35m\x1b[Kwarning: \x1b[m\x1b[K  \xe2\x80\x98\x1b[01m\x1b[Kbool champ::PhaseGenerator::has_started\x1b[m\x1b[K\xe2\x80\x99 [\x1b[01;35m\x1b[K\x1b]8;;https://gcc.gnu.org/onlinedocs/gcc/Warning-Options.html#index-Wreorder\x07-Wreorder\x1b]8;;\x07\x1b[m\x1b[K]\n'}
[16.021382] (quadruped_mujoco) StderrLine: {'line': b'   17 |             bool \x1b[01;35m\x1b[Khas_started\x1b[m\x1b[K;\n'}
[16.021459] (quadruped_mujoco) StderrLine: {'line': b'      |                  \x1b[01;35m\x1b[K^~~~~~~~~~~\x1b[m\x1b[K\n'}
[16.021550] (quadruped_mujoco) StderrLine: {'line': b'\x1b[01m\x1b[K/home/nisarg/Documents/repo/libchamp-imp/ros2_ws/src/quadruped_mujoco/include/quadruped_mujoco/leg_controller/phase_generator.hpp:19:13:\x1b[m\x1b[K \x1b[01;35m\x1b[Kwarning: \x1b[m\x1b[K  when initialized here [\x1b[01;35m\x1b[K\x1b]8;;https://gcc.gnu.org/onlinedocs/gcc/Warning-Options.html#index-Wreorder\x07-Wreorder\x1b]8;;\x07\x1b[m\x1b[K]\n'}
[16.021661] (quadruped_mujoco) StderrLine: {'line': b'   19 |             \x1b[01;35m\x1b[KPhaseGenerator\x1b[m\x1b[K(QuadrupedBase &base, Time time = now()):\n'}
[16.021740] (quadruped_mujoco) StderrLine: {'line': b'      |             \x1b[01;35m\x1b[K^~~~~~~~~~~~~~\x1b[m\x1b[K\n'}
[16.021821] (quadruped_mujoco) StderrLine: {'line': b'\x1b[01m\x1b[K/home/nisarg/Documents/repo/libchamp-imp/ros2_ws/src/quadruped_mujoco/include/quadruped_mujoco/leg_controller/phase_generator.hpp:\x1b[m\x1b[K In member function \xe2\x80\x98\x1b[01m\x1b[Kvoid champ::PhaseGenerator::run(float, float, champ::PhaseGenerator::Time)\x1b[m\x1b[K\xe2\x80\x99:\n'}
[16.021905] (quadruped_mujoco) StderrLine: {'line': b'\x1b[01m\x1b[K/home/nisarg/Documents/repo/libchamp-imp/ros2_ws/src/quadruped_mujoco/include/quadruped_mujoco/leg_controller/phase_generator.hpp:32:28:\x1b[m\x1b[K \x1b[01;35m\x1b[Kwarning: \x1b[m\x1b[Kunused parameter \xe2\x80\x98\x1b[01m\x1b[Ktarget_velocity\x1b[m\x1b[K\xe2\x80\x99 [\x1b[01;35m\x1b[K\x1b]8;;https://gcc.gnu.org/onlinedocs/gcc/Warning-Options.html#index-Wunused-parameter\x07-Wunused-parameter\x1b]8;;\x07\x1b[m\x1b[K]\n'}
[16.021985] (quadruped_mujoco) StderrLine: {'line': b'   32 |             void run(\x1b[01;35m\x1b[Kfloat target_velocity\x1b[m\x1b[K, float step_length, Time time = now())\n'}
[16.022062] (quadruped_mujoco) StderrLine: {'line': b'      |                      \x1b[01;35m\x1b[K~~~~~~^~~~~~~~~~~~~~~\x1b[m\x1b[K\n'}
[16.022138] (quadruped_mujoco) StderrLine: {'line': b'\x1b[01m\x1b[K/home/nisarg/Documents/repo/libchamp-imp/ros2_ws/src/quadruped_mujoco/include/quadruped_mujoco/leg_controller/phase_generator.hpp:32:51:\x1b[m\x1b[K \x1b[01;35m\x1b[Kwarning: \x1b[m\x1b[Kunused parameter \xe2\x80\x98\x1b[01m\x1b[Kstep_length\x1b[m\x1b[K\xe2\x80\x99 [\x1b[01;35m\x1b[K\x1b]8;;https://gcc.gnu.org/onlinedocs/gcc/Warning-Options.html#index-Wunused-parameter\x07-Wunused-parameter\x1b]8;;\x07\x1b[m\x1b[K]\n'}
[16.022223] (quadruped_mujoco) StderrLine: {'line': b'   32 |             void run(float target_velocity, \x1b[01;35m\x1b[Kfloat step_length\x1b[m\x1b[K, Time time = now())\n'}
[16.022299] (quadruped_mujoco) StderrLine: {'line': b'      |                                             \x1b[01;35m\x1b[K~~~~~~^~~~~~~~~~~\x1b[m\x1b[K\n'}
[16.022373] (quadruped_mujoco) StderrLine: {'line': b'In file included from \x1b[01m\x1b[K/home/nisarg/Documents/repo/libchamp-imp/ros2_ws/src/quadruped_mujoco/include/quadruped_mujoco/controllers/quadruped_controller.hpp:12\x1b[m\x1b[K,\n'}
[16.022449] (quadruped_mujoco) StderrLine: {'line': b'                 from \x1b[01m\x1b[K/home/nisarg/Documents/repo/libchamp-imp/ros2_ws/src/quadruped_mujoco/include/quadruped_mujoco/controllers/trot_controller.hpp:4\x1b[m\x1b[K,\n'}
[16.022531] (quadruped_mujoco) StderrLine: {'line': b'                 from \x1b[01m\x1b[K/home/nisarg/Documents/repo/libchamp-imp/ros2_ws/src/quadruped_mujoco/src/nodes/quadruped_controller_node.cpp:2\x1b[m\x1b[K:\n'}
[16.022616] (quadruped_mujoco) StderrLine: {'line': b'\x1b[01m\x1b[K/home/nisarg/Documents/repo/libchamp-imp/ros2_ws/src/quadruped_mujoco/include/quadruped_mujoco/leg_controller/leg_controller.hpp:\x1b[m\x1b[K In constructor \xe2\x80\x98\x1b[01m\x1b[Kchamp::LegController::LegController(champ::QuadrupedBase&, champ::PhaseGenerator::Time)\x1b[m\x1b[K\xe2\x80\x99:\n'}
[16.022694] (quadruped_mujoco) StderrLine: {'line': b'\x1b[01m\x1b[K/home/nisarg/Documents/repo/libchamp-imp/ros2_ws/src/quadruped_mujoco/include/quadruped_mujoco/leg_controller/leg_controller.hpp:13:69:\x1b[m\x1b[K \x1b[01;35m\x1b[Kwarning: \x1b[m\x1b[Kunused parameter \xe2\x80\x98\x1b[01m\x1b[Ktime\x1b[m\x1b[K\xe2\x80\x99 [\x1b[01;35m\x1b[K\x1b]8;;https://gcc.gnu.org/onlinedocs/gcc/Warning-Options.html#index-Wunused-parameter\x07-Wunused-parameter\x1b]8;;\x07\x1b[m\x1b[K]\n'}
[16.022787] (quadruped_mujoco) StderrLine: {'line': b'   13 |     LegController(QuadrupedBase &base, \x1b[01;35m\x1b[KPhaseGenerator::Time time = PhaseGenerator::now()\x1b[m\x1b[K):\n'}
[16.022863] (quadruped_mujoco) StderrLine: {'line': b'      |                                        \x1b[01;35m\x1b[K~~~~~~~~~~~~~~~~~~~~~^~~~~~~~~~~~~~~~~~~~~~~~~~~~\x1b[m\x1b[K\n'}
[16.022937] (quadruped_mujoco) StderrLine: {'line': b'\n'}
[16.043433] (-) TimerEvent: {}
[16.143771] (-) TimerEvent: {}
[16.244108] (-) TimerEvent: {}
[16.344417] (-) TimerEvent: {}
[16.444748] (-) TimerEvent: {}
[16.545107] (-) TimerEvent: {}
[16.548864] (quadruped_mujoco) StdoutLine: {'line': b'[ 94%] \x1b[32m\x1b[1mLinking CXX executable quadruped_controller_node\x1b[0m\n'}
[16.645263] (-) TimerEvent: {}
[16.745591] (-) TimerEvent: {}
[16.845918] (-) TimerEvent: {}
[16.872149] (quadruped_mujoco) StdoutLine: {'line': b'[ 94%] Built target quadruped_controller_node\n'}
[16.946022] (-) TimerEvent: {}
[17.046319] (-) TimerEvent: {}
[17.146671] (-) TimerEvent: {}
[17.247010] (-) TimerEvent: {}
[17.347346] (-) TimerEvent: {}
[17.406131] (quadruped_mujoco) StderrLine: {'line': b'gmake[2]: *** [CMakeFiles/mujoco_sim_node.dir/build.make:76: CMakeFiles/mujoco_sim_node.dir/src/nodes/mujoco_sim_node.cpp.o] Error 1\n'}
[17.406357] (quadruped_mujoco) StderrLine: {'line': b'gmake[1]: *** [CMakeFiles/Makefile2:771: CMakeFiles/mujoco_sim_node.dir/all] Error 2\n'}
[17.406456] (quadruped_mujoco) StderrLine: {'line': b'gmake[1]: *** Waiting for unfinished jobs....\n'}
[17.447572] (-) TimerEvent: {}
[17.547860] (-) TimerEvent: {}
[17.648205] (-) TimerEvent: {}
[17.748640] (-) TimerEvent: {}
[17.848953] (-) TimerEvent: {}
[17.949381] (-) TimerEvent: {}
[18.049739] (-) TimerEvent: {}
[18.150115] (-) TimerEvent: {}
[18.250479] (-) TimerEvent: {}
[18.350792] (-) TimerEvent: {}
[18.451060] (-) TimerEvent: {}
[18.551328] (-) TimerEvent: {}
[18.651618] (-) TimerEvent: {}
[18.751924] (-) TimerEvent: {}
[18.852229] (-) TimerEvent: {}
[18.952597] (-) TimerEvent: {}
[19.052868] (-) TimerEvent: {}
[19.153145] (-) TimerEvent: {}
[19.253469] (-) TimerEvent: {}
[19.353896] (-) TimerEvent: {}
[19.454214] (-) TimerEvent: {}
[19.554627] (-) TimerEvent: {}
[19.654910] (-) TimerEvent: {}
[19.755330] (-) TimerEvent: {}
[19.855729] (-) TimerEvent: {}
[19.956072] (-) TimerEvent: {}
[19.979282] (quadruped_mujoco) StdoutLine: {'line': b'[ 96%] \x1b[32m\x1b[1mLinking CXX executable waypoint_nav_node\x1b[0m\n'}
[20.056306] (-) TimerEvent: {}
[20.156595] (-) TimerEvent: {}
[20.256940] (-) TimerEvent: {}
[20.275923] (quadruped_mujoco) StdoutLine: {'line': b'[ 97%] \x1b[32m\x1b[1mLinking CXX executable turn_node\x1b[0m\n'}
[20.278266] (quadruped_mujoco) StdoutLine: {'line': b'[ 98%] \x1b[32m\x1b[1mLinking CXX executable trot_node\x1b[0m\n'}
[20.357107] (-) TimerEvent: {}
[20.457506] (-) TimerEvent: {}
[20.461752] (quadruped_mujoco) StdoutLine: {'line': b'[ 98%] Built target waypoint_nav_node\n'}
[20.557641] (-) TimerEvent: {}
[20.657980] (-) TimerEvent: {}
[20.758330] (-) TimerEvent: {}
[20.789711] (quadruped_mujoco) StdoutLine: {'line': b'[ 98%] Built target turn_node\n'}
[20.812619] (quadruped_mujoco) StdoutLine: {'line': b'[ 98%] Built target trot_node\n'}
[20.814051] (quadruped_mujoco) StderrLine: {'line': b'gmake: *** [Makefile:146: all] Error 2\n'}
[20.816210] (quadruped_mujoco) CommandEnded: {'returncode': 2}
[20.825557] (quadruped_mujoco) JobEnded: {'identifier': 'quadruped_mujoco', 'rc': 2}
[20.836964] (-) EventReactorShutdown: {}
