[0.000000] (-) TimerEvent: {}
[0.000216] (quadruped_mujoco) JobQueued: {'identifier': 'quadruped_mujoco', 'dependencies': OrderedDict()}
[0.000400] (quadruped_mujoco) JobStarted: {'identifier': 'quadruped_mujoco'}
[0.006320] (quadruped_mujoco) JobProgress: {'identifier': 'quadruped_mujoco', 'progress': 'cmake'}
[0.006721] (quadruped_mujoco) JobProgress: {'identifier': 'quadruped_mujoco', 'progress': 'build'}
[0.007264] (quadruped_mujoco) Command: {'cmd': ['/usr/bin/cmake', '--build', '/home/nisarg/Documents/repo/libchamp-imp/ros2_ws/build/quadruped_mujoco', '--', '-j12', '-l12'], 'cwd': '/home/nisarg/Documents/repo/libchamp-imp/ros2_ws/build/quadruped_mujoco', 'env': OrderedDict([('LANGUAGE', 'en_IN:en'), ('USER', 'nisarg'), ('ROS_PACKAGE_PATH', '/home/nisarg/quadruped_ws/install/unitree_legged_sdk/share'), ('XDG_SESSION_TYPE', 'x11'), ('SHLVL', '1'), ('LD_LIBRARY_PATH', '/home/nisarg/.mujoco/mujoco210/bin:/home/nisarg/quadruped_ws/install/unitree_go/lib:/home/nisarg/quadruped_ws/install/unitree_api/lib:/home/nisarg/quadruped_ws/install/champ_msgs/lib:/usr/lib/x86_64-linux-gnu/gazebo-11/plugins:/opt/ros/humble/opt/rviz_ogre_vendor/lib:/opt/ros/humble/lib/x86_64-linux-gnu:/opt/ros/humble/lib'), ('HOME', '/home/nisarg'), ('CONDA_SHLVL', '0'), ('OLDPWD', '/home/nisarg/Documents/repo/libchamp-imp'), ('DESKTOP_SESSION', 'ubuntu'), ('ROS_PYTHON_VERSION', '3'), ('GNOME_SHELL_SESSION_MODE', 'ubuntu'), ('GTK_MODULES', 'gail:atk-bridge'), ('DBUS_STARTER_BUS_TYPE', 'session'), ('SYSTEMD_EXEC_PID', '2022'), ('DBUS_SESSION_BUS_ADDRESS', 'unix:path=/run/user/1000/bus,guid=a821a7ea844fe06e9d60566667d53155'), ('COLORTERM', 'truecolor'), ('_CE_M', ''), ('COLCON_PREFIX_PATH', '/home/nisarg/Documents/repo/helium-quadruped-mjc/install:/home/nisarg/quadruped_ws/install'), ('ROS_DISTRO', 'humble'), ('GTK_IM_MODULE', 'ibus'), ('LOGNAME', 'nisarg'), ('_', '/usr/bin/colcon'), ('ROS_VERSION', '2'), ('PKG_CONFIG_PATH', '/home/nisarg/quadruped_ws/install/unitree_legged_sdk/lib/x86_64-linux-gnu/pkgconfig:/home/nisarg/quadruped_ws/install/unitree_legged_sdk/lib/pkgconfig'), ('XDG_SESSION_CLASS', 'user'), ('USERNAME', 'nisarg'), ('TERM', 'xterm-256color'), ('GNOME_DESKTOP_SESSION_ID', 'this-is-deprecated'), ('_CE_CONDA', ''), ('ROS_LOCALHOST_ONLY', '0'), ('WINDOWPATH', '2'), ('PATH', '/home/nisarg/miniconda3/condabin:/opt/ros/humble/bin:/usr/local/sbin:/usr/local/bin:/usr/sbin:/usr/bin:/sbin:/bin:/usr/games:/usr/local/games:/snap/bin:/snap/bin'), ('SESSION_MANAGER', 'local/nisarg-OMEN:@/tmp/.ICE-unix/2022,unix/nisarg-OMEN:/tmp/.ICE-unix/2022'), ('XDG_MENU_PREFIX', 'gnome-'), ('GNOME_TERMINAL_SCREEN', '/org/gnome/Terminal/screen/359c0b6a_27d1_4eda_b588_123ce5c5f4ec'), ('XDG_RUNTIME_DIR', '/run/user/1000'), ('DISPLAY', ':1'), ('LANG', 'en_US.UTF-8'), ('XDG_CURRENT_DESKTOP', 'ubuntu:GNOME'), ('XMODIFIERS', '@im=ibus'), ('XDG_SESSION_DESKTOP', 'ubuntu'), ('XAUTHORITY', '/run/user/1000/gdm/Xauthority'), ('GNOME_TERMINAL_SERVICE', ':1.338'), ('SSH_AGENT_LAUNCHER', 'gnome-keyring'), ('SSH_AUTH_SOCK', '/run/user/1000/keyring/ssh'), ('ROS_DOMAIN_ID', '47'), ('AMENT_PREFIX_PATH', '/home/nisarg/Documents/repo/helium-quadruped-mjc/install/helium_quadruped_simulation:/home/nisarg/Documents/repo/helium-quadruped-mjc/install/helium_quadruped_description:/home/nisarg/Documents/repo/helium-quadruped-mjc/install/helium_quadruped_controller:/home/nisarg/quadruped_ws/install/unitree_go:/home/nisarg/quadruped_ws/install/unitree_api:/home/nisarg/quadruped_ws/install/champ_teleop:/home/nisarg/quadruped_ws/install/champ_msgs:/home/nisarg/quadruped_ws/install/champ_description:/home/nisarg/quadruped_ws/install/champ:/opt/ros/humble'), ('CONDA_PYTHON_EXE', '/home/nisarg/miniconda3/bin/python'), ('SHELL', '/bin/bash'), ('QT_ACCESSIBILITY', '1'), ('GDMSESSION', 'ubuntu'), ('GPG_AGENT_INFO', '/run/user/1000/gnupg/S.gpg-agent:0:1'), ('QT_IM_MODULE', 'ibus'), ('PWD', '/home/nisarg/Documents/repo/libchamp-imp/ros2_ws/build/quadruped_mujoco'), ('LC_ALL', 'en_US.UTF-8'), ('XDG_CONFIG_DIRS', '/etc/xdg/xdg-ubuntu:/etc/xdg'), ('CONDA_EXE', '/home/nisarg/miniconda3/bin/conda'), ('DBUS_STARTER_ADDRESS', 'unix:path=/run/user/1000/bus,guid=a821a7ea844fe06e9d60566667d53155'), ('MUJOCO_PLUGIN_PATH', '/lib'), ('XDG_DATA_DIRS', '/usr/share/ubuntu:/usr/share/gnome:/usr/local/share/:/usr/share/:/var/lib/snapd/desktop'), ('PYTHONPATH', '/home/nisarg/Documents/repo/helium-quadruped-mjc/install/helium_quadruped_simulation/lib/python3.10/site-packages:/home/nisarg/Documents/repo/helium-quadruped-mjc/install/helium_quadruped_description/lib/python3.10/site-packages:/home/nisarg/Documents/repo/helium-quadruped-mjc/install/helium_quadruped_controller/lib/python3.10/site-packages:/home/nisarg/quadruped_ws/install/unitree_go/local/lib/python3.10/dist-packages:/home/nisarg/quadruped_ws/install/unitree_api/local/lib/python3.10/dist-packages:/home/nisarg/quadruped_ws/install/champ_msgs/local/lib/python3.10/dist-packages:/opt/ros/humble/lib/python3.10/site-packages:/opt/ros/humble/local/lib/python3.10/dist-packages'), ('COLCON', '1'), ('VTE_VERSION', '6800'), ('CMAKE_PREFIX_PATH', '/home/nisarg/quadruped_ws/install/unitree_go:/home/nisarg/quadruped_ws/install/unitree_api:/home/nisarg/quadruped_ws/install/champ_teleop:/home/nisarg/quadruped_ws/install/champ_msgs:/home/nisarg/quadruped_ws/install/champ_description:/home/nisarg/quadruped_ws/install/champ:/home/nisarg/Documents/repo/helium-quadruped-mjc/install/helium_quadruped_simulation:/home/nisarg/Documents/repo/helium-quadruped-mjc/install/helium_quadruped_description:/home/nisarg/Documents/repo/helium-quadruped-mjc/install/helium_quadruped_controller:/opt/ros/humble'), ('MUJOCO_KEY_PATH', '/home/nisarg/.mujoco/mjkey.txt')]), 'shell': False}
[0.029868] (quadruped_mujoco) StdoutLine: {'line': b'-- Found ament_cmake: 1.3.11 (/opt/ros/humble/share/ament_cmake/cmake)\n'}
[0.099480] (-) TimerEvent: {}
[0.121856] (quadruped_mujoco) StdoutLine: {'line': b'-- Found rclcpp: 16.0.11 (/opt/ros/humble/share/rclcpp/cmake)\n'}
[0.140876] (quadruped_mujoco) StdoutLine: {'line': b'-- Found rosidl_generator_c: 3.1.6 (/opt/ros/humble/share/rosidl_generator_c/cmake)\n'}
[0.142358] (quadruped_mujoco) StdoutLine: {'line': b'-- Found rosidl_adapter: 3.1.6 (/opt/ros/humble/share/rosidl_adapter/cmake)\n'}
[0.146034] (quadruped_mujoco) StdoutLine: {'line': b'-- Found rosidl_generator_cpp: 3.1.6 (/opt/ros/humble/share/rosidl_generator_cpp/cmake)\n'}
[0.152233] (quadruped_mujoco) StdoutLine: {'line': b'-- Using all available rosidl_typesupport_c: rosidl_typesupport_fastrtps_c;rosidl_typesupport_introspection_c\n'}
[0.160068] (quadruped_mujoco) StdoutLine: {'line': b'-- Using all available rosidl_typesupport_cpp: rosidl_typesupport_fastrtps_cpp;rosidl_typesupport_introspection_cpp\n'}
[0.180732] (quadruped_mujoco) StdoutLine: {'line': b'-- Found rmw_implementation_cmake: 6.1.2 (/opt/ros/humble/share/rmw_implementation_cmake/cmake)\n'}
[0.181786] (quadruped_mujoco) StdoutLine: {'line': b'-- Found rmw_fastrtps_cpp: 6.2.7 (/opt/ros/humble/share/rmw_fastrtps_cpp/cmake)\n'}
[0.199704] (-) TimerEvent: {}
[0.258388] (quadruped_mujoco) StdoutLine: {'line': b"-- Using RMW implementation 'rmw_fastrtps_cpp' as default\n"}
[0.289534] (quadruped_mujoco) StdoutLine: {'line': b'-- Found geometry_msgs: 4.2.4 (/opt/ros/humble/share/geometry_msgs/cmake)\n'}
[0.297254] (quadruped_mujoco) StdoutLine: {'line': b'-- Found sensor_msgs: 4.2.4 (/opt/ros/humble/share/sensor_msgs/cmake)\n'}
[0.299925] (-) TimerEvent: {}
[0.309589] (quadruped_mujoco) StdoutLine: {'line': b'-- Found nav_msgs: 4.2.4 (/opt/ros/humble/share/nav_msgs/cmake)\n'}
[0.325101] (quadruped_mujoco) StdoutLine: {'line': b'-- Found tf2: 0.25.12 (/opt/ros/humble/share/tf2/cmake)\n'}
[0.327609] (quadruped_mujoco) StdoutLine: {'line': b'-- Found tf2_ros: 0.25.12 (/opt/ros/humble/share/tf2_ros/cmake)\n'}
[0.377911] (quadruped_mujoco) StdoutLine: {'line': b'-- Found rosidl_default_generators: 1.2.0 (/opt/ros/humble/share/rosidl_default_generators/cmake)\n'}
[0.383587] (quadruped_mujoco) StderrLine: {'line': b'\x1b[33mCMake Warning (dev) at /usr/share/cmake-3.22/Modules/FindOpenGL.cmake:315 (message):\n'}
[0.383795] (quadruped_mujoco) StderrLine: {'line': b'  Policy CMP0072 is not set: FindOpenGL prefers GLVND by default when\n'}
[0.383897] (quadruped_mujoco) StderrLine: {'line': b'  available.  Run "cmake --help-policy CMP0072" for policy details.  Use the\n'}
[0.383982] (quadruped_mujoco) StderrLine: {'line': b'  cmake_policy command to set the policy and suppress this warning.\n'}
[0.384072] (quadruped_mujoco) StderrLine: {'line': b'\n'}
[0.384159] (quadruped_mujoco) StderrLine: {'line': b'  FindOpenGL found both a legacy GL library:\n'}
[0.384238] (quadruped_mujoco) StderrLine: {'line': b'\n'}
[0.384317] (quadruped_mujoco) StderrLine: {'line': b'    OPENGL_gl_LIBRARY: /usr/lib/x86_64-linux-gnu/libGL.so\n'}
[0.384395] (quadruped_mujoco) StderrLine: {'line': b'\n'}
[0.384472] (quadruped_mujoco) StderrLine: {'line': b'  and GLVND libraries for OpenGL and GLX:\n'}
[0.384550] (quadruped_mujoco) StderrLine: {'line': b'\n'}
[0.384628] (quadruped_mujoco) StderrLine: {'line': b'    OPENGL_opengl_LIBRARY: /usr/lib/x86_64-linux-gnu/libOpenGL.so\n'}
[0.384706] (quadruped_mujoco) StderrLine: {'line': b'    OPENGL_glx_LIBRARY: /usr/lib/x86_64-linux-gnu/libGLX.so\n'}
[0.384785] (quadruped_mujoco) StderrLine: {'line': b'\n'}
[0.384862] (quadruped_mujoco) StderrLine: {'line': b'  OpenGL_GL_PREFERENCE has not been set to "GLVND" or "LEGACY", so for\n'}
[0.384940] (quadruped_mujoco) StderrLine: {'line': b'  compatibility with CMake 3.10 and below the legacy GL library will be used.\n'}
[0.385019] (quadruped_mujoco) StderrLine: {'line': b'Call Stack (most recent call first):\n'}
[0.385107] (quadruped_mujoco) StderrLine: {'line': b'  CMakeLists.txt:23 (find_package)\n'}
[0.385186] (quadruped_mujoco) StderrLine: {'line': b'This warning is for project developers.  Use -Wno-dev to suppress it.\n'}
[0.385263] (quadruped_mujoco) StderrLine: {'line': b'\x1b[0m\n'}
[0.400144] (-) TimerEvent: {}
[0.500419] (-) TimerEvent: {}
[0.600827] (-) TimerEvent: {}
[0.668031] (quadruped_mujoco) StdoutLine: {'line': b'-- Found ament_cmake_ros: 0.10.0 (/opt/ros/humble/share/ament_cmake_ros/cmake)\n'}
[0.700965] (-) TimerEvent: {}
[0.801292] (-) TimerEvent: {}
[0.901746] (-) TimerEvent: {}
[1.002152] (-) TimerEvent: {}
[1.044869] (quadruped_mujoco) StdoutLine: {'line': b'-- Using all available rosidl_typesupport_c: rosidl_typesupport_fastrtps_c;rosidl_typesupport_introspection_c\n'}
[1.102289] (-) TimerEvent: {}
[1.176873] (quadruped_mujoco) StdoutLine: {'line': b'-- Using all available rosidl_typesupport_cpp: rosidl_typesupport_fastrtps_cpp;rosidl_typesupport_introspection_cpp\n'}
[1.194882] (quadruped_mujoco) StdoutLine: {'line': b'-- Found python_cmake_module: 0.10.0 (/opt/ros/humble/share/python_cmake_module/cmake)\n'}
[1.202373] (-) TimerEvent: {}
[1.212346] (quadruped_mujoco) StdoutLine: {'line': b'-- Using PYTHON_EXECUTABLE: /usr/bin/python3\n'}
[1.212555] (quadruped_mujoco) StdoutLine: {'line': b'-- Using PYTHON_INCLUDE_DIRS: /usr/include/python3.10\n'}
[1.212662] (quadruped_mujoco) StdoutLine: {'line': b'-- Using PYTHON_LIBRARIES: /usr/lib/x86_64-linux-gnu/libpython3.10.so\n'}
[1.243282] (quadruped_mujoco) StderrLine: {'line': b'\x1b[0mCMake Deprecation Warning at /opt/ros/humble/share/rosidl_cmake/cmake/rosidl_target_interfaces.cmake:32 (message):\n'}
[1.243460] (quadruped_mujoco) StderrLine: {'line': b'  Use rosidl_get_typesupport_target() and target_link_libraries() instead of\n'}
[1.243544] (quadruped_mujoco) StderrLine: {'line': b'  rosidl_target_interfaces()\n'}
[1.243619] (quadruped_mujoco) StderrLine: {'line': b'Call Stack (most recent call first):\n'}
[1.243693] (quadruped_mujoco) StderrLine: {'line': b'  CMakeLists.txt:96 (rosidl_target_interfaces)\n'}
[1.243767] (quadruped_mujoco) StderrLine: {'line': b'\n'}
[1.243841] (quadruped_mujoco) StderrLine: {'line': b'\x1b[0m\n'}
[1.244996] (quadruped_mujoco) StderrLine: {'line': b'\x1b[0mCMake Deprecation Warning at /opt/ros/humble/share/rosidl_cmake/cmake/rosidl_target_interfaces.cmake:32 (message):\n'}
[1.245143] (quadruped_mujoco) StderrLine: {'line': b'  Use rosidl_get_typesupport_target() and target_link_libraries() instead of\n'}
[1.245232] (quadruped_mujoco) StderrLine: {'line': b'  rosidl_target_interfaces()\n'}
[1.245318] (quadruped_mujoco) StderrLine: {'line': b'Call Stack (most recent call first):\n'}
[1.245395] (quadruped_mujoco) StderrLine: {'line': b'  CMakeLists.txt:96 (rosidl_target_interfaces)\n'}
[1.245471] (quadruped_mujoco) StderrLine: {'line': b'\n'}
[1.245545] (quadruped_mujoco) StderrLine: {'line': b'\x1b[0m\n'}
[1.246901] (quadruped_mujoco) StderrLine: {'line': b'\x1b[0mCMake Deprecation Warning at /opt/ros/humble/share/rosidl_cmake/cmake/rosidl_target_interfaces.cmake:32 (message):\n'}
[1.247081] (quadruped_mujoco) StderrLine: {'line': b'  Use rosidl_get_typesupport_target() and target_link_libraries() instead of\n'}
[1.247171] (quadruped_mujoco) StderrLine: {'line': b'  rosidl_target_interfaces()\n'}
[1.247248] (quadruped_mujoco) StderrLine: {'line': b'Call Stack (most recent call first):\n'}
[1.247323] (quadruped_mujoco) StderrLine: {'line': b'  CMakeLists.txt:96 (rosidl_target_interfaces)\n'}
[1.247398] (quadruped_mujoco) StderrLine: {'line': b'\n'}
[1.247471] (quadruped_mujoco) StderrLine: {'line': b'\x1b[0m\n'}
[1.248833] (quadruped_mujoco) StderrLine: {'line': b'\x1b[0mCMake Deprecation Warning at /opt/ros/humble/share/rosidl_cmake/cmake/rosidl_target_interfaces.cmake:32 (message):\n'}
[1.249001] (quadruped_mujoco) StderrLine: {'line': b'  Use rosidl_get_typesupport_target() and target_link_libraries() instead of\n'}
[1.249097] (quadruped_mujoco) StderrLine: {'line': b'  rosidl_target_interfaces()\n'}
[1.249178] (quadruped_mujoco) StderrLine: {'line': b'Call Stack (most recent call first):\n'}
[1.249254] (quadruped_mujoco) StderrLine: {'line': b'  CMakeLists.txt:96 (rosidl_target_interfaces)\n'}
[1.249326] (quadruped_mujoco) StderrLine: {'line': b'\n'}
[1.249398] (quadruped_mujoco) StderrLine: {'line': b'\x1b[0m\n'}
[1.251705] (quadruped_mujoco) StdoutLine: {'line': b'-- Configuring done\n'}
[1.293842] (quadruped_mujoco) StdoutLine: {'line': b'-- Generating done\n'}
[1.302445] (-) TimerEvent: {}
[1.309518] (quadruped_mujoco) StdoutLine: {'line': b'-- Build files have been written to: /home/nisarg/Documents/repo/libchamp-imp/ros2_ws/build/quadruped_mujoco\n'}
[1.333481] (quadruped_mujoco) StdoutLine: {'line': b'[  1%] \x1b[34m\x1b[1mGenerating C code for ROS interfaces\x1b[0m\n'}
[1.338944] (quadruped_mujoco) StdoutLine: {'line': b'\x1b[35m\x1b[1mConsolidate compiler generated dependencies of target mujoco_interface_node\x1b[0m\n'}
[1.340700] (quadruped_mujoco) StdoutLine: {'line': b'[  2%] \x1b[34m\x1b[1mGenerating C++ code for ROS interfaces\x1b[0m\n'}
[1.363463] (quadruped_mujoco) StdoutLine: {'line': b'[  4%] \x1b[32mBuilding CXX object CMakeFiles/mujoco_interface_node.dir/src/mujoco_interface.cpp.o\x1b[0m\n'}
[1.363588] (quadruped_mujoco) StdoutLine: {'line': b'[  4%] Built target ament_cmake_python_copy_quadruped_mujoco\n'}
[1.402576] (-) TimerEvent: {}
[1.502902] (-) TimerEvent: {}
[1.527025] (quadruped_mujoco) StdoutLine: {'line': b'running egg_info\n'}
[1.527541] (quadruped_mujoco) StdoutLine: {'line': b'writing quadruped_mujoco.egg-info/PKG-INFO\n'}
[1.527756] (quadruped_mujoco) StdoutLine: {'line': b'writing dependency_links to quadruped_mujoco.egg-info/dependency_links.txt\n'}
[1.527889] (quadruped_mujoco) StdoutLine: {'line': b'writing top-level names to quadruped_mujoco.egg-info/top_level.txt\n'}
[1.529206] (quadruped_mujoco) StdoutLine: {'line': b"reading manifest file 'quadruped_mujoco.egg-info/SOURCES.txt'\n"}
[1.529583] (quadruped_mujoco) StdoutLine: {'line': b"writing manifest file 'quadruped_mujoco.egg-info/SOURCES.txt'\n"}
[1.553372] (quadruped_mujoco) StdoutLine: {'line': b'[  4%] Built target ament_cmake_python_build_quadruped_mujoco_egg\n'}
[1.603022] (-) TimerEvent: {}
[1.653156] (quadruped_mujoco) StdoutLine: {'line': b'\x1b[35m\x1b[1mConsolidate compiler generated dependencies of target quadruped_mujoco__rosidl_generator_c\x1b[0m\n'}
[1.663268] (quadruped_mujoco) StdoutLine: {'line': b'[  5%] \x1b[32mBuilding C object CMakeFiles/quadruped_mujoco__rosidl_generator_c.dir/rosidl_generator_c/quadruped_mujoco/msg/detail/joints__functions.c.o\x1b[0m\n'}
[1.663448] (quadruped_mujoco) StdoutLine: {'line': b'[  6%] \x1b[32mBuilding C object CMakeFiles/quadruped_mujoco__rosidl_generator_c.dir/rosidl_generator_c/quadruped_mujoco/msg/detail/velocities__functions.c.o\x1b[0m\n'}
[1.664453] (quadruped_mujoco) StdoutLine: {'line': b'[  8%] \x1b[32mBuilding C object CMakeFiles/quadruped_mujoco__rosidl_generator_c.dir/rosidl_generator_c/quadruped_mujoco/msg/detail/contacts__functions.c.o\x1b[0m\n'}
[1.664640] (quadruped_mujoco) StdoutLine: {'line': b'[  9%] \x1b[32mBuilding C object CMakeFiles/quadruped_mujoco__rosidl_generator_c.dir/rosidl_generator_c/quadruped_mujoco/msg/detail/contacts_stamped__functions.c.o\x1b[0m\n'}
[1.666589] (quadruped_mujoco) StdoutLine: {'line': b'[  9%] Built target quadruped_mujoco__cpp\n'}
[1.667475] (quadruped_mujoco) StdoutLine: {'line': b'[ 10%] \x1b[32mBuilding C object CMakeFiles/quadruped_mujoco__rosidl_generator_c.dir/rosidl_generator_c/quadruped_mujoco/msg/detail/pose__functions.c.o\x1b[0m\n'}
[1.676825] (quadruped_mujoco) StdoutLine: {'line': b'[ 12%] \x1b[34m\x1b[1mGenerating C++ introspection for ROS interfaces\x1b[0m\n'}
[1.678555] (quadruped_mujoco) StdoutLine: {'line': b'[ 15%] \x1b[34m\x1b[1mGenerating C++ type support for eProsima Fast-RTPS\x1b[0m\n'}
[1.678730] (quadruped_mujoco) StdoutLine: {'line': b'[ 15%] \x1b[34m\x1b[1mGenerating C++ type support dispatch for ROS interfaces\x1b[0m\n'}
[1.703105] (-) TimerEvent: {}
[1.721283] (quadruped_mujoco) StdoutLine: {'line': b'[ 16%] \x1b[32m\x1b[1mLinking C shared library libquadruped_mujoco__rosidl_generator_c.so\x1b[0m\n'}
[1.766599] (quadruped_mujoco) StdoutLine: {'line': b'[ 16%] Built target quadruped_mujoco__rosidl_generator_c\n'}
[1.774410] (quadruped_mujoco) StdoutLine: {'line': b'[ 17%] \x1b[34m\x1b[1mGenerating C type support dispatch for ROS interfaces\x1b[0m\n'}
[1.778024] (quadruped_mujoco) StdoutLine: {'line': b'[ 19%] \x1b[34m\x1b[1mGenerating C type support for eProsima Fast-RTPS\x1b[0m\n'}
[1.778267] (quadruped_mujoco) StdoutLine: {'line': b'[ 20%] \x1b[34m\x1b[1mGenerating C introspection for ROS interfaces\x1b[0m\n'}
[1.803195] (-) TimerEvent: {}
[1.903517] (-) TimerEvent: {}
[1.909740] (quadruped_mujoco) StdoutLine: {'line': b'\x1b[35m\x1b[1mConsolidate compiler generated dependencies of target quadruped_mujoco__rosidl_typesupport_cpp\x1b[0m\n'}
[1.922146] (quadruped_mujoco) StdoutLine: {'line': b'[ 21%] \x1b[32mBuilding CXX object CMakeFiles/quadruped_mujoco__rosidl_typesupport_cpp.dir/rosidl_typesupport_cpp/quadruped_mujoco/msg/contacts__type_support.cpp.o\x1b[0m\n'}
[1.922709] (quadruped_mujoco) StdoutLine: {'line': b'[ 23%] \x1b[32mBuilding CXX object CMakeFiles/quadruped_mujoco__rosidl_typesupport_cpp.dir/rosidl_typesupport_cpp/quadruped_mujoco/msg/contacts_stamped__type_support.cpp.o\x1b[0m\n'}
[1.922799] (quadruped_mujoco) StdoutLine: {'line': b'[ 27%] \x1b[32mBuilding CXX object CMakeFiles/quadruped_mujoco__rosidl_typesupport_cpp.dir/rosidl_typesupport_cpp/quadruped_mujoco/msg/pose__type_support.cpp.o\x1b[0m\n'}
[1.922849] (quadruped_mujoco) StdoutLine: {'line': b'[ 27%] \x1b[32mBuilding CXX object CMakeFiles/quadruped_mujoco__rosidl_typesupport_cpp.dir/rosidl_typesupport_cpp/quadruped_mujoco/msg/velocities__type_support.cpp.o\x1b[0m\n'}
[1.922894] (quadruped_mujoco) StdoutLine: {'line': b'[ 27%] \x1b[32mBuilding CXX object CMakeFiles/quadruped_mujoco__rosidl_typesupport_cpp.dir/rosidl_typesupport_cpp/quadruped_mujoco/msg/joints__type_support.cpp.o\x1b[0m\n'}
[2.005105] (-) TimerEvent: {}
[2.058347] (quadruped_mujoco) StdoutLine: {'line': b'\x1b[35m\x1b[1mConsolidate compiler generated dependencies of target quadruped_mujoco__rosidl_typesupport_fastrtps_cpp\x1b[0m\n'}
[2.079632] (quadruped_mujoco) StdoutLine: {'line': b'[ 28%] \x1b[32mBuilding CXX object CMakeFiles/quadruped_mujoco__rosidl_typesupport_fastrtps_cpp.dir/rosidl_typesupport_fastrtps_cpp/quadruped_mujoco/msg/detail/dds_fastrtps/contacts__type_support.cpp.o\x1b[0m\n'}
[2.088563] (quadruped_mujoco) StdoutLine: {'line': b'[ 30%] \x1b[32mBuilding CXX object CMakeFiles/quadruped_mujoco__rosidl_typesupport_fastrtps_cpp.dir/rosidl_typesupport_fastrtps_cpp/quadruped_mujoco/msg/detail/dds_fastrtps/joints__type_support.cpp.o\x1b[0m\n'}
[2.105210] (-) TimerEvent: {}
[2.191117] (quadruped_mujoco) StdoutLine: {'line': b'[ 31%] \x1b[32mBuilding CXX object CMakeFiles/quadruped_mujoco__rosidl_typesupport_fastrtps_cpp.dir/rosidl_typesupport_fastrtps_cpp/quadruped_mujoco/msg/detail/dds_fastrtps/pose__type_support.cpp.o\x1b[0m\n'}
[2.195175] (quadruped_mujoco) StdoutLine: {'line': b'[ 32%] \x1b[32mBuilding CXX object CMakeFiles/quadruped_mujoco__rosidl_typesupport_fastrtps_cpp.dir/rosidl_typesupport_fastrtps_cpp/quadruped_mujoco/msg/detail/dds_fastrtps/velocities__type_support.cpp.o\x1b[0m\n'}
[2.197059] (quadruped_mujoco) StdoutLine: {'line': b'[ 34%] \x1b[32mBuilding CXX object CMakeFiles/quadruped_mujoco__rosidl_typesupport_fastrtps_cpp.dir/rosidl_typesupport_fastrtps_cpp/quadruped_mujoco/msg/detail/dds_fastrtps/contacts_stamped__type_support.cpp.o\x1b[0m\n'}
[2.204955] (quadruped_mujoco) StdoutLine: {'line': b'\x1b[35m\x1b[1mConsolidate compiler generated dependencies of target quadruped_mujoco__rosidl_typesupport_c\x1b[0m\n'}
[2.205285] (-) TimerEvent: {}
[2.207779] (quadruped_mujoco) StdoutLine: {'line': b'[ 35%] \x1b[32m\x1b[1mLinking CXX shared library libquadruped_mujoco__rosidl_typesupport_cpp.so\x1b[0m\n'}
[2.221867] (quadruped_mujoco) StdoutLine: {'line': b'[ 36%] \x1b[32mBuilding CXX object CMakeFiles/quadruped_mujoco__rosidl_typesupport_c.dir/rosidl_typesupport_c/quadruped_mujoco/msg/joints__type_support.cpp.o\x1b[0m\n'}
[2.222829] (quadruped_mujoco) StdoutLine: {'line': b'[ 38%] \x1b[32mBuilding CXX object CMakeFiles/quadruped_mujoco__rosidl_typesupport_c.dir/rosidl_typesupport_c/quadruped_mujoco/msg/contacts__type_support.cpp.o\x1b[0m\n'}
[2.232170] (quadruped_mujoco) StdoutLine: {'line': b'\x1b[35m\x1b[1mConsolidate compiler generated dependencies of target quadruped_mujoco__rosidl_typesupport_introspection_cpp\x1b[0m\n'}
[2.232379] (quadruped_mujoco) StdoutLine: {'line': b'\x1b[35m\x1b[1mConsolidate compiler generated dependencies of target quadruped_mujoco__rosidl_typesupport_introspection_c\x1b[0m\n'}
[2.238694] (quadruped_mujoco) StdoutLine: {'line': b'[ 39%] \x1b[32mBuilding C object CMakeFiles/quadruped_mujoco__rosidl_typesupport_introspection_c.dir/rosidl_typesupport_introspection_c/quadruped_mujoco/msg/detail/contacts__type_support.c.o\x1b[0m\n'}
[2.246544] (quadruped_mujoco) StdoutLine: {'line': b'[ 41%] \x1b[32mBuilding CXX object CMakeFiles/quadruped_mujoco__rosidl_typesupport_introspection_cpp.dir/rosidl_typesupport_introspection_cpp/quadruped_mujoco/msg/detail/contacts__type_support.cpp.o\x1b[0m\n'}
[2.249614] (quadruped_mujoco) StdoutLine: {'line': b'[ 41%] Built target quadruped_mujoco__rosidl_typesupport_cpp\n'}
[2.258307] (quadruped_mujoco) StdoutLine: {'line': b'[ 42%] \x1b[32mBuilding CXX object CMakeFiles/quadruped_mujoco__rosidl_typesupport_introspection_cpp.dir/rosidl_typesupport_introspection_cpp/quadruped_mujoco/msg/detail/joints__type_support.cpp.o\x1b[0m\n'}
[2.260355] (quadruped_mujoco) StdoutLine: {'line': b'[ 43%] \x1b[32mBuilding C object CMakeFiles/quadruped_mujoco__rosidl_typesupport_introspection_c.dir/rosidl_typesupport_introspection_c/quadruped_mujoco/msg/detail/joints__type_support.c.o\x1b[0m\n'}
[2.275370] (quadruped_mujoco) StdoutLine: {'line': b'[ 45%] \x1b[32mBuilding CXX object CMakeFiles/quadruped_mujoco__rosidl_typesupport_c.dir/rosidl_typesupport_c/quadruped_mujoco/msg/pose__type_support.cpp.o\x1b[0m\n'}
[2.280192] (quadruped_mujoco) StdoutLine: {'line': b'[ 46%] \x1b[32mBuilding C object CMakeFiles/quadruped_mujoco__rosidl_typesupport_introspection_c.dir/rosidl_typesupport_introspection_c/quadruped_mujoco/msg/detail/pose__type_support.c.o\x1b[0m\n'}
[2.309127] (quadruped_mujoco) StdoutLine: {'line': b'[ 47%] \x1b[32mBuilding CXX object CMakeFiles/quadruped_mujoco__rosidl_typesupport_c.dir/rosidl_typesupport_c/quadruped_mujoco/msg/velocities__type_support.cpp.o\x1b[0m\n'}
[2.309365] (-) TimerEvent: {}
[2.309517] (quadruped_mujoco) StdoutLine: {'line': b'[ 49%] \x1b[32mBuilding CXX object CMakeFiles/quadruped_mujoco__rosidl_typesupport_introspection_cpp.dir/rosidl_typesupport_introspection_cpp/quadruped_mujoco/msg/detail/pose__type_support.cpp.o\x1b[0m\n'}
[2.337083] (quadruped_mujoco) StdoutLine: {'line': b'[ 50%] \x1b[32mBuilding CXX object CMakeFiles/quadruped_mujoco__rosidl_typesupport_c.dir/rosidl_typesupport_c/quadruped_mujoco/msg/contacts_stamped__type_support.cpp.o\x1b[0m\n'}
[2.344427] (quadruped_mujoco) StdoutLine: {'line': b'[ 52%] \x1b[32mBuilding C object CMakeFiles/quadruped_mujoco__rosidl_typesupport_introspection_c.dir/rosidl_typesupport_introspection_c/quadruped_mujoco/msg/detail/velocities__type_support.c.o\x1b[0m\n'}
[2.379467] (quadruped_mujoco) StdoutLine: {'line': b'\x1b[35m\x1b[1mConsolidate compiler generated dependencies of target quadruped_mujoco__rosidl_typesupport_fastrtps_c\x1b[0m\n'}
[2.385612] (quadruped_mujoco) StdoutLine: {'line': b'[ 53%] \x1b[32m\x1b[1mLinking CXX shared library libquadruped_mujoco__rosidl_typesupport_c.so\x1b[0m\n'}
[2.399026] (quadruped_mujoco) StdoutLine: {'line': b'[ 54%] \x1b[32mBuilding C object CMakeFiles/quadruped_mujoco__rosidl_typesupport_introspection_c.dir/rosidl_typesupport_introspection_c/quadruped_mujoco/msg/detail/contacts_stamped__type_support.c.o\x1b[0m\n'}
[2.409486] (-) TimerEvent: {}
[2.409760] (quadruped_mujoco) StdoutLine: {'line': b'[ 56%] \x1b[32mBuilding CXX object CMakeFiles/quadruped_mujoco__rosidl_typesupport_fastrtps_c.dir/rosidl_typesupport_fastrtps_c/quadruped_mujoco/msg/detail/contacts__type_support_c.cpp.o\x1b[0m\n'}
[2.435720] (quadruped_mujoco) StdoutLine: {'line': b'[ 57%] \x1b[32m\x1b[1mLinking C shared library libquadruped_mujoco__rosidl_typesupport_introspection_c.so\x1b[0m\n'}
[2.437799] (quadruped_mujoco) StdoutLine: {'line': b'[ 57%] Built target quadruped_mujoco__rosidl_typesupport_c\n'}
[2.452165] (quadruped_mujoco) StdoutLine: {'line': b'[ 58%] \x1b[32mBuilding CXX object CMakeFiles/quadruped_mujoco__rosidl_typesupport_fastrtps_c.dir/rosidl_typesupport_fastrtps_c/quadruped_mujoco/msg/detail/joints__type_support_c.cpp.o\x1b[0m\n'}
[2.472322] (quadruped_mujoco) StdoutLine: {'line': b'[ 58%] Built target quadruped_mujoco__rosidl_typesupport_introspection_c\n'}
[2.482038] (quadruped_mujoco) StdoutLine: {'line': b'[ 60%] \x1b[32mBuilding CXX object CMakeFiles/quadruped_mujoco__rosidl_typesupport_introspection_cpp.dir/rosidl_typesupport_introspection_cpp/quadruped_mujoco/msg/detail/velocities__type_support.cpp.o\x1b[0m\n'}
[2.509594] (-) TimerEvent: {}
[2.589977] (quadruped_mujoco) StdoutLine: {'line': b'[ 61%] \x1b[32mBuilding CXX object CMakeFiles/quadruped_mujoco__rosidl_typesupport_fastrtps_c.dir/rosidl_typesupport_fastrtps_c/quadruped_mujoco/msg/detail/pose__type_support_c.cpp.o\x1b[0m\n'}
[2.599344] (quadruped_mujoco) StdoutLine: {'line': b'[ 63%] \x1b[32mBuilding CXX object CMakeFiles/quadruped_mujoco__rosidl_typesupport_introspection_cpp.dir/rosidl_typesupport_introspection_cpp/quadruped_mujoco/msg/detail/contacts_stamped__type_support.cpp.o\x1b[0m\n'}
[2.609705] (-) TimerEvent: {}
[2.635385] (quadruped_mujoco) StdoutLine: {'line': b'[ 64%] \x1b[32mBuilding CXX object CMakeFiles/quadruped_mujoco__rosidl_typesupport_fastrtps_c.dir/rosidl_typesupport_fastrtps_c/quadruped_mujoco/msg/detail/velocities__type_support_c.cpp.o\x1b[0m\n'}
[2.646213] (quadruped_mujoco) StdoutLine: {'line': b'[ 65%] \x1b[32mBuilding CXX object CMakeFiles/quadruped_mujoco__rosidl_typesupport_fastrtps_c.dir/rosidl_typesupport_fastrtps_c/quadruped_mujoco/msg/detail/contacts_stamped__type_support_c.cpp.o\x1b[0m\n'}
[2.709459] (quadruped_mujoco) StdoutLine: {'line': b'[ 67%] \x1b[32m\x1b[1mLinking CXX shared library libquadruped_mujoco__rosidl_typesupport_fastrtps_cpp.so\x1b[0m\n'}
[2.709778] (-) TimerEvent: {}
[2.810033] (-) TimerEvent: {}
[2.816286] (quadruped_mujoco) StdoutLine: {'line': b'[ 67%] Built target quadruped_mujoco__rosidl_typesupport_fastrtps_cpp\n'}
[2.910123] (-) TimerEvent: {}
[2.933481] (quadruped_mujoco) StdoutLine: {'line': b'[ 68%] \x1b[32m\x1b[1mLinking CXX shared library libquadruped_mujoco__rosidl_typesupport_fastrtps_c.so\x1b[0m\n'}
[2.934897] (quadruped_mujoco) StdoutLine: {'line': b'[ 69%] \x1b[32m\x1b[1mLinking CXX shared library libquadruped_mujoco__rosidl_typesupport_introspection_cpp.so\x1b[0m\n'}
[2.997689] (quadruped_mujoco) StdoutLine: {'line': b'[ 69%] Built target quadruped_mujoco__rosidl_typesupport_introspection_cpp\n'}
[3.006776] (quadruped_mujoco) StdoutLine: {'line': b'[ 69%] Built target quadruped_mujoco__rosidl_typesupport_fastrtps_c\n'}
[3.010211] (-) TimerEvent: {}
[3.028520] (quadruped_mujoco) StdoutLine: {'line': b'[ 69%] Built target quadruped_mujoco\n'}
[3.043419] (quadruped_mujoco) StdoutLine: {'line': b'[ 71%] \x1b[32mBuilding CXX object CMakeFiles/turn_node.dir/src/nodes/turn_node.cpp.o\x1b[0m\n'}
[3.043621] (quadruped_mujoco) StdoutLine: {'line': b'[ 72%] \x1b[32mBuilding CXX object CMakeFiles/quadruped_controller_node.dir/src/nodes/quadruped_controller_node.cpp.o\x1b[0m\n'}
[3.048798] (quadruped_mujoco) StdoutLine: {'line': b'[ 73%] \x1b[34m\x1b[1mGenerating Python code for ROS interfaces\x1b[0m\n'}
[3.049562] (quadruped_mujoco) StdoutLine: {'line': b'[ 75%] \x1b[32mBuilding CXX object CMakeFiles/waypoint_nav_node.dir/src/nodes/waypoint_nav_node.cpp.o\x1b[0m\n'}
[3.051002] (quadruped_mujoco) StdoutLine: {'line': b'[ 76%] \x1b[32mBuilding CXX object CMakeFiles/trot_node.dir/src/nodes/trot_node.cpp.o\x1b[0m\n'}
[3.110344] (-) TimerEvent: {}
[3.191501] (quadruped_mujoco) StderrLine: {'line': b'In file included from \x1b[01m\x1b[K/home/nisarg/Documents/repo/libchamp-imp/ros2_ws/src/quadruped_mujoco/include/quadruped_mujoco/controllers/quadruped_controller.hpp:11\x1b[m\x1b[K,\n'}
[3.191689] (quadruped_mujoco) StderrLine: {'line': b'                 from \x1b[01m\x1b[K/home/nisarg/Documents/repo/libchamp-imp/ros2_ws/src/quadruped_mujoco/include/quadruped_mujoco/controllers/waypoint_controller.hpp:4\x1b[m\x1b[K,\n'}
[3.191791] (quadruped_mujoco) StderrLine: {'line': b'                 from \x1b[01m\x1b[K/home/nisarg/Documents/repo/libchamp-imp/ros2_ws/src/quadruped_mujoco/src/nodes/waypoint_nav_node.cpp:3\x1b[m\x1b[K:\n'}
[3.191875] (quadruped_mujoco) StderrLine: {'line': b'\x1b[01m\x1b[K/home/nisarg/Documents/repo/libchamp-imp/ros2_ws/src/quadruped_mujoco/include/quadruped_mujoco/body_controller/body_controller.h:31:10:\x1b[m\x1b[K \x1b[01;31m\x1b[Kfatal error: \x1b[m\x1b[Kgeometry/geometry.h: No such file or directory\n'}
[3.191952] (quadruped_mujoco) StderrLine: {'line': b'   31 | #include \x1b[01;31m\x1b[K<geometry/geometry.h>\x1b[m\x1b[K\n'}
[3.192028] (quadruped_mujoco) StderrLine: {'line': b'      |          \x1b[01;31m\x1b[K^~~~~~~~~~~~~~~~~~~~~\x1b[m\x1b[K\n'}
[3.192119] (quadruped_mujoco) StderrLine: {'line': b'compilation terminated.\n'}
[3.192732] (quadruped_mujoco) StderrLine: {'line': b'In file included from \x1b[01m\x1b[K/home/nisarg/Documents/repo/libchamp-imp/ros2_ws/src/quadruped_mujoco/include/quadruped_mujoco/controllers/quadruped_controller.hpp:11\x1b[m\x1b[K,\n'}
[3.192839] (quadruped_mujoco) StderrLine: {'line': b'                 from \x1b[01m\x1b[K/home/nisarg/Documents/repo/libchamp-imp/ros2_ws/src/quadruped_mujoco/include/quadruped_mujoco/controllers/trot_controller.hpp:4\x1b[m\x1b[K,\n'}
[3.192895] (quadruped_mujoco) StderrLine: {'line': b'                 from \x1b[01m\x1b[K/home/nisarg/Documents/repo/libchamp-imp/ros2_ws/src/quadruped_mujoco/src/nodes/trot_node.cpp:3\x1b[m\x1b[K:\n'}
[3.192942] (quadruped_mujoco) StderrLine: {'line': b'\x1b[01m\x1b[K/home/nisarg/Documents/repo/libchamp-imp/ros2_ws/src/quadruped_mujoco/include/quadruped_mujoco/body_controller/body_controller.h:31:10:\x1b[m\x1b[K \x1b[01;31m\x1b[Kfatal error: \x1b[m\x1b[Kgeometry/geometry.h: No such file or directory\n'}
[3.192993] (quadruped_mujoco) StderrLine: {'line': b'   31 | #include \x1b[01;31m\x1b[K<geometry/geometry.h>\x1b[m\x1b[K\n'}
[3.193041] (quadruped_mujoco) StderrLine: {'line': b'      |          \x1b[01;31m\x1b[K^~~~~~~~~~~~~~~~~~~~~\x1b[m\x1b[K\n'}
[3.193095] (quadruped_mujoco) StderrLine: {'line': b'compilation terminated.\n'}
[3.193874] (quadruped_mujoco) StderrLine: {'line': b'gmake[2]: *** [CMakeFiles/waypoint_nav_node.dir/build.make:76: CMakeFiles/waypoint_nav_node.dir/src/nodes/waypoint_nav_node.cpp.o] Error 1\n'}
[3.194092] (quadruped_mujoco) StderrLine: {'line': b'gmake[1]: *** [CMakeFiles/Makefile2:712: CMakeFiles/waypoint_nav_node.dir/all] Error 2\n'}
[3.194161] (quadruped_mujoco) StderrLine: {'line': b'gmake[1]: *** Waiting for unfinished jobs....\n'}
[3.194983] (quadruped_mujoco) StderrLine: {'line': b'gmake[2]: *** [CMakeFiles/trot_node.dir/build.make:76: CMakeFiles/trot_node.dir/src/nodes/trot_node.cpp.o] Error 1\n'}
[3.195124] (quadruped_mujoco) StderrLine: {'line': b'gmake[1]: *** [CMakeFiles/Makefile2:656: CMakeFiles/trot_node.dir/all] Error 2\n'}
[3.204987] (quadruped_mujoco) StderrLine: {'line': b'In file included from \x1b[01m\x1b[K/home/nisarg/Documents/repo/libchamp-imp/ros2_ws/src/quadruped_mujoco/include/quadruped_mujoco/controllers/quadruped_controller.hpp:11\x1b[m\x1b[K,\n'}
[3.205142] (quadruped_mujoco) StderrLine: {'line': b'                 from \x1b[01m\x1b[K/home/nisarg/Documents/repo/libchamp-imp/ros2_ws/src/quadruped_mujoco/include/quadruped_mujoco/controllers/turn_controller.hpp:4\x1b[m\x1b[K,\n'}
[3.205198] (quadruped_mujoco) StderrLine: {'line': b'                 from \x1b[01m\x1b[K/home/nisarg/Documents/repo/libchamp-imp/ros2_ws/src/quadruped_mujoco/src/nodes/turn_node.cpp:3\x1b[m\x1b[K:\n'}
[3.205243] (quadruped_mujoco) StderrLine: {'line': b'\x1b[01m\x1b[K/home/nisarg/Documents/repo/libchamp-imp/ros2_ws/src/quadruped_mujoco/include/quadruped_mujoco/body_controller/body_controller.h:31:10:\x1b[m\x1b[K \x1b[01;31m\x1b[Kfatal error: \x1b[m\x1b[Kgeometry/geometry.h: No such file or directory\n'}
[3.205285] (quadruped_mujoco) StderrLine: {'line': b'   31 | #include \x1b[01;31m\x1b[K<geometry/geometry.h>\x1b[m\x1b[K\n'}
[3.205322] (quadruped_mujoco) StderrLine: {'line': b'      |          \x1b[01;31m\x1b[K^~~~~~~~~~~~~~~~~~~~~\x1b[m\x1b[K\n'}
[3.205358] (quadruped_mujoco) StderrLine: {'line': b'compilation terminated.\n'}
[3.206873] (quadruped_mujoco) StderrLine: {'line': b'gmake[2]: *** [CMakeFiles/turn_node.dir/build.make:76: CMakeFiles/turn_node.dir/src/nodes/turn_node.cpp.o] Error 1\n'}
[3.206993] (quadruped_mujoco) StderrLine: {'line': b'gmake[1]: *** [CMakeFiles/Makefile2:684: CMakeFiles/turn_node.dir/all] Error 2\n'}
[3.210416] (-) TimerEvent: {}
[3.252944] (quadruped_mujoco) StderrLine: {'line': b'In file included from \x1b[01m\x1b[K/home/nisarg/Documents/repo/libchamp-imp/ros2_ws/src/quadruped_mujoco/include/quadruped_mujoco/controllers/quadruped_controller.hpp:11\x1b[m\x1b[K,\n'}
[3.253105] (quadruped_mujoco) StderrLine: {'line': b'                 from \x1b[01m\x1b[K/home/nisarg/Documents/repo/libchamp-imp/ros2_ws/src/quadruped_mujoco/src/nodes/quadruped_controller_node.cpp:2\x1b[m\x1b[K:\n'}
[3.253174] (quadruped_mujoco) StderrLine: {'line': b'\x1b[01m\x1b[K/home/nisarg/Documents/repo/libchamp-imp/ros2_ws/src/quadruped_mujoco/include/quadruped_mujoco/body_controller/body_controller.h:31:10:\x1b[m\x1b[K \x1b[01;31m\x1b[Kfatal error: \x1b[m\x1b[Kgeometry/geometry.h: No such file or directory\n'}
[3.253230] (quadruped_mujoco) StderrLine: {'line': b'   31 | #include \x1b[01;31m\x1b[K<geometry/geometry.h>\x1b[m\x1b[K\n'}
[3.253282] (quadruped_mujoco) StderrLine: {'line': b'      |          \x1b[01;31m\x1b[K^~~~~~~~~~~~~~~~~~~~~\x1b[m\x1b[K\n'}
[3.253333] (quadruped_mujoco) StderrLine: {'line': b'compilation terminated.\n'}
[3.254963] (quadruped_mujoco) StderrLine: {'line': b'gmake[2]: *** [CMakeFiles/quadruped_controller_node.dir/build.make:76: CMakeFiles/quadruped_controller_node.dir/src/nodes/quadruped_controller_node.cpp.o] Error 1\n'}
[3.255123] (quadruped_mujoco) StderrLine: {'line': b'gmake[1]: *** [CMakeFiles/Makefile2:628: CMakeFiles/quadruped_controller_node.dir/all] Error 2\n'}
[3.310518] (-) TimerEvent: {}
[3.410852] (-) TimerEvent: {}
[3.511097] (-) TimerEvent: {}
[3.532279] (quadruped_mujoco) StdoutLine: {'line': b'[ 76%] Built target quadruped_mujoco__py\n'}
[3.611330] (-) TimerEvent: {}
[3.711750] (-) TimerEvent: {}
[3.812172] (-) TimerEvent: {}
[3.912599] (-) TimerEvent: {}
[4.012916] (-) TimerEvent: {}
[4.113214] (-) TimerEvent: {}
[4.213533] (-) TimerEvent: {}
[4.313899] (-) TimerEvent: {}
[4.414213] (-) TimerEvent: {}
[4.514510] (-) TimerEvent: {}
[4.614813] (-) TimerEvent: {}
[4.715118] (-) TimerEvent: {}
[4.815487] (-) TimerEvent: {}
[4.915823] (-) TimerEvent: {}
[5.016161] (-) TimerEvent: {}
[5.116493] (-) TimerEvent: {}
[5.216818] (-) TimerEvent: {}
[5.224315] (quadruped_mujoco) StdoutLine: {'line': b'[ 78%] \x1b[32m\x1b[1mLinking CXX executable mujoco_interface_node\x1b[0m\n'}
[5.316957] (-) TimerEvent: {}
[5.417320] (-) TimerEvent: {}
[5.454810] (quadruped_mujoco) StdoutLine: {'line': b'[ 78%] Built target mujoco_interface_node\n'}
[5.455966] (quadruped_mujoco) StderrLine: {'line': b'gmake: *** [Makefile:146: all] Error 2\n'}
[5.458369] (quadruped_mujoco) CommandEnded: {'returncode': 2}
[5.467980] (quadruped_mujoco) JobEnded: {'identifier': 'quadruped_mujoco', 'rc': 2}
[5.478679] (-) EventReactorShutdown: {}
