[0.015s] Invoking command in '/home/nisarg/Documents/repo/libchamp-imp/build/champ_description': /usr/bin/cmake /home/nisarg/Documents/repo/libchamp-imp/champ/champ_description -DCATKIN_INSTALL_INTO_PREFIX_ROOT=0 -DCMAKE_INSTALL_PREFIX=/home/nisarg/Documents/repo/libchamp-imp/install/champ_description
[0.020s] [0mCMake Deprecation Warning at CMakeLists.txt:2 (cmake_minimum_required):
[0.021s]   Compatibility with CMake < 2.8.12 will be removed from a future version of
[0.021s]   CMake.
[0.021s] 
[0.021s]   Update the VERSION argument <min> value or use a ...<max> suffix to tell
[0.021s]   CMake that the project does not need compatibility with older versions.
[0.021s] 
[0.022s] [0m
[0.030s] -- Configuring incomplete, errors occurred!
[0.030s] See also "/home/nisarg/Documents/repo/libchamp-imp/build/champ_description/CMakeFiles/CMakeOutput.log".
[0.030s] [31mCMake Error at CMakeLists.txt:5 (find_package):
[0.030s]   By not providing "Findcatkin.cmake" in CMAKE_MODULE_PATH this project has
[0.030s]   asked CMake to find a package configuration file provided by "catkin", but
[0.030s]   CMake did not find one.
[0.030s] 
[0.030s]   Could not find a package configuration file provided by "catkin" with any
[0.031s]   of the following names:
[0.031s] 
[0.031s]     catkinConfig.cmake
[0.031s]     catkin-config.cmake
[0.031s] 
[0.031s]   Add the installation prefix of "catkin" to CMAKE_PREFIX_PATH or set
[0.031s]   "catkin_DIR" to a directory containing one of the above files.  If "catkin"
[0.031s]   provides a separate development package or SDK, be sure it has been
[0.031s]   installed.
[0.031s] 
[0.031s] [0m
[0.033s] Invoked command in '/home/nisarg/Documents/repo/libchamp-imp/build/champ_description' returned '1': /usr/bin/cmake /home/nisarg/Documents/repo/libchamp-imp/champ/champ_description -DCATKIN_INSTALL_INTO_PREFIX_ROOT=0 -DCMAKE_INSTALL_PREFIX=/home/nisarg/Documents/repo/libchamp-imp/install/champ_description
