[0.000000] (-) TimerEvent: {}
[0.000502] (quadruped_mujoco) JobQueued: {'identifier': 'quadruped_mujoco', 'dependencies': OrderedDict()}
[0.000615] (quadruped_mujoco) JobStarted: {'identifier': 'quadruped_mujoco'}
[0.007857] (quadruped_mujoco) JobProgress: {'identifier': 'quadruped_mujoco', 'progress': 'cmake'}
[0.008271] (quadruped_mujoco) JobProgress: {'identifier': 'quadruped_mujoco', 'progress': 'build'}
[0.008726] (quadruped_mujoco) Command: {'cmd': ['/usr/bin/cmake', '--build', '/home/nisarg/Documents/repo/libchamp-imp/ros2_ws/build/quadruped_mujoco', '--', '-j12', '-l12'], 'cwd': '/home/nisarg/Documents/repo/libchamp-imp/ros2_ws/build/quadruped_mujoco', 'env': OrderedDict([('LANGUAGE', 'en_IN:en'), ('USER', 'nisarg'), ('ROS_PACKAGE_PATH', '/home/nisarg/quadruped_ws/install/unitree_legged_sdk/share'), ('XDG_SESSION_TYPE', 'x11'), ('SHLVL', '1'), ('LD_LIBRARY_PATH', '/home/nisarg/Documents/repo/libchamp-imp/ros2_ws/install/quadruped_mujoco/lib:/home/nisarg/.mujoco/mujoco210/bin:/home/nisarg/quadruped_ws/install/unitree_go/lib:/home/nisarg/quadruped_ws/install/unitree_api/lib:/home/nisarg/quadruped_ws/install/champ_msgs/lib:/usr/lib/x86_64-linux-gnu/gazebo-11/plugins:/opt/ros/humble/opt/rviz_ogre_vendor/lib:/opt/ros/humble/lib/x86_64-linux-gnu:/opt/ros/humble/lib'), ('HOME', '/home/nisarg'), ('CONDA_SHLVL', '0'), ('OLDPWD', '/home/nisarg/Documents/repo/libchamp-imp'), ('DESKTOP_SESSION', 'ubuntu'), ('ROS_PYTHON_VERSION', '3'), ('GNOME_SHELL_SESSION_MODE', 'ubuntu'), ('GTK_MODULES', 'gail:atk-bridge'), ('DBUS_STARTER_BUS_TYPE', 'session'), ('SYSTEMD_EXEC_PID', '2022'), ('DBUS_SESSION_BUS_ADDRESS', 'unix:path=/run/user/1000/bus,guid=a821a7ea844fe06e9d60566667d53155'), ('COLORTERM', 'truecolor'), ('_CE_M', ''), ('COLCON_PREFIX_PATH', '/home/nisarg/Documents/repo/libchamp-imp/ros2_ws/install:/home/nisarg/Documents/repo/helium-quadruped-mjc/install:/home/nisarg/quadruped_ws/install'), ('ROS_DISTRO', 'humble'), ('GTK_IM_MODULE', 'ibus'), ('LOGNAME', 'nisarg'), ('_', '/usr/bin/colcon'), ('ROS_VERSION', '2'), ('PKG_CONFIG_PATH', '/home/nisarg/quadruped_ws/install/unitree_legged_sdk/lib/x86_64-linux-gnu/pkgconfig:/home/nisarg/quadruped_ws/install/unitree_legged_sdk/lib/pkgconfig'), ('XDG_SESSION_CLASS', 'user'), ('USERNAME', 'nisarg'), ('TERM', 'xterm-256color'), ('GNOME_DESKTOP_SESSION_ID', 'this-is-deprecated'), ('_CE_CONDA', ''), ('ROS_LOCALHOST_ONLY', '0'), ('WINDOWPATH', '2'), ('PATH', '/home/nisarg/miniconda3/condabin:/opt/ros/humble/bin:/usr/local/sbin:/usr/local/bin:/usr/sbin:/usr/bin:/sbin:/bin:/usr/games:/usr/local/games:/snap/bin:/snap/bin'), ('SESSION_MANAGER', 'local/nisarg-OMEN:@/tmp/.ICE-unix/2022,unix/nisarg-OMEN:/tmp/.ICE-unix/2022'), ('XDG_MENU_PREFIX', 'gnome-'), ('GNOME_TERMINAL_SCREEN', '/org/gnome/Terminal/screen/359c0b6a_27d1_4eda_b588_123ce5c5f4ec'), ('XDG_RUNTIME_DIR', '/run/user/1000'), ('DISPLAY', ':1'), ('LANG', 'en_US.UTF-8'), ('XDG_CURRENT_DESKTOP', 'ubuntu:GNOME'), ('XMODIFIERS', '@im=ibus'), ('XDG_SESSION_DESKTOP', 'ubuntu'), ('XAUTHORITY', '/run/user/1000/gdm/Xauthority'), ('GNOME_TERMINAL_SERVICE', ':1.338'), ('SSH_AGENT_LAUNCHER', 'gnome-keyring'), ('SSH_AUTH_SOCK', '/run/user/1000/keyring/ssh'), ('ROS_DOMAIN_ID', '47'), ('AMENT_PREFIX_PATH', '/home/nisarg/Documents/repo/libchamp-imp/ros2_ws/install/quadruped_mujoco:/home/nisarg/Documents/repo/helium-quadruped-mjc/install/helium_quadruped_simulation:/home/nisarg/Documents/repo/helium-quadruped-mjc/install/helium_quadruped_description:/home/nisarg/Documents/repo/helium-quadruped-mjc/install/helium_quadruped_controller:/home/nisarg/quadruped_ws/install/unitree_go:/home/nisarg/quadruped_ws/install/unitree_api:/home/nisarg/quadruped_ws/install/champ_teleop:/home/nisarg/quadruped_ws/install/champ_msgs:/home/nisarg/quadruped_ws/install/champ_description:/home/nisarg/quadruped_ws/install/champ:/opt/ros/humble'), ('CONDA_PYTHON_EXE', '/home/nisarg/miniconda3/bin/python'), ('SHELL', '/bin/bash'), ('QT_ACCESSIBILITY', '1'), ('GDMSESSION', 'ubuntu'), ('CMAKE_MODULE_PATH', '/home/nisarg/Documents/repo/libchamp-imp/ros2_ws/install/quadruped_mujoco/share/quadruped_mujoco/cmake'), ('GPG_AGENT_INFO', '/run/user/1000/gnupg/S.gpg-agent:0:1'), ('QT_IM_MODULE', 'ibus'), ('PWD', '/home/nisarg/Documents/repo/libchamp-imp/ros2_ws/build/quadruped_mujoco'), ('LC_ALL', 'en_US.UTF-8'), ('XDG_CONFIG_DIRS', '/etc/xdg/xdg-ubuntu:/etc/xdg'), ('CONDA_EXE', '/home/nisarg/miniconda3/bin/conda'), ('DBUS_STARTER_ADDRESS', 'unix:path=/run/user/1000/bus,guid=a821a7ea844fe06e9d60566667d53155'), ('MUJOCO_PLUGIN_PATH', '/lib'), ('XDG_DATA_DIRS', '/usr/share/ubuntu:/usr/share/gnome:/usr/local/share/:/usr/share/:/var/lib/snapd/desktop'), ('PYTHONPATH', '/home/nisarg/Documents/repo/libchamp-imp/ros2_ws/install/quadruped_mujoco/local/lib/python3.10/dist-packages:/home/nisarg/Documents/repo/helium-quadruped-mjc/install/helium_quadruped_simulation/lib/python3.10/site-packages:/home/nisarg/Documents/repo/helium-quadruped-mjc/install/helium_quadruped_description/lib/python3.10/site-packages:/home/nisarg/Documents/repo/helium-quadruped-mjc/install/helium_quadruped_controller/lib/python3.10/site-packages:/home/nisarg/quadruped_ws/install/unitree_go/local/lib/python3.10/dist-packages:/home/nisarg/quadruped_ws/install/unitree_api/local/lib/python3.10/dist-packages:/home/nisarg/quadruped_ws/install/champ_msgs/local/lib/python3.10/dist-packages:/opt/ros/humble/lib/python3.10/site-packages:/opt/ros/humble/local/lib/python3.10/dist-packages'), ('COLCON', '1'), ('VTE_VERSION', '6800'), ('CMAKE_PREFIX_PATH', '/home/nisarg/Documents/repo/libchamp-imp/ros2_ws/install/quadruped_mujoco:/home/nisarg/quadruped_ws/install/unitree_go:/home/nisarg/quadruped_ws/install/unitree_api:/home/nisarg/quadruped_ws/install/champ_teleop:/home/nisarg/quadruped_ws/install/champ_msgs:/home/nisarg/quadruped_ws/install/champ_description:/home/nisarg/quadruped_ws/install/champ:/home/nisarg/Documents/repo/helium-quadruped-mjc/install/helium_quadruped_simulation:/home/nisarg/Documents/repo/helium-quadruped-mjc/install/helium_quadruped_description:/home/nisarg/Documents/repo/helium-quadruped-mjc/install/helium_quadruped_controller:/opt/ros/humble'), ('MUJOCO_KEY_PATH', '/home/nisarg/.mujoco/mjkey.txt')]), 'shell': False}
[0.053748] (quadruped_mujoco) StdoutLine: {'line': b'\x1b[35m\x1b[1mConsolidate compiler generated dependencies of target quadruped_mujoco__rosidl_generator_c\x1b[0m\n'}
[0.065400] (quadruped_mujoco) StdoutLine: {'line': b'\x1b[35m\x1b[1mConsolidate compiler generated dependencies of target mujoco_interface_node\x1b[0m\n'}
[0.077366] (quadruped_mujoco) StdoutLine: {'line': b'[  1%] Built target quadruped_mujoco__cpp\n'}
[0.079355] (quadruped_mujoco) StdoutLine: {'line': b'[ 10%] Built target quadruped_mujoco__rosidl_generator_c\n'}
[0.091900] (quadruped_mujoco) StdoutLine: {'line': b'[ 10%] Built target ament_cmake_python_copy_quadruped_mujoco\n'}
[0.098605] (quadruped_mujoco) StdoutLine: {'line': b'\x1b[35m\x1b[1mConsolidate compiler generated dependencies of target quadruped_mujoco__rosidl_typesupport_cpp\x1b[0m\n'}
[0.099747] (-) TimerEvent: {}
[0.100947] (quadruped_mujoco) StdoutLine: {'line': b'\x1b[35m\x1b[1mConsolidate compiler generated dependencies of target quadruped_mujoco__rosidl_typesupport_c\x1b[0m\n'}
[0.101347] (quadruped_mujoco) StdoutLine: {'line': b'\x1b[35m\x1b[1mConsolidate compiler generated dependencies of target quadruped_mujoco__rosidl_typesupport_fastrtps_c\x1b[0m\n'}
[0.104602] (quadruped_mujoco) StdoutLine: {'line': b'\x1b[35m\x1b[1mConsolidate compiler generated dependencies of target quadruped_mujoco__rosidl_typesupport_introspection_cpp\x1b[0m\n'}
[0.106591] (quadruped_mujoco) StdoutLine: {'line': b'\x1b[35m\x1b[1mConsolidate compiler generated dependencies of target quadruped_mujoco__rosidl_typesupport_fastrtps_cpp\x1b[0m\n'}
[0.107813] (quadruped_mujoco) StdoutLine: {'line': b'\x1b[35m\x1b[1mConsolidate compiler generated dependencies of target quadruped_mujoco__rosidl_typesupport_introspection_c\x1b[0m\n'}
[0.108682] (quadruped_mujoco) StdoutLine: {'line': b'[ 13%] Built target mujoco_interface_node\n'}
[0.118827] (quadruped_mujoco) StdoutLine: {'line': b'[ 26%] Built target quadruped_mujoco__rosidl_typesupport_c\n'}
[0.119111] (quadruped_mujoco) StdoutLine: {'line': b'[ 32%] Built target quadruped_mujoco__rosidl_typesupport_cpp\n'}
[0.123030] (quadruped_mujoco) StdoutLine: {'line': b'[ 52%] Built target quadruped_mujoco__rosidl_typesupport_introspection_cpp\n'}
[0.123218] (quadruped_mujoco) StdoutLine: {'line': b'[ 52%] Built target quadruped_mujoco__rosidl_typesupport_fastrtps_c\n'}
[0.125186] (quadruped_mujoco) StdoutLine: {'line': b'[ 61%] Built target quadruped_mujoco__rosidl_typesupport_fastrtps_cpp\n'}
[0.126858] (quadruped_mujoco) StdoutLine: {'line': b'[ 71%] Built target quadruped_mujoco__rosidl_typesupport_introspection_c\n'}
[0.144499] (quadruped_mujoco) StdoutLine: {'line': b'[ 71%] Built target quadruped_mujoco\n'}
[0.160816] (quadruped_mujoco) StdoutLine: {'line': b'[ 72%] \x1b[32mBuilding CXX object CMakeFiles/trot_node.dir/src/nodes/trot_node.cpp.o\x1b[0m\n'}
[0.162407] (quadruped_mujoco) StdoutLine: {'line': b'[ 73%] \x1b[32mBuilding CXX object CMakeFiles/turn_node.dir/src/nodes/turn_node.cpp.o\x1b[0m\n'}
[0.164627] (quadruped_mujoco) StdoutLine: {'line': b'[ 75%] \x1b[32mBuilding CXX object CMakeFiles/waypoint_nav_node.dir/src/nodes/waypoint_nav_node.cpp.o\x1b[0m\n'}
[0.165565] (quadruped_mujoco) StdoutLine: {'line': b'[ 76%] Built target quadruped_mujoco__py\n'}
[0.167374] (quadruped_mujoco) StdoutLine: {'line': b'[ 78%] \x1b[32mBuilding CXX object CMakeFiles/quadruped_controller_node.dir/src/nodes/quadruped_controller_node.cpp.o\x1b[0m\n'}
[0.183725] (quadruped_mujoco) StdoutLine: {'line': b'[ 83%] \x1b[32mBuilding C object CMakeFiles/quadruped_mujoco__rosidl_generator_py.dir/rosidl_generator_py/quadruped_mujoco/msg/_velocities_s.c.o\x1b[0m\n'}
[0.184829] (quadruped_mujoco) StdoutLine: {'line': b'[ 83%] \x1b[32mBuilding C object CMakeFiles/quadruped_mujoco__rosidl_generator_py.dir/rosidl_generator_py/quadruped_mujoco/msg/_pose_s.c.o\x1b[0m\n'}
[0.184994] (quadruped_mujoco) StdoutLine: {'line': b'[ 83%] \x1b[32mBuilding C object CMakeFiles/quadruped_mujoco__rosidl_generator_py.dir/rosidl_generator_py/quadruped_mujoco/msg/_joints_s.c.o\x1b[0m\n'}
[0.185089] (quadruped_mujoco) StdoutLine: {'line': b'[ 83%] \x1b[32mBuilding C object CMakeFiles/quadruped_mujoco__rosidl_generator_py.dir/rosidl_generator_py/quadruped_mujoco/msg/_contacts_stamped_s.c.o\x1b[0m\n'}
[0.188773] (quadruped_mujoco) StdoutLine: {'line': b'[ 84%] \x1b[32mBuilding C object CMakeFiles/quadruped_mujoco__rosidl_generator_py.dir/rosidl_generator_py/quadruped_mujoco/msg/_contacts_s.c.o\x1b[0m\n'}
[0.201845] (-) TimerEvent: {}
[0.302215] (-) TimerEvent: {}
[0.320115] (quadruped_mujoco) StdoutLine: {'line': b'[ 86%] \x1b[32m\x1b[1mLinking C shared library rosidl_generator_py/quadruped_mujoco/libquadruped_mujoco__rosidl_generator_py.so\x1b[0m\n'}
[0.325218] (quadruped_mujoco) StdoutLine: {'line': b'running egg_info\n'}
[0.325698] (quadruped_mujoco) StdoutLine: {'line': b'writing quadruped_mujoco.egg-info/PKG-INFO\n'}
[0.325895] (quadruped_mujoco) StdoutLine: {'line': b'writing dependency_links to quadruped_mujoco.egg-info/dependency_links.txt\n'}
[0.326030] (quadruped_mujoco) StdoutLine: {'line': b'writing top-level names to quadruped_mujoco.egg-info/top_level.txt\n'}
[0.327953] (quadruped_mujoco) StdoutLine: {'line': b"reading manifest file 'quadruped_mujoco.egg-info/SOURCES.txt'\n"}
[0.328321] (quadruped_mujoco) StdoutLine: {'line': b"writing manifest file 'quadruped_mujoco.egg-info/SOURCES.txt'\n"}
[0.353191] (quadruped_mujoco) StdoutLine: {'line': b'[ 86%] Built target ament_cmake_python_build_quadruped_mujoco_egg\n'}
[0.354372] (quadruped_mujoco) StderrLine: {'line': b'In file included from \x1b[01m\x1b[K/home/nisarg/Documents/repo/libchamp-imp/ros2_ws/src/quadruped_mujoco/include/quadruped_mujoco/leg_controller/leg_controller.hpp:6\x1b[m\x1b[K,\n'}
[0.354505] (quadruped_mujoco) StderrLine: {'line': b'                 from \x1b[01m\x1b[K/home/nisarg/Documents/repo/libchamp-imp/ros2_ws/src/quadruped_mujoco/include/quadruped_mujoco/controllers/quadruped_controller.hpp:12\x1b[m\x1b[K,\n'}
[0.354546] (quadruped_mujoco) StderrLine: {'line': b'                 from \x1b[01m\x1b[K/home/nisarg/Documents/repo/libchamp-imp/ros2_ws/src/quadruped_mujoco/include/quadruped_mujoco/controllers/turn_controller.hpp:4\x1b[m\x1b[K,\n'}
[0.354583] (quadruped_mujoco) StderrLine: {'line': b'                 from \x1b[01m\x1b[K/home/nisarg/Documents/repo/libchamp-imp/ros2_ws/src/quadruped_mujoco/src/nodes/turn_node.cpp:3\x1b[m\x1b[K:\n'}
[0.354613] (quadruped_mujoco) StderrLine: {'line': b'\x1b[01m\x1b[K/home/nisarg/Documents/repo/libchamp-imp/ros2_ws/src/quadruped_mujoco/include/quadruped_mujoco/leg_controller/phase_generator.h:32:10:\x1b[m\x1b[K \x1b[01;31m\x1b[Kfatal error: \x1b[m\x1b[Kquadruped_base/quadruped_base.h: No such file or directory\n'}
[0.354644] (quadruped_mujoco) StderrLine: {'line': b'   32 | #include \x1b[01;31m\x1b[K<quadruped_base/quadruped_base.h>\x1b[m\x1b[K\n'}
[0.354676] (quadruped_mujoco) StderrLine: {'line': b'      |          \x1b[01;31m\x1b[K^~~~~~~~~~~~~~~~~~~~~~~~~~~~~~~~~\x1b[m\x1b[K\n'}
[0.354704] (quadruped_mujoco) StderrLine: {'line': b'compilation terminated.\n'}
[0.356528] (quadruped_mujoco) StderrLine: {'line': b'gmake[2]: *** [CMakeFiles/turn_node.dir/build.make:76: CMakeFiles/turn_node.dir/src/nodes/turn_node.cpp.o] Error 1\n'}
[0.356734] (quadruped_mujoco) StderrLine: {'line': b'gmake[1]: *** [CMakeFiles/Makefile2:684: CMakeFiles/turn_node.dir/all] Error 2\n'}
[0.356797] (quadruped_mujoco) StderrLine: {'line': b'gmake[1]: *** Waiting for unfinished jobs....\n'}
[0.363541] (quadruped_mujoco) StdoutLine: {'line': b'[ 86%] Built target quadruped_mujoco__rosidl_generator_py\n'}
[0.377802] (quadruped_mujoco) StderrLine: {'line': b'In file included from \x1b[01m\x1b[K/home/nisarg/Documents/repo/libchamp-imp/ros2_ws/src/quadruped_mujoco/include/quadruped_mujoco/leg_controller/leg_controller.hpp:6\x1b[m\x1b[K,\n'}
[0.377959] (quadruped_mujoco) StderrLine: {'line': b'                 from \x1b[01m\x1b[K/home/nisarg/Documents/repo/libchamp-imp/ros2_ws/src/quadruped_mujoco/include/quadruped_mujoco/controllers/quadruped_controller.hpp:12\x1b[m\x1b[K,\n'}
[0.378009] (quadruped_mujoco) StderrLine: {'line': b'                 from \x1b[01m\x1b[K/home/nisarg/Documents/repo/libchamp-imp/ros2_ws/src/quadruped_mujoco/include/quadruped_mujoco/controllers/waypoint_controller.hpp:4\x1b[m\x1b[K,\n'}
[0.378049] (quadruped_mujoco) StderrLine: {'line': b'                 from \x1b[01m\x1b[K/home/nisarg/Documents/repo/libchamp-imp/ros2_ws/src/quadruped_mujoco/src/nodes/waypoint_nav_node.cpp:3\x1b[m\x1b[K:\n'}
[0.378087] (quadruped_mujoco) StderrLine: {'line': b'\x1b[01m\x1b[K/home/nisarg/Documents/repo/libchamp-imp/ros2_ws/src/quadruped_mujoco/include/quadruped_mujoco/leg_controller/phase_generator.h:32:10:\x1b[m\x1b[K \x1b[01;31m\x1b[Kfatal error: \x1b[m\x1b[Kquadruped_base/quadruped_base.h: No such file or directory\n'}
[0.378125] (quadruped_mujoco) StderrLine: {'line': b'   32 | #include \x1b[01;31m\x1b[K<quadruped_base/quadruped_base.h>\x1b[m\x1b[K\n'}
[0.378162] (quadruped_mujoco) StderrLine: {'line': b'      |          \x1b[01;31m\x1b[K^~~~~~~~~~~~~~~~~~~~~~~~~~~~~~~~~\x1b[m\x1b[K\n'}
[0.378197] (quadruped_mujoco) StderrLine: {'line': b'compilation terminated.\n'}
[0.379845] (quadruped_mujoco) StderrLine: {'line': b'gmake[2]: *** [CMakeFiles/waypoint_nav_node.dir/build.make:76: CMakeFiles/waypoint_nav_node.dir/src/nodes/waypoint_nav_node.cpp.o] Error 1\n'}
[0.379916] (quadruped_mujoco) StderrLine: {'line': b'gmake[1]: *** [CMakeFiles/Makefile2:712: CMakeFiles/waypoint_nav_node.dir/all] Error 2\n'}
[0.402341] (-) TimerEvent: {}
[0.404277] (quadruped_mujoco) StderrLine: {'line': b'In file included from \x1b[01m\x1b[K/home/nisarg/Documents/repo/libchamp-imp/ros2_ws/src/quadruped_mujoco/include/quadruped_mujoco/leg_controller/leg_controller.hpp:6\x1b[m\x1b[K,\n'}
[0.404424] (quadruped_mujoco) StderrLine: {'line': b'                 from \x1b[01m\x1b[K/home/nisarg/Documents/repo/libchamp-imp/ros2_ws/src/quadruped_mujoco/include/quadruped_mujoco/controllers/quadruped_controller.hpp:12\x1b[m\x1b[K,\n'}
[0.404495] (quadruped_mujoco) StderrLine: {'line': b'                 from \x1b[01m\x1b[K/home/nisarg/Documents/repo/libchamp-imp/ros2_ws/src/quadruped_mujoco/include/quadruped_mujoco/controllers/trot_controller.hpp:4\x1b[m\x1b[K,\n'}
[0.404562] (quadruped_mujoco) StderrLine: {'line': b'                 from \x1b[01m\x1b[K/home/nisarg/Documents/repo/libchamp-imp/ros2_ws/src/quadruped_mujoco/src/nodes/trot_node.cpp:3\x1b[m\x1b[K:\n'}
[0.404615] (quadruped_mujoco) StderrLine: {'line': b'\x1b[01m\x1b[K/home/nisarg/Documents/repo/libchamp-imp/ros2_ws/src/quadruped_mujoco/include/quadruped_mujoco/leg_controller/phase_generator.h:32:10:\x1b[m\x1b[K \x1b[01;31m\x1b[Kfatal error: \x1b[m\x1b[Kquadruped_base/quadruped_base.h: No such file or directory\n'}
[0.404668] (quadruped_mujoco) StderrLine: {'line': b'   32 | #include \x1b[01;31m\x1b[K<quadruped_base/quadruped_base.h>\x1b[m\x1b[K\n'}
[0.404719] (quadruped_mujoco) StderrLine: {'line': b'      |          \x1b[01;31m\x1b[K^~~~~~~~~~~~~~~~~~~~~~~~~~~~~~~~~\x1b[m\x1b[K\n'}
[0.404766] (quadruped_mujoco) StderrLine: {'line': b'compilation terminated.\n'}
[0.406258] (quadruped_mujoco) StderrLine: {'line': b'gmake[2]: *** [CMakeFiles/trot_node.dir/build.make:76: CMakeFiles/trot_node.dir/src/nodes/trot_node.cpp.o] Error 1\n'}
[0.406512] (quadruped_mujoco) StderrLine: {'line': b'gmake[1]: *** [CMakeFiles/Makefile2:656: CMakeFiles/trot_node.dir/all] Error 2\n'}
[0.416650] (quadruped_mujoco) StderrLine: {'line': b'In file included from \x1b[01m\x1b[K/home/nisarg/Documents/repo/libchamp-imp/ros2_ws/src/quadruped_mujoco/include/quadruped_mujoco/leg_controller/leg_controller.hpp:6\x1b[m\x1b[K,\n'}
[0.416842] (quadruped_mujoco) StderrLine: {'line': b'                 from \x1b[01m\x1b[K/home/nisarg/Documents/repo/libchamp-imp/ros2_ws/src/quadruped_mujoco/include/quadruped_mujoco/controllers/quadruped_controller.hpp:12\x1b[m\x1b[K,\n'}
[0.416943] (quadruped_mujoco) StderrLine: {'line': b'                 from \x1b[01m\x1b[K/home/nisarg/Documents/repo/libchamp-imp/ros2_ws/src/quadruped_mujoco/src/nodes/quadruped_controller_node.cpp:2\x1b[m\x1b[K:\n'}
[0.417025] (quadruped_mujoco) StderrLine: {'line': b'\x1b[01m\x1b[K/home/nisarg/Documents/repo/libchamp-imp/ros2_ws/src/quadruped_mujoco/include/quadruped_mujoco/leg_controller/phase_generator.h:32:10:\x1b[m\x1b[K \x1b[01;31m\x1b[Kfatal error: \x1b[m\x1b[Kquadruped_base/quadruped_base.h: No such file or directory\n'}
[0.417104] (quadruped_mujoco) StderrLine: {'line': b'   32 | #include \x1b[01;31m\x1b[K<quadruped_base/quadruped_base.h>\x1b[m\x1b[K\n'}
[0.417180] (quadruped_mujoco) StderrLine: {'line': b'      |          \x1b[01;31m\x1b[K^~~~~~~~~~~~~~~~~~~~~~~~~~~~~~~~~\x1b[m\x1b[K\n'}
[0.417256] (quadruped_mujoco) StderrLine: {'line': b'compilation terminated.\n'}
[0.418768] (quadruped_mujoco) StderrLine: {'line': b'gmake[2]: *** [CMakeFiles/quadruped_controller_node.dir/build.make:76: CMakeFiles/quadruped_controller_node.dir/src/nodes/quadruped_controller_node.cpp.o] Error 1\n'}
[0.419176] (quadruped_mujoco) StderrLine: {'line': b'gmake[1]: *** [CMakeFiles/Makefile2:628: CMakeFiles/quadruped_controller_node.dir/all] Error 2\n'}
[0.419261] (quadruped_mujoco) StderrLine: {'line': b'gmake: *** [Makefile:146: all] Error 2\n'}
[0.421672] (quadruped_mujoco) CommandEnded: {'returncode': 2}
[0.428857] (quadruped_mujoco) JobEnded: {'identifier': 'quadruped_mujoco', 'rc': 2}
[0.439322] (-) EventReactorShutdown: {}
