[0.000000] (-) TimerEvent: {}
[0.000163] (quadruped_mujoco) JobQueued: {'identifier': 'quadruped_mujoco', 'dependencies': OrderedDict()}
[0.000599] (quadruped_mujoco) JobStarted: {'identifier': 'quadruped_mujoco'}
[0.006892] (quadruped_mujoco) JobProgress: {'identifier': 'quadruped_mujoco', 'progress': 'cmake'}
[0.007272] (quadruped_mujoco) JobProgress: {'identifier': 'quadruped_mujoco', 'progress': 'build'}
[0.007756] (quadruped_mujoco) Command: {'cmd': ['/usr/bin/cmake', '--build', '/home/nisarg/Documents/repo/libchamp-imp/ros2_ws/build/quadruped_mujoco', '--', '-j12', '-l12'], 'cwd': '/home/nisarg/Documents/repo/libchamp-imp/ros2_ws/build/quadruped_mujoco', 'env': OrderedDict([('LANGUAGE', 'en_IN:en'), ('USER', 'nisarg'), ('ROS_PACKAGE_PATH', '/home/nisarg/quadruped_ws/install/unitree_legged_sdk/share'), ('XDG_SESSION_TYPE', 'x11'), ('SHLVL', '1'), ('LD_LIBRARY_PATH', '/home/nisarg/Documents/repo/libchamp-imp/ros2_ws/install/quadruped_mujoco/lib:/home/nisarg/.mujoco/mujoco210/bin:/home/nisarg/quadruped_ws/install/unitree_go/lib:/home/nisarg/quadruped_ws/install/unitree_api/lib:/home/nisarg/quadruped_ws/install/champ_msgs/lib:/usr/lib/x86_64-linux-gnu/gazebo-11/plugins:/opt/ros/humble/opt/rviz_ogre_vendor/lib:/opt/ros/humble/lib/x86_64-linux-gnu:/opt/ros/humble/lib'), ('HOME', '/home/nisarg'), ('CONDA_SHLVL', '0'), ('OLDPWD', '/home/nisarg/Documents/repo/libchamp-imp/ros2_ws'), ('DESKTOP_SESSION', 'ubuntu'), ('ROS_PYTHON_VERSION', '3'), ('GNOME_SHELL_SESSION_MODE', 'ubuntu'), ('GTK_MODULES', 'gail:atk-bridge'), ('DBUS_STARTER_BUS_TYPE', 'session'), ('SYSTEMD_EXEC_PID', '2064'), ('DBUS_SESSION_BUS_ADDRESS', 'unix:path=/run/user/1000/bus,guid=e03bf6c2ed0ad06e9aa581ee67d7e20e'), ('COLORTERM', 'truecolor'), ('_CE_M', ''), ('COLCON_PREFIX_PATH', '/home/nisarg/Documents/repo/libchamp-imp/ros2_ws/install:/home/nisarg/Documents/repo/helium-quadruped-mjc/install:/home/nisarg/quadruped_ws/install'), ('ROS_DISTRO', 'humble'), ('GTK_IM_MODULE', 'ibus'), ('LOGNAME', 'nisarg'), ('_', '/usr/bin/colcon'), ('ROS_VERSION', '2'), ('PKG_CONFIG_PATH', '/home/nisarg/quadruped_ws/install/unitree_legged_sdk/lib/x86_64-linux-gnu/pkgconfig:/home/nisarg/quadruped_ws/install/unitree_legged_sdk/lib/pkgconfig'), ('XDG_SESSION_CLASS', 'user'), ('USERNAME', 'nisarg'), ('TERM', 'xterm-256color'), ('GNOME_DESKTOP_SESSION_ID', 'this-is-deprecated'), ('_CE_CONDA', ''), ('ROS_LOCALHOST_ONLY', '0'), ('WINDOWPATH', '2'), ('PATH', '/home/nisarg/miniconda3/condabin:/opt/ros/humble/bin:/usr/local/sbin:/usr/local/bin:/usr/sbin:/usr/bin:/sbin:/bin:/usr/games:/usr/local/games:/snap/bin:/snap/bin'), ('SESSION_MANAGER', 'local/nisarg-OMEN:@/tmp/.ICE-unix/2064,unix/nisarg-OMEN:/tmp/.ICE-unix/2064'), ('XDG_MENU_PREFIX', 'gnome-'), ('GNOME_TERMINAL_SCREEN', '/org/gnome/Terminal/screen/a2c74410_1cec_4ef8_bca7_33967d08ea0c'), ('XDG_RUNTIME_DIR', '/run/user/1000'), ('DISPLAY', ':1'), ('LANG', 'en_US.UTF-8'), ('XDG_CURRENT_DESKTOP', 'ubuntu:GNOME'), ('XMODIFIERS', '@im=ibus'), ('XDG_SESSION_DESKTOP', 'ubuntu'), ('XAUTHORITY', '/run/user/1000/gdm/Xauthority'), ('GNOME_TERMINAL_SERVICE', ':1.107'), ('SSH_AGENT_LAUNCHER', 'gnome-keyring'), ('SSH_AUTH_SOCK', '/run/user/1000/keyring/ssh'), ('ROS_DOMAIN_ID', '47'), ('AMENT_PREFIX_PATH', '/home/nisarg/Documents/repo/libchamp-imp/ros2_ws/install/quadruped_mujoco:/home/nisarg/Documents/repo/helium-quadruped-mjc/install/helium_quadruped_simulation:/home/nisarg/Documents/repo/helium-quadruped-mjc/install/helium_quadruped_description:/home/nisarg/Documents/repo/helium-quadruped-mjc/install/helium_quadruped_controller:/home/nisarg/quadruped_ws/install/unitree_go:/home/nisarg/quadruped_ws/install/unitree_api:/home/nisarg/quadruped_ws/install/champ_teleop:/home/nisarg/quadruped_ws/install/champ_msgs:/home/nisarg/quadruped_ws/install/champ_description:/home/nisarg/quadruped_ws/install/champ:/opt/ros/humble'), ('CONDA_PYTHON_EXE', '/home/nisarg/miniconda3/bin/python'), ('SHELL', '/bin/bash'), ('QT_ACCESSIBILITY', '1'), ('GDMSESSION', 'ubuntu'), ('CMAKE_MODULE_PATH', '/home/nisarg/Documents/repo/libchamp-imp/ros2_ws/install/quadruped_mujoco/share/quadruped_mujoco/cmake'), ('GPG_AGENT_INFO', '/run/user/1000/gnupg/S.gpg-agent:0:1'), ('QT_IM_MODULE', 'ibus'), ('PWD', '/home/nisarg/Documents/repo/libchamp-imp/ros2_ws/build/quadruped_mujoco'), ('LC_ALL', 'en_US.UTF-8'), ('XDG_CONFIG_DIRS', '/etc/xdg/xdg-ubuntu:/etc/xdg'), ('CONDA_EXE', '/home/nisarg/miniconda3/bin/conda'), ('DBUS_STARTER_ADDRESS', 'unix:path=/run/user/1000/bus,guid=e03bf6c2ed0ad06e9aa581ee67d7e20e'), ('MUJOCO_PLUGIN_PATH', '/lib'), ('XDG_DATA_DIRS', '/usr/share/ubuntu:/usr/share/gnome:/usr/local/share/:/usr/share/:/var/lib/snapd/desktop'), ('PYTHONPATH', '/home/nisarg/Documents/repo/libchamp-imp/ros2_ws/install/quadruped_mujoco/local/lib/python3.10/dist-packages:/home/nisarg/Documents/repo/helium-quadruped-mjc/install/helium_quadruped_simulation/lib/python3.10/site-packages:/home/nisarg/Documents/repo/helium-quadruped-mjc/install/helium_quadruped_description/lib/python3.10/site-packages:/home/nisarg/Documents/repo/helium-quadruped-mjc/install/helium_quadruped_controller/lib/python3.10/site-packages:/home/nisarg/quadruped_ws/install/unitree_go/local/lib/python3.10/dist-packages:/home/nisarg/quadruped_ws/install/unitree_api/local/lib/python3.10/dist-packages:/home/nisarg/quadruped_ws/install/champ_msgs/local/lib/python3.10/dist-packages:/opt/ros/humble/lib/python3.10/site-packages:/opt/ros/humble/local/lib/python3.10/dist-packages'), ('COLCON', '1'), ('VTE_VERSION', '6800'), ('CMAKE_PREFIX_PATH', '/home/nisarg/Documents/repo/libchamp-imp/ros2_ws/install/quadruped_mujoco:/home/nisarg/quadruped_ws/install/unitree_go:/home/nisarg/quadruped_ws/install/unitree_api:/home/nisarg/quadruped_ws/install/champ_teleop:/home/nisarg/quadruped_ws/install/champ_msgs:/home/nisarg/quadruped_ws/install/champ_description:/home/nisarg/quadruped_ws/install/champ:/home/nisarg/Documents/repo/helium-quadruped-mjc/install/helium_quadruped_simulation:/home/nisarg/Documents/repo/helium-quadruped-mjc/install/helium_quadruped_description:/home/nisarg/Documents/repo/helium-quadruped-mjc/install/helium_quadruped_controller:/opt/ros/humble'), ('MUJOCO_KEY_PATH', '/home/nisarg/.mujoco/mjkey.txt')]), 'shell': False}
[0.068208] (quadruped_mujoco) StdoutLine: {'line': b'[  9%] Built target quadruped_mujoco__rosidl_generator_c\n'}
[0.075657] (quadruped_mujoco) StdoutLine: {'line': b'[ 12%] Built target mujoco_interface_node\n'}
[0.079881] (quadruped_mujoco) StdoutLine: {'line': b'[ 13%] Built target quadruped_mujoco__cpp\n'}
[0.098304] (quadruped_mujoco) StdoutLine: {'line': b'[ 13%] Built target ament_cmake_python_copy_quadruped_mujoco\n'}
[0.099839] (-) TimerEvent: {}
[0.102068] (quadruped_mujoco) StdoutLine: {'line': b'[ 22%] Built target quadruped_mujoco__rosidl_typesupport_introspection_c\n'}
[0.104551] (quadruped_mujoco) StdoutLine: {'line': b'[ 32%] Built target quadruped_mujoco__rosidl_typesupport_c\n'}
[0.106063] (quadruped_mujoco) StdoutLine: {'line': b'[ 41%] Built target quadruped_mujoco__rosidl_typesupport_fastrtps_c\n'}
[0.111674] (quadruped_mujoco) StdoutLine: {'line': b'[ 50%] Built target quadruped_mujoco__rosidl_typesupport_introspection_cpp\n'}
[0.116383] (quadruped_mujoco) StdoutLine: {'line': b'[ 64%] Built target quadruped_mujoco__rosidl_typesupport_cpp\n'}
[0.116562] (quadruped_mujoco) StdoutLine: {'line': b'[ 69%] Built target quadruped_mujoco__rosidl_typesupport_fastrtps_cpp\n'}
[0.126851] (quadruped_mujoco) StdoutLine: {'line': b'\x1b[35m\x1b[1mConsolidate compiler generated dependencies of target quadruped_mujoco_lib\x1b[0m\n'}
[0.131770] (quadruped_mujoco) StdoutLine: {'line': b'[ 69%] Built target quadruped_mujoco\n'}
[0.138318] (quadruped_mujoco) StdoutLine: {'line': b'[ 70%] \x1b[32mBuilding CXX object CMakeFiles/quadruped_mujoco_lib.dir/src/controllers/quadruped_controller.cpp.o\x1b[0m\n'}
[0.147724] (quadruped_mujoco) StdoutLine: {'line': b'[ 72%] Built target quadruped_mujoco__py\n'}
[0.171822] (quadruped_mujoco) StdoutLine: {'line': b'[ 80%] Built target quadruped_mujoco__rosidl_generator_py\n'}
[0.187053] (quadruped_mujoco) StdoutLine: {'line': b'[ 82%] Built target quadruped_mujoco__rosidl_typesupport_c__pyext\n'}
[0.194826] (quadruped_mujoco) StdoutLine: {'line': b'[ 85%] Built target quadruped_mujoco__rosidl_typesupport_fastrtps_c__pyext\n'}
[0.196320] (quadruped_mujoco) StdoutLine: {'line': b'[ 88%] Built target quadruped_mujoco__rosidl_typesupport_introspection_c__pyext\n'}
[0.199938] (-) TimerEvent: {}
[0.267082] (quadruped_mujoco) StdoutLine: {'line': b'running egg_info\n'}
[0.267449] (quadruped_mujoco) StdoutLine: {'line': b'writing quadruped_mujoco.egg-info/PKG-INFO\n'}
[0.267678] (quadruped_mujoco) StdoutLine: {'line': b'writing dependency_links to quadruped_mujoco.egg-info/dependency_links.txt\n'}
[0.267805] (quadruped_mujoco) StdoutLine: {'line': b'writing top-level names to quadruped_mujoco.egg-info/top_level.txt\n'}
[0.269066] (quadruped_mujoco) StdoutLine: {'line': b"reading manifest file 'quadruped_mujoco.egg-info/SOURCES.txt'\n"}
[0.269419] (quadruped_mujoco) StdoutLine: {'line': b"writing manifest file 'quadruped_mujoco.egg-info/SOURCES.txt'\n"}
[0.290337] (quadruped_mujoco) StdoutLine: {'line': b'[ 88%] Built target ament_cmake_python_build_quadruped_mujoco_egg\n'}
[0.300154] (-) TimerEvent: {}
[0.400460] (-) TimerEvent: {}
[0.500854] (-) TimerEvent: {}
[0.601153] (-) TimerEvent: {}
[0.701488] (-) TimerEvent: {}
[0.801920] (-) TimerEvent: {}
[0.902416] (-) TimerEvent: {}
[1.002762] (-) TimerEvent: {}
[1.103104] (-) TimerEvent: {}
[1.203466] (-) TimerEvent: {}
[1.303817] (-) TimerEvent: {}
[1.404267] (-) TimerEvent: {}
[1.504548] (-) TimerEvent: {}
[1.566863] (quadruped_mujoco) StderrLine: {'line': b'In file included from \x1b[01m\x1b[K/home/nisarg/Documents/repo/libchamp-imp/ros2_ws/src/quadruped_mujoco/include/quadruped_mujoco/leg_controller/leg_controller.hpp:6\x1b[m\x1b[K,\n'}
[1.567028] (quadruped_mujoco) StderrLine: {'line': b'                 from \x1b[01m\x1b[K/home/nisarg/Documents/repo/libchamp-imp/ros2_ws/src/quadruped_mujoco/include/quadruped_mujoco/controllers/quadruped_controller.hpp:12\x1b[m\x1b[K,\n'}
[1.567073] (quadruped_mujoco) StderrLine: {'line': b'                 from \x1b[01m\x1b[K/home/nisarg/Documents/repo/libchamp-imp/ros2_ws/src/quadruped_mujoco/src/controllers/quadruped_controller.cpp:1\x1b[m\x1b[K:\n'}
[1.567106] (quadruped_mujoco) StderrLine: {'line': b'\x1b[01m\x1b[K/home/nisarg/Documents/repo/libchamp-imp/ros2_ws/src/quadruped_mujoco/include/quadruped_mujoco/leg_controller/phase_generator.hpp:\x1b[m\x1b[K In constructor \xe2\x80\x98\x1b[01m\x1b[Kchamp::PhaseGenerator::PhaseGenerator(champ::QuadrupedBase&, champ::PhaseGenerator::Time)\x1b[m\x1b[K\xe2\x80\x99:\n'}
[1.567140] (quadruped_mujoco) StderrLine: {'line': b'\x1b[01m\x1b[K/home/nisarg/Documents/repo/libchamp-imp/ros2_ws/src/quadruped_mujoco/include/quadruped_mujoco/leg_controller/phase_generator.hpp:64:18:\x1b[m\x1b[K \x1b[01;35m\x1b[Kwarning: \x1b[m\x1b[K\xe2\x80\x98\x1b[01m\x1b[Kchamp::PhaseGenerator::has_swung_\x1b[m\x1b[K\xe2\x80\x99 will be initialized after [\x1b[01;35m\x1b[K\x1b]8;;https://gcc.gnu.org/onlinedocs/gcc/Warning-Options.html#index-Wreorder\x07-Wreorder\x1b]8;;\x07\x1b[m\x1b[K]\n'}
[1.567325] (quadruped_mujoco) StderrLine: {'line': b'   64 |             bool \x1b[01;35m\x1b[Khas_swung_\x1b[m\x1b[K;\n'}
[1.567378] (quadruped_mujoco) StderrLine: {'line': b'      |                  \x1b[01;35m\x1b[K^~~~~~~~~~\x1b[m\x1b[K\n'}
[1.567410] (quadruped_mujoco) StderrLine: {'line': b'\x1b[01m\x1b[K/home/nisarg/Documents/repo/libchamp-imp/ros2_ws/src/quadruped_mujoco/include/quadruped_mujoco/leg_controller/phase_generator.hpp:17:18:\x1b[m\x1b[K \x1b[01;35m\x1b[Kwarning: \x1b[m\x1b[K  \xe2\x80\x98\x1b[01m\x1b[Kbool champ::PhaseGenerator::has_started\x1b[m\x1b[K\xe2\x80\x99 [\x1b[01;35m\x1b[K\x1b]8;;https://gcc.gnu.org/onlinedocs/gcc/Warning-Options.html#index-Wreorder\x07-Wreorder\x1b]8;;\x07\x1b[m\x1b[K]\n'}
[1.567443] (quadruped_mujoco) StderrLine: {'line': b'   17 |             bool \x1b[01;35m\x1b[Khas_started\x1b[m\x1b[K;\n'}
[1.567471] (quadruped_mujoco) StderrLine: {'line': b'      |                  \x1b[01;35m\x1b[K^~~~~~~~~~~\x1b[m\x1b[K\n'}
[1.567498] (quadruped_mujoco) StderrLine: {'line': b'\x1b[01m\x1b[K/home/nisarg/Documents/repo/libchamp-imp/ros2_ws/src/quadruped_mujoco/include/quadruped_mujoco/leg_controller/phase_generator.hpp:19:13:\x1b[m\x1b[K \x1b[01;35m\x1b[Kwarning: \x1b[m\x1b[K  when initialized here [\x1b[01;35m\x1b[K\x1b]8;;https://gcc.gnu.org/onlinedocs/gcc/Warning-Options.html#index-Wreorder\x07-Wreorder\x1b]8;;\x07\x1b[m\x1b[K]\n'}
[1.567539] (quadruped_mujoco) StderrLine: {'line': b'   19 |             \x1b[01;35m\x1b[KPhaseGenerator\x1b[m\x1b[K(QuadrupedBase &base, Time time = now()):\n'}
[1.567568] (quadruped_mujoco) StderrLine: {'line': b'      |             \x1b[01;35m\x1b[K^~~~~~~~~~~~~~\x1b[m\x1b[K\n'}
[1.567596] (quadruped_mujoco) StderrLine: {'line': b'\x1b[01m\x1b[K/home/nisarg/Documents/repo/libchamp-imp/ros2_ws/src/quadruped_mujoco/include/quadruped_mujoco/leg_controller/phase_generator.hpp:\x1b[m\x1b[K In member function \xe2\x80\x98\x1b[01m\x1b[Kvoid champ::PhaseGenerator::run(float, float, champ::PhaseGenerator::Time)\x1b[m\x1b[K\xe2\x80\x99:\n'}
[1.567626] (quadruped_mujoco) StderrLine: {'line': b'\x1b[01m\x1b[K/home/nisarg/Documents/repo/libchamp-imp/ros2_ws/src/quadruped_mujoco/include/quadruped_mujoco/leg_controller/phase_generator.hpp:32:28:\x1b[m\x1b[K \x1b[01;35m\x1b[Kwarning: \x1b[m\x1b[Kunused parameter \xe2\x80\x98\x1b[01m\x1b[Ktarget_velocity\x1b[m\x1b[K\xe2\x80\x99 [\x1b[01;35m\x1b[K\x1b]8;;https://gcc.gnu.org/onlinedocs/gcc/Warning-Options.html#index-Wunused-parameter\x07-Wunused-parameter\x1b]8;;\x07\x1b[m\x1b[K]\n'}
[1.567660] (quadruped_mujoco) StderrLine: {'line': b'   32 |             void run(\x1b[01;35m\x1b[Kfloat target_velocity\x1b[m\x1b[K, float step_length, Time time = now())\n'}
[1.567688] (quadruped_mujoco) StderrLine: {'line': b'      |                      \x1b[01;35m\x1b[K~~~~~~^~~~~~~~~~~~~~~\x1b[m\x1b[K\n'}
[1.567715] (quadruped_mujoco) StderrLine: {'line': b'\x1b[01m\x1b[K/home/nisarg/Documents/repo/libchamp-imp/ros2_ws/src/quadruped_mujoco/include/quadruped_mujoco/leg_controller/phase_generator.hpp:32:51:\x1b[m\x1b[K \x1b[01;35m\x1b[Kwarning: \x1b[m\x1b[Kunused parameter \xe2\x80\x98\x1b[01m\x1b[Kstep_length\x1b[m\x1b[K\xe2\x80\x99 [\x1b[01;35m\x1b[K\x1b]8;;https://gcc.gnu.org/onlinedocs/gcc/Warning-Options.html#index-Wunused-parameter\x07-Wunused-parameter\x1b]8;;\x07\x1b[m\x1b[K]\n'}
[1.567748] (quadruped_mujoco) StderrLine: {'line': b'   32 |             void run(float target_velocity, \x1b[01;35m\x1b[Kfloat step_length\x1b[m\x1b[K, Time time = now())\n'}
[1.567775] (quadruped_mujoco) StderrLine: {'line': b'      |                                             \x1b[01;35m\x1b[K~~~~~~^~~~~~~~~~~\x1b[m\x1b[K\n'}
[1.567802] (quadruped_mujoco) StderrLine: {'line': b'In file included from \x1b[01m\x1b[K/home/nisarg/Documents/repo/libchamp-imp/ros2_ws/src/quadruped_mujoco/include/quadruped_mujoco/controllers/quadruped_controller.hpp:12\x1b[m\x1b[K,\n'}
[1.567828] (quadruped_mujoco) StderrLine: {'line': b'                 from \x1b[01m\x1b[K/home/nisarg/Documents/repo/libchamp-imp/ros2_ws/src/quadruped_mujoco/src/controllers/quadruped_controller.cpp:1\x1b[m\x1b[K:\n'}
[1.567855] (quadruped_mujoco) StderrLine: {'line': b'\x1b[01m\x1b[K/home/nisarg/Documents/repo/libchamp-imp/ros2_ws/src/quadruped_mujoco/include/quadruped_mujoco/leg_controller/leg_controller.hpp:\x1b[m\x1b[K In constructor \xe2\x80\x98\x1b[01m\x1b[Kchamp::LegController::LegController(champ::QuadrupedBase&, champ::PhaseGenerator::Time)\x1b[m\x1b[K\xe2\x80\x99:\n'}
[1.567883] (quadruped_mujoco) StderrLine: {'line': b'\x1b[01m\x1b[K/home/nisarg/Documents/repo/libchamp-imp/ros2_ws/src/quadruped_mujoco/include/quadruped_mujoco/leg_controller/leg_controller.hpp:13:69:\x1b[m\x1b[K \x1b[01;35m\x1b[Kwarning: \x1b[m\x1b[Kunused parameter \xe2\x80\x98\x1b[01m\x1b[Ktime\x1b[m\x1b[K\xe2\x80\x99 [\x1b[01;35m\x1b[K\x1b]8;;https://gcc.gnu.org/onlinedocs/gcc/Warning-Options.html#index-Wunused-parameter\x07-Wunused-parameter\x1b]8;;\x07\x1b[m\x1b[K]\n'}
[1.567914] (quadruped_mujoco) StderrLine: {'line': b'   13 |             LegController(QuadrupedBase &base, \x1b[01;35m\x1b[KPhaseGenerator::Time time = PhaseGenerator::now()\x1b[m\x1b[K):\n'}
[1.567944] (quadruped_mujoco) StderrLine: {'line': b'      |                                                \x1b[01;35m\x1b[K~~~~~~~~~~~~~~~~~~~~~^~~~~~~~~~~~~~~~~~~~~~~~~~~~\x1b[m\x1b[K\n'}
[1.604751] (-) TimerEvent: {}
[1.653028] (quadruped_mujoco) StderrLine: {'line': b'\x1b[01m\x1b[K/home/nisarg/Documents/repo/libchamp-imp/ros2_ws/src/quadruped_mujoco/src/controllers/quadruped_controller.cpp:\x1b[m\x1b[K In constructor \xe2\x80\x98\x1b[01m\x1b[Kchamp::QuadrupedController::QuadrupedController(rclcpp::Node::SharedPtr)\x1b[m\x1b[K\xe2\x80\x99:\n'}
[1.653166] (quadruped_mujoco) StderrLine: {'line': b'\x1b[01m\x1b[K/home/nisarg/Documents/repo/libchamp-imp/ros2_ws/src/quadruped_mujoco/src/controllers/quadruped_controller.cpp:29:15:\x1b[m\x1b[K \x1b[01;31m\x1b[Kerror: \x1b[m\x1b[K\xe2\x80\x98\x1b[01m\x1b[Kclass champ::QuadrupedBase\x1b[m\x1b[K\xe2\x80\x99 has no member named \xe2\x80\x98\x1b[01m\x1b[KsetLegCount\x1b[m\x1b[K\xe2\x80\x99\n'}
[1.653206] (quadruped_mujoco) StderrLine: {'line': b'   29 |         base_.\x1b[01;31m\x1b[KsetLegCount\x1b[m\x1b[K(4);\n'}
[1.653237] (quadruped_mujoco) StderrLine: {'line': b'      |               \x1b[01;31m\x1b[K^~~~~~~~~~~\x1b[m\x1b[K\n'}
[1.653267] (quadruped_mujoco) StderrLine: {'line': b'\x1b[01m\x1b[K/home/nisarg/Documents/repo/libchamp-imp/ros2_ws/src/quadruped_mujoco/src/controllers/quadruped_controller.cpp:33:50:\x1b[m\x1b[K \x1b[01;31m\x1b[Kerror: \x1b[m\x1b[Kno matching function for call to \xe2\x80\x98\x1b[01m\x1b[Kchamp::QuadrupedLeg::QuadrupedLeg()\x1b[m\x1b[K\xe2\x80\x99\n'}
[1.653297] (quadruped_mujoco) StderrLine: {'line': b'   33 |             QuadrupedLeg* leg = new QuadrupedLeg(\x1b[01;31m\x1b[K)\x1b[m\x1b[K;\n'}
[1.653325] (quadruped_mujoco) StderrLine: {'line': b'      |                                                  \x1b[01;31m\x1b[K^\x1b[m\x1b[K\n'}
[1.653361] (quadruped_mujoco) StderrLine: {'line': b'In file included from \x1b[01m\x1b[K/home/nisarg/Documents/repo/libchamp-imp/ros2_ws/src/quadruped_mujoco/include/quadruped_mujoco/quadruped_base/quadruped_base.hpp:5\x1b[m\x1b[K,\n'}
[1.653388] (quadruped_mujoco) StderrLine: {'line': b'                 from \x1b[01m\x1b[K/home/nisarg/Documents/repo/libchamp-imp/ros2_ws/src/quadruped_mujoco/include/quadruped_mujoco/body_controller/body_controller.hpp:4\x1b[m\x1b[K,\n'}
[1.653414] (quadruped_mujoco) StderrLine: {'line': b'                 from \x1b[01m\x1b[K/home/nisarg/Documents/repo/libchamp-imp/ros2_ws/src/quadruped_mujoco/include/quadruped_mujoco/controllers/quadruped_controller.hpp:11\x1b[m\x1b[K,\n'}
[1.653441] (quadruped_mujoco) StderrLine: {'line': b'                 from \x1b[01m\x1b[K/home/nisarg/Documents/repo/libchamp-imp/ros2_ws/src/quadruped_mujoco/src/controllers/quadruped_controller.cpp:1\x1b[m\x1b[K:\n'}
[1.653468] (quadruped_mujoco) StderrLine: {'line': b'\x1b[01m\x1b[K/home/nisarg/Documents/repo/libchamp-imp/ros2_ws/src/quadruped_mujoco/include/quadruped_mujoco/quadruped_base/quadruped_leg.hpp:12:13:\x1b[m\x1b[K \x1b[01;36m\x1b[Knote: \x1b[m\x1b[Kcandidate: \xe2\x80\x98\x1b[01m\x1b[Kchamp::QuadrupedLeg::QuadrupedLeg(const geometry::Point&, const geometry::Point&, const geometry::Point&, const geometry::Point&)\x1b[m\x1b[K\xe2\x80\x99\n'}
[1.653500] (quadruped_mujoco) StderrLine: {'line': b'   12 |             \x1b[01;36m\x1b[KQuadrupedLeg\x1b[m\x1b[K(const geometry::Point &hip, const geometry::Point &upper_leg,\n'}
[1.653527] (quadruped_mujoco) StderrLine: {'line': b'      |             \x1b[01;36m\x1b[K^~~~~~~~~~~~\x1b[m\x1b[K\n'}
[1.653554] (quadruped_mujoco) StderrLine: {'line': b'\x1b[01m\x1b[K/home/nisarg/Documents/repo/libchamp-imp/ros2_ws/src/quadruped_mujoco/include/quadruped_mujoco/quadruped_base/quadruped_leg.hpp:12:13:\x1b[m\x1b[K \x1b[01;36m\x1b[Knote: \x1b[m\x1b[K  candidate expects 4 arguments, 0 provided\n'}
[1.653581] (quadruped_mujoco) StderrLine: {'line': b'\x1b[01m\x1b[K/home/nisarg/Documents/repo/libchamp-imp/ros2_ws/src/quadruped_mujoco/include/quadruped_mujoco/quadruped_base/quadruped_leg.hpp:9:11:\x1b[m\x1b[K \x1b[01;36m\x1b[Knote: \x1b[m\x1b[Kcandidate: \xe2\x80\x98\x1b[01m\x1b[Kchamp::QuadrupedLeg::QuadrupedLeg(const champ::QuadrupedLeg&)\x1b[m\x1b[K\xe2\x80\x99\n'}
[1.653611] (quadruped_mujoco) StderrLine: {'line': b'    9 |     class \x1b[01;36m\x1b[KQuadrupedLeg\x1b[m\x1b[K\n'}
[1.653638] (quadruped_mujoco) StderrLine: {'line': b'      |           \x1b[01;36m\x1b[K^~~~~~~~~~~~\x1b[m\x1b[K\n'}
[1.653664] (quadruped_mujoco) StderrLine: {'line': b'\x1b[01m\x1b[K/home/nisarg/Documents/repo/libchamp-imp/ros2_ws/src/quadruped_mujoco/include/quadruped_mujoco/quadruped_base/quadruped_leg.hpp:9:11:\x1b[m\x1b[K \x1b[01;36m\x1b[Knote: \x1b[m\x1b[K  candidate expects 1 argument, 0 provided\n'}
[1.653690] (quadruped_mujoco) StderrLine: {'line': b'\x1b[01m\x1b[K/home/nisarg/Documents/repo/libchamp-imp/ros2_ws/src/quadruped_mujoco/include/quadruped_mujoco/quadruped_base/quadruped_leg.hpp:9:11:\x1b[m\x1b[K \x1b[01;36m\x1b[Knote: \x1b[m\x1b[Kcandidate: \xe2\x80\x98\x1b[01m\x1b[Kchamp::QuadrupedLeg::QuadrupedLeg(champ::QuadrupedLeg&&)\x1b[m\x1b[K\xe2\x80\x99\n'}
[1.653719] (quadruped_mujoco) StderrLine: {'line': b'\x1b[01m\x1b[K/home/nisarg/Documents/repo/libchamp-imp/ros2_ws/src/quadruped_mujoco/include/quadruped_mujoco/quadruped_base/quadruped_leg.hpp:9:11:\x1b[m\x1b[K \x1b[01;36m\x1b[Knote: \x1b[m\x1b[K  candidate expects 1 argument, 0 provided\n'}
[1.653745] (quadruped_mujoco) StderrLine: {'line': b'\x1b[01m\x1b[K/home/nisarg/Documents/repo/libchamp-imp/ros2_ws/src/quadruped_mujoco/src/controllers/quadruped_controller.cpp:39:39:\x1b[m\x1b[K \x1b[01;31m\x1b[Kerror: \x1b[m\x1b[K\xe2\x80\x98\x1b[01m\x1b[Kclass geometry::Transformation\x1b[m\x1b[K\xe2\x80\x99 has no member named \xe2\x80\x98\x1b[01m\x1b[Kposition\x1b[m\x1b[K\xe2\x80\x99\n'}
[1.653774] (quadruped_mujoco) StderrLine: {'line': b'   39 |                     mounting_position.\x1b[01;31m\x1b[Kposition\x1b[m\x1b[K.x = 0.2;\n'}
[1.653803] (quadruped_mujoco) StderrLine: {'line': b'      |                                       \x1b[01;31m\x1b[K^~~~~~~~\x1b[m\x1b[K\n'}
[1.653830] (quadruped_mujoco) StderrLine: {'line': b'\x1b[01m\x1b[K/home/nisarg/Documents/repo/libchamp-imp/ros2_ws/src/quadruped_mujoco/src/controllers/quadruped_controller.cpp:40:39:\x1b[m\x1b[K \x1b[01;31m\x1b[Kerror: \x1b[m\x1b[K\xe2\x80\x98\x1b[01m\x1b[Kclass geometry::Transformation\x1b[m\x1b[K\xe2\x80\x99 has no member named \xe2\x80\x98\x1b[01m\x1b[Kposition\x1b[m\x1b[K\xe2\x80\x99\n'}
[1.653858] (quadruped_mujoco) StderrLine: {'line': b'   40 |                     mounting_position.\x1b[01;31m\x1b[Kposition\x1b[m\x1b[K.y = 0.15;\n'}
[1.653885] (quadruped_mujoco) StderrLine: {'line': b'      |                                       \x1b[01;31m\x1b[K^~~~~~~~\x1b[m\x1b[K\n'}
[1.653912] (quadruped_mujoco) StderrLine: {'line': b'\x1b[01m\x1b[K/home/nisarg/Documents/repo/libchamp-imp/ros2_ws/src/quadruped_mujoco/src/controllers/quadruped_controller.cpp:43:39:\x1b[m\x1b[K \x1b[01;31m\x1b[Kerror: \x1b[m\x1b[K\xe2\x80\x98\x1b[01m\x1b[Kclass geometry::Transformation\x1b[m\x1b[K\xe2\x80\x99 has no member named \xe2\x80\x98\x1b[01m\x1b[Kposition\x1b[m\x1b[K\xe2\x80\x99\n'}
[1.653940] (quadruped_mujoco) StderrLine: {'line': b'   43 |                     mounting_position.\x1b[01;31m\x1b[Kposition\x1b[m\x1b[K.x = 0.2;\n'}
[1.653975] (quadruped_mujoco) StderrLine: {'line': b'      |                                       \x1b[01;31m\x1b[K^~~~~~~~\x1b[m\x1b[K\n'}
[1.654003] (quadruped_mujoco) StderrLine: {'line': b'\x1b[01m\x1b[K/home/nisarg/Documents/repo/libchamp-imp/ros2_ws/src/quadruped_mujoco/src/controllers/quadruped_controller.cpp:44:39:\x1b[m\x1b[K \x1b[01;31m\x1b[Kerror: \x1b[m\x1b[K\xe2\x80\x98\x1b[01m\x1b[Kclass geometry::Transformation\x1b[m\x1b[K\xe2\x80\x99 has no member named \xe2\x80\x98\x1b[01m\x1b[Kposition\x1b[m\x1b[K\xe2\x80\x99\n'}
[1.654036] (quadruped_mujoco) StderrLine: {'line': b'   44 |                     mounting_position.\x1b[01;31m\x1b[Kposition\x1b[m\x1b[K.y = -0.15;\n'}
[1.654062] (quadruped_mujoco) StderrLine: {'line': b'      |                                       \x1b[01;31m\x1b[K^~~~~~~~\x1b[m\x1b[K\n'}
[1.654089] (quadruped_mujoco) StderrLine: {'line': b'\x1b[01m\x1b[K/home/nisarg/Documents/repo/libchamp-imp/ros2_ws/src/quadruped_mujoco/src/controllers/quadruped_controller.cpp:47:39:\x1b[m\x1b[K \x1b[01;31m\x1b[Kerror: \x1b[m\x1b[K\xe2\x80\x98\x1b[01m\x1b[Kclass geometry::Transformation\x1b[m\x1b[K\xe2\x80\x99 has no member named \xe2\x80\x98\x1b[01m\x1b[Kposition\x1b[m\x1b[K\xe2\x80\x99\n'}
[1.654126] (quadruped_mujoco) StderrLine: {'line': b'   47 |                     mounting_position.\x1b[01;31m\x1b[Kposition\x1b[m\x1b[K.x = -0.2;\n'}
[1.654152] (quadruped_mujoco) StderrLine: {'line': b'      |                                       \x1b[01;31m\x1b[K^~~~~~~~\x1b[m\x1b[K\n'}
[1.654178] (quadruped_mujoco) StderrLine: {'line': b'\x1b[01m\x1b[K/home/nisarg/Documents/repo/libchamp-imp/ros2_ws/src/quadruped_mujoco/src/controllers/quadruped_controller.cpp:48:39:\x1b[m\x1b[K \x1b[01;31m\x1b[Kerror: \x1b[m\x1b[K\xe2\x80\x98\x1b[01m\x1b[Kclass geometry::Transformation\x1b[m\x1b[K\xe2\x80\x99 has no member named \xe2\x80\x98\x1b[01m\x1b[Kposition\x1b[m\x1b[K\xe2\x80\x99\n'}
[1.654207] (quadruped_mujoco) StderrLine: {'line': b'   48 |                     mounting_position.\x1b[01;31m\x1b[Kposition\x1b[m\x1b[K.y = 0.15;\n'}
[1.654233] (quadruped_mujoco) StderrLine: {'line': b'      |                                       \x1b[01;31m\x1b[K^~~~~~~~\x1b[m\x1b[K\n'}
[1.654260] (quadruped_mujoco) StderrLine: {'line': b'\x1b[01m\x1b[K/home/nisarg/Documents/repo/libchamp-imp/ros2_ws/src/quadruped_mujoco/src/controllers/quadruped_controller.cpp:51:39:\x1b[m\x1b[K \x1b[01;31m\x1b[Kerror: \x1b[m\x1b[K\xe2\x80\x98\x1b[01m\x1b[Kclass geometry::Transformation\x1b[m\x1b[K\xe2\x80\x99 has no member named \xe2\x80\x98\x1b[01m\x1b[Kposition\x1b[m\x1b[K\xe2\x80\x99\n'}
[1.654289] (quadruped_mujoco) StderrLine: {'line': b'   51 |                     mounting_position.\x1b[01;31m\x1b[Kposition\x1b[m\x1b[K.x = -0.2;\n'}
[1.654315] (quadruped_mujoco) StderrLine: {'line': b'      |                                       \x1b[01;31m\x1b[K^~~~~~~~\x1b[m\x1b[K\n'}
[1.654341] (quadruped_mujoco) StderrLine: {'line': b'\x1b[01m\x1b[K/home/nisarg/Documents/repo/libchamp-imp/ros2_ws/src/quadruped_mujoco/src/controllers/quadruped_controller.cpp:52:39:\x1b[m\x1b[K \x1b[01;31m\x1b[Kerror: \x1b[m\x1b[K\xe2\x80\x98\x1b[01m\x1b[Kclass geometry::Transformation\x1b[m\x1b[K\xe2\x80\x99 has no member named \xe2\x80\x98\x1b[01m\x1b[Kposition\x1b[m\x1b[K\xe2\x80\x99\n'}
[1.654367] (quadruped_mujoco) StderrLine: {'line': b'   52 |                     mounting_position.\x1b[01;31m\x1b[Kposition\x1b[m\x1b[K.y = -0.15;\n'}
[1.654392] (quadruped_mujoco) StderrLine: {'line': b'      |                                       \x1b[01;31m\x1b[K^~~~~~~~\x1b[m\x1b[K\n'}
[1.654418] (quadruped_mujoco) StderrLine: {'line': b'\x1b[01m\x1b[K/home/nisarg/Documents/repo/libchamp-imp/ros2_ws/src/quadruped_mujoco/src/controllers/quadruped_controller.cpp:56:31:\x1b[m\x1b[K \x1b[01;31m\x1b[Kerror: \x1b[m\x1b[K\xe2\x80\x98\x1b[01m\x1b[Kclass geometry::Transformation\x1b[m\x1b[K\xe2\x80\x99 has no member named \xe2\x80\x98\x1b[01m\x1b[Kposition\x1b[m\x1b[K\xe2\x80\x99\n'}
[1.654444] (quadruped_mujoco) StderrLine: {'line': b'   56 |             mounting_position.\x1b[01;31m\x1b[Kposition\x1b[m\x1b[K.z = 0.0;\n'}
[1.654470] (quadruped_mujoco) StderrLine: {'line': b'      |                               \x1b[01;31m\x1b[K^~~~~~~~\x1b[m\x1b[K\n'}
[1.654495] (quadruped_mujoco) StderrLine: {'line': b'\x1b[01m\x1b[K/home/nisarg/Documents/repo/libchamp-imp/ros2_ws/src/quadruped_mujoco/src/controllers/quadruped_controller.cpp:59:18:\x1b[m\x1b[K \x1b[01;31m\x1b[Kerror: \x1b[m\x1b[K\xe2\x80\x98\x1b[01m\x1b[Kclass champ::QuadrupedLeg\x1b[m\x1b[K\xe2\x80\x99 has no member named \xe2\x80\x98\x1b[01m\x1b[Kid\x1b[m\x1b[K\xe2\x80\x99\n'}
[1.654522] (quadruped_mujoco) StderrLine: {'line': b'   59 |             leg->\x1b[01;31m\x1b[Kid\x1b[m\x1b[K = i;\n'}
[1.654548] (quadruped_mujoco) StderrLine: {'line': b'      |                  \x1b[01;31m\x1b[K^~\x1b[m\x1b[K\n'}
[1.654574] (quadruped_mujoco) StderrLine: {'line': b'\x1b[01m\x1b[K/home/nisarg/Documents/repo/libchamp-imp/ros2_ws/src/quadruped_mujoco/src/controllers/quadruped_controller.cpp:60:22:\x1b[m\x1b[K \x1b[01;31m\x1b[Kerror: \x1b[m\x1b[K\xe2\x80\x98\x1b[01m\x1b[Kclass geometry::Point\x1b[m\x1b[K\xe2\x80\x99 has no member named \xe2\x80\x98\x1b[01m\x1b[KsetLength\x1b[m\x1b[K\xe2\x80\x99\n'}
[1.654607] (quadruped_mujoco) StderrLine: {'line': b'   60 |             leg->hip.\x1b[01;31m\x1b[KsetLength\x1b[m\x1b[K(0.05);\n'}
[1.654633] (quadruped_mujoco) StderrLine: {'line': b'      |                      \x1b[01;31m\x1b[K^~~~~~~~~\x1b[m\x1b[K\n'}
[1.654658] (quadruped_mujoco) StderrLine: {'line': b'\x1b[01m\x1b[K/home/nisarg/Documents/repo/libchamp-imp/ros2_ws/src/quadruped_mujoco/src/controllers/quadruped_controller.cpp:61:28:\x1b[m\x1b[K \x1b[01;31m\x1b[Kerror: \x1b[m\x1b[K\xe2\x80\x98\x1b[01m\x1b[Kclass geometry::Point\x1b[m\x1b[K\xe2\x80\x99 has no member named \xe2\x80\x98\x1b[01m\x1b[KsetLength\x1b[m\x1b[K\xe2\x80\x99\n'}
[1.654684] (quadruped_mujoco) StderrLine: {'line': b'   61 |             leg->upper_leg.\x1b[01;31m\x1b[KsetLength\x1b[m\x1b[K(0.2);\n'}
[1.654709] (quadruped_mujoco) StderrLine: {'line': b'      |                            \x1b[01;31m\x1b[K^~~~~~~~~\x1b[m\x1b[K\n'}
[1.654735] (quadruped_mujoco) StderrLine: {'line': b'\x1b[01m\x1b[K/home/nisarg/Documents/repo/libchamp-imp/ros2_ws/src/quadruped_mujoco/src/controllers/quadruped_controller.cpp:62:28:\x1b[m\x1b[K \x1b[01;31m\x1b[Kerror: \x1b[m\x1b[K\xe2\x80\x98\x1b[01m\x1b[Kclass geometry::Point\x1b[m\x1b[K\xe2\x80\x99 has no member named \xe2\x80\x98\x1b[01m\x1b[KsetLength\x1b[m\x1b[K\xe2\x80\x99\n'}
[1.654763] (quadruped_mujoco) StderrLine: {'line': b'   62 |             leg->lower_leg.\x1b[01;31m\x1b[KsetLength\x1b[m\x1b[K(0.2);\n'}
[1.654788] (quadruped_mujoco) StderrLine: {'line': b'      |                            \x1b[01;31m\x1b[K^~~~~~~~~\x1b[m\x1b[K\n'}
[1.654813] (quadruped_mujoco) StderrLine: {'line': b'\x1b[01m\x1b[K/home/nisarg/Documents/repo/libchamp-imp/ros2_ws/src/quadruped_mujoco/src/controllers/quadruped_controller.cpp:63:23:\x1b[m\x1b[K \x1b[01;31m\x1b[Kerror: \x1b[m\x1b[K\xe2\x80\x98\x1b[01m\x1b[Kclass geometry::Point\x1b[m\x1b[K\xe2\x80\x99 has no member named \xe2\x80\x98\x1b[01m\x1b[KsetLength\x1b[m\x1b[K\xe2\x80\x99\n'}
[1.654841] (quadruped_mujoco) StderrLine: {'line': b'   63 |             leg->foot.\x1b[01;31m\x1b[KsetLength\x1b[m\x1b[K(0.0);\n'}
[1.654867] (quadruped_mujoco) StderrLine: {'line': b'      |                       \x1b[01;31m\x1b[K^~~~~~~~~\x1b[m\x1b[K\n'}
[1.654893] (quadruped_mujoco) StderrLine: {'line': b'\x1b[01m\x1b[K/home/nisarg/Documents/repo/libchamp-imp/ros2_ws/src/quadruped_mujoco/src/controllers/quadruped_controller.cpp:65:18:\x1b[m\x1b[K \x1b[01;31m\x1b[Kerror: \x1b[m\x1b[K\xe2\x80\x98\x1b[01m\x1b[Kclass champ::QuadrupedLeg\x1b[m\x1b[K\xe2\x80\x99 has no member named \xe2\x80\x98\x1b[01m\x1b[KsetMountingPosition\x1b[m\x1b[K\xe2\x80\x99\n'}
[1.654920] (quadruped_mujoco) StderrLine: {'line': b'   65 |             leg->\x1b[01;31m\x1b[KsetMountingPosition\x1b[m\x1b[K(mounting_position);\n'}
[1.654945] (quadruped_mujoco) StderrLine: {'line': b'      |                  \x1b[01;31m\x1b[K^~~~~~~~~~~~~~~~~~~\x1b[m\x1b[K\n'}
[1.654977] (quadruped_mujoco) StderrLine: {'line': b'\x1b[01m\x1b[K/home/nisarg/Documents/repo/libchamp-imp/ros2_ws/src/quadruped_mujoco/src/controllers/quadruped_controller.cpp:67:24:\x1b[m\x1b[K \x1b[01;31m\x1b[Kerror: \x1b[m\x1b[Krequest for member \xe2\x80\x98\x1b[01m\x1b[Kpush_back\x1b[m\x1b[K\xe2\x80\x99 in \xe2\x80\x98\x1b[01m\x1b[K((champ::QuadrupedController*)this)->champ::QuadrupedController::base_.champ::QuadrupedBase::legs\x1b[m\x1b[K\xe2\x80\x99, which is of non-class type \xe2\x80\x98\x1b[01m\x1b[Kchamp::QuadrupedLeg* [4]\x1b[m\x1b[K\xe2\x80\x99\n'}
[1.655008] (quadruped_mujoco) StderrLine: {'line': b'   67 |             base_.legs.\x1b[01;31m\x1b[Kpush_back\x1b[m\x1b[K(leg);\n'}
[1.655034] (quadruped_mujoco) StderrLine: {'line': b'      |                        \x1b[01;31m\x1b[K^~~~~~~~~\x1b[m\x1b[K\n'}
[1.660851] (quadruped_mujoco) StderrLine: {'line': b'\x1b[01m\x1b[K/home/nisarg/Documents/repo/libchamp-imp/ros2_ws/src/quadruped_mujoco/src/controllers/quadruped_controller.cpp:96:49:\x1b[m\x1b[K \x1b[01;31m\x1b[Kerror: \x1b[m\x1b[K\xe2\x80\x98\x1b[01m\x1b[Kclass champ::QuadrupedLeg\x1b[m\x1b[K\xe2\x80\x99 has no member named \xe2\x80\x98\x1b[01m\x1b[Knominal_stance\x1b[m\x1b[K\xe2\x80\x99\n'}
[1.660985] (quadruped_mujoco) StderrLine: {'line': b'   96 |             foot_positions_[i] = base_.legs[i]->\x1b[01;31m\x1b[Knominal_stance\x1b[m\x1b[K();\n'}
[1.661024] (quadruped_mujoco) StderrLine: {'line': b'      |                                                 \x1b[01;31m\x1b[K^~~~~~~~~~~~~~\x1b[m\x1b[K\n'}
[1.667207] (quadruped_mujoco) StderrLine: {'line': b'\x1b[01m\x1b[K/home/nisarg/Documents/repo/libchamp-imp/ros2_ws/src/quadruped_mujoco/src/controllers/quadruped_controller.cpp:\x1b[m\x1b[K In member function \xe2\x80\x98\x1b[01m\x1b[Kvirtual void champ::QuadrupedController::execute(const champ::Velocities&)\x1b[m\x1b[K\xe2\x80\x99:\n'}
[1.667327] (quadruped_mujoco) StderrLine: {'line': b'\x1b[01m\x1b[K/home/nisarg/Documents/repo/libchamp-imp/ros2_ws/src/quadruped_mujoco/src/controllers/quadruped_controller.cpp:219:57:\x1b[m\x1b[K \x1b[01;35m\x1b[Kwarning: \x1b[m\x1b[Kunused parameter \xe2\x80\x98\x1b[01m\x1b[Kreq_vel\x1b[m\x1b[K\xe2\x80\x99 [\x1b[01;35m\x1b[K\x1b]8;;https://gcc.gnu.org/onlinedocs/gcc/Warning-Options.html#index-Wunused-parameter\x07-Wunused-parameter\x1b]8;;\x07\x1b[m\x1b[K]\n'}
[1.667367] (quadruped_mujoco) StderrLine: {'line': b'  219 |     void QuadrupedController::execute(\x1b[01;35m\x1b[Kconst Velocities &req_vel\x1b[m\x1b[K)\n'}
[1.667399] (quadruped_mujoco) StderrLine: {'line': b'      |                                       \x1b[01;35m\x1b[K~~~~~~~~~~~~~~~~~~^~~~~~~\x1b[m\x1b[K\n'}
[1.704948] (-) TimerEvent: {}
[1.805285] (-) TimerEvent: {}
[1.905555] (-) TimerEvent: {}
[2.005895] (-) TimerEvent: {}
[2.106253] (-) TimerEvent: {}
[2.206519] (-) TimerEvent: {}
[2.306799] (-) TimerEvent: {}
[2.407104] (-) TimerEvent: {}
[2.507448] (-) TimerEvent: {}
[2.607811] (-) TimerEvent: {}
[2.708110] (-) TimerEvent: {}
[2.808448] (-) TimerEvent: {}
[2.908786] (-) TimerEvent: {}
[3.009134] (-) TimerEvent: {}
[3.109371] (-) TimerEvent: {}
[3.209714] (-) TimerEvent: {}
[3.310068] (-) TimerEvent: {}
[3.410351] (-) TimerEvent: {}
[3.510744] (-) TimerEvent: {}
[3.611073] (-) TimerEvent: {}
[3.711399] (-) TimerEvent: {}
[3.811726] (-) TimerEvent: {}
[3.912097] (-) TimerEvent: {}
[4.012429] (-) TimerEvent: {}
[4.112793] (-) TimerEvent: {}
[4.213084] (-) TimerEvent: {}
[4.313450] (-) TimerEvent: {}
[4.413829] (-) TimerEvent: {}
[4.514173] (-) TimerEvent: {}
[4.614526] (-) TimerEvent: {}
[4.714888] (-) TimerEvent: {}
[4.774288] (quadruped_mujoco) StderrLine: {'line': b'gmake[2]: *** [CMakeFiles/quadruped_mujoco_lib.dir/build.make:76: CMakeFiles/quadruped_mujoco_lib.dir/src/controllers/quadruped_controller.cpp.o] Error 1\n'}
[4.774452] (quadruped_mujoco) StderrLine: {'line': b'gmake[1]: *** [CMakeFiles/Makefile2:603: CMakeFiles/quadruped_mujoco_lib.dir/all] Error 2\n'}
[4.774688] (quadruped_mujoco) StderrLine: {'line': b'gmake: *** [Makefile:146: all] Error 2\n'}
[4.776795] (quadruped_mujoco) CommandEnded: {'returncode': 2}
[4.785944] (quadruped_mujoco) JobEnded: {'identifier': 'quadruped_mujoco', 'rc': 2}
[4.796790] (-) EventReactorShutdown: {}
