-- Found ament_cmake: 1.3.11 (/opt/ros/humble/share/ament_cmake/cmake)
-- Found rclcpp: 16.0.11 (/opt/ros/humble/share/rclcpp/cmake)
-- Found rosidl_generator_c: 3.1.6 (/opt/ros/humble/share/rosidl_generator_c/cmake)
-- Found rosidl_adapter: 3.1.6 (/opt/ros/humble/share/rosidl_adapter/cmake)
-- Found rosidl_generator_cpp: 3.1.6 (/opt/ros/humble/share/rosidl_generator_cpp/cmake)
-- Using all available rosidl_typesupport_c: rosidl_typesupport_fastrtps_c;rosidl_typesupport_introspection_c
-- Using all available rosidl_typesupport_cpp: rosidl_typesupport_fastrtps_cpp;rosidl_typesupport_introspection_cpp
-- Found rmw_implementation_cmake: 6.1.2 (/opt/ros/humble/share/rmw_implementation_cmake/cmake)
-- Found rmw_fastrtps_cpp: 6.2.7 (/opt/ros/humble/share/rmw_fastrtps_cpp/cmake)
-- Using RMW implementation 'rmw_fastrtps_cpp' as default
-- Found sensor_msgs: 4.2.4 (/opt/ros/humble/share/sensor_msgs/cmake)
-- Found nav_msgs: 4.2.4 (/opt/ros/humble/share/nav_msgs/cmake)
-- Found tf2: 0.25.12 (/opt/ros/humble/share/tf2/cmake)
-- Found tf2_ros: 0.25.12 (/opt/ros/humble/share/tf2_ros/cmake)
-- Found rosidl_default_generators: 1.2.0 (/opt/ros/humble/share/rosidl_default_generators/cmake)
-- Found ament_cmake_ros: 0.10.0 (/opt/ros/humble/share/ament_cmake_ros/cmake)
-- Using all available rosidl_typesupport_c: rosidl_typesupport_fastrtps_c;rosidl_typesupport_introspection_c
-- Using all available rosidl_typesupport_cpp: rosidl_typesupport_fastrtps_cpp;rosidl_typesupport_introspection_cpp
-- Found python_cmake_module: 0.10.0 (/opt/ros/humble/share/python_cmake_module/cmake)
-- Using PYTHON_EXECUTABLE: /usr/bin/python3
-- Using PYTHON_INCLUDE_DIRS: /usr/include/python3.10
-- Using PYTHON_LIBRARIES: /usr/lib/x86_64-linux-gnu/libpython3.10.so
-- Configuring done
-- Generating done
-- Build files have been written to: /home/nisarg/Documents/repo/libchamp-imp/ros2_ws/build/quadruped_mujoco
[35m[1mConsolidate compiler generated dependencies of target mujoco_interface_node[0m
[35m[1mConsolidate compiler generated dependencies of target quadruped_mujoco__rosidl_generator_c[0m
[  1%] Built target quadruped_mujoco__cpp
[ 10%] Built target quadruped_mujoco__rosidl_generator_c
[ 12%] Built target mujoco_interface_node
[ 12%] Built target ament_cmake_python_copy_quadruped_mujoco
[35m[1mConsolidate compiler generated dependencies of target quadruped_mujoco__rosidl_typesupport_fastrtps_cpp[0m
[35m[1mConsolidate compiler generated dependencies of target quadruped_mujoco__rosidl_typesupport_cpp[0m
[35m[1mConsolidate compiler generated dependencies of target quadruped_mujoco__rosidl_typesupport_introspection_c[0m
[35m[1mConsolidate compiler generated dependencies of target quadruped_mujoco__rosidl_typesupport_introspection_cpp[0m
[35m[1mConsolidate compiler generated dependencies of target quadruped_mujoco__rosidl_typesupport_fastrtps_c[0m
[35m[1mConsolidate compiler generated dependencies of target quadruped_mujoco__rosidl_typesupport_c[0m
[ 22%] Built target quadruped_mujoco__rosidl_typesupport_introspection_c
[ 31%] Built target quadruped_mujoco__rosidl_typesupport_fastrtps_cpp
[ 40%] Built target quadruped_mujoco__rosidl_typesupport_introspection_cpp
[ 49%] Built target quadruped_mujoco__rosidl_typesupport_cpp
[ 58%] Built target quadruped_mujoco__rosidl_typesupport_c
[ 67%] Built target quadruped_mujoco__rosidl_typesupport_fastrtps_c
[35m[1mConsolidate compiler generated dependencies of target quadruped_mujoco_lib[0m
[ 70%] Built target quadruped_mujoco_lib
[ 70%] Built target quadruped_mujoco
[35m[1mConsolidate compiler generated dependencies of target mujoco_sim_node[0m
[35m[1mConsolidate compiler generated dependencies of target trot_node[0m
[35m[1mConsolidate compiler generated dependencies of target turn_node[0m
[35m[1mConsolidate compiler generated dependencies of target quadruped_controller_node[0m
[35m[1mConsolidate compiler generated dependencies of target waypoint_nav_node[0m
[ 71%] [32mBuilding CXX object CMakeFiles/mujoco_sim_node.dir/src/nodes/mujoco_sim_node.cpp.o[0m
[ 72%] [32mBuilding CXX object CMakeFiles/trot_node.dir/src/nodes/trot_node.cpp.o[0m
[ 75%] Built target turn_node
[ 77%] Built target waypoint_nav_node
[ 79%] [32mBuilding CXX object CMakeFiles/quadruped_controller_node.dir/src/nodes/quadruped_controller_node.cpp.o[0m
[ 80%] Built target quadruped_mujoco__py
[35m[1mConsolidate compiler generated dependencies of target quadruped_mujoco__rosidl_generator_py[0m
[ 88%] Built target quadruped_mujoco__rosidl_generator_py
[35m[1mConsolidate compiler generated dependencies of target quadruped_mujoco__rosidl_typesupport_introspection_c__pyext[0m
[35m[1mConsolidate compiler generated dependencies of target quadruped_mujoco__rosidl_typesupport_c__pyext[0m
[35m[1mConsolidate compiler generated dependencies of target quadruped_mujoco__rosidl_typesupport_fastrtps_c__pyext[0m
[ 90%] Built target quadruped_mujoco__rosidl_typesupport_fastrtps_c__pyext
[ 93%] Built target quadruped_mujoco__rosidl_typesupport_introspection_c__pyext
[ 96%] Built target quadruped_mujoco__rosidl_typesupport_c__pyext
running egg_info
writing quadruped_mujoco.egg-info/PKG-INFO
writing dependency_links to quadruped_mujoco.egg-info/dependency_links.txt
writing top-level names to quadruped_mujoco.egg-info/top_level.txt
reading manifest file 'quadruped_mujoco.egg-info/SOURCES.txt'
writing manifest file 'quadruped_mujoco.egg-info/SOURCES.txt'
[ 96%] Built target ament_cmake_python_build_quadruped_mujoco_egg
[ 97%] [32m[1mLinking CXX executable mujoco_sim_node[0m
[ 98%] [32m[1mLinking CXX executable trot_node[0m
[ 98%] Built target mujoco_sim_node
[ 98%] Built target trot_node
[100%] [32m[1mLinking CXX executable quadruped_controller_node[0m
[100%] Built target quadruped_controller_node
-- Install configuration: ""
-- Up-to-date: /home/nisarg/Documents/repo/libchamp-imp/ros2_ws/install/quadruped_mujoco/share/ament_index/resource_index/rosidl_interfaces/quadruped_mujoco
-- Up-to-date: /home/nisarg/Documents/repo/libchamp-imp/ros2_ws/install/quadruped_mujoco/include/quadruped_mujoco/quadruped_mujoco
-- Up-to-date: /home/nisarg/Documents/repo/libchamp-imp/ros2_ws/install/quadruped_mujoco/include/quadruped_mujoco/quadruped_mujoco/msg
-- Up-to-date: /home/nisarg/Documents/repo/libchamp-imp/ros2_ws/install/quadruped_mujoco/include/quadruped_mujoco/quadruped_mujoco/msg/contacts_stamped.h
-- Up-to-date: /home/nisarg/Documents/repo/libchamp-imp/ros2_ws/install/quadruped_mujoco/include/quadruped_mujoco/quadruped_mujoco/msg/velocities.h
-- Up-to-date: /home/nisarg/Documents/repo/libchamp-imp/ros2_ws/install/quadruped_mujoco/include/quadruped_mujoco/quadruped_mujoco/msg/joints.h
-- Up-to-date: /home/nisarg/Documents/repo/libchamp-imp/ros2_ws/install/quadruped_mujoco/include/quadruped_mujoco/quadruped_mujoco/msg/contacts.h
-- Up-to-date: /home/nisarg/Documents/repo/libchamp-imp/ros2_ws/install/quadruped_mujoco/include/quadruped_mujoco/quadruped_mujoco/msg/detail
-- Up-to-date: /home/nisarg/Documents/repo/libchamp-imp/ros2_ws/install/quadruped_mujoco/include/quadruped_mujoco/quadruped_mujoco/msg/detail/velocities__functions.h
-- Up-to-date: /home/nisarg/Documents/repo/libchamp-imp/ros2_ws/install/quadruped_mujoco/include/quadruped_mujoco/quadruped_mujoco/msg/detail/contacts__type_support.h
-- Up-to-date: /home/nisarg/Documents/repo/libchamp-imp/ros2_ws/install/quadruped_mujoco/include/quadruped_mujoco/quadruped_mujoco/msg/detail/contacts_stamped__functions.c
-- Up-to-date: /home/nisarg/Documents/repo/libchamp-imp/ros2_ws/install/quadruped_mujoco/include/quadruped_mujoco/quadruped_mujoco/msg/detail/contacts_stamped__functions.h
-- Up-to-date: /home/nisarg/Documents/repo/libchamp-imp/ros2_ws/install/quadruped_mujoco/include/quadruped_mujoco/quadruped_mujoco/msg/detail/joints__type_support.h
-- Up-to-date: /home/nisarg/Documents/repo/libchamp-imp/ros2_ws/install/quadruped_mujoco/include/quadruped_mujoco/quadruped_mujoco/msg/detail/pose__functions.h
-- Up-to-date: /home/nisarg/Documents/repo/libchamp-imp/ros2_ws/install/quadruped_mujoco/include/quadruped_mujoco/quadruped_mujoco/msg/detail/joints__struct.h
-- Up-to-date: /home/nisarg/Documents/repo/libchamp-imp/ros2_ws/install/quadruped_mujoco/include/quadruped_mujoco/quadruped_mujoco/msg/detail/pose__type_support.h
-- Up-to-date: /home/nisarg/Documents/repo/libchamp-imp/ros2_ws/install/quadruped_mujoco/include/quadruped_mujoco/quadruped_mujoco/msg/detail/joints__functions.h
-- Up-to-date: /home/nisarg/Documents/repo/libchamp-imp/ros2_ws/install/quadruped_mujoco/include/quadruped_mujoco/quadruped_mujoco/msg/detail/contacts__struct.h
-- Up-to-date: /home/nisarg/Documents/repo/libchamp-imp/ros2_ws/install/quadruped_mujoco/include/quadruped_mujoco/quadruped_mujoco/msg/detail/joints__functions.c
-- Up-to-date: /home/nisarg/Documents/repo/libchamp-imp/ros2_ws/install/quadruped_mujoco/include/quadruped_mujoco/quadruped_mujoco/msg/detail/velocities__functions.c
-- Up-to-date: /home/nisarg/Documents/repo/libchamp-imp/ros2_ws/install/quadruped_mujoco/include/quadruped_mujoco/quadruped_mujoco/msg/detail/pose__functions.c
-- Up-to-date: /home/nisarg/Documents/repo/libchamp-imp/ros2_ws/install/quadruped_mujoco/include/quadruped_mujoco/quadruped_mujoco/msg/detail/velocities__struct.h
-- Up-to-date: /home/nisarg/Documents/repo/libchamp-imp/ros2_ws/install/quadruped_mujoco/include/quadruped_mujoco/quadruped_mujoco/msg/detail/contacts__functions.h
-- Up-to-date: /home/nisarg/Documents/repo/libchamp-imp/ros2_ws/install/quadruped_mujoco/include/quadruped_mujoco/quadruped_mujoco/msg/detail/contacts__functions.c
-- Up-to-date: /home/nisarg/Documents/repo/libchamp-imp/ros2_ws/install/quadruped_mujoco/include/quadruped_mujoco/quadruped_mujoco/msg/detail/pose__struct.h
-- Up-to-date: /home/nisarg/Documents/repo/libchamp-imp/ros2_ws/install/quadruped_mujoco/include/quadruped_mujoco/quadruped_mujoco/msg/detail/contacts_stamped__struct.h
-- Up-to-date: /home/nisarg/Documents/repo/libchamp-imp/ros2_ws/install/quadruped_mujoco/include/quadruped_mujoco/quadruped_mujoco/msg/detail/velocities__type_support.h
-- Up-to-date: /home/nisarg/Documents/repo/libchamp-imp/ros2_ws/install/quadruped_mujoco/include/quadruped_mujoco/quadruped_mujoco/msg/detail/contacts_stamped__type_support.h
-- Up-to-date: /home/nisarg/Documents/repo/libchamp-imp/ros2_ws/install/quadruped_mujoco/include/quadruped_mujoco/quadruped_mujoco/msg/rosidl_generator_c__visibility_control.h
-- Up-to-date: /home/nisarg/Documents/repo/libchamp-imp/ros2_ws/install/quadruped_mujoco/include/quadruped_mujoco/quadruped_mujoco/msg/pose.h
-- Up-to-date: /home/nisarg/Documents/repo/libchamp-imp/ros2_ws/install/quadruped_mujoco/share/quadruped_mujoco/environment/library_path.sh
-- Installing: /home/nisarg/Documents/repo/libchamp-imp/ros2_ws/install/quadruped_mujoco/share/quadruped_mujoco/environment/library_path.dsv
-- Up-to-date: /home/nisarg/Documents/repo/libchamp-imp/ros2_ws/install/quadruped_mujoco/lib/libquadruped_mujoco__rosidl_generator_c.so
-- Up-to-date: /home/nisarg/Documents/repo/libchamp-imp/ros2_ws/install/quadruped_mujoco/include/quadruped_mujoco/quadruped_mujoco
-- Up-to-date: /home/nisarg/Documents/repo/libchamp-imp/ros2_ws/install/quadruped_mujoco/include/quadruped_mujoco/quadruped_mujoco/msg
-- Up-to-date: /home/nisarg/Documents/repo/libchamp-imp/ros2_ws/install/quadruped_mujoco/include/quadruped_mujoco/quadruped_mujoco/msg/rosidl_typesupport_fastrtps_c__visibility_control.h
-- Up-to-date: /home/nisarg/Documents/repo/libchamp-imp/ros2_ws/install/quadruped_mujoco/include/quadruped_mujoco/quadruped_mujoco/msg/detail
-- Up-to-date: /home/nisarg/Documents/repo/libchamp-imp/ros2_ws/install/quadruped_mujoco/include/quadruped_mujoco/quadruped_mujoco/msg/detail/joints__rosidl_typesupport_fastrtps_c.h
-- Up-to-date: /home/nisarg/Documents/repo/libchamp-imp/ros2_ws/install/quadruped_mujoco/include/quadruped_mujoco/quadruped_mujoco/msg/detail/velocities__rosidl_typesupport_fastrtps_c.h
-- Up-to-date: /home/nisarg/Documents/repo/libchamp-imp/ros2_ws/install/quadruped_mujoco/include/quadruped_mujoco/quadruped_mujoco/msg/detail/contacts_stamped__rosidl_typesupport_fastrtps_c.h
-- Up-to-date: /home/nisarg/Documents/repo/libchamp-imp/ros2_ws/install/quadruped_mujoco/include/quadruped_mujoco/quadruped_mujoco/msg/detail/contacts__rosidl_typesupport_fastrtps_c.h
-- Up-to-date: /home/nisarg/Documents/repo/libchamp-imp/ros2_ws/install/quadruped_mujoco/include/quadruped_mujoco/quadruped_mujoco/msg/detail/pose__rosidl_typesupport_fastrtps_c.h
-- Up-to-date: /home/nisarg/Documents/repo/libchamp-imp/ros2_ws/install/quadruped_mujoco/lib/libquadruped_mujoco__rosidl_typesupport_fastrtps_c.so
-- Up-to-date: /home/nisarg/Documents/repo/libchamp-imp/ros2_ws/install/quadruped_mujoco/include/quadruped_mujoco/quadruped_mujoco
-- Up-to-date: /home/nisarg/Documents/repo/libchamp-imp/ros2_ws/install/quadruped_mujoco/include/quadruped_mujoco/quadruped_mujoco/msg
-- Up-to-date: /home/nisarg/Documents/repo/libchamp-imp/ros2_ws/install/quadruped_mujoco/include/quadruped_mujoco/quadruped_mujoco/msg/pose.hpp
-- Up-to-date: /home/nisarg/Documents/repo/libchamp-imp/ros2_ws/install/quadruped_mujoco/include/quadruped_mujoco/quadruped_mujoco/msg/contacts.hpp
-- Up-to-date: /home/nisarg/Documents/repo/libchamp-imp/ros2_ws/install/quadruped_mujoco/include/quadruped_mujoco/quadruped_mujoco/msg/velocities.hpp
-- Up-to-date: /home/nisarg/Documents/repo/libchamp-imp/ros2_ws/install/quadruped_mujoco/include/quadruped_mujoco/quadruped_mujoco/msg/joints.hpp
-- Up-to-date: /home/nisarg/Documents/repo/libchamp-imp/ros2_ws/install/quadruped_mujoco/include/quadruped_mujoco/quadruped_mujoco/msg/detail
-- Up-to-date: /home/nisarg/Documents/repo/libchamp-imp/ros2_ws/install/quadruped_mujoco/include/quadruped_mujoco/quadruped_mujoco/msg/detail/pose__traits.hpp
-- Up-to-date: /home/nisarg/Documents/repo/libchamp-imp/ros2_ws/install/quadruped_mujoco/include/quadruped_mujoco/quadruped_mujoco/msg/detail/velocities__struct.hpp
-- Up-to-date: /home/nisarg/Documents/repo/libchamp-imp/ros2_ws/install/quadruped_mujoco/include/quadruped_mujoco/quadruped_mujoco/msg/detail/joints__traits.hpp
-- Up-to-date: /home/nisarg/Documents/repo/libchamp-imp/ros2_ws/install/quadruped_mujoco/include/quadruped_mujoco/quadruped_mujoco/msg/detail/contacts_stamped__builder.hpp
-- Up-to-date: /home/nisarg/Documents/repo/libchamp-imp/ros2_ws/install/quadruped_mujoco/include/quadruped_mujoco/quadruped_mujoco/msg/detail/contacts__type_support.hpp
-- Up-to-date: /home/nisarg/Documents/repo/libchamp-imp/ros2_ws/install/quadruped_mujoco/include/quadruped_mujoco/quadruped_mujoco/msg/detail/contacts__struct.hpp
-- Up-to-date: /home/nisarg/Documents/repo/libchamp-imp/ros2_ws/install/quadruped_mujoco/include/quadruped_mujoco/quadruped_mujoco/msg/detail/velocities__traits.hpp
-- Up-to-date: /home/nisarg/Documents/repo/libchamp-imp/ros2_ws/install/quadruped_mujoco/include/quadruped_mujoco/quadruped_mujoco/msg/detail/joints__type_support.hpp
-- Up-to-date: /home/nisarg/Documents/repo/libchamp-imp/ros2_ws/install/quadruped_mujoco/include/quadruped_mujoco/quadruped_mujoco/msg/detail/contacts_stamped__type_support.hpp
-- Up-to-date: /home/nisarg/Documents/repo/libchamp-imp/ros2_ws/install/quadruped_mujoco/include/quadruped_mujoco/quadruped_mujoco/msg/detail/pose__struct.hpp
-- Up-to-date: /home/nisarg/Documents/repo/libchamp-imp/ros2_ws/install/quadruped_mujoco/include/quadruped_mujoco/quadruped_mujoco/msg/detail/velocities__builder.hpp
-- Up-to-date: /home/nisarg/Documents/repo/libchamp-imp/ros2_ws/install/quadruped_mujoco/include/quadruped_mujoco/quadruped_mujoco/msg/detail/contacts_stamped__struct.hpp
-- Up-to-date: /home/nisarg/Documents/repo/libchamp-imp/ros2_ws/install/quadruped_mujoco/include/quadruped_mujoco/quadruped_mujoco/msg/detail/pose__type_support.hpp
-- Up-to-date: /home/nisarg/Documents/repo/libchamp-imp/ros2_ws/install/quadruped_mujoco/include/quadruped_mujoco/quadruped_mujoco/msg/detail/joints__builder.hpp
-- Up-to-date: /home/nisarg/Documents/repo/libchamp-imp/ros2_ws/install/quadruped_mujoco/include/quadruped_mujoco/quadruped_mujoco/msg/detail/joints__struct.hpp
-- Up-to-date: /home/nisarg/Documents/repo/libchamp-imp/ros2_ws/install/quadruped_mujoco/include/quadruped_mujoco/quadruped_mujoco/msg/detail/contacts__traits.hpp
-- Up-to-date: /home/nisarg/Documents/repo/libchamp-imp/ros2_ws/install/quadruped_mujoco/include/quadruped_mujoco/quadruped_mujoco/msg/detail/velocities__type_support.hpp
-- Up-to-date: /home/nisarg/Documents/repo/libchamp-imp/ros2_ws/install/quadruped_mujoco/include/quadruped_mujoco/quadruped_mujoco/msg/detail/contacts_stamped__traits.hpp
-- Up-to-date: /home/nisarg/Documents/repo/libchamp-imp/ros2_ws/install/quadruped_mujoco/include/quadruped_mujoco/quadruped_mujoco/msg/detail/contacts__builder.hpp
-- Up-to-date: /home/nisarg/Documents/repo/libchamp-imp/ros2_ws/install/quadruped_mujoco/include/quadruped_mujoco/quadruped_mujoco/msg/detail/pose__builder.hpp
-- Up-to-date: /home/nisarg/Documents/repo/libchamp-imp/ros2_ws/install/quadruped_mujoco/include/quadruped_mujoco/quadruped_mujoco/msg/contacts_stamped.hpp
-- Up-to-date: /home/nisarg/Documents/repo/libchamp-imp/ros2_ws/install/quadruped_mujoco/include/quadruped_mujoco/quadruped_mujoco/msg/rosidl_generator_cpp__visibility_control.hpp
-- Up-to-date: /home/nisarg/Documents/repo/libchamp-imp/ros2_ws/install/quadruped_mujoco/include/quadruped_mujoco/quadruped_mujoco
-- Up-to-date: /home/nisarg/Documents/repo/libchamp-imp/ros2_ws/install/quadruped_mujoco/include/quadruped_mujoco/quadruped_mujoco/msg
-- Up-to-date: /home/nisarg/Documents/repo/libchamp-imp/ros2_ws/install/quadruped_mujoco/include/quadruped_mujoco/quadruped_mujoco/msg/rosidl_typesupport_fastrtps_cpp__visibility_control.h
-- Up-to-date: /home/nisarg/Documents/repo/libchamp-imp/ros2_ws/install/quadruped_mujoco/include/quadruped_mujoco/quadruped_mujoco/msg/detail
-- Up-to-date: /home/nisarg/Documents/repo/libchamp-imp/ros2_ws/install/quadruped_mujoco/include/quadruped_mujoco/quadruped_mujoco/msg/detail/contacts_stamped__rosidl_typesupport_fastrtps_cpp.hpp
-- Up-to-date: /home/nisarg/Documents/repo/libchamp-imp/ros2_ws/install/quadruped_mujoco/include/quadruped_mujoco/quadruped_mujoco/msg/detail/joints__rosidl_typesupport_fastrtps_cpp.hpp
-- Up-to-date: /home/nisarg/Documents/repo/libchamp-imp/ros2_ws/install/quadruped_mujoco/include/quadruped_mujoco/quadruped_mujoco/msg/detail/dds_fastrtps
-- Up-to-date: /home/nisarg/Documents/repo/libchamp-imp/ros2_ws/install/quadruped_mujoco/include/quadruped_mujoco/quadruped_mujoco/msg/detail/velocities__rosidl_typesupport_fastrtps_cpp.hpp
-- Up-to-date: /home/nisarg/Documents/repo/libchamp-imp/ros2_ws/install/quadruped_mujoco/include/quadruped_mujoco/quadruped_mujoco/msg/detail/contacts__rosidl_typesupport_fastrtps_cpp.hpp
-- Up-to-date: /home/nisarg/Documents/repo/libchamp-imp/ros2_ws/install/quadruped_mujoco/include/quadruped_mujoco/quadruped_mujoco/msg/detail/pose__rosidl_typesupport_fastrtps_cpp.hpp
-- Up-to-date: /home/nisarg/Documents/repo/libchamp-imp/ros2_ws/install/quadruped_mujoco/lib/libquadruped_mujoco__rosidl_typesupport_fastrtps_cpp.so
-- Up-to-date: /home/nisarg/Documents/repo/libchamp-imp/ros2_ws/install/quadruped_mujoco/include/quadruped_mujoco/quadruped_mujoco
-- Up-to-date: /home/nisarg/Documents/repo/libchamp-imp/ros2_ws/install/quadruped_mujoco/include/quadruped_mujoco/quadruped_mujoco/msg
-- Up-to-date: /home/nisarg/Documents/repo/libchamp-imp/ros2_ws/install/quadruped_mujoco/include/quadruped_mujoco/quadruped_mujoco/msg/detail
-- Up-to-date: /home/nisarg/Documents/repo/libchamp-imp/ros2_ws/install/quadruped_mujoco/include/quadruped_mujoco/quadruped_mujoco/msg/detail/joints__rosidl_typesupport_introspection_c.h
-- Up-to-date: /home/nisarg/Documents/repo/libchamp-imp/ros2_ws/install/quadruped_mujoco/include/quadruped_mujoco/quadruped_mujoco/msg/detail/joints__type_support.c
-- Up-to-date: /home/nisarg/Documents/repo/libchamp-imp/ros2_ws/install/quadruped_mujoco/include/quadruped_mujoco/quadruped_mujoco/msg/detail/velocities__type_support.c
-- Up-to-date: /home/nisarg/Documents/repo/libchamp-imp/ros2_ws/install/quadruped_mujoco/include/quadruped_mujoco/quadruped_mujoco/msg/detail/contacts__rosidl_typesupport_introspection_c.h
-- Up-to-date: /home/nisarg/Documents/repo/libchamp-imp/ros2_ws/install/quadruped_mujoco/include/quadruped_mujoco/quadruped_mujoco/msg/detail/velocities__rosidl_typesupport_introspection_c.h
-- Up-to-date: /home/nisarg/Documents/repo/libchamp-imp/ros2_ws/install/quadruped_mujoco/include/quadruped_mujoco/quadruped_mujoco/msg/detail/pose__rosidl_typesupport_introspection_c.h
-- Up-to-date: /home/nisarg/Documents/repo/libchamp-imp/ros2_ws/install/quadruped_mujoco/include/quadruped_mujoco/quadruped_mujoco/msg/detail/contacts__type_support.c
-- Up-to-date: /home/nisarg/Documents/repo/libchamp-imp/ros2_ws/install/quadruped_mujoco/include/quadruped_mujoco/quadruped_mujoco/msg/detail/contacts_stamped__type_support.c
-- Up-to-date: /home/nisarg/Documents/repo/libchamp-imp/ros2_ws/install/quadruped_mujoco/include/quadruped_mujoco/quadruped_mujoco/msg/detail/contacts_stamped__rosidl_typesupport_introspection_c.h
-- Up-to-date: /home/nisarg/Documents/repo/libchamp-imp/ros2_ws/install/quadruped_mujoco/include/quadruped_mujoco/quadruped_mujoco/msg/detail/pose__type_support.c
-- Up-to-date: /home/nisarg/Documents/repo/libchamp-imp/ros2_ws/install/quadruped_mujoco/include/quadruped_mujoco/quadruped_mujoco/msg/rosidl_typesupport_introspection_c__visibility_control.h
-- Up-to-date: /home/nisarg/Documents/repo/libchamp-imp/ros2_ws/install/quadruped_mujoco/lib/libquadruped_mujoco__rosidl_typesupport_introspection_c.so
-- Up-to-date: /home/nisarg/Documents/repo/libchamp-imp/ros2_ws/install/quadruped_mujoco/lib/libquadruped_mujoco__rosidl_typesupport_c.so
-- Up-to-date: /home/nisarg/Documents/repo/libchamp-imp/ros2_ws/install/quadruped_mujoco/include/quadruped_mujoco/quadruped_mujoco
-- Up-to-date: /home/nisarg/Documents/repo/libchamp-imp/ros2_ws/install/quadruped_mujoco/include/quadruped_mujoco/quadruped_mujoco/msg
-- Up-to-date: /home/nisarg/Documents/repo/libchamp-imp/ros2_ws/install/quadruped_mujoco/include/quadruped_mujoco/quadruped_mujoco/msg/detail
-- Up-to-date: /home/nisarg/Documents/repo/libchamp-imp/ros2_ws/install/quadruped_mujoco/include/quadruped_mujoco/quadruped_mujoco/msg/detail/joints__type_support.cpp
-- Up-to-date: /home/nisarg/Documents/repo/libchamp-imp/ros2_ws/install/quadruped_mujoco/include/quadruped_mujoco/quadruped_mujoco/msg/detail/velocities__rosidl_typesupport_introspection_cpp.hpp
-- Up-to-date: /home/nisarg/Documents/repo/libchamp-imp/ros2_ws/install/quadruped_mujoco/include/quadruped_mujoco/quadruped_mujoco/msg/detail/velocities__type_support.cpp
-- Up-to-date: /home/nisarg/Documents/repo/libchamp-imp/ros2_ws/install/quadruped_mujoco/include/quadruped_mujoco/quadruped_mujoco/msg/detail/contacts__type_support.cpp
-- Up-to-date: /home/nisarg/Documents/repo/libchamp-imp/ros2_ws/install/quadruped_mujoco/include/quadruped_mujoco/quadruped_mujoco/msg/detail/joints__rosidl_typesupport_introspection_cpp.hpp
-- Up-to-date: /home/nisarg/Documents/repo/libchamp-imp/ros2_ws/install/quadruped_mujoco/include/quadruped_mujoco/quadruped_mujoco/msg/detail/contacts__rosidl_typesupport_introspection_cpp.hpp
-- Up-to-date: /home/nisarg/Documents/repo/libchamp-imp/ros2_ws/install/quadruped_mujoco/include/quadruped_mujoco/quadruped_mujoco/msg/detail/pose__rosidl_typesupport_introspection_cpp.hpp
-- Up-to-date: /home/nisarg/Documents/repo/libchamp-imp/ros2_ws/install/quadruped_mujoco/include/quadruped_mujoco/quadruped_mujoco/msg/detail/pose__type_support.cpp
-- Up-to-date: /home/nisarg/Documents/repo/libchamp-imp/ros2_ws/install/quadruped_mujoco/include/quadruped_mujoco/quadruped_mujoco/msg/detail/contacts_stamped__rosidl_typesupport_introspection_cpp.hpp
-- Up-to-date: /home/nisarg/Documents/repo/libchamp-imp/ros2_ws/install/quadruped_mujoco/include/quadruped_mujoco/quadruped_mujoco/msg/detail/contacts_stamped__type_support.cpp
-- Up-to-date: /home/nisarg/Documents/repo/libchamp-imp/ros2_ws/install/quadruped_mujoco/lib/libquadruped_mujoco__rosidl_typesupport_introspection_cpp.so
-- Up-to-date: /home/nisarg/Documents/repo/libchamp-imp/ros2_ws/install/quadruped_mujoco/lib/libquadruped_mujoco__rosidl_typesupport_cpp.so
-- Up-to-date: /home/nisarg/Documents/repo/libchamp-imp/ros2_ws/install/quadruped_mujoco/share/quadruped_mujoco/environment/pythonpath.sh
-- Installing: /home/nisarg/Documents/repo/libchamp-imp/ros2_ws/install/quadruped_mujoco/share/quadruped_mujoco/environment/pythonpath.dsv
-- Up-to-date: /home/nisarg/Documents/repo/libchamp-imp/ros2_ws/install/quadruped_mujoco/local/lib/python3.10/dist-packages/quadruped_mujoco-0.1.0-py3.10.egg-info
-- Installing: /home/nisarg/Documents/repo/libchamp-imp/ros2_ws/install/quadruped_mujoco/local/lib/python3.10/dist-packages/quadruped_mujoco-0.1.0-py3.10.egg-info/PKG-INFO
-- Installing: /home/nisarg/Documents/repo/libchamp-imp/ros2_ws/install/quadruped_mujoco/local/lib/python3.10/dist-packages/quadruped_mujoco-0.1.0-py3.10.egg-info/dependency_links.txt
-- Installing: /home/nisarg/Documents/repo/libchamp-imp/ros2_ws/install/quadruped_mujoco/local/lib/python3.10/dist-packages/quadruped_mujoco-0.1.0-py3.10.egg-info/top_level.txt
-- Installing: /home/nisarg/Documents/repo/libchamp-imp/ros2_ws/install/quadruped_mujoco/local/lib/python3.10/dist-packages/quadruped_mujoco-0.1.0-py3.10.egg-info/SOURCES.txt
-- Up-to-date: /home/nisarg/Documents/repo/libchamp-imp/ros2_ws/install/quadruped_mujoco/local/lib/python3.10/dist-packages/quadruped_mujoco
-- Up-to-date: /home/nisarg/Documents/repo/libchamp-imp/ros2_ws/install/quadruped_mujoco/local/lib/python3.10/dist-packages/quadruped_mujoco/_quadruped_mujoco_s.ep.rosidl_typesupport_c.c
-- Up-to-date: /home/nisarg/Documents/repo/libchamp-imp/ros2_ws/install/quadruped_mujoco/local/lib/python3.10/dist-packages/quadruped_mujoco/libquadruped_mujoco__rosidl_generator_py.so
-- Up-to-date: /home/nisarg/Documents/repo/libchamp-imp/ros2_ws/install/quadruped_mujoco/local/lib/python3.10/dist-packages/quadruped_mujoco/msg
-- Up-to-date: /home/nisarg/Documents/repo/libchamp-imp/ros2_ws/install/quadruped_mujoco/local/lib/python3.10/dist-packages/quadruped_mujoco/msg/_velocities_s.c
-- Up-to-date: /home/nisarg/Documents/repo/libchamp-imp/ros2_ws/install/quadruped_mujoco/local/lib/python3.10/dist-packages/quadruped_mujoco/msg/_contacts_stamped.py
-- Up-to-date: /home/nisarg/Documents/repo/libchamp-imp/ros2_ws/install/quadruped_mujoco/local/lib/python3.10/dist-packages/quadruped_mujoco/msg/_contacts.py
-- Up-to-date: /home/nisarg/Documents/repo/libchamp-imp/ros2_ws/install/quadruped_mujoco/local/lib/python3.10/dist-packages/quadruped_mujoco/msg/_joints_s.c
-- Up-to-date: /home/nisarg/Documents/repo/libchamp-imp/ros2_ws/install/quadruped_mujoco/local/lib/python3.10/dist-packages/quadruped_mujoco/msg/__init__.py
-- Up-to-date: /home/nisarg/Documents/repo/libchamp-imp/ros2_ws/install/quadruped_mujoco/local/lib/python3.10/dist-packages/quadruped_mujoco/msg/_contacts_stamped_s.c
-- Up-to-date: /home/nisarg/Documents/repo/libchamp-imp/ros2_ws/install/quadruped_mujoco/local/lib/python3.10/dist-packages/quadruped_mujoco/msg/_pose_s.c
-- Up-to-date: /home/nisarg/Documents/repo/libchamp-imp/ros2_ws/install/quadruped_mujoco/local/lib/python3.10/dist-packages/quadruped_mujoco/msg/_joints.py
-- Up-to-date: /home/nisarg/Documents/repo/libchamp-imp/ros2_ws/install/quadruped_mujoco/local/lib/python3.10/dist-packages/quadruped_mujoco/msg/_contacts_s.c
-- Up-to-date: /home/nisarg/Documents/repo/libchamp-imp/ros2_ws/install/quadruped_mujoco/local/lib/python3.10/dist-packages/quadruped_mujoco/msg/_velocities.py
-- Up-to-date: /home/nisarg/Documents/repo/libchamp-imp/ros2_ws/install/quadruped_mujoco/local/lib/python3.10/dist-packages/quadruped_mujoco/msg/_pose.py
-- Up-to-date: /home/nisarg/Documents/repo/libchamp-imp/ros2_ws/install/quadruped_mujoco/local/lib/python3.10/dist-packages/quadruped_mujoco/quadruped_mujoco_s__rosidl_typesupport_introspection_c.cpython-310-x86_64-linux-gnu.so
-- Up-to-date: /home/nisarg/Documents/repo/libchamp-imp/ros2_ws/install/quadruped_mujoco/local/lib/python3.10/dist-packages/quadruped_mujoco/quadruped_mujoco_s__rosidl_typesupport_c.cpython-310-x86_64-linux-gnu.so
-- Installing: /home/nisarg/Documents/repo/libchamp-imp/ros2_ws/install/quadruped_mujoco/local/lib/python3.10/dist-packages/quadruped_mujoco/__init__.py
-- Up-to-date: /home/nisarg/Documents/repo/libchamp-imp/ros2_ws/install/quadruped_mujoco/local/lib/python3.10/dist-packages/quadruped_mujoco/_quadruped_mujoco_s.ep.rosidl_typesupport_fastrtps_c.c
-- Up-to-date: /home/nisarg/Documents/repo/libchamp-imp/ros2_ws/install/quadruped_mujoco/local/lib/python3.10/dist-packages/quadruped_mujoco/quadruped_mujoco_s__rosidl_typesupport_fastrtps_c.cpython-310-x86_64-linux-gnu.so
-- Up-to-date: /home/nisarg/Documents/repo/libchamp-imp/ros2_ws/install/quadruped_mujoco/local/lib/python3.10/dist-packages/quadruped_mujoco/_quadruped_mujoco_s.ep.rosidl_typesupport_introspection_c.c
Listing '/home/nisarg/Documents/repo/libchamp-imp/ros2_ws/install/quadruped_mujoco/local/lib/python3.10/dist-packages/quadruped_mujoco'...
Compiling '/home/nisarg/Documents/repo/libchamp-imp/ros2_ws/install/quadruped_mujoco/local/lib/python3.10/dist-packages/quadruped_mujoco/__init__.py'...
Listing '/home/nisarg/Documents/repo/libchamp-imp/ros2_ws/install/quadruped_mujoco/local/lib/python3.10/dist-packages/quadruped_mujoco/msg'...
-- Up-to-date: /home/nisarg/Documents/repo/libchamp-imp/ros2_ws/install/quadruped_mujoco/local/lib/python3.10/dist-packages/quadruped_mujoco/quadruped_mujoco_s__rosidl_typesupport_fastrtps_c.cpython-310-x86_64-linux-gnu.so
-- Up-to-date: /home/nisarg/Documents/repo/libchamp-imp/ros2_ws/install/quadruped_mujoco/local/lib/python3.10/dist-packages/quadruped_mujoco/quadruped_mujoco_s__rosidl_typesupport_introspection_c.cpython-310-x86_64-linux-gnu.so
-- Up-to-date: /home/nisarg/Documents/repo/libchamp-imp/ros2_ws/install/quadruped_mujoco/local/lib/python3.10/dist-packages/quadruped_mujoco/quadruped_mujoco_s__rosidl_typesupport_c.cpython-310-x86_64-linux-gnu.so
-- Up-to-date: /home/nisarg/Documents/repo/libchamp-imp/ros2_ws/install/quadruped_mujoco/lib/libquadruped_mujoco__rosidl_generator_py.so
-- Up-to-date: /home/nisarg/Documents/repo/libchamp-imp/ros2_ws/install/quadruped_mujoco/share/quadruped_mujoco/msg/Contacts.idl
-- Up-to-date: /home/nisarg/Documents/repo/libchamp-imp/ros2_ws/install/quadruped_mujoco/share/quadruped_mujoco/msg/Joints.idl
-- Up-to-date: /home/nisarg/Documents/repo/libchamp-imp/ros2_ws/install/quadruped_mujoco/share/quadruped_mujoco/msg/Pose.idl
-- Up-to-date: /home/nisarg/Documents/repo/libchamp-imp/ros2_ws/install/quadruped_mujoco/share/quadruped_mujoco/msg/Velocities.idl
-- Up-to-date: /home/nisarg/Documents/repo/libchamp-imp/ros2_ws/install/quadruped_mujoco/share/quadruped_mujoco/msg/ContactsStamped.idl
-- Up-to-date: /home/nisarg/Documents/repo/libchamp-imp/ros2_ws/install/quadruped_mujoco/share/quadruped_mujoco/msg/Contacts.msg
-- Up-to-date: /home/nisarg/Documents/repo/libchamp-imp/ros2_ws/install/quadruped_mujoco/share/quadruped_mujoco/msg/Joints.msg
-- Up-to-date: /home/nisarg/Documents/repo/libchamp-imp/ros2_ws/install/quadruped_mujoco/share/quadruped_mujoco/msg/Pose.msg
-- Up-to-date: /home/nisarg/Documents/repo/libchamp-imp/ros2_ws/install/quadruped_mujoco/share/quadruped_mujoco/msg/Velocities.msg
-- Up-to-date: /home/nisarg/Documents/repo/libchamp-imp/ros2_ws/install/quadruped_mujoco/share/quadruped_mujoco/msg/ContactsStamped.msg
-- Up-to-date: /home/nisarg/Documents/repo/libchamp-imp/ros2_ws/install/quadruped_mujoco/lib/libquadruped_mujoco_lib.so
-- Installing: /home/nisarg/Documents/repo/libchamp-imp/ros2_ws/install/quadruped_mujoco/lib/quadruped_mujoco/trot_node
-- Set runtime path of "/home/nisarg/Documents/repo/libchamp-imp/ros2_ws/install/quadruped_mujoco/lib/quadruped_mujoco/trot_node" to ""
-- Up-to-date: /home/nisarg/Documents/repo/libchamp-imp/ros2_ws/install/quadruped_mujoco/lib/quadruped_mujoco/turn_node
-- Up-to-date: /home/nisarg/Documents/repo/libchamp-imp/ros2_ws/install/quadruped_mujoco/lib/quadruped_mujoco/waypoint_nav_node
-- Installing: /home/nisarg/Documents/repo/libchamp-imp/ros2_ws/install/quadruped_mujoco/lib/quadruped_mujoco/quadruped_controller_node
-- Set runtime path of "/home/nisarg/Documents/repo/libchamp-imp/ros2_ws/install/quadruped_mujoco/lib/quadruped_mujoco/quadruped_controller_node" to ""
-- Installing: /home/nisarg/Documents/repo/libchamp-imp/ros2_ws/install/quadruped_mujoco/lib/quadruped_mujoco/mujoco_sim_node
-- Set runtime path of "/home/nisarg/Documents/repo/libchamp-imp/ros2_ws/install/quadruped_mujoco/lib/quadruped_mujoco/mujoco_sim_node" to ""
-- Up-to-date: /home/nisarg/Documents/repo/libchamp-imp/ros2_ws/install/quadruped_mujoco/include/
-- Up-to-date: /home/nisarg/Documents/repo/libchamp-imp/ros2_ws/install/quadruped_mujoco/include//quadruped_mujoco
-- Up-to-date: /home/nisarg/Documents/repo/libchamp-imp/ros2_ws/install/quadruped_mujoco/include//quadruped_mujoco/macros
-- Up-to-date: /home/nisarg/Documents/repo/libchamp-imp/ros2_ws/install/quadruped_mujoco/include//quadruped_mujoco/macros/macros.h
-- Up-to-date: /home/nisarg/Documents/repo/libchamp-imp/ros2_ws/install/quadruped_mujoco/include//quadruped_mujoco/geometry
-- Up-to-date: /home/nisarg/Documents/repo/libchamp-imp/ros2_ws/install/quadruped_mujoco/include//quadruped_mujoco/geometry/geometry.hpp
-- Up-to-date: /home/nisarg/Documents/repo/libchamp-imp/ros2_ws/install/quadruped_mujoco/include//quadruped_mujoco/controllers
-- Up-to-date: /home/nisarg/Documents/repo/libchamp-imp/ros2_ws/install/quadruped_mujoco/include//quadruped_mujoco/controllers/turn_controller.hpp
-- Up-to-date: /home/nisarg/Documents/repo/libchamp-imp/ros2_ws/install/quadruped_mujoco/include//quadruped_mujoco/controllers/waypoint_controller.hpp
-- Installing: /home/nisarg/Documents/repo/libchamp-imp/ros2_ws/install/quadruped_mujoco/include//quadruped_mujoco/controllers/trot_controller.hpp
-- Up-to-date: /home/nisarg/Documents/repo/libchamp-imp/ros2_ws/install/quadruped_mujoco/include//quadruped_mujoco/controllers/quadruped_controller.hpp
-- Up-to-date: /home/nisarg/Documents/repo/libchamp-imp/ros2_ws/install/quadruped_mujoco/include//quadruped_mujoco/mujoco_interface.hpp
-- Up-to-date: /home/nisarg/Documents/repo/libchamp-imp/ros2_ws/install/quadruped_mujoco/include//quadruped_mujoco/kinematics
-- Up-to-date: /home/nisarg/Documents/repo/libchamp-imp/ros2_ws/install/quadruped_mujoco/include//quadruped_mujoco/kinematics/kinematics.hpp
-- Up-to-date: /home/nisarg/Documents/repo/libchamp-imp/ros2_ws/install/quadruped_mujoco/include//quadruped_mujoco/leg_controller
-- Up-to-date: /home/nisarg/Documents/repo/libchamp-imp/ros2_ws/install/quadruped_mujoco/include//quadruped_mujoco/leg_controller/trajectory_planner.hpp
-- Up-to-date: /home/nisarg/Documents/repo/libchamp-imp/ros2_ws/install/quadruped_mujoco/include//quadruped_mujoco/leg_controller/phase_generator.hpp
-- Up-to-date: /home/nisarg/Documents/repo/libchamp-imp/ros2_ws/install/quadruped_mujoco/include//quadruped_mujoco/leg_controller/leg_controller.hpp
-- Up-to-date: /home/nisarg/Documents/repo/libchamp-imp/ros2_ws/install/quadruped_mujoco/include//quadruped_mujoco/bla
-- Up-to-date: /home/nisarg/Documents/repo/libchamp-imp/ros2_ws/install/quadruped_mujoco/include//quadruped_mujoco/bla/basic_linear_algebra.h
-- Up-to-date: /home/nisarg/Documents/repo/libchamp-imp/ros2_ws/install/quadruped_mujoco/include//quadruped_mujoco/body_controller
-- Up-to-date: /home/nisarg/Documents/repo/libchamp-imp/ros2_ws/install/quadruped_mujoco/include//quadruped_mujoco/body_controller/body_controller.hpp
-- Up-to-date: /home/nisarg/Documents/repo/libchamp-imp/ros2_ws/install/quadruped_mujoco/include//quadruped_mujoco/quadruped_base
-- Up-to-date: /home/nisarg/Documents/repo/libchamp-imp/ros2_ws/install/quadruped_mujoco/include//quadruped_mujoco/quadruped_base/gait_config.hpp
-- Up-to-date: /home/nisarg/Documents/repo/libchamp-imp/ros2_ws/install/quadruped_mujoco/include//quadruped_mujoco/quadruped_base/quadruped_components.hpp
-- Up-to-date: /home/nisarg/Documents/repo/libchamp-imp/ros2_ws/install/quadruped_mujoco/include//quadruped_mujoco/quadruped_base/quadruped_base.hpp
-- Up-to-date: /home/nisarg/Documents/repo/libchamp-imp/ros2_ws/install/quadruped_mujoco/include//quadruped_mujoco/quadruped_base/quadruped_leg.hpp
-- Up-to-date: /home/nisarg/Documents/repo/libchamp-imp/ros2_ws/install/quadruped_mujoco/share/quadruped_mujoco/launch
-- Installing: /home/nisarg/Documents/repo/libchamp-imp/ros2_ws/install/quadruped_mujoco/share/quadruped_mujoco/launch/turn.launch.py
-- Installing: /home/nisarg/Documents/repo/libchamp-imp/ros2_ws/install/quadruped_mujoco/share/quadruped_mujoco/launch/trot.launch.py
-- Up-to-date: /home/nisarg/Documents/repo/libchamp-imp/ros2_ws/install/quadruped_mujoco/share/quadruped_mujoco/launch/simulation.launch.py
-- Up-to-date: /home/nisarg/Documents/repo/libchamp-imp/ros2_ws/install/quadruped_mujoco/share/quadruped_mujoco/launch/waypoint_nav.launch.py
-- Installing: /home/nisarg/Documents/repo/libchamp-imp/ros2_ws/install/quadruped_mujoco/share/quadruped_mujoco/launch/stand.launch.py
-- Up-to-date: /home/nisarg/Documents/repo/libchamp-imp/ros2_ws/install/quadruped_mujoco/share/quadruped_mujoco/launch/view_model.launch.py
-- Up-to-date: /home/nisarg/Documents/repo/libchamp-imp/ros2_ws/install/quadruped_mujoco/share/quadruped_mujoco/launch/trot_without_sim.launch.py
-- Installing: /home/nisarg/Documents/repo/libchamp-imp/ros2_ws/install/quadruped_mujoco/share/ament_index/resource_index/package_run_dependencies/quadruped_mujoco
-- Up-to-date: /home/nisarg/Documents/repo/libchamp-imp/ros2_ws/install/quadruped_mujoco/share/ament_index/resource_index/parent_prefix_path/quadruped_mujoco
-- Up-to-date: /home/nisarg/Documents/repo/libchamp-imp/ros2_ws/install/quadruped_mujoco/share/quadruped_mujoco/environment/ament_prefix_path.sh
-- Installing: /home/nisarg/Documents/repo/libchamp-imp/ros2_ws/install/quadruped_mujoco/share/quadruped_mujoco/environment/ament_prefix_path.dsv
-- Up-to-date: /home/nisarg/Documents/repo/libchamp-imp/ros2_ws/install/quadruped_mujoco/share/quadruped_mujoco/environment/path.sh
-- Installing: /home/nisarg/Documents/repo/libchamp-imp/ros2_ws/install/quadruped_mujoco/share/quadruped_mujoco/environment/path.dsv
-- Up-to-date: /home/nisarg/Documents/repo/libchamp-imp/ros2_ws/install/quadruped_mujoco/share/quadruped_mujoco/local_setup.bash
-- Up-to-date: /home/nisarg/Documents/repo/libchamp-imp/ros2_ws/install/quadruped_mujoco/share/quadruped_mujoco/local_setup.sh
-- Up-to-date: /home/nisarg/Documents/repo/libchamp-imp/ros2_ws/install/quadruped_mujoco/share/quadruped_mujoco/local_setup.zsh
-- Installing: /home/nisarg/Documents/repo/libchamp-imp/ros2_ws/install/quadruped_mujoco/share/quadruped_mujoco/local_setup.dsv
-- Installing: /home/nisarg/Documents/repo/libchamp-imp/ros2_ws/install/quadruped_mujoco/share/quadruped_mujoco/package.dsv
-- Up-to-date: /home/nisarg/Documents/repo/libchamp-imp/ros2_ws/install/quadruped_mujoco/share/ament_index/resource_index/packages/quadruped_mujoco
-- Up-to-date: /home/nisarg/Documents/repo/libchamp-imp/ros2_ws/install/quadruped_mujoco/share/quadruped_mujoco/cmake/export_quadruped_mujoco__rosidl_generator_cExport.cmake
-- Up-to-date: /home/nisarg/Documents/repo/libchamp-imp/ros2_ws/install/quadruped_mujoco/share/quadruped_mujoco/cmake/export_quadruped_mujoco__rosidl_generator_cExport-noconfig.cmake
-- Up-to-date: /home/nisarg/Documents/repo/libchamp-imp/ros2_ws/install/quadruped_mujoco/share/quadruped_mujoco/cmake/export_quadruped_mujoco__rosidl_typesupport_fastrtps_cExport.cmake
-- Up-to-date: /home/nisarg/Documents/repo/libchamp-imp/ros2_ws/install/quadruped_mujoco/share/quadruped_mujoco/cmake/export_quadruped_mujoco__rosidl_typesupport_fastrtps_cExport-noconfig.cmake
-- Up-to-date: /home/nisarg/Documents/repo/libchamp-imp/ros2_ws/install/quadruped_mujoco/share/quadruped_mujoco/cmake/export_quadruped_mujoco__rosidl_generator_cppExport.cmake
-- Up-to-date: /home/nisarg/Documents/repo/libchamp-imp/ros2_ws/install/quadruped_mujoco/share/quadruped_mujoco/cmake/export_quadruped_mujoco__rosidl_typesupport_fastrtps_cppExport.cmake
-- Up-to-date: /home/nisarg/Documents/repo/libchamp-imp/ros2_ws/install/quadruped_mujoco/share/quadruped_mujoco/cmake/export_quadruped_mujoco__rosidl_typesupport_fastrtps_cppExport-noconfig.cmake
-- Up-to-date: /home/nisarg/Documents/repo/libchamp-imp/ros2_ws/install/quadruped_mujoco/share/quadruped_mujoco/cmake/quadruped_mujoco__rosidl_typesupport_introspection_cExport.cmake
-- Up-to-date: /home/nisarg/Documents/repo/libchamp-imp/ros2_ws/install/quadruped_mujoco/share/quadruped_mujoco/cmake/quadruped_mujoco__rosidl_typesupport_introspection_cExport-noconfig.cmake
-- Up-to-date: /home/nisarg/Documents/repo/libchamp-imp/ros2_ws/install/quadruped_mujoco/share/quadruped_mujoco/cmake/quadruped_mujoco__rosidl_typesupport_cExport.cmake
-- Up-to-date: /home/nisarg/Documents/repo/libchamp-imp/ros2_ws/install/quadruped_mujoco/share/quadruped_mujoco/cmake/quadruped_mujoco__rosidl_typesupport_cExport-noconfig.cmake
-- Up-to-date: /home/nisarg/Documents/repo/libchamp-imp/ros2_ws/install/quadruped_mujoco/share/quadruped_mujoco/cmake/quadruped_mujoco__rosidl_typesupport_introspection_cppExport.cmake
-- Up-to-date: /home/nisarg/Documents/repo/libchamp-imp/ros2_ws/install/quadruped_mujoco/share/quadruped_mujoco/cmake/quadruped_mujoco__rosidl_typesupport_introspection_cppExport-noconfig.cmake
-- Up-to-date: /home/nisarg/Documents/repo/libchamp-imp/ros2_ws/install/quadruped_mujoco/share/quadruped_mujoco/cmake/quadruped_mujoco__rosidl_typesupport_cppExport.cmake
-- Up-to-date: /home/nisarg/Documents/repo/libchamp-imp/ros2_ws/install/quadruped_mujoco/share/quadruped_mujoco/cmake/quadruped_mujoco__rosidl_typesupport_cppExport-noconfig.cmake
-- Up-to-date: /home/nisarg/Documents/repo/libchamp-imp/ros2_ws/install/quadruped_mujoco/share/quadruped_mujoco/cmake/export_quadruped_mujoco__rosidl_generator_pyExport.cmake
-- Up-to-date: /home/nisarg/Documents/repo/libchamp-imp/ros2_ws/install/quadruped_mujoco/share/quadruped_mujoco/cmake/export_quadruped_mujoco__rosidl_generator_pyExport-noconfig.cmake
-- Up-to-date: /home/nisarg/Documents/repo/libchamp-imp/ros2_ws/install/quadruped_mujoco/share/quadruped_mujoco/cmake/quadruped_mujocoExport.cmake
-- Up-to-date: /home/nisarg/Documents/repo/libchamp-imp/ros2_ws/install/quadruped_mujoco/share/quadruped_mujoco/cmake/quadruped_mujocoExport-noconfig.cmake
-- Up-to-date: /home/nisarg/Documents/repo/libchamp-imp/ros2_ws/install/quadruped_mujoco/share/quadruped_mujoco/cmake/rosidl_cmake-extras.cmake
-- Up-to-date: /home/nisarg/Documents/repo/libchamp-imp/ros2_ws/install/quadruped_mujoco/share/quadruped_mujoco/cmake/ament_cmake_export_dependencies-extras.cmake
-- Up-to-date: /home/nisarg/Documents/repo/libchamp-imp/ros2_ws/install/quadruped_mujoco/share/quadruped_mujoco/cmake/ament_cmake_export_include_directories-extras.cmake
-- Up-to-date: /home/nisarg/Documents/repo/libchamp-imp/ros2_ws/install/quadruped_mujoco/share/quadruped_mujoco/cmake/ament_cmake_export_libraries-extras.cmake
-- Up-to-date: /home/nisarg/Documents/repo/libchamp-imp/ros2_ws/install/quadruped_mujoco/share/quadruped_mujoco/cmake/ament_cmake_export_targets-extras.cmake
-- Up-to-date: /home/nisarg/Documents/repo/libchamp-imp/ros2_ws/install/quadruped_mujoco/share/quadruped_mujoco/cmake/rosidl_cmake_export_typesupport_targets-extras.cmake
-- Up-to-date: /home/nisarg/Documents/repo/libchamp-imp/ros2_ws/install/quadruped_mujoco/share/quadruped_mujoco/cmake/rosidl_cmake_export_typesupport_libraries-extras.cmake
-- Up-to-date: /home/nisarg/Documents/repo/libchamp-imp/ros2_ws/install/quadruped_mujoco/share/quadruped_mujoco/cmake/quadruped_mujocoConfig.cmake
-- Up-to-date: /home/nisarg/Documents/repo/libchamp-imp/ros2_ws/install/quadruped_mujoco/share/quadruped_mujoco/cmake/quadruped_mujocoConfig-version.cmake
-- Installing: /home/nisarg/Documents/repo/libchamp-imp/ros2_ws/install/quadruped_mujoco/share/quadruped_mujoco/package.xml
