[  9%] Built target quadruped_mujoco__rosidl_generator_c
[ 10%] Built target quadruped_mujoco__cpp
[ 12%] Built target mujoco_interface_node
[ 12%] Built target ament_cmake_python_copy_quadruped_mujoco
[ 22%] Built target quadruped_mujoco__rosidl_typesupport_c
[ 31%] Built target quadruped_mujoco__rosidl_typesupport_introspection_c
[ 40%] Built target quadruped_mujoco__rosidl_typesupport_cpp
[ 49%] Built target quadruped_mujoco__rosidl_typesupport_fastrtps_cpp
[ 58%] Built target quadruped_mujoco__rosidl_typesupport_fastrtps_c
[ 67%] Built target quadruped_mujoco__rosidl_typesupport_introspection_cpp
[ 70%] Built target quadruped_mujoco_lib
[ 70%] Built target quadruped_mujoco
[ 72%] Built target turn_node
[ 75%] Built target trot_node
[ 76%] Built target quadruped_mujoco__py
[ 79%] Built target quadruped_controller_node
[ 83%] [32mBuilding CXX object CMakeFiles/mujoco_sim_node.dir/src/nodes/mujoco_sim_node.cpp.o[0m
[ 83%] Built target waypoint_nav_node
[ 90%] Built target quadruped_mujoco__rosidl_generator_py
[ 93%] Built target quadruped_mujoco__rosidl_typesupport_introspection_c__pyext
[ 96%] Built target quadruped_mujoco__rosidl_typesupport_c__pyext
[ 98%] Built target quadruped_mujoco__rosidl_typesupport_fastrtps_c__pyext
running egg_info
writing quadruped_mujoco.egg-info/PKG-INFO
writing dependency_links to quadruped_mujoco.egg-info/dependency_links.txt
writing top-level names to quadruped_mujoco.egg-info/top_level.txt
reading manifest file 'quadruped_mujoco.egg-info/SOURCES.txt'
writing manifest file 'quadruped_mujoco.egg-info/SOURCES.txt'
[ 98%] Built target ament_cmake_python_build_quadruped_mujoco_egg
[01m[K/home/nisarg/Documents/repo/libchamp-imp/ros2_ws/src/quadruped_mujoco/src/nodes/mujoco_sim_node.cpp:[m[K In member function ‘[01m[Kvoid MujocoSimNode::loadModel()[m[K’:
[01m[K/home/nisarg/Documents/repo/libchamp-imp/ros2_ws/src/quadruped_mujoco/src/nodes/mujoco_sim_node.cpp:30:39:[m[K [01;31m[Kerror: [m[Kvariable ‘[01m[Kstd::ifstream file[m[K’ has initializer but incomplete type
   30 |         std::ifstream file(model_path_[01;31m[K)[m[K;
      |                                       [01;31m[K^[m[K
gmake[2]: *** [CMakeFiles/mujoco_sim_node.dir/build.make:76: CMakeFiles/mujoco_sim_node.dir/src/nodes/mujoco_sim_node.cpp.o] Error 1
gmake[1]: *** [CMakeFiles/Makefile2:771: CMakeFiles/mujoco_sim_node.dir/all] Error 2
gmake: *** [Makefile:146: all] Error 2
