[0.009s] Invoking command in '/home/nisarg/Documents/repo/libchamp-imp/ros2_ws/build/quadruped_mujoco': CMAKE_PREFIX_PATH=${CMAKE_PREFIX_PATH}:/home/nisarg/Documents/repo/helium-quadruped-mjc/install/helium_quadruped_simulation:/home/nisarg/Documents/repo/helium-quadruped-mjc/install/helium_quadruped_description:/home/nisarg/Documents/repo/helium-quadruped-mjc/install/helium_quadruped_controller:/opt/ros/humble /usr/bin/cmake --build /home/nisarg/Documents/repo/libchamp-imp/ros2_ws/build/quadruped_mujoco -- -j12 -l12
[0.070s] [  9%] Built target quadruped_mujoco__rosidl_generator_c
[0.072s] [ 10%] Built target quadruped_mujoco__cpp
[0.074s] [ 12%] Built target mujoco_interface_node
[0.079s] [ 12%] Built target ament_cmake_python_copy_quadruped_mujoco
[0.115s] [ 22%] Built target quadruped_mujoco__rosidl_typesupport_c
[0.117s] [ 31%] Built target quadruped_mujoco__rosidl_typesupport_introspection_c
[0.120s] [ 40%] Built target quadruped_mujoco__rosidl_typesupport_cpp
[0.121s] [ 49%] Built target quadruped_mujoco__rosidl_typesupport_fastrtps_cpp
[0.125s] [ 58%] Built target quadruped_mujoco__rosidl_typesupport_fastrtps_c
[0.129s] [ 67%] Built target quadruped_mujoco__rosidl_typesupport_introspection_cpp
[0.144s] [ 70%] Built target quadruped_mujoco_lib
[0.147s] [ 70%] Built target quadruped_mujoco
[0.161s] [ 72%] Built target turn_node
[0.161s] [ 75%] Built target trot_node
[0.162s] [ 76%] Built target quadruped_mujoco__py
[0.166s] [ 79%] Built target quadruped_controller_node
[0.171s] [ 83%] [32mBuilding CXX object CMakeFiles/mujoco_sim_node.dir/src/nodes/mujoco_sim_node.cpp.o[0m
[0.171s] [ 83%] Built target waypoint_nav_node
[0.178s] [ 90%] Built target quadruped_mujoco__rosidl_generator_py
[0.194s] [ 93%] Built target quadruped_mujoco__rosidl_typesupport_introspection_c__pyext
[0.198s] [ 96%] Built target quadruped_mujoco__rosidl_typesupport_c__pyext
[0.199s] [ 98%] Built target quadruped_mujoco__rosidl_typesupport_fastrtps_c__pyext
[0.269s] running egg_info
[0.269s] writing quadruped_mujoco.egg-info/PKG-INFO
[0.270s] writing dependency_links to quadruped_mujoco.egg-info/dependency_links.txt
[0.270s] writing top-level names to quadruped_mujoco.egg-info/top_level.txt
[0.271s] reading manifest file 'quadruped_mujoco.egg-info/SOURCES.txt'
[0.271s] writing manifest file 'quadruped_mujoco.egg-info/SOURCES.txt'
[0.290s] [ 98%] Built target ament_cmake_python_build_quadruped_mujoco_egg
[1.726s] [01m[K/home/nisarg/Documents/repo/libchamp-imp/ros2_ws/src/quadruped_mujoco/src/nodes/mujoco_sim_node.cpp:[m[K In member function ‘[01m[Kvoid MujocoSimNode::loadModel()[m[K’:
[1.726s] [01m[K/home/nisarg/Documents/repo/libchamp-imp/ros2_ws/src/quadruped_mujoco/src/nodes/mujoco_sim_node.cpp:30:39:[m[K [01;31m[Kerror: [m[Kvariable ‘[01m[Kstd::ifstream file[m[K’ has initializer but incomplete type
[1.727s]    30 |         std::ifstream file(model_path_[01;31m[K)[m[K;
[1.727s]       |                                       [01;31m[K^[m[K
[3.454s] gmake[2]: *** [CMakeFiles/mujoco_sim_node.dir/build.make:76: CMakeFiles/mujoco_sim_node.dir/src/nodes/mujoco_sim_node.cpp.o] Error 1
[3.454s] gmake[1]: *** [CMakeFiles/Makefile2:771: CMakeFiles/mujoco_sim_node.dir/all] Error 2
[3.454s] gmake: *** [Makefile:146: all] Error 2
[3.456s] Invoked command in '/home/nisarg/Documents/repo/libchamp-imp/ros2_ws/build/quadruped_mujoco' returned '2': CMAKE_PREFIX_PATH=${CMAKE_PREFIX_PATH}:/home/nisarg/Documents/repo/helium-quadruped-mjc/install/helium_quadruped_simulation:/home/nisarg/Documents/repo/helium-quadruped-mjc/install/helium_quadruped_description:/home/nisarg/Documents/repo/helium-quadruped-mjc/install/helium_quadruped_controller:/opt/ros/humble /usr/bin/cmake --build /home/nisarg/Documents/repo/libchamp-imp/ros2_ws/build/quadruped_mujoco -- -j12 -l12
