[0.000000] (-) TimerEvent: {}
[0.000381] (quadruped_mujoco) JobQueued: {'identifier': 'quadruped_mujoco', 'dependencies': OrderedDict()}
[0.000442] (quadruped_mujoco) JobStarted: {'identifier': 'quadruped_mujoco'}
[0.007351] (quadruped_mujoco) JobProgress: {'identifier': 'quadruped_mujoco', 'progress': 'cmake'}
[0.008593] (quadruped_mujoco) JobProgress: {'identifier': 'quadruped_mujoco', 'progress': 'build'}
[0.008668] (quadruped_mujoco) Command: {'cmd': ['/usr/bin/cmake', '--build', '/home/nisarg/Documents/repo/libchamp-imp/ros2_ws/build/quadruped_mujoco', '--', '-j12', '-l12'], 'cwd': '/home/nisarg/Documents/repo/libchamp-imp/ros2_ws/build/quadruped_mujoco', 'env': OrderedDict([('LANGUAGE', 'en_IN:en'), ('USER', 'nisarg'), ('ROS_PACKAGE_PATH', '/home/nisarg/quadruped_ws/install/unitree_legged_sdk/share'), ('XDG_SESSION_TYPE', 'x11'), ('SHLVL', '1'), ('LD_LIBRARY_PATH', '/home/nisarg/Documents/repo/libchamp-imp/ros2_ws/install/quadruped_mujoco/lib:/home/nisarg/.mujoco/mujoco210/bin:/home/nisarg/quadruped_ws/install/unitree_go/lib:/home/nisarg/quadruped_ws/install/unitree_api/lib:/home/nisarg/quadruped_ws/install/champ_msgs/lib:/usr/lib/x86_64-linux-gnu/gazebo-11/plugins:/opt/ros/humble/opt/rviz_ogre_vendor/lib:/opt/ros/humble/lib/x86_64-linux-gnu:/opt/ros/humble/lib'), ('HOME', '/home/nisarg'), ('CONDA_SHLVL', '0'), ('OLDPWD', '/home/nisarg/Documents/repo/libchamp-imp'), ('DESKTOP_SESSION', 'ubuntu'), ('ROS_PYTHON_VERSION', '3'), ('GNOME_SHELL_SESSION_MODE', 'ubuntu'), ('GTK_MODULES', 'gail:atk-bridge'), ('DBUS_STARTER_BUS_TYPE', 'session'), ('SYSTEMD_EXEC_PID', '2064'), ('DBUS_SESSION_BUS_ADDRESS', 'unix:path=/run/user/1000/bus,guid=e03bf6c2ed0ad06e9aa581ee67d7e20e'), ('COLORTERM', 'truecolor'), ('_CE_M', ''), ('COLCON_PREFIX_PATH', '/home/nisarg/Documents/repo/libchamp-imp/ros2_ws/install:/home/nisarg/Documents/repo/libchamp-imp/install:/home/nisarg/Documents/repo/helium-quadruped-mjc/install:/home/nisarg/quadruped_ws/install'), ('ROS_DISTRO', 'humble'), ('GTK_IM_MODULE', 'ibus'), ('LOGNAME', 'nisarg'), ('_', '/usr/bin/colcon'), ('ROS_VERSION', '2'), ('PKG_CONFIG_PATH', '/home/nisarg/quadruped_ws/install/unitree_legged_sdk/lib/x86_64-linux-gnu/pkgconfig:/home/nisarg/quadruped_ws/install/unitree_legged_sdk/lib/pkgconfig'), ('XDG_SESSION_CLASS', 'user'), ('USERNAME', 'nisarg'), ('TERM', 'xterm-256color'), ('GNOME_DESKTOP_SESSION_ID', 'this-is-deprecated'), ('_CE_CONDA', ''), ('ROS_LOCALHOST_ONLY', '0'), ('WINDOWPATH', '2'), ('PATH', '/home/nisarg/miniconda3/condabin:/opt/ros/humble/bin:/usr/local/sbin:/usr/local/bin:/usr/sbin:/usr/bin:/sbin:/bin:/usr/games:/usr/local/games:/snap/bin:/snap/bin'), ('SESSION_MANAGER', 'local/nisarg-OMEN:@/tmp/.ICE-unix/2064,unix/nisarg-OMEN:/tmp/.ICE-unix/2064'), ('XDG_MENU_PREFIX', 'gnome-'), ('GNOME_TERMINAL_SCREEN', '/org/gnome/Terminal/screen/a2c74410_1cec_4ef8_bca7_33967d08ea0c'), ('XDG_RUNTIME_DIR', '/run/user/1000'), ('DISPLAY', ':1'), ('LANG', 'en_US.UTF-8'), ('XDG_CURRENT_DESKTOP', 'ubuntu:GNOME'), ('XMODIFIERS', '@im=ibus'), ('XDG_SESSION_DESKTOP', 'ubuntu'), ('XAUTHORITY', '/run/user/1000/gdm/Xauthority'), ('GNOME_TERMINAL_SERVICE', ':1.107'), ('SSH_AGENT_LAUNCHER', 'gnome-keyring'), ('SSH_AUTH_SOCK', '/run/user/1000/keyring/ssh'), ('ROS_DOMAIN_ID', '47'), ('AMENT_PREFIX_PATH', '/home/nisarg/Documents/repo/libchamp-imp/ros2_ws/install/quadruped_mujoco:/home/nisarg/Documents/repo/helium-quadruped-mjc/install/helium_quadruped_simulation:/home/nisarg/Documents/repo/helium-quadruped-mjc/install/helium_quadruped_description:/home/nisarg/Documents/repo/helium-quadruped-mjc/install/helium_quadruped_controller:/home/nisarg/quadruped_ws/install/unitree_go:/home/nisarg/quadruped_ws/install/unitree_api:/home/nisarg/quadruped_ws/install/champ_teleop:/home/nisarg/quadruped_ws/install/champ_msgs:/home/nisarg/quadruped_ws/install/champ_description:/home/nisarg/quadruped_ws/install/champ:/opt/ros/humble'), ('CONDA_PYTHON_EXE', '/home/nisarg/miniconda3/bin/python'), ('SHELL', '/bin/bash'), ('QT_ACCESSIBILITY', '1'), ('GDMSESSION', 'ubuntu'), ('CMAKE_MODULE_PATH', '/home/nisarg/Documents/repo/libchamp-imp/ros2_ws/install/quadruped_mujoco/share/quadruped_mujoco/cmake'), ('GPG_AGENT_INFO', '/run/user/1000/gnupg/S.gpg-agent:0:1'), ('QT_IM_MODULE', 'ibus'), ('PWD', '/home/nisarg/Documents/repo/libchamp-imp/ros2_ws/build/quadruped_mujoco'), ('LC_ALL', 'en_US.UTF-8'), ('XDG_CONFIG_DIRS', '/etc/xdg/xdg-ubuntu:/etc/xdg'), ('CONDA_EXE', '/home/nisarg/miniconda3/bin/conda'), ('DBUS_STARTER_ADDRESS', 'unix:path=/run/user/1000/bus,guid=e03bf6c2ed0ad06e9aa581ee67d7e20e'), ('MUJOCO_PLUGIN_PATH', '/lib'), ('XDG_DATA_DIRS', '/usr/share/ubuntu:/usr/share/gnome:/usr/local/share/:/usr/share/:/var/lib/snapd/desktop'), ('PYTHONPATH', '/home/nisarg/Documents/repo/libchamp-imp/ros2_ws/install/quadruped_mujoco/local/lib/python3.10/dist-packages:/home/nisarg/Documents/repo/helium-quadruped-mjc/install/helium_quadruped_simulation/lib/python3.10/site-packages:/home/nisarg/Documents/repo/helium-quadruped-mjc/install/helium_quadruped_description/lib/python3.10/site-packages:/home/nisarg/Documents/repo/helium-quadruped-mjc/install/helium_quadruped_controller/lib/python3.10/site-packages:/home/nisarg/quadruped_ws/install/unitree_go/local/lib/python3.10/dist-packages:/home/nisarg/quadruped_ws/install/unitree_api/local/lib/python3.10/dist-packages:/home/nisarg/quadruped_ws/install/champ_msgs/local/lib/python3.10/dist-packages:/opt/ros/humble/lib/python3.10/site-packages:/opt/ros/humble/local/lib/python3.10/dist-packages'), ('COLCON', '1'), ('VTE_VERSION', '6800'), ('CMAKE_PREFIX_PATH', '/home/nisarg/Documents/repo/libchamp-imp/ros2_ws/install/quadruped_mujoco:/home/nisarg/quadruped_ws/install/unitree_go:/home/nisarg/quadruped_ws/install/unitree_api:/home/nisarg/quadruped_ws/install/champ_teleop:/home/nisarg/quadruped_ws/install/champ_msgs:/home/nisarg/quadruped_ws/install/champ_description:/home/nisarg/quadruped_ws/install/champ:/home/nisarg/Documents/repo/helium-quadruped-mjc/install/helium_quadruped_simulation:/home/nisarg/Documents/repo/helium-quadruped-mjc/install/helium_quadruped_description:/home/nisarg/Documents/repo/helium-quadruped-mjc/install/helium_quadruped_controller:/opt/ros/humble'), ('MUJOCO_KEY_PATH', '/home/nisarg/.mujoco/mjkey.txt')]), 'shell': False}
[0.042171] (quadruped_mujoco) StdoutLine: {'line': b'-- Found ament_cmake: 1.3.11 (/opt/ros/humble/share/ament_cmake/cmake)\n'}
[0.099776] (-) TimerEvent: {}
[0.139465] (quadruped_mujoco) StdoutLine: {'line': b'-- Found rclcpp: 16.0.11 (/opt/ros/humble/share/rclcpp/cmake)\n'}
[0.159607] (quadruped_mujoco) StdoutLine: {'line': b'-- Found rosidl_generator_c: 3.1.6 (/opt/ros/humble/share/rosidl_generator_c/cmake)\n'}
[0.161201] (quadruped_mujoco) StdoutLine: {'line': b'-- Found rosidl_adapter: 3.1.6 (/opt/ros/humble/share/rosidl_adapter/cmake)\n'}
[0.165137] (quadruped_mujoco) StdoutLine: {'line': b'-- Found rosidl_generator_cpp: 3.1.6 (/opt/ros/humble/share/rosidl_generator_cpp/cmake)\n'}
[0.171532] (quadruped_mujoco) StdoutLine: {'line': b'-- Using all available rosidl_typesupport_c: rosidl_typesupport_fastrtps_c;rosidl_typesupport_introspection_c\n'}
[0.179733] (quadruped_mujoco) StdoutLine: {'line': b'-- Using all available rosidl_typesupport_cpp: rosidl_typesupport_fastrtps_cpp;rosidl_typesupport_introspection_cpp\n'}
[0.199904] (-) TimerEvent: {}
[0.201133] (quadruped_mujoco) StdoutLine: {'line': b'-- Found rmw_implementation_cmake: 6.1.2 (/opt/ros/humble/share/rmw_implementation_cmake/cmake)\n'}
[0.202175] (quadruped_mujoco) StdoutLine: {'line': b'-- Found rmw_fastrtps_cpp: 6.2.7 (/opt/ros/humble/share/rmw_fastrtps_cpp/cmake)\n'}
[0.287401] (quadruped_mujoco) StdoutLine: {'line': b"-- Using RMW implementation 'rmw_fastrtps_cpp' as default\n"}
[0.300034] (-) TimerEvent: {}
[0.322403] (quadruped_mujoco) StdoutLine: {'line': b'-- Found sensor_msgs: 4.2.4 (/opt/ros/humble/share/sensor_msgs/cmake)\n'}
[0.343238] (quadruped_mujoco) StdoutLine: {'line': b'-- Found nav_msgs: 4.2.4 (/opt/ros/humble/share/nav_msgs/cmake)\n'}
[0.353741] (quadruped_mujoco) StdoutLine: {'line': b'-- Found tf2: 0.25.12 (/opt/ros/humble/share/tf2/cmake)\n'}
[0.356354] (quadruped_mujoco) StdoutLine: {'line': b'-- Found tf2_ros: 0.25.12 (/opt/ros/humble/share/tf2_ros/cmake)\n'}
[0.400163] (-) TimerEvent: {}
[0.409473] (quadruped_mujoco) StdoutLine: {'line': b'-- Found rosidl_default_generators: 1.2.0 (/opt/ros/humble/share/rosidl_default_generators/cmake)\n'}
[0.416464] (quadruped_mujoco) StderrLine: {'line': b'\x1b[33mCMake Warning (dev) at /usr/share/cmake-3.22/Modules/FindOpenGL.cmake:315 (message):\n'}
[0.416625] (quadruped_mujoco) StderrLine: {'line': b'  Policy CMP0072 is not set: FindOpenGL prefers GLVND by default when\n'}
[0.416668] (quadruped_mujoco) StderrLine: {'line': b'  available.  Run "cmake --help-policy CMP0072" for policy details.  Use the\n'}
[0.416704] (quadruped_mujoco) StderrLine: {'line': b'  cmake_policy command to set the policy and suppress this warning.\n'}
[0.416735] (quadruped_mujoco) StderrLine: {'line': b'\n'}
[0.416766] (quadruped_mujoco) StderrLine: {'line': b'  FindOpenGL found both a legacy GL library:\n'}
[0.416796] (quadruped_mujoco) StderrLine: {'line': b'\n'}
[0.416825] (quadruped_mujoco) StderrLine: {'line': b'    OPENGL_gl_LIBRARY: /usr/lib/x86_64-linux-gnu/libGL.so\n'}
[0.416854] (quadruped_mujoco) StderrLine: {'line': b'\n'}
[0.416883] (quadruped_mujoco) StderrLine: {'line': b'  and GLVND libraries for OpenGL and GLX:\n'}
[0.416911] (quadruped_mujoco) StderrLine: {'line': b'\n'}
[0.416939] (quadruped_mujoco) StderrLine: {'line': b'    OPENGL_opengl_LIBRARY: /usr/lib/x86_64-linux-gnu/libOpenGL.so\n'}
[0.416966] (quadruped_mujoco) StderrLine: {'line': b'    OPENGL_glx_LIBRARY: /usr/lib/x86_64-linux-gnu/libGLX.so\n'}
[0.416993] (quadruped_mujoco) StderrLine: {'line': b'\n'}
[0.417019] (quadruped_mujoco) StderrLine: {'line': b'  OpenGL_GL_PREFERENCE has not been set to "GLVND" or "LEGACY", so for\n'}
[0.417046] (quadruped_mujoco) StderrLine: {'line': b'  compatibility with CMake 3.10 and below the legacy GL library will be used.\n'}
[0.417073] (quadruped_mujoco) StderrLine: {'line': b'Call Stack (most recent call first):\n'}
[0.417101] (quadruped_mujoco) StderrLine: {'line': b'  CMakeLists.txt:28 (find_package)\n'}
[0.417128] (quadruped_mujoco) StderrLine: {'line': b'This warning is for project developers.  Use -Wno-dev to suppress it.\n'}
[0.417154] (quadruped_mujoco) StderrLine: {'line': b'\x1b[0m\n'}
[0.500384] (-) TimerEvent: {}
[0.600719] (-) TimerEvent: {}
[0.696023] (quadruped_mujoco) StdoutLine: {'line': b'-- Found ament_cmake_ros: 0.10.0 (/opt/ros/humble/share/ament_cmake_ros/cmake)\n'}
[0.700859] (-) TimerEvent: {}
[0.801129] (-) TimerEvent: {}
[0.901431] (-) TimerEvent: {}
[1.001843] (-) TimerEvent: {}
[1.017762] (quadruped_mujoco) StdoutLine: {'line': b'-- Using all available rosidl_typesupport_c: rosidl_typesupport_fastrtps_c;rosidl_typesupport_introspection_c\n'}
[1.101952] (-) TimerEvent: {}
[1.145564] (quadruped_mujoco) StdoutLine: {'line': b'-- Using all available rosidl_typesupport_cpp: rosidl_typesupport_fastrtps_cpp;rosidl_typesupport_introspection_cpp\n'}
[1.180111] (quadruped_mujoco) StdoutLine: {'line': b'-- Found python_cmake_module: 0.10.0 (/opt/ros/humble/share/python_cmake_module/cmake)\n'}
[1.202094] (-) TimerEvent: {}
[1.202320] (quadruped_mujoco) StdoutLine: {'line': b'-- Using PYTHON_EXECUTABLE: /usr/bin/python3\n'}
[1.202478] (quadruped_mujoco) StdoutLine: {'line': b'-- Using PYTHON_INCLUDE_DIRS: /usr/include/python3.10\n'}
[1.202579] (quadruped_mujoco) StdoutLine: {'line': b'-- Using PYTHON_LIBRARIES: /usr/lib/x86_64-linux-gnu/libpython3.10.so\n'}
[1.245965] (quadruped_mujoco) StdoutLine: {'line': b'-- Configuring done\n'}
[1.296728] (quadruped_mujoco) StdoutLine: {'line': b'-- Generating done\n'}
[1.302194] (-) TimerEvent: {}
[1.315684] (quadruped_mujoco) StdoutLine: {'line': b'-- Build files have been written to: /home/nisarg/Documents/repo/libchamp-imp/ros2_ws/build/quadruped_mujoco\n'}
[1.347380] (quadruped_mujoco) StdoutLine: {'line': b'\x1b[35m\x1b[1mConsolidate compiler generated dependencies of target mujoco_interface_node\x1b[0m\n'}
[1.348382] (quadruped_mujoco) StdoutLine: {'line': b'\x1b[35m\x1b[1mConsolidate compiler generated dependencies of target quadruped_mujoco__rosidl_generator_c\x1b[0m\n'}
[1.363325] (quadruped_mujoco) StdoutLine: {'line': b'[  1%] Built target quadruped_mujoco__cpp\n'}
[1.377081] (quadruped_mujoco) StdoutLine: {'line': b'[  3%] Built target mujoco_interface_node\n'}
[1.377688] (quadruped_mujoco) StdoutLine: {'line': b'[ 12%] Built target quadruped_mujoco__rosidl_generator_c\n'}
[1.383509] (quadruped_mujoco) StdoutLine: {'line': b'\x1b[35m\x1b[1mConsolidate compiler generated dependencies of target quadruped_mujoco__rosidl_typesupport_cpp\x1b[0m\n'}
[1.384785] (quadruped_mujoco) StdoutLine: {'line': b'\x1b[35m\x1b[1mConsolidate compiler generated dependencies of target quadruped_mujoco__rosidl_typesupport_introspection_cpp\x1b[0m\n'}
[1.386999] (quadruped_mujoco) StdoutLine: {'line': b'\x1b[35m\x1b[1mConsolidate compiler generated dependencies of target quadruped_mujoco__rosidl_typesupport_fastrtps_cpp\x1b[0m\n'}
[1.387367] (quadruped_mujoco) StdoutLine: {'line': b'[ 12%] Built target ament_cmake_python_copy_quadruped_mujoco\n'}
[1.393791] (quadruped_mujoco) StdoutLine: {'line': b'\x1b[35m\x1b[1mConsolidate compiler generated dependencies of target quadruped_mujoco__rosidl_typesupport_c\x1b[0m\n'}
[1.394117] (quadruped_mujoco) StdoutLine: {'line': b'\x1b[35m\x1b[1mConsolidate compiler generated dependencies of target quadruped_mujoco__rosidl_typesupport_introspection_c\x1b[0m\n'}
[1.396648] (quadruped_mujoco) StdoutLine: {'line': b'\x1b[35m\x1b[1mConsolidate compiler generated dependencies of target quadruped_mujoco__rosidl_typesupport_fastrtps_c\x1b[0m\n'}
[1.402330] (-) TimerEvent: {}
[1.403327] (quadruped_mujoco) StdoutLine: {'line': b'[ 22%] Built target quadruped_mujoco__rosidl_typesupport_cpp\n'}
[1.407139] (quadruped_mujoco) StdoutLine: {'line': b'[ 31%] Built target quadruped_mujoco__rosidl_typesupport_introspection_cpp\n'}
[1.408610] (quadruped_mujoco) StdoutLine: {'line': b'[ 40%] Built target quadruped_mujoco__rosidl_typesupport_introspection_c\n'}
[1.410700] (quadruped_mujoco) StdoutLine: {'line': b'[ 49%] Built target quadruped_mujoco__rosidl_typesupport_fastrtps_cpp\n'}
[1.411216] (quadruped_mujoco) StdoutLine: {'line': b'[ 58%] Built target quadruped_mujoco__rosidl_typesupport_c\n'}
[1.417587] (quadruped_mujoco) StdoutLine: {'line': b'[ 67%] Built target quadruped_mujoco__rosidl_typesupport_fastrtps_c\n'}
[1.417814] (quadruped_mujoco) StdoutLine: {'line': b'\x1b[35m\x1b[1mConsolidate compiler generated dependencies of target quadruped_mujoco_lib\x1b[0m\n'}
[1.432375] (quadruped_mujoco) StdoutLine: {'line': b'[ 70%] Built target quadruped_mujoco_lib\n'}
[1.433016] (quadruped_mujoco) StdoutLine: {'line': b'[ 70%] Built target quadruped_mujoco\n'}
[1.441863] (quadruped_mujoco) StdoutLine: {'line': b'\x1b[35m\x1b[1mConsolidate compiler generated dependencies of target waypoint_nav_node\x1b[0m\n'}
[1.442040] (quadruped_mujoco) StdoutLine: {'line': b'\x1b[35m\x1b[1mConsolidate compiler generated dependencies of target mujoco_sim_node\x1b[0m\n'}
[1.442187] (quadruped_mujoco) StdoutLine: {'line': b'\x1b[35m\x1b[1mConsolidate compiler generated dependencies of target trot_node\x1b[0m\n'}
[1.444669] (quadruped_mujoco) StdoutLine: {'line': b'\x1b[35m\x1b[1mConsolidate compiler generated dependencies of target quadruped_controller_node\x1b[0m\n'}
[1.444857] (quadruped_mujoco) StdoutLine: {'line': b'\x1b[35m\x1b[1mConsolidate compiler generated dependencies of target turn_node\x1b[0m\n'}
[1.455666] (quadruped_mujoco) StdoutLine: {'line': b'[ 71%] Built target quadruped_mujoco__py\n'}
[1.457674] (quadruped_mujoco) StdoutLine: {'line': b'[ 72%] \x1b[32mBuilding CXX object CMakeFiles/mujoco_sim_node.dir/src/nodes/mujoco_sim_node.cpp.o\x1b[0m\n'}
[1.457896] (quadruped_mujoco) StdoutLine: {'line': b'[ 75%] Built target waypoint_nav_node\n'}
[1.458044] (quadruped_mujoco) StdoutLine: {'line': b'[ 77%] Built target turn_node\n'}
[1.458730] (quadruped_mujoco) StdoutLine: {'line': b'[ 80%] Built target quadruped_controller_node\n'}
[1.460413] (quadruped_mujoco) StdoutLine: {'line': b'[ 83%] Built target trot_node\n'}
[1.468113] (quadruped_mujoco) StdoutLine: {'line': b'\x1b[35m\x1b[1mConsolidate compiler generated dependencies of target quadruped_mujoco__rosidl_generator_py\x1b[0m\n'}
[1.483984] (quadruped_mujoco) StdoutLine: {'line': b'[ 90%] Built target quadruped_mujoco__rosidl_generator_py\n'}
[1.494161] (quadruped_mujoco) StdoutLine: {'line': b'\x1b[35m\x1b[1mConsolidate compiler generated dependencies of target quadruped_mujoco__rosidl_typesupport_c__pyext\x1b[0m\n'}
[1.494438] (quadruped_mujoco) StdoutLine: {'line': b'\x1b[35m\x1b[1mConsolidate compiler generated dependencies of target quadruped_mujoco__rosidl_typesupport_introspection_c__pyext\x1b[0m\n'}
[1.494515] (quadruped_mujoco) StdoutLine: {'line': b'\x1b[35m\x1b[1mConsolidate compiler generated dependencies of target quadruped_mujoco__rosidl_typesupport_fastrtps_c__pyext\x1b[0m\n'}
[1.502404] (-) TimerEvent: {}
[1.504190] (quadruped_mujoco) StdoutLine: {'line': b'[ 93%] Built target quadruped_mujoco__rosidl_typesupport_c__pyext\n'}
[1.506022] (quadruped_mujoco) StdoutLine: {'line': b'[ 96%] Built target quadruped_mujoco__rosidl_typesupport_introspection_c__pyext\n'}
[1.508279] (quadruped_mujoco) StdoutLine: {'line': b'[ 98%] Built target quadruped_mujoco__rosidl_typesupport_fastrtps_c__pyext\n'}
[1.602513] (-) TimerEvent: {}
[1.615781] (quadruped_mujoco) StdoutLine: {'line': b'running egg_info\n'}
[1.616236] (quadruped_mujoco) StdoutLine: {'line': b'writing quadruped_mujoco.egg-info/PKG-INFO\n'}
[1.616421] (quadruped_mujoco) StdoutLine: {'line': b'writing dependency_links to quadruped_mujoco.egg-info/dependency_links.txt\n'}
[1.616553] (quadruped_mujoco) StdoutLine: {'line': b'writing top-level names to quadruped_mujoco.egg-info/top_level.txt\n'}
[1.618485] (quadruped_mujoco) StdoutLine: {'line': b"reading manifest file 'quadruped_mujoco.egg-info/SOURCES.txt'\n"}
[1.618909] (quadruped_mujoco) StdoutLine: {'line': b"writing manifest file 'quadruped_mujoco.egg-info/SOURCES.txt'\n"}
[1.641691] (quadruped_mujoco) StdoutLine: {'line': b'[ 98%] Built target ament_cmake_python_build_quadruped_mujoco_egg\n'}
[1.702661] (-) TimerEvent: {}
[1.802983] (-) TimerEvent: {}
[1.903312] (-) TimerEvent: {}
[2.003706] (-) TimerEvent: {}
[2.104044] (-) TimerEvent: {}
[2.204439] (-) TimerEvent: {}
[2.304777] (-) TimerEvent: {}
[2.405089] (-) TimerEvent: {}
[2.505416] (-) TimerEvent: {}
[2.605723] (-) TimerEvent: {}
[2.706071] (-) TimerEvent: {}
[2.806425] (-) TimerEvent: {}
[2.906792] (-) TimerEvent: {}
[3.007121] (-) TimerEvent: {}
[3.107463] (-) TimerEvent: {}
[3.207787] (-) TimerEvent: {}
[3.308105] (-) TimerEvent: {}
[3.408455] (-) TimerEvent: {}
[3.508761] (-) TimerEvent: {}
[3.609061] (-) TimerEvent: {}
[3.709369] (-) TimerEvent: {}
[3.809698] (-) TimerEvent: {}
[3.910067] (-) TimerEvent: {}
[4.010397] (-) TimerEvent: {}
[4.110757] (-) TimerEvent: {}
[4.211165] (-) TimerEvent: {}
[4.311478] (-) TimerEvent: {}
[4.411822] (-) TimerEvent: {}
[4.512136] (-) TimerEvent: {}
[4.612559] (-) TimerEvent: {}
[4.712854] (-) TimerEvent: {}
[4.813217] (-) TimerEvent: {}
[4.913513] (-) TimerEvent: {}
[5.013803] (-) TimerEvent: {}
[5.114185] (-) TimerEvent: {}
[5.214659] (-) TimerEvent: {}
[5.314947] (-) TimerEvent: {}
[5.415325] (-) TimerEvent: {}
[5.515666] (-) TimerEvent: {}
[5.616052] (-) TimerEvent: {}
[5.716430] (-) TimerEvent: {}
[5.816768] (-) TimerEvent: {}
[5.917150] (-) TimerEvent: {}
[6.017487] (-) TimerEvent: {}
[6.117769] (-) TimerEvent: {}
[6.218116] (-) TimerEvent: {}
[6.318375] (-) TimerEvent: {}
[6.418636] (-) TimerEvent: {}
[6.518897] (-) TimerEvent: {}
[6.619218] (-) TimerEvent: {}
[6.719482] (-) TimerEvent: {}
[6.819717] (-) TimerEvent: {}
[6.920115] (-) TimerEvent: {}
[7.020407] (-) TimerEvent: {}
[7.120738] (-) TimerEvent: {}
[7.221157] (-) TimerEvent: {}
[7.321499] (-) TimerEvent: {}
[7.362282] (quadruped_mujoco) StdoutLine: {'line': b'[100%] \x1b[32m\x1b[1mLinking CXX executable mujoco_sim_node\x1b[0m\n'}
[7.421622] (-) TimerEvent: {}
[7.521907] (-) TimerEvent: {}
[7.622192] (-) TimerEvent: {}
[7.722454] (-) TimerEvent: {}
[7.759066] (quadruped_mujoco) StdoutLine: {'line': b'[100%] Built target mujoco_sim_node\n'}
[7.769353] (quadruped_mujoco) CommandEnded: {'returncode': 0}
[7.769865] (quadruped_mujoco) JobProgress: {'identifier': 'quadruped_mujoco', 'progress': 'install'}
[7.777523] (quadruped_mujoco) Command: {'cmd': ['/usr/bin/cmake', '--install', '/home/nisarg/Documents/repo/libchamp-imp/ros2_ws/build/quadruped_mujoco'], 'cwd': '/home/nisarg/Documents/repo/libchamp-imp/ros2_ws/build/quadruped_mujoco', 'env': OrderedDict([('LANGUAGE', 'en_IN:en'), ('USER', 'nisarg'), ('ROS_PACKAGE_PATH', '/home/nisarg/quadruped_ws/install/unitree_legged_sdk/share'), ('XDG_SESSION_TYPE', 'x11'), ('SHLVL', '1'), ('LD_LIBRARY_PATH', '/home/nisarg/Documents/repo/libchamp-imp/ros2_ws/install/quadruped_mujoco/lib:/home/nisarg/.mujoco/mujoco210/bin:/home/nisarg/quadruped_ws/install/unitree_go/lib:/home/nisarg/quadruped_ws/install/unitree_api/lib:/home/nisarg/quadruped_ws/install/champ_msgs/lib:/usr/lib/x86_64-linux-gnu/gazebo-11/plugins:/opt/ros/humble/opt/rviz_ogre_vendor/lib:/opt/ros/humble/lib/x86_64-linux-gnu:/opt/ros/humble/lib'), ('HOME', '/home/nisarg'), ('CONDA_SHLVL', '0'), ('OLDPWD', '/home/nisarg/Documents/repo/libchamp-imp'), ('DESKTOP_SESSION', 'ubuntu'), ('ROS_PYTHON_VERSION', '3'), ('GNOME_SHELL_SESSION_MODE', 'ubuntu'), ('GTK_MODULES', 'gail:atk-bridge'), ('DBUS_STARTER_BUS_TYPE', 'session'), ('SYSTEMD_EXEC_PID', '2064'), ('DBUS_SESSION_BUS_ADDRESS', 'unix:path=/run/user/1000/bus,guid=e03bf6c2ed0ad06e9aa581ee67d7e20e'), ('COLORTERM', 'truecolor'), ('_CE_M', ''), ('COLCON_PREFIX_PATH', '/home/nisarg/Documents/repo/libchamp-imp/ros2_ws/install:/home/nisarg/Documents/repo/libchamp-imp/install:/home/nisarg/Documents/repo/helium-quadruped-mjc/install:/home/nisarg/quadruped_ws/install'), ('ROS_DISTRO', 'humble'), ('GTK_IM_MODULE', 'ibus'), ('LOGNAME', 'nisarg'), ('_', '/usr/bin/colcon'), ('ROS_VERSION', '2'), ('PKG_CONFIG_PATH', '/home/nisarg/quadruped_ws/install/unitree_legged_sdk/lib/x86_64-linux-gnu/pkgconfig:/home/nisarg/quadruped_ws/install/unitree_legged_sdk/lib/pkgconfig'), ('XDG_SESSION_CLASS', 'user'), ('USERNAME', 'nisarg'), ('TERM', 'xterm-256color'), ('GNOME_DESKTOP_SESSION_ID', 'this-is-deprecated'), ('_CE_CONDA', ''), ('ROS_LOCALHOST_ONLY', '0'), ('WINDOWPATH', '2'), ('PATH', '/home/nisarg/miniconda3/condabin:/opt/ros/humble/bin:/usr/local/sbin:/usr/local/bin:/usr/sbin:/usr/bin:/sbin:/bin:/usr/games:/usr/local/games:/snap/bin:/snap/bin'), ('SESSION_MANAGER', 'local/nisarg-OMEN:@/tmp/.ICE-unix/2064,unix/nisarg-OMEN:/tmp/.ICE-unix/2064'), ('XDG_MENU_PREFIX', 'gnome-'), ('GNOME_TERMINAL_SCREEN', '/org/gnome/Terminal/screen/a2c74410_1cec_4ef8_bca7_33967d08ea0c'), ('XDG_RUNTIME_DIR', '/run/user/1000'), ('DISPLAY', ':1'), ('LANG', 'en_US.UTF-8'), ('XDG_CURRENT_DESKTOP', 'ubuntu:GNOME'), ('XMODIFIERS', '@im=ibus'), ('XDG_SESSION_DESKTOP', 'ubuntu'), ('XAUTHORITY', '/run/user/1000/gdm/Xauthority'), ('GNOME_TERMINAL_SERVICE', ':1.107'), ('SSH_AGENT_LAUNCHER', 'gnome-keyring'), ('SSH_AUTH_SOCK', '/run/user/1000/keyring/ssh'), ('ROS_DOMAIN_ID', '47'), ('AMENT_PREFIX_PATH', '/home/nisarg/Documents/repo/libchamp-imp/ros2_ws/install/quadruped_mujoco:/home/nisarg/Documents/repo/helium-quadruped-mjc/install/helium_quadruped_simulation:/home/nisarg/Documents/repo/helium-quadruped-mjc/install/helium_quadruped_description:/home/nisarg/Documents/repo/helium-quadruped-mjc/install/helium_quadruped_controller:/home/nisarg/quadruped_ws/install/unitree_go:/home/nisarg/quadruped_ws/install/unitree_api:/home/nisarg/quadruped_ws/install/champ_teleop:/home/nisarg/quadruped_ws/install/champ_msgs:/home/nisarg/quadruped_ws/install/champ_description:/home/nisarg/quadruped_ws/install/champ:/opt/ros/humble'), ('CONDA_PYTHON_EXE', '/home/nisarg/miniconda3/bin/python'), ('SHELL', '/bin/bash'), ('QT_ACCESSIBILITY', '1'), ('GDMSESSION', 'ubuntu'), ('CMAKE_MODULE_PATH', '/home/nisarg/Documents/repo/libchamp-imp/ros2_ws/install/quadruped_mujoco/share/quadruped_mujoco/cmake'), ('GPG_AGENT_INFO', '/run/user/1000/gnupg/S.gpg-agent:0:1'), ('QT_IM_MODULE', 'ibus'), ('PWD', '/home/nisarg/Documents/repo/libchamp-imp/ros2_ws/build/quadruped_mujoco'), ('LC_ALL', 'en_US.UTF-8'), ('XDG_CONFIG_DIRS', '/etc/xdg/xdg-ubuntu:/etc/xdg'), ('CONDA_EXE', '/home/nisarg/miniconda3/bin/conda'), ('DBUS_STARTER_ADDRESS', 'unix:path=/run/user/1000/bus,guid=e03bf6c2ed0ad06e9aa581ee67d7e20e'), ('MUJOCO_PLUGIN_PATH', '/lib'), ('XDG_DATA_DIRS', '/usr/share/ubuntu:/usr/share/gnome:/usr/local/share/:/usr/share/:/var/lib/snapd/desktop'), ('PYTHONPATH', '/home/nisarg/Documents/repo/libchamp-imp/ros2_ws/install/quadruped_mujoco/local/lib/python3.10/dist-packages:/home/nisarg/Documents/repo/helium-quadruped-mjc/install/helium_quadruped_simulation/lib/python3.10/site-packages:/home/nisarg/Documents/repo/helium-quadruped-mjc/install/helium_quadruped_description/lib/python3.10/site-packages:/home/nisarg/Documents/repo/helium-quadruped-mjc/install/helium_quadruped_controller/lib/python3.10/site-packages:/home/nisarg/quadruped_ws/install/unitree_go/local/lib/python3.10/dist-packages:/home/nisarg/quadruped_ws/install/unitree_api/local/lib/python3.10/dist-packages:/home/nisarg/quadruped_ws/install/champ_msgs/local/lib/python3.10/dist-packages:/opt/ros/humble/lib/python3.10/site-packages:/opt/ros/humble/local/lib/python3.10/dist-packages'), ('COLCON', '1'), ('VTE_VERSION', '6800'), ('CMAKE_PREFIX_PATH', '/home/nisarg/Documents/repo/libchamp-imp/ros2_ws/install/quadruped_mujoco:/home/nisarg/quadruped_ws/install/unitree_go:/home/nisarg/quadruped_ws/install/unitree_api:/home/nisarg/quadruped_ws/install/champ_teleop:/home/nisarg/quadruped_ws/install/champ_msgs:/home/nisarg/quadruped_ws/install/champ_description:/home/nisarg/quadruped_ws/install/champ:/home/nisarg/Documents/repo/helium-quadruped-mjc/install/helium_quadruped_simulation:/home/nisarg/Documents/repo/helium-quadruped-mjc/install/helium_quadruped_description:/home/nisarg/Documents/repo/helium-quadruped-mjc/install/helium_quadruped_controller:/opt/ros/humble'), ('MUJOCO_KEY_PATH', '/home/nisarg/.mujoco/mjkey.txt')]), 'shell': False}
[7.791412] (quadruped_mujoco) StdoutLine: {'line': b'-- Install configuration: ""\n'}
[7.791841] (quadruped_mujoco) StdoutLine: {'line': b'-- Up-to-date: /home/nisarg/Documents/repo/libchamp-imp/ros2_ws/install/quadruped_mujoco/share/ament_index/resource_index/rosidl_interfaces/quadruped_mujoco\n'}
[7.792124] (quadruped_mujoco) StdoutLine: {'line': b'-- Up-to-date: /home/nisarg/Documents/repo/libchamp-imp/ros2_ws/install/quadruped_mujoco/include/quadruped_mujoco/quadruped_mujoco\n'}
[7.792389] (quadruped_mujoco) StdoutLine: {'line': b'-- Up-to-date: /home/nisarg/Documents/repo/libchamp-imp/ros2_ws/install/quadruped_mujoco/include/quadruped_mujoco/quadruped_mujoco/msg\n'}
[7.792527] (quadruped_mujoco) StdoutLine: {'line': b'-- Up-to-date: /home/nisarg/Documents/repo/libchamp-imp/ros2_ws/install/quadruped_mujoco/include/quadruped_mujoco/quadruped_mujoco/msg/contacts_stamped.h\n'}
[7.792588] (quadruped_mujoco) StdoutLine: {'line': b'-- Up-to-date: /home/nisarg/Documents/repo/libchamp-imp/ros2_ws/install/quadruped_mujoco/include/quadruped_mujoco/quadruped_mujoco/msg/velocities.h\n'}
[7.792645] (quadruped_mujoco) StdoutLine: {'line': b'-- Up-to-date: /home/nisarg/Documents/repo/libchamp-imp/ros2_ws/install/quadruped_mujoco/include/quadruped_mujoco/quadruped_mujoco/msg/joints.h\n'}
[7.792698] (quadruped_mujoco) StdoutLine: {'line': b'-- Up-to-date: /home/nisarg/Documents/repo/libchamp-imp/ros2_ws/install/quadruped_mujoco/include/quadruped_mujoco/quadruped_mujoco/msg/contacts.h\n'}
[7.792751] (quadruped_mujoco) StdoutLine: {'line': b'-- Up-to-date: /home/nisarg/Documents/repo/libchamp-imp/ros2_ws/install/quadruped_mujoco/include/quadruped_mujoco/quadruped_mujoco/msg/detail\n'}
[7.792802] (quadruped_mujoco) StdoutLine: {'line': b'-- Up-to-date: /home/nisarg/Documents/repo/libchamp-imp/ros2_ws/install/quadruped_mujoco/include/quadruped_mujoco/quadruped_mujoco/msg/detail/velocities__functions.h\n'}
[7.792853] (quadruped_mujoco) StdoutLine: {'line': b'-- Up-to-date: /home/nisarg/Documents/repo/libchamp-imp/ros2_ws/install/quadruped_mujoco/include/quadruped_mujoco/quadruped_mujoco/msg/detail/contacts__type_support.h\n'}
[7.792903] (quadruped_mujoco) StdoutLine: {'line': b'-- Up-to-date: /home/nisarg/Documents/repo/libchamp-imp/ros2_ws/install/quadruped_mujoco/include/quadruped_mujoco/quadruped_mujoco/msg/detail/contacts_stamped__functions.c\n'}
[7.792967] (quadruped_mujoco) StdoutLine: {'line': b'-- Up-to-date: /home/nisarg/Documents/repo/libchamp-imp/ros2_ws/install/quadruped_mujoco/include/quadruped_mujoco/quadruped_mujoco/msg/detail/contacts_stamped__functions.h\n'}
[7.793052] (quadruped_mujoco) StdoutLine: {'line': b'-- Up-to-date: /home/nisarg/Documents/repo/libchamp-imp/ros2_ws/install/quadruped_mujoco/include/quadruped_mujoco/quadruped_mujoco/msg/detail/joints__type_support.h\n'}
[7.793100] (quadruped_mujoco) StdoutLine: {'line': b'-- Up-to-date: /home/nisarg/Documents/repo/libchamp-imp/ros2_ws/install/quadruped_mujoco/include/quadruped_mujoco/quadruped_mujoco/msg/detail/pose__functions.h\n'}
[7.793328] (quadruped_mujoco) StdoutLine: {'line': b'-- Up-to-date: /home/nisarg/Documents/repo/libchamp-imp/ros2_ws/install/quadruped_mujoco/include/quadruped_mujoco/quadruped_mujoco/msg/detail/joints__struct.h\n'}
[7.793581] (quadruped_mujoco) StdoutLine: {'line': b'-- Up-to-date: /home/nisarg/Documents/repo/libchamp-imp/ros2_ws/install/quadruped_mujoco/include/quadruped_mujoco/quadruped_mujoco/msg/detail/pose__type_support.h\n'}
[7.793797] (quadruped_mujoco) StdoutLine: {'line': b'-- Up-to-date: /home/nisarg/Documents/repo/libchamp-imp/ros2_ws/install/quadruped_mujoco/include/quadruped_mujoco/quadruped_mujoco/msg/detail/joints__functions.h\n'}
[7.793962] (quadruped_mujoco) StdoutLine: {'line': b'-- Up-to-date: /home/nisarg/Documents/repo/libchamp-imp/ros2_ws/install/quadruped_mujoco/include/quadruped_mujoco/quadruped_mujoco/msg/detail/contacts__struct.h\n'}
[7.794143] (quadruped_mujoco) StdoutLine: {'line': b'-- Up-to-date: /home/nisarg/Documents/repo/libchamp-imp/ros2_ws/install/quadruped_mujoco/include/quadruped_mujoco/quadruped_mujoco/msg/detail/joints__functions.c\n'}
[7.794359] (quadruped_mujoco) StdoutLine: {'line': b'-- Up-to-date: /home/nisarg/Documents/repo/libchamp-imp/ros2_ws/install/quadruped_mujoco/include/quadruped_mujoco/quadruped_mujoco/msg/detail/velocities__functions.c\n'}
[7.794517] (quadruped_mujoco) StdoutLine: {'line': b'-- Up-to-date: /home/nisarg/Documents/repo/libchamp-imp/ros2_ws/install/quadruped_mujoco/include/quadruped_mujoco/quadruped_mujoco/msg/detail/pose__functions.c\n'}
[7.794675] (quadruped_mujoco) StdoutLine: {'line': b'-- Up-to-date: /home/nisarg/Documents/repo/libchamp-imp/ros2_ws/install/quadruped_mujoco/include/quadruped_mujoco/quadruped_mujoco/msg/detail/velocities__struct.h\n'}
[7.794832] (quadruped_mujoco) StdoutLine: {'line': b'-- Up-to-date: /home/nisarg/Documents/repo/libchamp-imp/ros2_ws/install/quadruped_mujoco/include/quadruped_mujoco/quadruped_mujoco/msg/detail/contacts__functions.h\n'}
[7.795005] (quadruped_mujoco) StdoutLine: {'line': b'-- Up-to-date: /home/nisarg/Documents/repo/libchamp-imp/ros2_ws/install/quadruped_mujoco/include/quadruped_mujoco/quadruped_mujoco/msg/detail/contacts__functions.c\n'}
[7.795403] (quadruped_mujoco) StdoutLine: {'line': b'-- Up-to-date: /home/nisarg/Documents/repo/libchamp-imp/ros2_ws/install/quadruped_mujoco/include/quadruped_mujoco/quadruped_mujoco/msg/detail/pose__struct.h\n'}
[7.795533] (quadruped_mujoco) StdoutLine: {'line': b'-- Up-to-date: /home/nisarg/Documents/repo/libchamp-imp/ros2_ws/install/quadruped_mujoco/include/quadruped_mujoco/quadruped_mujoco/msg/detail/contacts_stamped__struct.h\n'}
[7.795659] (quadruped_mujoco) StdoutLine: {'line': b'-- Up-to-date: /home/nisarg/Documents/repo/libchamp-imp/ros2_ws/install/quadruped_mujoco/include/quadruped_mujoco/quadruped_mujoco/msg/detail/velocities__type_support.h\n'}
[7.795785] (quadruped_mujoco) StdoutLine: {'line': b'-- Up-to-date: /home/nisarg/Documents/repo/libchamp-imp/ros2_ws/install/quadruped_mujoco/include/quadruped_mujoco/quadruped_mujoco/msg/detail/contacts_stamped__type_support.h\n'}
[7.795905] (quadruped_mujoco) StdoutLine: {'line': b'-- Up-to-date: /home/nisarg/Documents/repo/libchamp-imp/ros2_ws/install/quadruped_mujoco/include/quadruped_mujoco/quadruped_mujoco/msg/rosidl_generator_c__visibility_control.h\n'}
[7.796084] (quadruped_mujoco) StdoutLine: {'line': b'-- Up-to-date: /home/nisarg/Documents/repo/libchamp-imp/ros2_ws/install/quadruped_mujoco/include/quadruped_mujoco/quadruped_mujoco/msg/pose.h\n'}
[7.796243] (quadruped_mujoco) StdoutLine: {'line': b'-- Up-to-date: /home/nisarg/Documents/repo/libchamp-imp/ros2_ws/install/quadruped_mujoco/share/quadruped_mujoco/environment/library_path.sh\n'}
[7.796391] (quadruped_mujoco) StdoutLine: {'line': b'-- Installing: /home/nisarg/Documents/repo/libchamp-imp/ros2_ws/install/quadruped_mujoco/share/quadruped_mujoco/environment/library_path.dsv\n'}
[7.796549] (quadruped_mujoco) StdoutLine: {'line': b'-- Up-to-date: /home/nisarg/Documents/repo/libchamp-imp/ros2_ws/install/quadruped_mujoco/lib/libquadruped_mujoco__rosidl_generator_c.so\n'}
[7.796612] (quadruped_mujoco) StdoutLine: {'line': b'-- Up-to-date: /home/nisarg/Documents/repo/libchamp-imp/ros2_ws/install/quadruped_mujoco/include/quadruped_mujoco/quadruped_mujoco\n'}
[7.796707] (quadruped_mujoco) StdoutLine: {'line': b'-- Up-to-date: /home/nisarg/Documents/repo/libchamp-imp/ros2_ws/install/quadruped_mujoco/include/quadruped_mujoco/quadruped_mujoco/msg\n'}
[7.796756] (quadruped_mujoco) StdoutLine: {'line': b'-- Up-to-date: /home/nisarg/Documents/repo/libchamp-imp/ros2_ws/install/quadruped_mujoco/include/quadruped_mujoco/quadruped_mujoco/msg/rosidl_typesupport_fastrtps_c__visibility_control.h\n'}
[7.796802] (quadruped_mujoco) StdoutLine: {'line': b'-- Up-to-date: /home/nisarg/Documents/repo/libchamp-imp/ros2_ws/install/quadruped_mujoco/include/quadruped_mujoco/quadruped_mujoco/msg/detail\n'}
[7.796847] (quadruped_mujoco) StdoutLine: {'line': b'-- Up-to-date: /home/nisarg/Documents/repo/libchamp-imp/ros2_ws/install/quadruped_mujoco/include/quadruped_mujoco/quadruped_mujoco/msg/detail/joints__rosidl_typesupport_fastrtps_c.h\n'}
[7.796990] (quadruped_mujoco) StdoutLine: {'line': b'-- Up-to-date: /home/nisarg/Documents/repo/libchamp-imp/ros2_ws/install/quadruped_mujoco/include/quadruped_mujoco/quadruped_mujoco/msg/detail/velocities__rosidl_typesupport_fastrtps_c.h\n'}
[7.797032] (quadruped_mujoco) StdoutLine: {'line': b'-- Up-to-date: /home/nisarg/Documents/repo/libchamp-imp/ros2_ws/install/quadruped_mujoco/include/quadruped_mujoco/quadruped_mujoco/msg/detail/contacts_stamped__rosidl_typesupport_fastrtps_c.h\n'}
[7.797074] (quadruped_mujoco) StdoutLine: {'line': b'-- Up-to-date: /home/nisarg/Documents/repo/libchamp-imp/ros2_ws/install/quadruped_mujoco/include/quadruped_mujoco/quadruped_mujoco/msg/detail/contacts__rosidl_typesupport_fastrtps_c.h\n'}
[7.797115] (quadruped_mujoco) StdoutLine: {'line': b'-- Up-to-date: /home/nisarg/Documents/repo/libchamp-imp/ros2_ws/install/quadruped_mujoco/include/quadruped_mujoco/quadruped_mujoco/msg/detail/pose__rosidl_typesupport_fastrtps_c.h\n'}
[7.797165] (quadruped_mujoco) StdoutLine: {'line': b'-- Up-to-date: /home/nisarg/Documents/repo/libchamp-imp/ros2_ws/install/quadruped_mujoco/lib/libquadruped_mujoco__rosidl_typesupport_fastrtps_c.so\n'}
[7.797276] (quadruped_mujoco) StdoutLine: {'line': b'-- Up-to-date: /home/nisarg/Documents/repo/libchamp-imp/ros2_ws/install/quadruped_mujoco/include/quadruped_mujoco/quadruped_mujoco\n'}
[7.797362] (quadruped_mujoco) StdoutLine: {'line': b'-- Up-to-date: /home/nisarg/Documents/repo/libchamp-imp/ros2_ws/install/quadruped_mujoco/include/quadruped_mujoco/quadruped_mujoco/msg\n'}
[7.797443] (quadruped_mujoco) StdoutLine: {'line': b'-- Up-to-date: /home/nisarg/Documents/repo/libchamp-imp/ros2_ws/install/quadruped_mujoco/include/quadruped_mujoco/quadruped_mujoco/msg/pose.hpp\n'}
[7.797531] (quadruped_mujoco) StdoutLine: {'line': b'-- Up-to-date: /home/nisarg/Documents/repo/libchamp-imp/ros2_ws/install/quadruped_mujoco/include/quadruped_mujoco/quadruped_mujoco/msg/contacts.hpp\n'}
[7.797609] (quadruped_mujoco) StdoutLine: {'line': b'-- Up-to-date: /home/nisarg/Documents/repo/libchamp-imp/ros2_ws/install/quadruped_mujoco/include/quadruped_mujoco/quadruped_mujoco/msg/velocities.hpp\n'}
[7.797694] (quadruped_mujoco) StdoutLine: {'line': b'-- Up-to-date: /home/nisarg/Documents/repo/libchamp-imp/ros2_ws/install/quadruped_mujoco/include/quadruped_mujoco/quadruped_mujoco/msg/joints.hpp\n'}
[7.797770] (quadruped_mujoco) StdoutLine: {'line': b'-- Up-to-date: /home/nisarg/Documents/repo/libchamp-imp/ros2_ws/install/quadruped_mujoco/include/quadruped_mujoco/quadruped_mujoco/msg/detail\n'}
[7.797848] (quadruped_mujoco) StdoutLine: {'line': b'-- Up-to-date: /home/nisarg/Documents/repo/libchamp-imp/ros2_ws/install/quadruped_mujoco/include/quadruped_mujoco/quadruped_mujoco/msg/detail/pose__traits.hpp\n'}
[7.797926] (quadruped_mujoco) StdoutLine: {'line': b'-- Up-to-date: /home/nisarg/Documents/repo/libchamp-imp/ros2_ws/install/quadruped_mujoco/include/quadruped_mujoco/quadruped_mujoco/msg/detail/velocities__struct.hpp\n'}
[7.797970] (quadruped_mujoco) StdoutLine: {'line': b'-- Up-to-date: /home/nisarg/Documents/repo/libchamp-imp/ros2_ws/install/quadruped_mujoco/include/quadruped_mujoco/quadruped_mujoco/msg/detail/joints__traits.hpp\n'}
[7.798001] (quadruped_mujoco) StdoutLine: {'line': b'-- Up-to-date: /home/nisarg/Documents/repo/libchamp-imp/ros2_ws/install/quadruped_mujoco/include/quadruped_mujoco/quadruped_mujoco/msg/detail/contacts_stamped__builder.hpp\n'}
[7.798034] (quadruped_mujoco) StdoutLine: {'line': b'-- Up-to-date: /home/nisarg/Documents/repo/libchamp-imp/ros2_ws/install/quadruped_mujoco/include/quadruped_mujoco/quadruped_mujoco/msg/detail/contacts__type_support.hpp\n'}
[7.798066] (quadruped_mujoco) StdoutLine: {'line': b'-- Up-to-date: /home/nisarg/Documents/repo/libchamp-imp/ros2_ws/install/quadruped_mujoco/include/quadruped_mujoco/quadruped_mujoco/msg/detail/contacts__struct.hpp\n'}
[7.798098] (quadruped_mujoco) StdoutLine: {'line': b'-- Up-to-date: /home/nisarg/Documents/repo/libchamp-imp/ros2_ws/install/quadruped_mujoco/include/quadruped_mujoco/quadruped_mujoco/msg/detail/velocities__traits.hpp\n'}
[7.798130] (quadruped_mujoco) StdoutLine: {'line': b'-- Up-to-date: /home/nisarg/Documents/repo/libchamp-imp/ros2_ws/install/quadruped_mujoco/include/quadruped_mujoco/quadruped_mujoco/msg/detail/joints__type_support.hpp\n'}
[7.798162] (quadruped_mujoco) StdoutLine: {'line': b'-- Up-to-date: /home/nisarg/Documents/repo/libchamp-imp/ros2_ws/install/quadruped_mujoco/include/quadruped_mujoco/quadruped_mujoco/msg/detail/contacts_stamped__type_support.hpp\n'}
[7.798194] (quadruped_mujoco) StdoutLine: {'line': b'-- Up-to-date: /home/nisarg/Documents/repo/libchamp-imp/ros2_ws/install/quadruped_mujoco/include/quadruped_mujoco/quadruped_mujoco/msg/detail/pose__struct.hpp\n'}
[7.798230] (quadruped_mujoco) StdoutLine: {'line': b'-- Up-to-date: /home/nisarg/Documents/repo/libchamp-imp/ros2_ws/install/quadruped_mujoco/include/quadruped_mujoco/quadruped_mujoco/msg/detail/velocities__builder.hpp\n'}
[7.798266] (quadruped_mujoco) StdoutLine: {'line': b'-- Up-to-date: /home/nisarg/Documents/repo/libchamp-imp/ros2_ws/install/quadruped_mujoco/include/quadruped_mujoco/quadruped_mujoco/msg/detail/contacts_stamped__struct.hpp\n'}
[7.798299] (quadruped_mujoco) StdoutLine: {'line': b'-- Up-to-date: /home/nisarg/Documents/repo/libchamp-imp/ros2_ws/install/quadruped_mujoco/include/quadruped_mujoco/quadruped_mujoco/msg/detail/pose__type_support.hpp\n'}
[7.798338] (quadruped_mujoco) StdoutLine: {'line': b'-- Up-to-date: /home/nisarg/Documents/repo/libchamp-imp/ros2_ws/install/quadruped_mujoco/include/quadruped_mujoco/quadruped_mujoco/msg/detail/joints__builder.hpp\n'}
[7.798374] (quadruped_mujoco) StdoutLine: {'line': b'-- Up-to-date: /home/nisarg/Documents/repo/libchamp-imp/ros2_ws/install/quadruped_mujoco/include/quadruped_mujoco/quadruped_mujoco/msg/detail/joints__struct.hpp\n'}
[7.798408] (quadruped_mujoco) StdoutLine: {'line': b'-- Up-to-date: /home/nisarg/Documents/repo/libchamp-imp/ros2_ws/install/quadruped_mujoco/include/quadruped_mujoco/quadruped_mujoco/msg/detail/contacts__traits.hpp\n'}
[7.798443] (quadruped_mujoco) StdoutLine: {'line': b'-- Up-to-date: /home/nisarg/Documents/repo/libchamp-imp/ros2_ws/install/quadruped_mujoco/include/quadruped_mujoco/quadruped_mujoco/msg/detail/velocities__type_support.hpp\n'}
[7.798483] (quadruped_mujoco) StdoutLine: {'line': b'-- Up-to-date: /home/nisarg/Documents/repo/libchamp-imp/ros2_ws/install/quadruped_mujoco/include/quadruped_mujoco/quadruped_mujoco/msg/detail/contacts_stamped__traits.hpp\n'}
[7.798515] (quadruped_mujoco) StdoutLine: {'line': b'-- Up-to-date: /home/nisarg/Documents/repo/libchamp-imp/ros2_ws/install/quadruped_mujoco/include/quadruped_mujoco/quadruped_mujoco/msg/detail/contacts__builder.hpp\n'}
[7.798551] (quadruped_mujoco) StdoutLine: {'line': b'-- Up-to-date: /home/nisarg/Documents/repo/libchamp-imp/ros2_ws/install/quadruped_mujoco/include/quadruped_mujoco/quadruped_mujoco/msg/detail/pose__builder.hpp\n'}
[7.798584] (quadruped_mujoco) StdoutLine: {'line': b'-- Up-to-date: /home/nisarg/Documents/repo/libchamp-imp/ros2_ws/install/quadruped_mujoco/include/quadruped_mujoco/quadruped_mujoco/msg/contacts_stamped.hpp\n'}
[7.798620] (quadruped_mujoco) StdoutLine: {'line': b'-- Up-to-date: /home/nisarg/Documents/repo/libchamp-imp/ros2_ws/install/quadruped_mujoco/include/quadruped_mujoco/quadruped_mujoco/msg/rosidl_generator_cpp__visibility_control.hpp\n'}
[7.798655] (quadruped_mujoco) StdoutLine: {'line': b'-- Up-to-date: /home/nisarg/Documents/repo/libchamp-imp/ros2_ws/install/quadruped_mujoco/include/quadruped_mujoco/quadruped_mujoco\n'}
[7.798691] (quadruped_mujoco) StdoutLine: {'line': b'-- Up-to-date: /home/nisarg/Documents/repo/libchamp-imp/ros2_ws/install/quadruped_mujoco/include/quadruped_mujoco/quadruped_mujoco/msg\n'}
[7.798724] (quadruped_mujoco) StdoutLine: {'line': b'-- Up-to-date: /home/nisarg/Documents/repo/libchamp-imp/ros2_ws/install/quadruped_mujoco/include/quadruped_mujoco/quadruped_mujoco/msg/rosidl_typesupport_fastrtps_cpp__visibility_control.h\n'}
[7.798756] (quadruped_mujoco) StdoutLine: {'line': b'-- Up-to-date: /home/nisarg/Documents/repo/libchamp-imp/ros2_ws/install/quadruped_mujoco/include/quadruped_mujoco/quadruped_mujoco/msg/detail\n'}
[7.798789] (quadruped_mujoco) StdoutLine: {'line': b'-- Up-to-date: /home/nisarg/Documents/repo/libchamp-imp/ros2_ws/install/quadruped_mujoco/include/quadruped_mujoco/quadruped_mujoco/msg/detail/contacts_stamped__rosidl_typesupport_fastrtps_cpp.hpp\n'}
[7.798821] (quadruped_mujoco) StdoutLine: {'line': b'-- Up-to-date: /home/nisarg/Documents/repo/libchamp-imp/ros2_ws/install/quadruped_mujoco/include/quadruped_mujoco/quadruped_mujoco/msg/detail/joints__rosidl_typesupport_fastrtps_cpp.hpp\n'}
[7.798856] (quadruped_mujoco) StdoutLine: {'line': b'-- Up-to-date: /home/nisarg/Documents/repo/libchamp-imp/ros2_ws/install/quadruped_mujoco/include/quadruped_mujoco/quadruped_mujoco/msg/detail/dds_fastrtps\n'}
[7.798888] (quadruped_mujoco) StdoutLine: {'line': b'-- Up-to-date: /home/nisarg/Documents/repo/libchamp-imp/ros2_ws/install/quadruped_mujoco/include/quadruped_mujoco/quadruped_mujoco/msg/detail/velocities__rosidl_typesupport_fastrtps_cpp.hpp\n'}
[7.798918] (quadruped_mujoco) StdoutLine: {'line': b'-- Up-to-date: /home/nisarg/Documents/repo/libchamp-imp/ros2_ws/install/quadruped_mujoco/include/quadruped_mujoco/quadruped_mujoco/msg/detail/contacts__rosidl_typesupport_fastrtps_cpp.hpp\n'}
[7.798948] (quadruped_mujoco) StdoutLine: {'line': b'-- Up-to-date: /home/nisarg/Documents/repo/libchamp-imp/ros2_ws/install/quadruped_mujoco/include/quadruped_mujoco/quadruped_mujoco/msg/detail/pose__rosidl_typesupport_fastrtps_cpp.hpp\n'}
[7.798980] (quadruped_mujoco) StdoutLine: {'line': b'-- Up-to-date: /home/nisarg/Documents/repo/libchamp-imp/ros2_ws/install/quadruped_mujoco/lib/libquadruped_mujoco__rosidl_typesupport_fastrtps_cpp.so\n'}
[7.799010] (quadruped_mujoco) StdoutLine: {'line': b'-- Up-to-date: /home/nisarg/Documents/repo/libchamp-imp/ros2_ws/install/quadruped_mujoco/include/quadruped_mujoco/quadruped_mujoco\n'}
[7.799041] (quadruped_mujoco) StdoutLine: {'line': b'-- Up-to-date: /home/nisarg/Documents/repo/libchamp-imp/ros2_ws/install/quadruped_mujoco/include/quadruped_mujoco/quadruped_mujoco/msg\n'}
[7.799071] (quadruped_mujoco) StdoutLine: {'line': b'-- Up-to-date: /home/nisarg/Documents/repo/libchamp-imp/ros2_ws/install/quadruped_mujoco/include/quadruped_mujoco/quadruped_mujoco/msg/detail\n'}
[7.799105] (quadruped_mujoco) StdoutLine: {'line': b'-- Up-to-date: /home/nisarg/Documents/repo/libchamp-imp/ros2_ws/install/quadruped_mujoco/include/quadruped_mujoco/quadruped_mujoco/msg/detail/joints__rosidl_typesupport_introspection_c.h\n'}
[7.799137] (quadruped_mujoco) StdoutLine: {'line': b'-- Up-to-date: /home/nisarg/Documents/repo/libchamp-imp/ros2_ws/install/quadruped_mujoco/include/quadruped_mujoco/quadruped_mujoco/msg/detail/joints__type_support.c\n'}
[7.799171] (quadruped_mujoco) StdoutLine: {'line': b'-- Up-to-date: /home/nisarg/Documents/repo/libchamp-imp/ros2_ws/install/quadruped_mujoco/include/quadruped_mujoco/quadruped_mujoco/msg/detail/velocities__type_support.c\n'}
[7.799201] (quadruped_mujoco) StdoutLine: {'line': b'-- Up-to-date: /home/nisarg/Documents/repo/libchamp-imp/ros2_ws/install/quadruped_mujoco/include/quadruped_mujoco/quadruped_mujoco/msg/detail/contacts__rosidl_typesupport_introspection_c.h\n'}
[7.799248] (quadruped_mujoco) StdoutLine: {'line': b'-- Up-to-date: /home/nisarg/Documents/repo/libchamp-imp/ros2_ws/install/quadruped_mujoco/include/quadruped_mujoco/quadruped_mujoco/msg/detail/velocities__rosidl_typesupport_introspection_c.h\n'}
[7.799281] (quadruped_mujoco) StdoutLine: {'line': b'-- Up-to-date: /home/nisarg/Documents/repo/libchamp-imp/ros2_ws/install/quadruped_mujoco/include/quadruped_mujoco/quadruped_mujoco/msg/detail/pose__rosidl_typesupport_introspection_c.h\n'}
[7.799310] (quadruped_mujoco) StdoutLine: {'line': b'-- Up-to-date: /home/nisarg/Documents/repo/libchamp-imp/ros2_ws/install/quadruped_mujoco/include/quadruped_mujoco/quadruped_mujoco/msg/detail/contacts__type_support.c\n'}
[7.799345] (quadruped_mujoco) StdoutLine: {'line': b'-- Up-to-date: /home/nisarg/Documents/repo/libchamp-imp/ros2_ws/install/quadruped_mujoco/include/quadruped_mujoco/quadruped_mujoco/msg/detail/contacts_stamped__type_support.c\n'}
[7.799374] (quadruped_mujoco) StdoutLine: {'line': b'-- Up-to-date: /home/nisarg/Documents/repo/libchamp-imp/ros2_ws/install/quadruped_mujoco/include/quadruped_mujoco/quadruped_mujoco/msg/detail/contacts_stamped__rosidl_typesupport_introspection_c.h\n'}
[7.799403] (quadruped_mujoco) StdoutLine: {'line': b'-- Up-to-date: /home/nisarg/Documents/repo/libchamp-imp/ros2_ws/install/quadruped_mujoco/include/quadruped_mujoco/quadruped_mujoco/msg/detail/pose__type_support.c\n'}
[7.799432] (quadruped_mujoco) StdoutLine: {'line': b'-- Up-to-date: /home/nisarg/Documents/repo/libchamp-imp/ros2_ws/install/quadruped_mujoco/include/quadruped_mujoco/quadruped_mujoco/msg/rosidl_typesupport_introspection_c__visibility_control.h\n'}
[7.799462] (quadruped_mujoco) StdoutLine: {'line': b'-- Up-to-date: /home/nisarg/Documents/repo/libchamp-imp/ros2_ws/install/quadruped_mujoco/lib/libquadruped_mujoco__rosidl_typesupport_introspection_c.so\n'}
[7.799492] (quadruped_mujoco) StdoutLine: {'line': b'-- Up-to-date: /home/nisarg/Documents/repo/libchamp-imp/ros2_ws/install/quadruped_mujoco/lib/libquadruped_mujoco__rosidl_typesupport_c.so\n'}
[7.799521] (quadruped_mujoco) StdoutLine: {'line': b'-- Up-to-date: /home/nisarg/Documents/repo/libchamp-imp/ros2_ws/install/quadruped_mujoco/include/quadruped_mujoco/quadruped_mujoco\n'}
[7.799552] (quadruped_mujoco) StdoutLine: {'line': b'-- Up-to-date: /home/nisarg/Documents/repo/libchamp-imp/ros2_ws/install/quadruped_mujoco/include/quadruped_mujoco/quadruped_mujoco/msg\n'}
[7.799581] (quadruped_mujoco) StdoutLine: {'line': b'-- Up-to-date: /home/nisarg/Documents/repo/libchamp-imp/ros2_ws/install/quadruped_mujoco/include/quadruped_mujoco/quadruped_mujoco/msg/detail\n'}
[7.799611] (quadruped_mujoco) StdoutLine: {'line': b'-- Up-to-date: /home/nisarg/Documents/repo/libchamp-imp/ros2_ws/install/quadruped_mujoco/include/quadruped_mujoco/quadruped_mujoco/msg/detail/joints__type_support.cpp\n'}
[7.799640] (quadruped_mujoco) StdoutLine: {'line': b'-- Up-to-date: /home/nisarg/Documents/repo/libchamp-imp/ros2_ws/install/quadruped_mujoco/include/quadruped_mujoco/quadruped_mujoco/msg/detail/velocities__rosidl_typesupport_introspection_cpp.hpp\n'}
[7.799672] (quadruped_mujoco) StdoutLine: {'line': b'-- Up-to-date: /home/nisarg/Documents/repo/libchamp-imp/ros2_ws/install/quadruped_mujoco/include/quadruped_mujoco/quadruped_mujoco/msg/detail/velocities__type_support.cpp\n'}
[7.799700] (quadruped_mujoco) StdoutLine: {'line': b'-- Up-to-date: /home/nisarg/Documents/repo/libchamp-imp/ros2_ws/install/quadruped_mujoco/include/quadruped_mujoco/quadruped_mujoco/msg/detail/contacts__type_support.cpp\n'}
[7.799728] (quadruped_mujoco) StdoutLine: {'line': b'-- Up-to-date: /home/nisarg/Documents/repo/libchamp-imp/ros2_ws/install/quadruped_mujoco/include/quadruped_mujoco/quadruped_mujoco/msg/detail/joints__rosidl_typesupport_introspection_cpp.hpp\n'}
[7.799757] (quadruped_mujoco) StdoutLine: {'line': b'-- Up-to-date: /home/nisarg/Documents/repo/libchamp-imp/ros2_ws/install/quadruped_mujoco/include/quadruped_mujoco/quadruped_mujoco/msg/detail/contacts__rosidl_typesupport_introspection_cpp.hpp\n'}
[7.799787] (quadruped_mujoco) StdoutLine: {'line': b'-- Up-to-date: /home/nisarg/Documents/repo/libchamp-imp/ros2_ws/install/quadruped_mujoco/include/quadruped_mujoco/quadruped_mujoco/msg/detail/pose__rosidl_typesupport_introspection_cpp.hpp\n'}
[7.799813] (quadruped_mujoco) StdoutLine: {'line': b'-- Up-to-date: /home/nisarg/Documents/repo/libchamp-imp/ros2_ws/install/quadruped_mujoco/include/quadruped_mujoco/quadruped_mujoco/msg/detail/pose__type_support.cpp\n'}
[7.799840] (quadruped_mujoco) StdoutLine: {'line': b'-- Up-to-date: /home/nisarg/Documents/repo/libchamp-imp/ros2_ws/install/quadruped_mujoco/include/quadruped_mujoco/quadruped_mujoco/msg/detail/contacts_stamped__rosidl_typesupport_introspection_cpp.hpp\n'}
[7.799868] (quadruped_mujoco) StdoutLine: {'line': b'-- Up-to-date: /home/nisarg/Documents/repo/libchamp-imp/ros2_ws/install/quadruped_mujoco/include/quadruped_mujoco/quadruped_mujoco/msg/detail/contacts_stamped__type_support.cpp\n'}
[7.799899] (quadruped_mujoco) StdoutLine: {'line': b'-- Up-to-date: /home/nisarg/Documents/repo/libchamp-imp/ros2_ws/install/quadruped_mujoco/lib/libquadruped_mujoco__rosidl_typesupport_introspection_cpp.so\n'}
[7.799926] (quadruped_mujoco) StdoutLine: {'line': b'-- Up-to-date: /home/nisarg/Documents/repo/libchamp-imp/ros2_ws/install/quadruped_mujoco/lib/libquadruped_mujoco__rosidl_typesupport_cpp.so\n'}
[7.799958] (quadruped_mujoco) StdoutLine: {'line': b'-- Up-to-date: /home/nisarg/Documents/repo/libchamp-imp/ros2_ws/install/quadruped_mujoco/share/quadruped_mujoco/environment/pythonpath.sh\n'}
[7.799989] (quadruped_mujoco) StdoutLine: {'line': b'-- Installing: /home/nisarg/Documents/repo/libchamp-imp/ros2_ws/install/quadruped_mujoco/share/quadruped_mujoco/environment/pythonpath.dsv\n'}
[7.800020] (quadruped_mujoco) StdoutLine: {'line': b'-- Up-to-date: /home/nisarg/Documents/repo/libchamp-imp/ros2_ws/install/quadruped_mujoco/local/lib/python3.10/dist-packages/quadruped_mujoco-0.1.0-py3.10.egg-info\n'}
[7.800049] (quadruped_mujoco) StdoutLine: {'line': b'-- Installing: /home/nisarg/Documents/repo/libchamp-imp/ros2_ws/install/quadruped_mujoco/local/lib/python3.10/dist-packages/quadruped_mujoco-0.1.0-py3.10.egg-info/PKG-INFO\n'}
[7.800080] (quadruped_mujoco) StdoutLine: {'line': b'-- Installing: /home/nisarg/Documents/repo/libchamp-imp/ros2_ws/install/quadruped_mujoco/local/lib/python3.10/dist-packages/quadruped_mujoco-0.1.0-py3.10.egg-info/dependency_links.txt\n'}
[7.800109] (quadruped_mujoco) StdoutLine: {'line': b'-- Installing: /home/nisarg/Documents/repo/libchamp-imp/ros2_ws/install/quadruped_mujoco/local/lib/python3.10/dist-packages/quadruped_mujoco-0.1.0-py3.10.egg-info/top_level.txt\n'}
[7.800138] (quadruped_mujoco) StdoutLine: {'line': b'-- Installing: /home/nisarg/Documents/repo/libchamp-imp/ros2_ws/install/quadruped_mujoco/local/lib/python3.10/dist-packages/quadruped_mujoco-0.1.0-py3.10.egg-info/SOURCES.txt\n'}
[7.800166] (quadruped_mujoco) StdoutLine: {'line': b'-- Up-to-date: /home/nisarg/Documents/repo/libchamp-imp/ros2_ws/install/quadruped_mujoco/local/lib/python3.10/dist-packages/quadruped_mujoco\n'}
[7.800200] (quadruped_mujoco) StdoutLine: {'line': b'-- Up-to-date: /home/nisarg/Documents/repo/libchamp-imp/ros2_ws/install/quadruped_mujoco/local/lib/python3.10/dist-packages/quadruped_mujoco/_quadruped_mujoco_s.ep.rosidl_typesupport_c.c\n'}
[7.800234] (quadruped_mujoco) StdoutLine: {'line': b'-- Up-to-date: /home/nisarg/Documents/repo/libchamp-imp/ros2_ws/install/quadruped_mujoco/local/lib/python3.10/dist-packages/quadruped_mujoco/libquadruped_mujoco__rosidl_generator_py.so\n'}
[7.800263] (quadruped_mujoco) StdoutLine: {'line': b'-- Up-to-date: /home/nisarg/Documents/repo/libchamp-imp/ros2_ws/install/quadruped_mujoco/local/lib/python3.10/dist-packages/quadruped_mujoco/msg\n'}
[7.800290] (quadruped_mujoco) StdoutLine: {'line': b'-- Up-to-date: /home/nisarg/Documents/repo/libchamp-imp/ros2_ws/install/quadruped_mujoco/local/lib/python3.10/dist-packages/quadruped_mujoco/msg/_velocities_s.c\n'}
[7.800319] (quadruped_mujoco) StdoutLine: {'line': b'-- Up-to-date: /home/nisarg/Documents/repo/libchamp-imp/ros2_ws/install/quadruped_mujoco/local/lib/python3.10/dist-packages/quadruped_mujoco/msg/_contacts_stamped.py\n'}
[7.800347] (quadruped_mujoco) StdoutLine: {'line': b'-- Up-to-date: /home/nisarg/Documents/repo/libchamp-imp/ros2_ws/install/quadruped_mujoco/local/lib/python3.10/dist-packages/quadruped_mujoco/msg/_contacts.py\n'}
[7.800374] (quadruped_mujoco) StdoutLine: {'line': b'-- Up-to-date: /home/nisarg/Documents/repo/libchamp-imp/ros2_ws/install/quadruped_mujoco/local/lib/python3.10/dist-packages/quadruped_mujoco/msg/_joints_s.c\n'}
[7.800402] (quadruped_mujoco) StdoutLine: {'line': b'-- Up-to-date: /home/nisarg/Documents/repo/libchamp-imp/ros2_ws/install/quadruped_mujoco/local/lib/python3.10/dist-packages/quadruped_mujoco/msg/__init__.py\n'}
[7.800429] (quadruped_mujoco) StdoutLine: {'line': b'-- Up-to-date: /home/nisarg/Documents/repo/libchamp-imp/ros2_ws/install/quadruped_mujoco/local/lib/python3.10/dist-packages/quadruped_mujoco/msg/_contacts_stamped_s.c\n'}
[7.800458] (quadruped_mujoco) StdoutLine: {'line': b'-- Up-to-date: /home/nisarg/Documents/repo/libchamp-imp/ros2_ws/install/quadruped_mujoco/local/lib/python3.10/dist-packages/quadruped_mujoco/msg/_pose_s.c\n'}
[7.800483] (quadruped_mujoco) StdoutLine: {'line': b'-- Up-to-date: /home/nisarg/Documents/repo/libchamp-imp/ros2_ws/install/quadruped_mujoco/local/lib/python3.10/dist-packages/quadruped_mujoco/msg/_joints.py\n'}
[7.800510] (quadruped_mujoco) StdoutLine: {'line': b'-- Up-to-date: /home/nisarg/Documents/repo/libchamp-imp/ros2_ws/install/quadruped_mujoco/local/lib/python3.10/dist-packages/quadruped_mujoco/msg/_contacts_s.c\n'}
[7.800537] (quadruped_mujoco) StdoutLine: {'line': b'-- Up-to-date: /home/nisarg/Documents/repo/libchamp-imp/ros2_ws/install/quadruped_mujoco/local/lib/python3.10/dist-packages/quadruped_mujoco/msg/_velocities.py\n'}
[7.800563] (quadruped_mujoco) StdoutLine: {'line': b'-- Up-to-date: /home/nisarg/Documents/repo/libchamp-imp/ros2_ws/install/quadruped_mujoco/local/lib/python3.10/dist-packages/quadruped_mujoco/msg/_pose.py\n'}
[7.800589] (quadruped_mujoco) StdoutLine: {'line': b'-- Up-to-date: /home/nisarg/Documents/repo/libchamp-imp/ros2_ws/install/quadruped_mujoco/local/lib/python3.10/dist-packages/quadruped_mujoco/quadruped_mujoco_s__rosidl_typesupport_introspection_c.cpython-310-x86_64-linux-gnu.so\n'}
[7.800621] (quadruped_mujoco) StdoutLine: {'line': b'-- Up-to-date: /home/nisarg/Documents/repo/libchamp-imp/ros2_ws/install/quadruped_mujoco/local/lib/python3.10/dist-packages/quadruped_mujoco/quadruped_mujoco_s__rosidl_typesupport_c.cpython-310-x86_64-linux-gnu.so\n'}
[7.800648] (quadruped_mujoco) StdoutLine: {'line': b'-- Installing: /home/nisarg/Documents/repo/libchamp-imp/ros2_ws/install/quadruped_mujoco/local/lib/python3.10/dist-packages/quadruped_mujoco/__init__.py\n'}
[7.800676] (quadruped_mujoco) StdoutLine: {'line': b'-- Up-to-date: /home/nisarg/Documents/repo/libchamp-imp/ros2_ws/install/quadruped_mujoco/local/lib/python3.10/dist-packages/quadruped_mujoco/_quadruped_mujoco_s.ep.rosidl_typesupport_fastrtps_c.c\n'}
[7.800708] (quadruped_mujoco) StdoutLine: {'line': b'-- Up-to-date: /home/nisarg/Documents/repo/libchamp-imp/ros2_ws/install/quadruped_mujoco/local/lib/python3.10/dist-packages/quadruped_mujoco/quadruped_mujoco_s__rosidl_typesupport_fastrtps_c.cpython-310-x86_64-linux-gnu.so\n'}
[7.800736] (quadruped_mujoco) StdoutLine: {'line': b'-- Up-to-date: /home/nisarg/Documents/repo/libchamp-imp/ros2_ws/install/quadruped_mujoco/local/lib/python3.10/dist-packages/quadruped_mujoco/_quadruped_mujoco_s.ep.rosidl_typesupport_introspection_c.c\n'}
[7.822548] (-) TimerEvent: {}
[7.824702] (quadruped_mujoco) StdoutLine: {'line': b"Listing '/home/nisarg/Documents/repo/libchamp-imp/ros2_ws/install/quadruped_mujoco/local/lib/python3.10/dist-packages/quadruped_mujoco'...\n"}
[7.824826] (quadruped_mujoco) StdoutLine: {'line': b"Compiling '/home/nisarg/Documents/repo/libchamp-imp/ros2_ws/install/quadruped_mujoco/local/lib/python3.10/dist-packages/quadruped_mujoco/__init__.py'...\n"}
[7.824868] (quadruped_mujoco) StdoutLine: {'line': b"Listing '/home/nisarg/Documents/repo/libchamp-imp/ros2_ws/install/quadruped_mujoco/local/lib/python3.10/dist-packages/quadruped_mujoco/msg'...\n"}
[7.828242] (quadruped_mujoco) StdoutLine: {'line': b'-- Up-to-date: /home/nisarg/Documents/repo/libchamp-imp/ros2_ws/install/quadruped_mujoco/local/lib/python3.10/dist-packages/quadruped_mujoco/quadruped_mujoco_s__rosidl_typesupport_fastrtps_c.cpython-310-x86_64-linux-gnu.so\n'}
[7.828462] (quadruped_mujoco) StdoutLine: {'line': b'-- Up-to-date: /home/nisarg/Documents/repo/libchamp-imp/ros2_ws/install/quadruped_mujoco/local/lib/python3.10/dist-packages/quadruped_mujoco/quadruped_mujoco_s__rosidl_typesupport_introspection_c.cpython-310-x86_64-linux-gnu.so\n'}
[7.828615] (quadruped_mujoco) StdoutLine: {'line': b'-- Up-to-date: /home/nisarg/Documents/repo/libchamp-imp/ros2_ws/install/quadruped_mujoco/local/lib/python3.10/dist-packages/quadruped_mujoco/quadruped_mujoco_s__rosidl_typesupport_c.cpython-310-x86_64-linux-gnu.so\n'}
[7.828831] (quadruped_mujoco) StdoutLine: {'line': b'-- Up-to-date: /home/nisarg/Documents/repo/libchamp-imp/ros2_ws/install/quadruped_mujoco/lib/libquadruped_mujoco__rosidl_generator_py.so\n'}
[7.829016] (quadruped_mujoco) StdoutLine: {'line': b'-- Up-to-date: /home/nisarg/Documents/repo/libchamp-imp/ros2_ws/install/quadruped_mujoco/share/quadruped_mujoco/msg/Contacts.idl\n'}
[7.829151] (quadruped_mujoco) StdoutLine: {'line': b'-- Up-to-date: /home/nisarg/Documents/repo/libchamp-imp/ros2_ws/install/quadruped_mujoco/share/quadruped_mujoco/msg/Joints.idl\n'}
[7.829316] (quadruped_mujoco) StdoutLine: {'line': b'-- Up-to-date: /home/nisarg/Documents/repo/libchamp-imp/ros2_ws/install/quadruped_mujoco/share/quadruped_mujoco/msg/Pose.idl\n'}
[7.829490] (quadruped_mujoco) StdoutLine: {'line': b'-- Up-to-date: /home/nisarg/Documents/repo/libchamp-imp/ros2_ws/install/quadruped_mujoco/share/quadruped_mujoco/msg/Velocities.idl\n'}
[7.829592] (quadruped_mujoco) StdoutLine: {'line': b'-- Up-to-date: /home/nisarg/Documents/repo/libchamp-imp/ros2_ws/install/quadruped_mujoco/share/quadruped_mujoco/msg/ContactsStamped.idl\n'}
[7.829703] (quadruped_mujoco) StdoutLine: {'line': b'-- Up-to-date: /home/nisarg/Documents/repo/libchamp-imp/ros2_ws/install/quadruped_mujoco/share/quadruped_mujoco/msg/Contacts.msg\n'}
[7.829829] (quadruped_mujoco) StdoutLine: {'line': b'-- Up-to-date: /home/nisarg/Documents/repo/libchamp-imp/ros2_ws/install/quadruped_mujoco/share/quadruped_mujoco/msg/Joints.msg\n'}
[7.829922] (quadruped_mujoco) StdoutLine: {'line': b'-- Up-to-date: /home/nisarg/Documents/repo/libchamp-imp/ros2_ws/install/quadruped_mujoco/share/quadruped_mujoco/msg/Pose.msg\n'}
[7.830025] (quadruped_mujoco) StdoutLine: {'line': b'-- Up-to-date: /home/nisarg/Documents/repo/libchamp-imp/ros2_ws/install/quadruped_mujoco/share/quadruped_mujoco/msg/Velocities.msg\n'}
[7.830115] (quadruped_mujoco) StdoutLine: {'line': b'-- Up-to-date: /home/nisarg/Documents/repo/libchamp-imp/ros2_ws/install/quadruped_mujoco/share/quadruped_mujoco/msg/ContactsStamped.msg\n'}
[7.830230] (quadruped_mujoco) StdoutLine: {'line': b'-- Up-to-date: /home/nisarg/Documents/repo/libchamp-imp/ros2_ws/install/quadruped_mujoco/lib/libquadruped_mujoco_lib.so\n'}
[7.830361] (quadruped_mujoco) StdoutLine: {'line': b'-- Up-to-date: /home/nisarg/Documents/repo/libchamp-imp/ros2_ws/install/quadruped_mujoco/lib/quadruped_mujoco/trot_node\n'}
[7.830462] (quadruped_mujoco) StdoutLine: {'line': b'-- Up-to-date: /home/nisarg/Documents/repo/libchamp-imp/ros2_ws/install/quadruped_mujoco/lib/quadruped_mujoco/turn_node\n'}
[7.830546] (quadruped_mujoco) StdoutLine: {'line': b'-- Up-to-date: /home/nisarg/Documents/repo/libchamp-imp/ros2_ws/install/quadruped_mujoco/lib/quadruped_mujoco/waypoint_nav_node\n'}
[7.830629] (quadruped_mujoco) StdoutLine: {'line': b'-- Up-to-date: /home/nisarg/Documents/repo/libchamp-imp/ros2_ws/install/quadruped_mujoco/lib/quadruped_mujoco/quadruped_controller_node\n'}
[7.830731] (quadruped_mujoco) StdoutLine: {'line': b'-- Installing: /home/nisarg/Documents/repo/libchamp-imp/ros2_ws/install/quadruped_mujoco/lib/quadruped_mujoco/mujoco_sim_node\n'}
[7.833406] (quadruped_mujoco) StdoutLine: {'line': b'-- Set runtime path of "/home/nisarg/Documents/repo/libchamp-imp/ros2_ws/install/quadruped_mujoco/lib/quadruped_mujoco/mujoco_sim_node" to ""\n'}
[7.833818] (quadruped_mujoco) StdoutLine: {'line': b'-- Up-to-date: /home/nisarg/Documents/repo/libchamp-imp/ros2_ws/install/quadruped_mujoco/include/\n'}
[7.834060] (quadruped_mujoco) StdoutLine: {'line': b'-- Up-to-date: /home/nisarg/Documents/repo/libchamp-imp/ros2_ws/install/quadruped_mujoco/include//quadruped_mujoco\n'}
[7.834127] (quadruped_mujoco) StdoutLine: {'line': b'-- Up-to-date: /home/nisarg/Documents/repo/libchamp-imp/ros2_ws/install/quadruped_mujoco/include//quadruped_mujoco/macros\n'}
[7.834184] (quadruped_mujoco) StdoutLine: {'line': b'-- Up-to-date: /home/nisarg/Documents/repo/libchamp-imp/ros2_ws/install/quadruped_mujoco/include//quadruped_mujoco/macros/macros.h\n'}
[7.834228] (quadruped_mujoco) StdoutLine: {'line': b'-- Up-to-date: /home/nisarg/Documents/repo/libchamp-imp/ros2_ws/install/quadruped_mujoco/include//quadruped_mujoco/geometry\n'}
[7.834377] (quadruped_mujoco) StdoutLine: {'line': b'-- Up-to-date: /home/nisarg/Documents/repo/libchamp-imp/ros2_ws/install/quadruped_mujoco/include//quadruped_mujoco/geometry/geometry.hpp\n'}
[7.834435] (quadruped_mujoco) StdoutLine: {'line': b'-- Up-to-date: /home/nisarg/Documents/repo/libchamp-imp/ros2_ws/install/quadruped_mujoco/include//quadruped_mujoco/controllers\n'}
[7.834488] (quadruped_mujoco) StdoutLine: {'line': b'-- Up-to-date: /home/nisarg/Documents/repo/libchamp-imp/ros2_ws/install/quadruped_mujoco/include//quadruped_mujoco/controllers/turn_controller.hpp\n'}
[7.834583] (quadruped_mujoco) StdoutLine: {'line': b'-- Up-to-date: /home/nisarg/Documents/repo/libchamp-imp/ros2_ws/install/quadruped_mujoco/include//quadruped_mujoco/controllers/waypoint_controller.hpp\n'}
[7.834700] (quadruped_mujoco) StdoutLine: {'line': b'-- Up-to-date: /home/nisarg/Documents/repo/libchamp-imp/ros2_ws/install/quadruped_mujoco/include//quadruped_mujoco/controllers/trot_controller.hpp\n'}
[7.834813] (quadruped_mujoco) StdoutLine: {'line': b'-- Up-to-date: /home/nisarg/Documents/repo/libchamp-imp/ros2_ws/install/quadruped_mujoco/include//quadruped_mujoco/controllers/quadruped_controller.hpp\n'}
[7.834929] (quadruped_mujoco) StdoutLine: {'line': b'-- Up-to-date: /home/nisarg/Documents/repo/libchamp-imp/ros2_ws/install/quadruped_mujoco/include//quadruped_mujoco/mujoco_interface.hpp\n'}
[7.835048] (quadruped_mujoco) StdoutLine: {'line': b'-- Up-to-date: /home/nisarg/Documents/repo/libchamp-imp/ros2_ws/install/quadruped_mujoco/include//quadruped_mujoco/kinematics\n'}
[7.835174] (quadruped_mujoco) StdoutLine: {'line': b'-- Up-to-date: /home/nisarg/Documents/repo/libchamp-imp/ros2_ws/install/quadruped_mujoco/include//quadruped_mujoco/kinematics/kinematics.hpp\n'}
[7.835369] (quadruped_mujoco) StdoutLine: {'line': b'-- Up-to-date: /home/nisarg/Documents/repo/libchamp-imp/ros2_ws/install/quadruped_mujoco/include//quadruped_mujoco/leg_controller\n'}
[7.835564] (quadruped_mujoco) StdoutLine: {'line': b'-- Up-to-date: /home/nisarg/Documents/repo/libchamp-imp/ros2_ws/install/quadruped_mujoco/include//quadruped_mujoco/leg_controller/trajectory_planner.hpp\n'}
[7.835713] (quadruped_mujoco) StdoutLine: {'line': b'-- Up-to-date: /home/nisarg/Documents/repo/libchamp-imp/ros2_ws/install/quadruped_mujoco/include//quadruped_mujoco/leg_controller/phase_generator.hpp\n'}
[7.835872] (quadruped_mujoco) StdoutLine: {'line': b'-- Up-to-date: /home/nisarg/Documents/repo/libchamp-imp/ros2_ws/install/quadruped_mujoco/include//quadruped_mujoco/leg_controller/leg_controller.hpp\n'}
[7.836030] (quadruped_mujoco) StdoutLine: {'line': b'-- Up-to-date: /home/nisarg/Documents/repo/libchamp-imp/ros2_ws/install/quadruped_mujoco/include//quadruped_mujoco/bla\n'}
[7.836178] (quadruped_mujoco) StdoutLine: {'line': b'-- Up-to-date: /home/nisarg/Documents/repo/libchamp-imp/ros2_ws/install/quadruped_mujoco/include//quadruped_mujoco/bla/basic_linear_algebra.h\n'}
[7.836306] (quadruped_mujoco) StdoutLine: {'line': b'-- Up-to-date: /home/nisarg/Documents/repo/libchamp-imp/ros2_ws/install/quadruped_mujoco/include//quadruped_mujoco/body_controller\n'}
[7.836410] (quadruped_mujoco) StdoutLine: {'line': b'-- Up-to-date: /home/nisarg/Documents/repo/libchamp-imp/ros2_ws/install/quadruped_mujoco/include//quadruped_mujoco/body_controller/body_controller.hpp\n'}
[7.836485] (quadruped_mujoco) StdoutLine: {'line': b'-- Up-to-date: /home/nisarg/Documents/repo/libchamp-imp/ros2_ws/install/quadruped_mujoco/include//quadruped_mujoco/quadruped_base\n'}
[7.836556] (quadruped_mujoco) StdoutLine: {'line': b'-- Up-to-date: /home/nisarg/Documents/repo/libchamp-imp/ros2_ws/install/quadruped_mujoco/include//quadruped_mujoco/quadruped_base/gait_config.hpp\n'}
[7.836614] (quadruped_mujoco) StdoutLine: {'line': b'-- Up-to-date: /home/nisarg/Documents/repo/libchamp-imp/ros2_ws/install/quadruped_mujoco/include//quadruped_mujoco/quadruped_base/quadruped_components.hpp\n'}
[7.836679] (quadruped_mujoco) StdoutLine: {'line': b'-- Up-to-date: /home/nisarg/Documents/repo/libchamp-imp/ros2_ws/install/quadruped_mujoco/include//quadruped_mujoco/quadruped_base/quadruped_base.hpp\n'}
[7.836747] (quadruped_mujoco) StdoutLine: {'line': b'-- Up-to-date: /home/nisarg/Documents/repo/libchamp-imp/ros2_ws/install/quadruped_mujoco/include//quadruped_mujoco/quadruped_base/quadruped_leg.hpp\n'}
[7.836844] (quadruped_mujoco) StdoutLine: {'line': b'-- Up-to-date: /home/nisarg/Documents/repo/libchamp-imp/ros2_ws/install/quadruped_mujoco/share/quadruped_mujoco/launch\n'}
[7.836924] (quadruped_mujoco) StdoutLine: {'line': b'-- Up-to-date: /home/nisarg/Documents/repo/libchamp-imp/ros2_ws/install/quadruped_mujoco/share/quadruped_mujoco/launch/turn.launch.py\n'}
[7.836984] (quadruped_mujoco) StdoutLine: {'line': b'-- Installing: /home/nisarg/Documents/repo/libchamp-imp/ros2_ws/install/quadruped_mujoco/share/quadruped_mujoco/launch/trot.launch.py\n'}
[7.837041] (quadruped_mujoco) StdoutLine: {'line': b'-- Up-to-date: /home/nisarg/Documents/repo/libchamp-imp/ros2_ws/install/quadruped_mujoco/share/quadruped_mujoco/launch/simulation.launch.py\n'}
[7.837102] (quadruped_mujoco) StdoutLine: {'line': b'-- Up-to-date: /home/nisarg/Documents/repo/libchamp-imp/ros2_ws/install/quadruped_mujoco/share/quadruped_mujoco/launch/waypoint_nav.launch.py\n'}
[7.837191] (quadruped_mujoco) StdoutLine: {'line': b'-- Up-to-date: /home/nisarg/Documents/repo/libchamp-imp/ros2_ws/install/quadruped_mujoco/share/quadruped_mujoco/launch/view_model.launch.py\n'}
[7.837300] (quadruped_mujoco) StdoutLine: {'line': b'-- Up-to-date: /home/nisarg/Documents/repo/libchamp-imp/ros2_ws/install/quadruped_mujoco/share/quadruped_mujoco/launch/trot_without_sim.launch.py\n'}
[7.837379] (quadruped_mujoco) StdoutLine: {'line': b'-- Up-to-date: /home/nisarg/Documents/repo/libchamp-imp/ros2_ws/install/quadruped_mujoco/share/ament_index/resource_index/package_run_dependencies/quadruped_mujoco\n'}
[7.837442] (quadruped_mujoco) StdoutLine: {'line': b'-- Up-to-date: /home/nisarg/Documents/repo/libchamp-imp/ros2_ws/install/quadruped_mujoco/share/ament_index/resource_index/parent_prefix_path/quadruped_mujoco\n'}
[7.837501] (quadruped_mujoco) StdoutLine: {'line': b'-- Up-to-date: /home/nisarg/Documents/repo/libchamp-imp/ros2_ws/install/quadruped_mujoco/share/quadruped_mujoco/environment/ament_prefix_path.sh\n'}
[7.837559] (quadruped_mujoco) StdoutLine: {'line': b'-- Installing: /home/nisarg/Documents/repo/libchamp-imp/ros2_ws/install/quadruped_mujoco/share/quadruped_mujoco/environment/ament_prefix_path.dsv\n'}
[7.837675] (quadruped_mujoco) StdoutLine: {'line': b'-- Up-to-date: /home/nisarg/Documents/repo/libchamp-imp/ros2_ws/install/quadruped_mujoco/share/quadruped_mujoco/environment/path.sh\n'}
[7.837789] (quadruped_mujoco) StdoutLine: {'line': b'-- Installing: /home/nisarg/Documents/repo/libchamp-imp/ros2_ws/install/quadruped_mujoco/share/quadruped_mujoco/environment/path.dsv\n'}
[7.837907] (quadruped_mujoco) StdoutLine: {'line': b'-- Up-to-date: /home/nisarg/Documents/repo/libchamp-imp/ros2_ws/install/quadruped_mujoco/share/quadruped_mujoco/local_setup.bash\n'}
[7.838023] (quadruped_mujoco) StdoutLine: {'line': b'-- Up-to-date: /home/nisarg/Documents/repo/libchamp-imp/ros2_ws/install/quadruped_mujoco/share/quadruped_mujoco/local_setup.sh\n'}
[7.838152] (quadruped_mujoco) StdoutLine: {'line': b'-- Up-to-date: /home/nisarg/Documents/repo/libchamp-imp/ros2_ws/install/quadruped_mujoco/share/quadruped_mujoco/local_setup.zsh\n'}
[7.838247] (quadruped_mujoco) StdoutLine: {'line': b'-- Installing: /home/nisarg/Documents/repo/libchamp-imp/ros2_ws/install/quadruped_mujoco/share/quadruped_mujoco/local_setup.dsv\n'}
[7.838336] (quadruped_mujoco) StdoutLine: {'line': b'-- Installing: /home/nisarg/Documents/repo/libchamp-imp/ros2_ws/install/quadruped_mujoco/share/quadruped_mujoco/package.dsv\n'}
[7.838411] (quadruped_mujoco) StdoutLine: {'line': b'-- Up-to-date: /home/nisarg/Documents/repo/libchamp-imp/ros2_ws/install/quadruped_mujoco/share/ament_index/resource_index/packages/quadruped_mujoco\n'}
[7.838476] (quadruped_mujoco) StdoutLine: {'line': b'-- Up-to-date: /home/nisarg/Documents/repo/libchamp-imp/ros2_ws/install/quadruped_mujoco/share/quadruped_mujoco/cmake/export_quadruped_mujoco__rosidl_generator_cExport.cmake\n'}
[7.838535] (quadruped_mujoco) StdoutLine: {'line': b'-- Up-to-date: /home/nisarg/Documents/repo/libchamp-imp/ros2_ws/install/quadruped_mujoco/share/quadruped_mujoco/cmake/export_quadruped_mujoco__rosidl_generator_cExport-noconfig.cmake\n'}
[7.838599] (quadruped_mujoco) StdoutLine: {'line': b'-- Up-to-date: /home/nisarg/Documents/repo/libchamp-imp/ros2_ws/install/quadruped_mujoco/share/quadruped_mujoco/cmake/export_quadruped_mujoco__rosidl_typesupport_fastrtps_cExport.cmake\n'}
[7.838664] (quadruped_mujoco) StdoutLine: {'line': b'-- Up-to-date: /home/nisarg/Documents/repo/libchamp-imp/ros2_ws/install/quadruped_mujoco/share/quadruped_mujoco/cmake/export_quadruped_mujoco__rosidl_typesupport_fastrtps_cExport-noconfig.cmake\n'}
[7.838726] (quadruped_mujoco) StdoutLine: {'line': b'-- Up-to-date: /home/nisarg/Documents/repo/libchamp-imp/ros2_ws/install/quadruped_mujoco/share/quadruped_mujoco/cmake/export_quadruped_mujoco__rosidl_generator_cppExport.cmake\n'}
[7.838787] (quadruped_mujoco) StdoutLine: {'line': b'-- Up-to-date: /home/nisarg/Documents/repo/libchamp-imp/ros2_ws/install/quadruped_mujoco/share/quadruped_mujoco/cmake/export_quadruped_mujoco__rosidl_typesupport_fastrtps_cppExport.cmake\n'}
[7.838847] (quadruped_mujoco) StdoutLine: {'line': b'-- Up-to-date: /home/nisarg/Documents/repo/libchamp-imp/ros2_ws/install/quadruped_mujoco/share/quadruped_mujoco/cmake/export_quadruped_mujoco__rosidl_typesupport_fastrtps_cppExport-noconfig.cmake\n'}
[7.838972] (quadruped_mujoco) StdoutLine: {'line': b'-- Up-to-date: /home/nisarg/Documents/repo/libchamp-imp/ros2_ws/install/quadruped_mujoco/share/quadruped_mujoco/cmake/quadruped_mujoco__rosidl_typesupport_introspection_cExport.cmake\n'}
[7.839160] (quadruped_mujoco) StdoutLine: {'line': b'-- Up-to-date: /home/nisarg/Documents/repo/libchamp-imp/ros2_ws/install/quadruped_mujoco/share/quadruped_mujoco/cmake/quadruped_mujoco__rosidl_typesupport_introspection_cExport-noconfig.cmake\n'}
[7.839667] (quadruped_mujoco) StdoutLine: {'line': b'-- Up-to-date: /home/nisarg/Documents/repo/libchamp-imp/ros2_ws/install/quadruped_mujoco/share/quadruped_mujoco/cmake/quadruped_mujoco__rosidl_typesupport_cExport.cmake\n'}
[7.839772] (quadruped_mujoco) StdoutLine: {'line': b'-- Up-to-date: /home/nisarg/Documents/repo/libchamp-imp/ros2_ws/install/quadruped_mujoco/share/quadruped_mujoco/cmake/quadruped_mujoco__rosidl_typesupport_cExport-noconfig.cmake\n'}
[7.839852] (quadruped_mujoco) StdoutLine: {'line': b'-- Up-to-date: /home/nisarg/Documents/repo/libchamp-imp/ros2_ws/install/quadruped_mujoco/share/quadruped_mujoco/cmake/quadruped_mujoco__rosidl_typesupport_introspection_cppExport.cmake\n'}
[7.839924] (quadruped_mujoco) StdoutLine: {'line': b'-- Up-to-date: /home/nisarg/Documents/repo/libchamp-imp/ros2_ws/install/quadruped_mujoco/share/quadruped_mujoco/cmake/quadruped_mujoco__rosidl_typesupport_introspection_cppExport-noconfig.cmake\n'}
[7.840175] (quadruped_mujoco) StdoutLine: {'line': b'-- Up-to-date: /home/nisarg/Documents/repo/libchamp-imp/ros2_ws/install/quadruped_mujoco/share/quadruped_mujoco/cmake/quadruped_mujoco__rosidl_typesupport_cppExport.cmake\n'}
[7.840238] (quadruped_mujoco) StdoutLine: {'line': b'-- Up-to-date: /home/nisarg/Documents/repo/libchamp-imp/ros2_ws/install/quadruped_mujoco/share/quadruped_mujoco/cmake/quadruped_mujoco__rosidl_typesupport_cppExport-noconfig.cmake\n'}
[7.840274] (quadruped_mujoco) StdoutLine: {'line': b'-- Up-to-date: /home/nisarg/Documents/repo/libchamp-imp/ros2_ws/install/quadruped_mujoco/share/quadruped_mujoco/cmake/export_quadruped_mujoco__rosidl_generator_pyExport.cmake\n'}
[7.840305] (quadruped_mujoco) StdoutLine: {'line': b'-- Up-to-date: /home/nisarg/Documents/repo/libchamp-imp/ros2_ws/install/quadruped_mujoco/share/quadruped_mujoco/cmake/export_quadruped_mujoco__rosidl_generator_pyExport-noconfig.cmake\n'}
[7.840336] (quadruped_mujoco) StdoutLine: {'line': b'-- Up-to-date: /home/nisarg/Documents/repo/libchamp-imp/ros2_ws/install/quadruped_mujoco/share/quadruped_mujoco/cmake/quadruped_mujocoExport.cmake\n'}
[7.840368] (quadruped_mujoco) StdoutLine: {'line': b'-- Up-to-date: /home/nisarg/Documents/repo/libchamp-imp/ros2_ws/install/quadruped_mujoco/share/quadruped_mujoco/cmake/quadruped_mujocoExport-noconfig.cmake\n'}
[7.840398] (quadruped_mujoco) StdoutLine: {'line': b'-- Up-to-date: /home/nisarg/Documents/repo/libchamp-imp/ros2_ws/install/quadruped_mujoco/share/quadruped_mujoco/cmake/rosidl_cmake-extras.cmake\n'}
[7.840430] (quadruped_mujoco) StdoutLine: {'line': b'-- Up-to-date: /home/nisarg/Documents/repo/libchamp-imp/ros2_ws/install/quadruped_mujoco/share/quadruped_mujoco/cmake/ament_cmake_export_dependencies-extras.cmake\n'}
[7.840459] (quadruped_mujoco) StdoutLine: {'line': b'-- Up-to-date: /home/nisarg/Documents/repo/libchamp-imp/ros2_ws/install/quadruped_mujoco/share/quadruped_mujoco/cmake/ament_cmake_export_include_directories-extras.cmake\n'}
[7.840488] (quadruped_mujoco) StdoutLine: {'line': b'-- Up-to-date: /home/nisarg/Documents/repo/libchamp-imp/ros2_ws/install/quadruped_mujoco/share/quadruped_mujoco/cmake/ament_cmake_export_libraries-extras.cmake\n'}
[7.840519] (quadruped_mujoco) StdoutLine: {'line': b'-- Up-to-date: /home/nisarg/Documents/repo/libchamp-imp/ros2_ws/install/quadruped_mujoco/share/quadruped_mujoco/cmake/ament_cmake_export_targets-extras.cmake\n'}
[7.840550] (quadruped_mujoco) StdoutLine: {'line': b'-- Up-to-date: /home/nisarg/Documents/repo/libchamp-imp/ros2_ws/install/quadruped_mujoco/share/quadruped_mujoco/cmake/rosidl_cmake_export_typesupport_targets-extras.cmake\n'}
[7.840580] (quadruped_mujoco) StdoutLine: {'line': b'-- Up-to-date: /home/nisarg/Documents/repo/libchamp-imp/ros2_ws/install/quadruped_mujoco/share/quadruped_mujoco/cmake/rosidl_cmake_export_typesupport_libraries-extras.cmake\n'}
[7.840610] (quadruped_mujoco) StdoutLine: {'line': b'-- Up-to-date: /home/nisarg/Documents/repo/libchamp-imp/ros2_ws/install/quadruped_mujoco/share/quadruped_mujoco/cmake/quadruped_mujocoConfig.cmake\n'}
[7.840667] (quadruped_mujoco) StdoutLine: {'line': b'-- Up-to-date: /home/nisarg/Documents/repo/libchamp-imp/ros2_ws/install/quadruped_mujoco/share/quadruped_mujoco/cmake/quadruped_mujocoConfig-version.cmake\n'}
[7.840700] (quadruped_mujoco) StdoutLine: {'line': b'-- Up-to-date: /home/nisarg/Documents/repo/libchamp-imp/ros2_ws/install/quadruped_mujoco/share/quadruped_mujoco/package.xml\n'}
[7.840894] (quadruped_mujoco) CommandEnded: {'returncode': 0}
[7.873116] (quadruped_mujoco) JobEnded: {'identifier': 'quadruped_mujoco', 'rc': 0}
[7.873636] (-) EventReactorShutdown: {}
