[0.000000] (-) TimerEvent: {}
[0.000328] (quadruped_mujoco) JobQueued: {'identifier': 'quadruped_mujoco', 'dependencies': OrderedDict()}
[0.000763] (quadruped_mujoco) JobStarted: {'identifier': 'quadruped_mujoco'}
[0.010059] (quadruped_mujoco) JobProgress: {'identifier': 'quadruped_mujoco', 'progress': 'cmake'}
[0.010292] (quadruped_mujoco) Command: {'cmd': ['/usr/bin/cmake', '/home/nisarg/Documents/repo/libchamp-imp/ros2_ws/src/quadruped_mujoco', '-DCMAKE_INSTALL_PREFIX=/home/nisarg/Documents/repo/libchamp-imp/ros2_ws/install/quadruped_mujoco'], 'cwd': '/home/nisarg/Documents/repo/libchamp-imp/ros2_ws/build/quadruped_mujoco', 'env': OrderedDict([('LANGUAGE', 'en_IN:en'), ('USER', 'nisarg'), ('ROS_PACKAGE_PATH', '/home/nisarg/quadruped_ws/install/unitree_legged_sdk/share'), ('XDG_SESSION_TYPE', 'x11'), ('SHLVL', '1'), ('LD_LIBRARY_PATH', '/home/nisarg/Documents/repo/libchamp-imp/ros2_ws/install/quadruped_mujoco/lib:/home/nisarg/.mujoco/mujoco210/bin:/home/nisarg/quadruped_ws/install/unitree_go/lib:/home/nisarg/quadruped_ws/install/unitree_api/lib:/home/nisarg/quadruped_ws/install/champ_msgs/lib:/usr/lib/x86_64-linux-gnu/gazebo-11/plugins:/opt/ros/humble/opt/rviz_ogre_vendor/lib:/opt/ros/humble/lib/x86_64-linux-gnu:/opt/ros/humble/lib'), ('HOME', '/home/nisarg'), ('CONDA_SHLVL', '0'), ('OLDPWD', '/home/nisarg/Documents/repo/libchamp-imp'), ('DESKTOP_SESSION', 'ubuntu'), ('ROS_PYTHON_VERSION', '3'), ('GNOME_SHELL_SESSION_MODE', 'ubuntu'), ('GTK_MODULES', 'gail:atk-bridge'), ('DBUS_STARTER_BUS_TYPE', 'session'), ('SYSTEMD_EXEC_PID', '2022'), ('DBUS_SESSION_BUS_ADDRESS', 'unix:path=/run/user/1000/bus,guid=a821a7ea844fe06e9d60566667d53155'), ('COLORTERM', 'truecolor'), ('_CE_M', ''), ('COLCON_PREFIX_PATH', '/home/nisarg/Documents/repo/libchamp-imp/ros2_ws/install:/home/nisarg/Documents/repo/helium-quadruped-mjc/install:/home/nisarg/quadruped_ws/install'), ('ROS_DISTRO', 'humble'), ('GTK_IM_MODULE', 'ibus'), ('LOGNAME', 'nisarg'), ('_', '/usr/bin/colcon'), ('ROS_VERSION', '2'), ('PKG_CONFIG_PATH', '/home/nisarg/quadruped_ws/install/unitree_legged_sdk/lib/x86_64-linux-gnu/pkgconfig:/home/nisarg/quadruped_ws/install/unitree_legged_sdk/lib/pkgconfig'), ('XDG_SESSION_CLASS', 'user'), ('USERNAME', 'nisarg'), ('TERM', 'xterm-256color'), ('GNOME_DESKTOP_SESSION_ID', 'this-is-deprecated'), ('_CE_CONDA', ''), ('ROS_LOCALHOST_ONLY', '0'), ('WINDOWPATH', '2'), ('PATH', '/home/nisarg/miniconda3/condabin:/opt/ros/humble/bin:/usr/local/sbin:/usr/local/bin:/usr/sbin:/usr/bin:/sbin:/bin:/usr/games:/usr/local/games:/snap/bin:/snap/bin'), ('SESSION_MANAGER', 'local/nisarg-OMEN:@/tmp/.ICE-unix/2022,unix/nisarg-OMEN:/tmp/.ICE-unix/2022'), ('XDG_MENU_PREFIX', 'gnome-'), ('GNOME_TERMINAL_SCREEN', '/org/gnome/Terminal/screen/359c0b6a_27d1_4eda_b588_123ce5c5f4ec'), ('XDG_RUNTIME_DIR', '/run/user/1000'), ('DISPLAY', ':1'), ('LANG', 'en_US.UTF-8'), ('XDG_CURRENT_DESKTOP', 'ubuntu:GNOME'), ('XMODIFIERS', '@im=ibus'), ('XDG_SESSION_DESKTOP', 'ubuntu'), ('XAUTHORITY', '/run/user/1000/gdm/Xauthority'), ('GNOME_TERMINAL_SERVICE', ':1.338'), ('SSH_AGENT_LAUNCHER', 'gnome-keyring'), ('SSH_AUTH_SOCK', '/run/user/1000/keyring/ssh'), ('ROS_DOMAIN_ID', '47'), ('AMENT_PREFIX_PATH', '/home/nisarg/Documents/repo/libchamp-imp/ros2_ws/install/quadruped_mujoco:/home/nisarg/Documents/repo/helium-quadruped-mjc/install/helium_quadruped_simulation:/home/nisarg/Documents/repo/helium-quadruped-mjc/install/helium_quadruped_description:/home/nisarg/Documents/repo/helium-quadruped-mjc/install/helium_quadruped_controller:/home/nisarg/quadruped_ws/install/unitree_go:/home/nisarg/quadruped_ws/install/unitree_api:/home/nisarg/quadruped_ws/install/champ_teleop:/home/nisarg/quadruped_ws/install/champ_msgs:/home/nisarg/quadruped_ws/install/champ_description:/home/nisarg/quadruped_ws/install/champ:/opt/ros/humble'), ('CONDA_PYTHON_EXE', '/home/nisarg/miniconda3/bin/python'), ('SHELL', '/bin/bash'), ('QT_ACCESSIBILITY', '1'), ('GDMSESSION', 'ubuntu'), ('CMAKE_MODULE_PATH', '/home/nisarg/Documents/repo/libchamp-imp/ros2_ws/install/quadruped_mujoco/share/quadruped_mujoco/cmake'), ('GPG_AGENT_INFO', '/run/user/1000/gnupg/S.gpg-agent:0:1'), ('QT_IM_MODULE', 'ibus'), ('PWD', '/home/nisarg/Documents/repo/libchamp-imp/ros2_ws/build/quadruped_mujoco'), ('LC_ALL', 'en_US.UTF-8'), ('XDG_CONFIG_DIRS', '/etc/xdg/xdg-ubuntu:/etc/xdg'), ('CONDA_EXE', '/home/nisarg/miniconda3/bin/conda'), ('DBUS_STARTER_ADDRESS', 'unix:path=/run/user/1000/bus,guid=a821a7ea844fe06e9d60566667d53155'), ('MUJOCO_PLUGIN_PATH', '/lib'), ('XDG_DATA_DIRS', '/usr/share/ubuntu:/usr/share/gnome:/usr/local/share/:/usr/share/:/var/lib/snapd/desktop'), ('PYTHONPATH', '/home/nisarg/Documents/repo/libchamp-imp/ros2_ws/install/quadruped_mujoco/local/lib/python3.10/dist-packages:/home/nisarg/Documents/repo/helium-quadruped-mjc/install/helium_quadruped_simulation/lib/python3.10/site-packages:/home/nisarg/Documents/repo/helium-quadruped-mjc/install/helium_quadruped_description/lib/python3.10/site-packages:/home/nisarg/Documents/repo/helium-quadruped-mjc/install/helium_quadruped_controller/lib/python3.10/site-packages:/home/nisarg/quadruped_ws/install/unitree_go/local/lib/python3.10/dist-packages:/home/nisarg/quadruped_ws/install/unitree_api/local/lib/python3.10/dist-packages:/home/nisarg/quadruped_ws/install/champ_msgs/local/lib/python3.10/dist-packages:/opt/ros/humble/lib/python3.10/site-packages:/opt/ros/humble/local/lib/python3.10/dist-packages'), ('COLCON', '1'), ('VTE_VERSION', '6800'), ('CMAKE_PREFIX_PATH', '/home/nisarg/Documents/repo/libchamp-imp/ros2_ws/install/quadruped_mujoco:/home/nisarg/quadruped_ws/install/unitree_go:/home/nisarg/quadruped_ws/install/unitree_api:/home/nisarg/quadruped_ws/install/champ_teleop:/home/nisarg/quadruped_ws/install/champ_msgs:/home/nisarg/quadruped_ws/install/champ_description:/home/nisarg/quadruped_ws/install/champ:/home/nisarg/Documents/repo/helium-quadruped-mjc/install/helium_quadruped_simulation:/home/nisarg/Documents/repo/helium-quadruped-mjc/install/helium_quadruped_description:/home/nisarg/Documents/repo/helium-quadruped-mjc/install/helium_quadruped_controller:/opt/ros/humble'), ('MUJOCO_KEY_PATH', '/home/nisarg/.mujoco/mjkey.txt')]), 'shell': False}
[0.073047] (quadruped_mujoco) StdoutLine: {'line': b'-- The C compiler identification is GNU 11.4.0\n'}
[0.099859] (-) TimerEvent: {}
[0.114683] (quadruped_mujoco) StdoutLine: {'line': b'-- The CXX compiler identification is GNU 11.4.0\n'}
[0.122435] (quadruped_mujoco) StdoutLine: {'line': b'-- Detecting C compiler ABI info\n'}
[0.199970] (-) TimerEvent: {}
[0.201000] (quadruped_mujoco) StdoutLine: {'line': b'-- Detecting C compiler ABI info - done\n'}
[0.210494] (quadruped_mujoco) StdoutLine: {'line': b'-- Check for working C compiler: /usr/bin/cc - skipped\n'}
[0.210772] (quadruped_mujoco) StdoutLine: {'line': b'-- Detecting C compile features\n'}
[0.211243] (quadruped_mujoco) StdoutLine: {'line': b'-- Detecting C compile features - done\n'}
[0.213946] (quadruped_mujoco) StdoutLine: {'line': b'-- Detecting CXX compiler ABI info\n'}
[0.300053] (-) TimerEvent: {}
[0.301302] (quadruped_mujoco) StdoutLine: {'line': b'-- Detecting CXX compiler ABI info - done\n'}
[0.306295] (quadruped_mujoco) StdoutLine: {'line': b'-- Check for working CXX compiler: /usr/bin/c++ - skipped\n'}
[0.306448] (quadruped_mujoco) StdoutLine: {'line': b'-- Detecting CXX compile features\n'}
[0.306855] (quadruped_mujoco) StdoutLine: {'line': b'-- Detecting CXX compile features - done\n'}
[0.308655] (quadruped_mujoco) StdoutLine: {'line': b'-- Found ament_cmake: 1.3.11 (/opt/ros/humble/share/ament_cmake/cmake)\n'}
[0.400259] (-) TimerEvent: {}
[0.438851] (quadruped_mujoco) StdoutLine: {'line': b'-- Found Python3: /usr/bin/python3 (found version "3.10.12") found components: Interpreter \n'}
[0.500379] (-) TimerEvent: {}
[0.513126] (quadruped_mujoco) StdoutLine: {'line': b'-- Found rclcpp: 16.0.11 (/opt/ros/humble/share/rclcpp/cmake)\n'}
[0.554589] (quadruped_mujoco) StdoutLine: {'line': b'-- Found rosidl_generator_c: 3.1.6 (/opt/ros/humble/share/rosidl_generator_c/cmake)\n'}
[0.558438] (quadruped_mujoco) StdoutLine: {'line': b'-- Found rosidl_adapter: 3.1.6 (/opt/ros/humble/share/rosidl_adapter/cmake)\n'}
[0.565107] (quadruped_mujoco) StdoutLine: {'line': b'-- Found rosidl_generator_cpp: 3.1.6 (/opt/ros/humble/share/rosidl_generator_cpp/cmake)\n'}
[0.574542] (quadruped_mujoco) StdoutLine: {'line': b'-- Using all available rosidl_typesupport_c: rosidl_typesupport_fastrtps_c;rosidl_typesupport_introspection_c\n'}
[0.586532] (quadruped_mujoco) StdoutLine: {'line': b'-- Using all available rosidl_typesupport_cpp: rosidl_typesupport_fastrtps_cpp;rosidl_typesupport_introspection_cpp\n'}
[0.600493] (-) TimerEvent: {}
[0.618368] (quadruped_mujoco) StdoutLine: {'line': b'-- Found rmw_implementation_cmake: 6.1.2 (/opt/ros/humble/share/rmw_implementation_cmake/cmake)\n'}
[0.620612] (quadruped_mujoco) StdoutLine: {'line': b'-- Found rmw_fastrtps_cpp: 6.2.7 (/opt/ros/humble/share/rmw_fastrtps_cpp/cmake)\n'}
[0.690475] (quadruped_mujoco) StdoutLine: {'line': b'-- Found OpenSSL: /usr/lib/x86_64-linux-gnu/libcrypto.so (found version "3.0.2")  \n'}
[0.700582] (-) TimerEvent: {}
[0.711824] (quadruped_mujoco) StdoutLine: {'line': b'-- Found FastRTPS: /opt/ros/humble/include  \n'}
[0.752742] (quadruped_mujoco) StdoutLine: {'line': b"-- Using RMW implementation 'rmw_fastrtps_cpp' as default\n"}
[0.762076] (quadruped_mujoco) StdoutLine: {'line': b'-- Looking for pthread.h\n'}
[0.800700] (-) TimerEvent: {}
[0.862609] (quadruped_mujoco) StdoutLine: {'line': b'-- Looking for pthread.h - found\n'}
[0.863480] (quadruped_mujoco) StdoutLine: {'line': b'-- Performing Test CMAKE_HAVE_LIBC_PTHREAD\n'}
[0.900851] (-) TimerEvent: {}
[0.921215] (quadruped_mujoco) StdoutLine: {'line': b'-- Performing Test CMAKE_HAVE_LIBC_PTHREAD - Success\n'}
[0.922102] (quadruped_mujoco) StdoutLine: {'line': b'-- Found Threads: TRUE  \n'}
[0.960367] (quadruped_mujoco) StdoutLine: {'line': b'-- Found geometry_msgs: 4.2.4 (/opt/ros/humble/share/geometry_msgs/cmake)\n'}
[0.970667] (quadruped_mujoco) StdoutLine: {'line': b'-- Found sensor_msgs: 4.2.4 (/opt/ros/humble/share/sensor_msgs/cmake)\n'}
[0.983319] (quadruped_mujoco) StdoutLine: {'line': b'-- Found nav_msgs: 4.2.4 (/opt/ros/humble/share/nav_msgs/cmake)\n'}
[0.995732] (quadruped_mujoco) StdoutLine: {'line': b'-- Found tf2: 0.25.12 (/opt/ros/humble/share/tf2/cmake)\n'}
[1.000927] (-) TimerEvent: {}
[1.003627] (quadruped_mujoco) StdoutLine: {'line': b'-- Found tf2_ros: 0.25.12 (/opt/ros/humble/share/tf2_ros/cmake)\n'}
[1.069137] (quadruped_mujoco) StdoutLine: {'line': b'-- Found rosidl_default_generators: 1.2.0 (/opt/ros/humble/share/rosidl_default_generators/cmake)\n'}
[1.076377] (quadruped_mujoco) StdoutLine: {'line': b'-- Found mujoco: /usr/local/lib/libmujoco.so  \n'}
[1.079807] (quadruped_mujoco) StderrLine: {'line': b'\x1b[33mCMake Warning (dev) at /usr/share/cmake-3.22/Modules/FindOpenGL.cmake:315 (message):\n'}
[1.079987] (quadruped_mujoco) StderrLine: {'line': b'  Policy CMP0072 is not set: FindOpenGL prefers GLVND by default when\n'}
[1.080037] (quadruped_mujoco) StderrLine: {'line': b'  available.  Run "cmake --help-policy CMP0072" for policy details.  Use the\n'}
[1.080076] (quadruped_mujoco) StderrLine: {'line': b'  cmake_policy command to set the policy and suppress this warning.\n'}
[1.080112] (quadruped_mujoco) StderrLine: {'line': b'\n'}
[1.080148] (quadruped_mujoco) StderrLine: {'line': b'  FindOpenGL found both a legacy GL library:\n'}
[1.080182] (quadruped_mujoco) StderrLine: {'line': b'\n'}
[1.080215] (quadruped_mujoco) StderrLine: {'line': b'    OPENGL_gl_LIBRARY: /usr/lib/x86_64-linux-gnu/libGL.so\n'}
[1.080248] (quadruped_mujoco) StderrLine: {'line': b'\n'}
[1.080279] (quadruped_mujoco) StderrLine: {'line': b'  and GLVND libraries for OpenGL and GLX:\n'}
[1.080311] (quadruped_mujoco) StderrLine: {'line': b'\n'}
[1.080343] (quadruped_mujoco) StderrLine: {'line': b'    OPENGL_opengl_LIBRARY: /usr/lib/x86_64-linux-gnu/libOpenGL.so\n'}
[1.080408] (quadruped_mujoco) StderrLine: {'line': b'    OPENGL_glx_LIBRARY: /usr/lib/x86_64-linux-gnu/libGLX.so\n'}
[1.080442] (quadruped_mujoco) StderrLine: {'line': b'\n'}
[1.080475] (quadruped_mujoco) StderrLine: {'line': b'  OpenGL_GL_PREFERENCE has not been set to "GLVND" or "LEGACY", so for\n'}
[1.080514] (quadruped_mujoco) StderrLine: {'line': b'  compatibility with CMake 3.10 and below the legacy GL library will be used.\n'}
[1.080548] (quadruped_mujoco) StderrLine: {'line': b'Call Stack (most recent call first):\n'}
[1.080581] (quadruped_mujoco) StderrLine: {'line': b'  CMakeLists.txt:23 (find_package)\n'}
[1.080619] (quadruped_mujoco) StderrLine: {'line': b'This warning is for project developers.  Use -Wno-dev to suppress it.\n'}
[1.080652] (quadruped_mujoco) StderrLine: {'line': b'\x1b[0m\n'}
[1.080686] (quadruped_mujoco) StdoutLine: {'line': b'-- Found OpenGL: /usr/lib/x86_64-linux-gnu/libOpenGL.so   \n'}
[1.101019] (-) TimerEvent: {}
[1.111410] (quadruped_mujoco) StdoutLine: {'line': b'-- Found GLEW: /usr/include (found version "2.2.0") \n'}
[1.201125] (-) TimerEvent: {}
[1.301367] (-) TimerEvent: {}
[1.351755] (quadruped_mujoco) StdoutLine: {'line': b'-- Found ament_cmake_ros: 0.10.0 (/opt/ros/humble/share/ament_cmake_ros/cmake)\n'}
[1.401508] (-) TimerEvent: {}
[1.501850] (-) TimerEvent: {}
[1.602152] (-) TimerEvent: {}
[1.694055] (quadruped_mujoco) StdoutLine: {'line': b'-- Using all available rosidl_typesupport_c: rosidl_typesupport_fastrtps_c;rosidl_typesupport_introspection_c\n'}
[1.702284] (-) TimerEvent: {}
[1.802703] (-) TimerEvent: {}
[1.824683] (quadruped_mujoco) StdoutLine: {'line': b'-- Using all available rosidl_typesupport_cpp: rosidl_typesupport_fastrtps_cpp;rosidl_typesupport_introspection_cpp\n'}
[1.845190] (quadruped_mujoco) StdoutLine: {'line': b'-- Found PythonInterp: /usr/bin/python3 (found suitable version "3.10.12", minimum required is "3.6") \n'}
[1.846805] (quadruped_mujoco) StdoutLine: {'line': b'-- Found python_cmake_module: 0.10.0 (/opt/ros/humble/share/python_cmake_module/cmake)\n'}
[1.866017] (quadruped_mujoco) StdoutLine: {'line': b'-- Found PythonLibs: /usr/lib/x86_64-linux-gnu/libpython3.10.so (found suitable version "3.10.12", minimum required is "3.5") \n'}
[1.866173] (quadruped_mujoco) StdoutLine: {'line': b'-- Using PYTHON_EXECUTABLE: /usr/bin/python3\n'}
[1.866265] (quadruped_mujoco) StdoutLine: {'line': b'-- Using PYTHON_INCLUDE_DIRS: /usr/include/python3.10\n'}
[1.866351] (quadruped_mujoco) StdoutLine: {'line': b'-- Using PYTHON_LIBRARIES: /usr/lib/x86_64-linux-gnu/libpython3.10.so\n'}
[1.886699] (quadruped_mujoco) StdoutLine: {'line': b'-- Found PythonExtra: .so  \n'}
[1.902920] (-) TimerEvent: {}
[1.946103] (quadruped_mujoco) StderrLine: {'line': b'\x1b[0mCMake Deprecation Warning at /opt/ros/humble/share/rosidl_cmake/cmake/rosidl_target_interfaces.cmake:32 (message):\n'}
[1.946325] (quadruped_mujoco) StderrLine: {'line': b'  Use rosidl_get_typesupport_target() and target_link_libraries() instead of\n'}
[1.946428] (quadruped_mujoco) StderrLine: {'line': b'  rosidl_target_interfaces()\n'}
[1.946520] (quadruped_mujoco) StderrLine: {'line': b'Call Stack (most recent call first):\n'}
[1.946610] (quadruped_mujoco) StderrLine: {'line': b'  CMakeLists.txt:97 (rosidl_target_interfaces)\n'}
[1.946698] (quadruped_mujoco) StderrLine: {'line': b'\n'}
[1.946803] (quadruped_mujoco) StderrLine: {'line': b'\x1b[0m\n'}
[1.948014] (quadruped_mujoco) StderrLine: {'line': b'\x1b[0mCMake Deprecation Warning at /opt/ros/humble/share/rosidl_cmake/cmake/rosidl_target_interfaces.cmake:32 (message):\n'}
[1.948148] (quadruped_mujoco) StderrLine: {'line': b'  Use rosidl_get_typesupport_target() and target_link_libraries() instead of\n'}
[1.948239] (quadruped_mujoco) StderrLine: {'line': b'  rosidl_target_interfaces()\n'}
[1.948324] (quadruped_mujoco) StderrLine: {'line': b'Call Stack (most recent call first):\n'}
[1.948407] (quadruped_mujoco) StderrLine: {'line': b'  CMakeLists.txt:97 (rosidl_target_interfaces)\n'}
[1.948488] (quadruped_mujoco) StderrLine: {'line': b'\n'}
[1.948569] (quadruped_mujoco) StderrLine: {'line': b'\x1b[0m\n'}
[1.949920] (quadruped_mujoco) StderrLine: {'line': b'\x1b[0mCMake Deprecation Warning at /opt/ros/humble/share/rosidl_cmake/cmake/rosidl_target_interfaces.cmake:32 (message):\n'}
[1.950047] (quadruped_mujoco) StderrLine: {'line': b'  Use rosidl_get_typesupport_target() and target_link_libraries() instead of\n'}
[1.950146] (quadruped_mujoco) StderrLine: {'line': b'  rosidl_target_interfaces()\n'}
[1.950227] (quadruped_mujoco) StderrLine: {'line': b'Call Stack (most recent call first):\n'}
[1.950306] (quadruped_mujoco) StderrLine: {'line': b'  CMakeLists.txt:97 (rosidl_target_interfaces)\n'}
[1.950383] (quadruped_mujoco) StderrLine: {'line': b'\n'}
[1.950460] (quadruped_mujoco) StderrLine: {'line': b'\x1b[0m\n'}
[1.951926] (quadruped_mujoco) StderrLine: {'line': b'\x1b[0mCMake Deprecation Warning at /opt/ros/humble/share/rosidl_cmake/cmake/rosidl_target_interfaces.cmake:32 (message):\n'}
[1.952096] (quadruped_mujoco) StderrLine: {'line': b'  Use rosidl_get_typesupport_target() and target_link_libraries() instead of\n'}
[1.952182] (quadruped_mujoco) StderrLine: {'line': b'  rosidl_target_interfaces()\n'}
[1.952259] (quadruped_mujoco) StderrLine: {'line': b'Call Stack (most recent call first):\n'}
[1.952334] (quadruped_mujoco) StderrLine: {'line': b'  CMakeLists.txt:97 (rosidl_target_interfaces)\n'}
[1.952409] (quadruped_mujoco) StderrLine: {'line': b'\n'}
[1.952484] (quadruped_mujoco) StderrLine: {'line': b'\x1b[0m\n'}
[1.955121] (quadruped_mujoco) StdoutLine: {'line': b'-- Configuring done\n'}
[1.994941] (quadruped_mujoco) StdoutLine: {'line': b'-- Generating done\n'}
[2.003094] (-) TimerEvent: {}
[2.009487] (quadruped_mujoco) StdoutLine: {'line': b'-- Build files have been written to: /home/nisarg/Documents/repo/libchamp-imp/ros2_ws/build/quadruped_mujoco\n'}
[2.019246] (quadruped_mujoco) CommandEnded: {'returncode': 0}
[2.019891] (quadruped_mujoco) JobProgress: {'identifier': 'quadruped_mujoco', 'progress': 'build'}
[2.019928] (quadruped_mujoco) Command: {'cmd': ['/usr/bin/cmake', '--build', '/home/nisarg/Documents/repo/libchamp-imp/ros2_ws/build/quadruped_mujoco', '--', '-j12', '-l12'], 'cwd': '/home/nisarg/Documents/repo/libchamp-imp/ros2_ws/build/quadruped_mujoco', 'env': OrderedDict([('LANGUAGE', 'en_IN:en'), ('USER', 'nisarg'), ('ROS_PACKAGE_PATH', '/home/nisarg/quadruped_ws/install/unitree_legged_sdk/share'), ('XDG_SESSION_TYPE', 'x11'), ('SHLVL', '1'), ('LD_LIBRARY_PATH', '/home/nisarg/Documents/repo/libchamp-imp/ros2_ws/install/quadruped_mujoco/lib:/home/nisarg/.mujoco/mujoco210/bin:/home/nisarg/quadruped_ws/install/unitree_go/lib:/home/nisarg/quadruped_ws/install/unitree_api/lib:/home/nisarg/quadruped_ws/install/champ_msgs/lib:/usr/lib/x86_64-linux-gnu/gazebo-11/plugins:/opt/ros/humble/opt/rviz_ogre_vendor/lib:/opt/ros/humble/lib/x86_64-linux-gnu:/opt/ros/humble/lib'), ('HOME', '/home/nisarg'), ('CONDA_SHLVL', '0'), ('OLDPWD', '/home/nisarg/Documents/repo/libchamp-imp'), ('DESKTOP_SESSION', 'ubuntu'), ('ROS_PYTHON_VERSION', '3'), ('GNOME_SHELL_SESSION_MODE', 'ubuntu'), ('GTK_MODULES', 'gail:atk-bridge'), ('DBUS_STARTER_BUS_TYPE', 'session'), ('SYSTEMD_EXEC_PID', '2022'), ('DBUS_SESSION_BUS_ADDRESS', 'unix:path=/run/user/1000/bus,guid=a821a7ea844fe06e9d60566667d53155'), ('COLORTERM', 'truecolor'), ('_CE_M', ''), ('COLCON_PREFIX_PATH', '/home/nisarg/Documents/repo/libchamp-imp/ros2_ws/install:/home/nisarg/Documents/repo/helium-quadruped-mjc/install:/home/nisarg/quadruped_ws/install'), ('ROS_DISTRO', 'humble'), ('GTK_IM_MODULE', 'ibus'), ('LOGNAME', 'nisarg'), ('_', '/usr/bin/colcon'), ('ROS_VERSION', '2'), ('PKG_CONFIG_PATH', '/home/nisarg/quadruped_ws/install/unitree_legged_sdk/lib/x86_64-linux-gnu/pkgconfig:/home/nisarg/quadruped_ws/install/unitree_legged_sdk/lib/pkgconfig'), ('XDG_SESSION_CLASS', 'user'), ('USERNAME', 'nisarg'), ('TERM', 'xterm-256color'), ('GNOME_DESKTOP_SESSION_ID', 'this-is-deprecated'), ('_CE_CONDA', ''), ('ROS_LOCALHOST_ONLY', '0'), ('WINDOWPATH', '2'), ('PATH', '/home/nisarg/miniconda3/condabin:/opt/ros/humble/bin:/usr/local/sbin:/usr/local/bin:/usr/sbin:/usr/bin:/sbin:/bin:/usr/games:/usr/local/games:/snap/bin:/snap/bin'), ('SESSION_MANAGER', 'local/nisarg-OMEN:@/tmp/.ICE-unix/2022,unix/nisarg-OMEN:/tmp/.ICE-unix/2022'), ('XDG_MENU_PREFIX', 'gnome-'), ('GNOME_TERMINAL_SCREEN', '/org/gnome/Terminal/screen/359c0b6a_27d1_4eda_b588_123ce5c5f4ec'), ('XDG_RUNTIME_DIR', '/run/user/1000'), ('DISPLAY', ':1'), ('LANG', 'en_US.UTF-8'), ('XDG_CURRENT_DESKTOP', 'ubuntu:GNOME'), ('XMODIFIERS', '@im=ibus'), ('XDG_SESSION_DESKTOP', 'ubuntu'), ('XAUTHORITY', '/run/user/1000/gdm/Xauthority'), ('GNOME_TERMINAL_SERVICE', ':1.338'), ('SSH_AGENT_LAUNCHER', 'gnome-keyring'), ('SSH_AUTH_SOCK', '/run/user/1000/keyring/ssh'), ('ROS_DOMAIN_ID', '47'), ('AMENT_PREFIX_PATH', '/home/nisarg/Documents/repo/libchamp-imp/ros2_ws/install/quadruped_mujoco:/home/nisarg/Documents/repo/helium-quadruped-mjc/install/helium_quadruped_simulation:/home/nisarg/Documents/repo/helium-quadruped-mjc/install/helium_quadruped_description:/home/nisarg/Documents/repo/helium-quadruped-mjc/install/helium_quadruped_controller:/home/nisarg/quadruped_ws/install/unitree_go:/home/nisarg/quadruped_ws/install/unitree_api:/home/nisarg/quadruped_ws/install/champ_teleop:/home/nisarg/quadruped_ws/install/champ_msgs:/home/nisarg/quadruped_ws/install/champ_description:/home/nisarg/quadruped_ws/install/champ:/opt/ros/humble'), ('CONDA_PYTHON_EXE', '/home/nisarg/miniconda3/bin/python'), ('SHELL', '/bin/bash'), ('QT_ACCESSIBILITY', '1'), ('GDMSESSION', 'ubuntu'), ('CMAKE_MODULE_PATH', '/home/nisarg/Documents/repo/libchamp-imp/ros2_ws/install/quadruped_mujoco/share/quadruped_mujoco/cmake'), ('GPG_AGENT_INFO', '/run/user/1000/gnupg/S.gpg-agent:0:1'), ('QT_IM_MODULE', 'ibus'), ('PWD', '/home/nisarg/Documents/repo/libchamp-imp/ros2_ws/build/quadruped_mujoco'), ('LC_ALL', 'en_US.UTF-8'), ('XDG_CONFIG_DIRS', '/etc/xdg/xdg-ubuntu:/etc/xdg'), ('CONDA_EXE', '/home/nisarg/miniconda3/bin/conda'), ('DBUS_STARTER_ADDRESS', 'unix:path=/run/user/1000/bus,guid=a821a7ea844fe06e9d60566667d53155'), ('MUJOCO_PLUGIN_PATH', '/lib'), ('XDG_DATA_DIRS', '/usr/share/ubuntu:/usr/share/gnome:/usr/local/share/:/usr/share/:/var/lib/snapd/desktop'), ('PYTHONPATH', '/home/nisarg/Documents/repo/libchamp-imp/ros2_ws/install/quadruped_mujoco/local/lib/python3.10/dist-packages:/home/nisarg/Documents/repo/helium-quadruped-mjc/install/helium_quadruped_simulation/lib/python3.10/site-packages:/home/nisarg/Documents/repo/helium-quadruped-mjc/install/helium_quadruped_description/lib/python3.10/site-packages:/home/nisarg/Documents/repo/helium-quadruped-mjc/install/helium_quadruped_controller/lib/python3.10/site-packages:/home/nisarg/quadruped_ws/install/unitree_go/local/lib/python3.10/dist-packages:/home/nisarg/quadruped_ws/install/unitree_api/local/lib/python3.10/dist-packages:/home/nisarg/quadruped_ws/install/champ_msgs/local/lib/python3.10/dist-packages:/opt/ros/humble/lib/python3.10/site-packages:/opt/ros/humble/local/lib/python3.10/dist-packages'), ('COLCON', '1'), ('VTE_VERSION', '6800'), ('CMAKE_PREFIX_PATH', '/home/nisarg/Documents/repo/libchamp-imp/ros2_ws/install/quadruped_mujoco:/home/nisarg/quadruped_ws/install/unitree_go:/home/nisarg/quadruped_ws/install/unitree_api:/home/nisarg/quadruped_ws/install/champ_teleop:/home/nisarg/quadruped_ws/install/champ_msgs:/home/nisarg/quadruped_ws/install/champ_description:/home/nisarg/quadruped_ws/install/champ:/home/nisarg/Documents/repo/helium-quadruped-mjc/install/helium_quadruped_simulation:/home/nisarg/Documents/repo/helium-quadruped-mjc/install/helium_quadruped_description:/home/nisarg/Documents/repo/helium-quadruped-mjc/install/helium_quadruped_controller:/opt/ros/humble'), ('MUJOCO_KEY_PATH', '/home/nisarg/.mujoco/mjkey.txt')]), 'shell': False}
[2.066791] (quadruped_mujoco) StdoutLine: {'line': b'[  1%] \x1b[34m\x1b[1mGenerating C code for ROS interfaces\x1b[0m\n'}
[2.073087] (quadruped_mujoco) StdoutLine: {'line': b'[  2%] \x1b[32mBuilding CXX object CMakeFiles/mujoco_interface_node.dir/src/mujoco_interface.cpp.o\x1b[0m\n'}
[2.078545] (quadruped_mujoco) StdoutLine: {'line': b'[  4%] \x1b[34m\x1b[1mGenerating C++ code for ROS interfaces\x1b[0m\n'}
[2.079167] (quadruped_mujoco) StdoutLine: {'line': b'[  4%] Built target ament_cmake_python_copy_quadruped_mujoco\n'}
[2.103205] (-) TimerEvent: {}
[2.203499] (-) TimerEvent: {}
[2.303815] (-) TimerEvent: {}
[2.321519] (quadruped_mujoco) StdoutLine: {'line': b'running egg_info\n'}
[2.321934] (quadruped_mujoco) StdoutLine: {'line': b'creating quadruped_mujoco.egg-info\n'}
[2.322149] (quadruped_mujoco) StdoutLine: {'line': b'writing quadruped_mujoco.egg-info/PKG-INFO\n'}
[2.322306] (quadruped_mujoco) StdoutLine: {'line': b'writing dependency_links to quadruped_mujoco.egg-info/dependency_links.txt\n'}
[2.322417] (quadruped_mujoco) StdoutLine: {'line': b'writing top-level names to quadruped_mujoco.egg-info/top_level.txt\n'}
[2.322508] (quadruped_mujoco) StdoutLine: {'line': b"writing manifest file 'quadruped_mujoco.egg-info/SOURCES.txt'\n"}
[2.323906] (quadruped_mujoco) StdoutLine: {'line': b"reading manifest file 'quadruped_mujoco.egg-info/SOURCES.txt'\n"}
[2.324210] (quadruped_mujoco) StdoutLine: {'line': b"writing manifest file 'quadruped_mujoco.egg-info/SOURCES.txt'\n"}
[2.351809] (quadruped_mujoco) StdoutLine: {'line': b'[  4%] Built target ament_cmake_python_build_quadruped_mujoco_egg\n'}
[2.403921] (-) TimerEvent: {}
[2.417969] (quadruped_mujoco) StdoutLine: {'line': b'[  4%] Built target quadruped_mujoco__cpp\n'}
[2.426382] (quadruped_mujoco) StdoutLine: {'line': b'[  5%] \x1b[34m\x1b[1mGenerating C++ type support dispatch for ROS interfaces\x1b[0m\n'}
[2.428295] (quadruped_mujoco) StdoutLine: {'line': b'[  6%] \x1b[34m\x1b[1mGenerating C++ type support for eProsima Fast-RTPS\x1b[0m\n'}
[2.430749] (quadruped_mujoco) StdoutLine: {'line': b'[  8%] \x1b[34m\x1b[1mGenerating C++ introspection for ROS interfaces\x1b[0m\n'}
[2.448195] (quadruped_mujoco) StdoutLine: {'line': b'[  9%] \x1b[32mBuilding C object CMakeFiles/quadruped_mujoco__rosidl_generator_c.dir/rosidl_generator_c/quadruped_mujoco/msg/detail/contacts__functions.c.o\x1b[0m\n'}
[2.449114] (quadruped_mujoco) StdoutLine: {'line': b'[ 10%] \x1b[32mBuilding C object CMakeFiles/quadruped_mujoco__rosidl_generator_c.dir/rosidl_generator_c/quadruped_mujoco/msg/detail/pose__functions.c.o\x1b[0m\n'}
[2.450068] (quadruped_mujoco) StdoutLine: {'line': b'[ 12%] \x1b[32mBuilding C object CMakeFiles/quadruped_mujoco__rosidl_generator_c.dir/rosidl_generator_c/quadruped_mujoco/msg/detail/contacts_stamped__functions.c.o\x1b[0m\n'}
[2.453023] (quadruped_mujoco) StdoutLine: {'line': b'[ 13%] \x1b[32mBuilding C object CMakeFiles/quadruped_mujoco__rosidl_generator_c.dir/rosidl_generator_c/quadruped_mujoco/msg/detail/joints__functions.c.o\x1b[0m\n'}
[2.453200] (quadruped_mujoco) StdoutLine: {'line': b'[ 15%] \x1b[32mBuilding C object CMakeFiles/quadruped_mujoco__rosidl_generator_c.dir/rosidl_generator_c/quadruped_mujoco/msg/detail/velocities__functions.c.o\x1b[0m\n'}
[2.496833] (quadruped_mujoco) StdoutLine: {'line': b'[ 16%] \x1b[32m\x1b[1mLinking C shared library libquadruped_mujoco__rosidl_generator_c.so\x1b[0m\n'}
[2.504008] (-) TimerEvent: {}
[2.534602] (quadruped_mujoco) StdoutLine: {'line': b'[ 16%] Built target quadruped_mujoco__rosidl_generator_c\n'}
[2.542956] (quadruped_mujoco) StdoutLine: {'line': b'[ 17%] \x1b[34m\x1b[1mGenerating C introspection for ROS interfaces\x1b[0m\n'}
[2.546904] (quadruped_mujoco) StdoutLine: {'line': b'[ 20%] \x1b[34m\x1b[1mGenerating C type support for eProsima Fast-RTPS\x1b[0m\n'}
[2.547068] (quadruped_mujoco) StdoutLine: {'line': b'[ 20%] \x1b[34m\x1b[1mGenerating C type support dispatch for ROS interfaces\x1b[0m\n'}
[2.604118] (-) TimerEvent: {}
[2.687132] (quadruped_mujoco) StdoutLine: {'line': b'[ 23%] \x1b[32mBuilding CXX object CMakeFiles/quadruped_mujoco__rosidl_typesupport_cpp.dir/rosidl_typesupport_cpp/quadruped_mujoco/msg/joints__type_support.cpp.o\x1b[0m\n'}
[2.687324] (quadruped_mujoco) StdoutLine: {'line': b'[ 23%] \x1b[32mBuilding CXX object CMakeFiles/quadruped_mujoco__rosidl_typesupport_cpp.dir/rosidl_typesupport_cpp/quadruped_mujoco/msg/contacts_stamped__type_support.cpp.o\x1b[0m\n'}
[2.687402] (quadruped_mujoco) StdoutLine: {'line': b'[ 24%] \x1b[32mBuilding CXX object CMakeFiles/quadruped_mujoco__rosidl_typesupport_cpp.dir/rosidl_typesupport_cpp/quadruped_mujoco/msg/pose__type_support.cpp.o\x1b[0m\n'}
[2.687464] (quadruped_mujoco) StdoutLine: {'line': b'[ 26%] \x1b[32mBuilding CXX object CMakeFiles/quadruped_mujoco__rosidl_typesupport_cpp.dir/rosidl_typesupport_cpp/quadruped_mujoco/msg/contacts__type_support.cpp.o\x1b[0m\n'}
[2.687541] (quadruped_mujoco) StdoutLine: {'line': b'[ 27%] \x1b[32mBuilding CXX object CMakeFiles/quadruped_mujoco__rosidl_typesupport_cpp.dir/rosidl_typesupport_cpp/quadruped_mujoco/msg/velocities__type_support.cpp.o\x1b[0m\n'}
[2.704208] (-) TimerEvent: {}
[2.801909] (quadruped_mujoco) StdoutLine: {'line': b'[ 28%] \x1b[32mBuilding CXX object CMakeFiles/quadruped_mujoco__rosidl_typesupport_introspection_cpp.dir/rosidl_typesupport_introspection_cpp/quadruped_mujoco/msg/detail/contacts__type_support.cpp.o\x1b[0m\n'}
[2.804303] (-) TimerEvent: {}
[2.812181] (quadruped_mujoco) StdoutLine: {'line': b'[ 30%] \x1b[32mBuilding CXX object CMakeFiles/quadruped_mujoco__rosidl_typesupport_introspection_cpp.dir/rosidl_typesupport_introspection_cpp/quadruped_mujoco/msg/detail/joints__type_support.cpp.o\x1b[0m\n'}
[2.904413] (-) TimerEvent: {}
[2.963092] (quadruped_mujoco) StdoutLine: {'line': b'[ 31%] \x1b[32mBuilding CXX object CMakeFiles/quadruped_mujoco__rosidl_typesupport_introspection_cpp.dir/rosidl_typesupport_introspection_cpp/quadruped_mujoco/msg/detail/pose__type_support.cpp.o\x1b[0m\n'}
[2.978113] (quadruped_mujoco) StdoutLine: {'line': b'[ 32%] \x1b[32mBuilding CXX object CMakeFiles/quadruped_mujoco__rosidl_typesupport_introspection_cpp.dir/rosidl_typesupport_introspection_cpp/quadruped_mujoco/msg/detail/velocities__type_support.cpp.o\x1b[0m\n'}
[2.982332] (quadruped_mujoco) StdoutLine: {'line': b'[ 34%] \x1b[32mBuilding CXX object CMakeFiles/quadruped_mujoco__rosidl_typesupport_c.dir/rosidl_typesupport_c/quadruped_mujoco/msg/contacts__type_support.cpp.o\x1b[0m\n'}
[2.994823] (quadruped_mujoco) StdoutLine: {'line': b'[ 35%] \x1b[32mBuilding CXX object CMakeFiles/quadruped_mujoco__rosidl_typesupport_introspection_cpp.dir/rosidl_typesupport_introspection_cpp/quadruped_mujoco/msg/detail/contacts_stamped__type_support.cpp.o\x1b[0m\n'}
[3.000187] (quadruped_mujoco) StdoutLine: {'line': b'[ 36%] \x1b[32mBuilding CXX object CMakeFiles/quadruped_mujoco__rosidl_typesupport_c.dir/rosidl_typesupport_c/quadruped_mujoco/msg/joints__type_support.cpp.o\x1b[0m\n'}
[3.004520] (-) TimerEvent: {}
[3.006372] (quadruped_mujoco) StdoutLine: {'line': b'[ 38%] \x1b[32mBuilding C object CMakeFiles/quadruped_mujoco__rosidl_typesupport_introspection_c.dir/rosidl_typesupport_introspection_c/quadruped_mujoco/msg/detail/contacts__type_support.c.o\x1b[0m\n'}
[3.013731] (quadruped_mujoco) StdoutLine: {'line': b'[ 39%] \x1b[32mBuilding CXX object CMakeFiles/quadruped_mujoco__rosidl_typesupport_fastrtps_cpp.dir/rosidl_typesupport_fastrtps_cpp/quadruped_mujoco/msg/detail/dds_fastrtps/contacts__type_support.cpp.o\x1b[0m\n'}
[3.017619] (quadruped_mujoco) StdoutLine: {'line': b'[ 41%] \x1b[32mBuilding C object CMakeFiles/quadruped_mujoco__rosidl_typesupport_introspection_c.dir/rosidl_typesupport_introspection_c/quadruped_mujoco/msg/detail/joints__type_support.c.o\x1b[0m\n'}
[3.033571] (quadruped_mujoco) StdoutLine: {'line': b'[ 42%] \x1b[32m\x1b[1mLinking CXX shared library libquadruped_mujoco__rosidl_typesupport_cpp.so\x1b[0m\n'}
[3.034552] (quadruped_mujoco) StdoutLine: {'line': b'[ 43%] \x1b[32mBuilding CXX object CMakeFiles/quadruped_mujoco__rosidl_typesupport_c.dir/rosidl_typesupport_c/quadruped_mujoco/msg/pose__type_support.cpp.o\x1b[0m\n'}
[3.051927] (quadruped_mujoco) StdoutLine: {'line': b'[ 45%] \x1b[32mBuilding CXX object CMakeFiles/quadruped_mujoco__rosidl_typesupport_c.dir/rosidl_typesupport_c/quadruped_mujoco/msg/velocities__type_support.cpp.o\x1b[0m\n'}
[3.061908] (quadruped_mujoco) StdoutLine: {'line': b'[ 46%] \x1b[32mBuilding C object CMakeFiles/quadruped_mujoco__rosidl_typesupport_introspection_c.dir/rosidl_typesupport_introspection_c/quadruped_mujoco/msg/detail/pose__type_support.c.o\x1b[0m\n'}
[3.065690] (quadruped_mujoco) StdoutLine: {'line': b'[ 47%] \x1b[32mBuilding C object CMakeFiles/quadruped_mujoco__rosidl_typesupport_introspection_c.dir/rosidl_typesupport_introspection_c/quadruped_mujoco/msg/detail/velocities__type_support.c.o\x1b[0m\n'}
[3.084697] (quadruped_mujoco) StdoutLine: {'line': b'[ 47%] Built target quadruped_mujoco__rosidl_typesupport_cpp\n'}
[3.093451] (quadruped_mujoco) StdoutLine: {'line': b'[ 49%] \x1b[32mBuilding CXX object CMakeFiles/quadruped_mujoco__rosidl_typesupport_fastrtps_cpp.dir/rosidl_typesupport_fastrtps_cpp/quadruped_mujoco/msg/detail/dds_fastrtps/joints__type_support.cpp.o\x1b[0m\n'}
[3.094525] (quadruped_mujoco) StdoutLine: {'line': b'[ 50%] \x1b[32mBuilding CXX object CMakeFiles/quadruped_mujoco__rosidl_typesupport_c.dir/rosidl_typesupport_c/quadruped_mujoco/msg/contacts_stamped__type_support.cpp.o\x1b[0m\n'}
[3.101852] (quadruped_mujoco) StdoutLine: {'line': b'[ 52%] \x1b[32mBuilding C object CMakeFiles/quadruped_mujoco__rosidl_typesupport_introspection_c.dir/rosidl_typesupport_introspection_c/quadruped_mujoco/msg/detail/contacts_stamped__type_support.c.o\x1b[0m\n'}
[3.105851] (-) TimerEvent: {}
[3.107910] (quadruped_mujoco) StdoutLine: {'line': b'[ 53%] \x1b[32mBuilding CXX object CMakeFiles/quadruped_mujoco__rosidl_typesupport_fastrtps_cpp.dir/rosidl_typesupport_fastrtps_cpp/quadruped_mujoco/msg/detail/dds_fastrtps/pose__type_support.cpp.o\x1b[0m\n'}
[3.129194] (quadruped_mujoco) StdoutLine: {'line': b'[ 54%] \x1b[32m\x1b[1mLinking CXX shared library libquadruped_mujoco__rosidl_typesupport_c.so\x1b[0m\n'}
[3.142480] (quadruped_mujoco) StdoutLine: {'line': b'[ 56%] \x1b[32m\x1b[1mLinking C shared library libquadruped_mujoco__rosidl_typesupport_introspection_c.so\x1b[0m\n'}
[3.177745] (quadruped_mujoco) StdoutLine: {'line': b'[ 56%] Built target quadruped_mujoco__rosidl_typesupport_c\n'}
[3.178085] (quadruped_mujoco) StdoutLine: {'line': b'[ 56%] Built target quadruped_mujoco__rosidl_typesupport_introspection_c\n'}
[3.185613] (quadruped_mujoco) StdoutLine: {'line': b'[ 57%] \x1b[32mBuilding CXX object CMakeFiles/quadruped_mujoco__rosidl_typesupport_fastrtps_c.dir/rosidl_typesupport_fastrtps_c/quadruped_mujoco/msg/detail/contacts__type_support_c.cpp.o\x1b[0m\n'}
[3.190198] (quadruped_mujoco) StdoutLine: {'line': b'[ 58%] \x1b[32mBuilding CXX object CMakeFiles/quadruped_mujoco__rosidl_typesupport_fastrtps_c.dir/rosidl_typesupport_fastrtps_c/quadruped_mujoco/msg/detail/joints__type_support_c.cpp.o\x1b[0m\n'}
[3.191711] (quadruped_mujoco) StdoutLine: {'line': b'[ 60%] \x1b[32mBuilding CXX object CMakeFiles/quadruped_mujoco__rosidl_typesupport_fastrtps_cpp.dir/rosidl_typesupport_fastrtps_cpp/quadruped_mujoco/msg/detail/dds_fastrtps/velocities__type_support.cpp.o\x1b[0m\n'}
[3.205960] (-) TimerEvent: {}
[3.247487] (quadruped_mujoco) StdoutLine: {'line': b'[ 61%] \x1b[32mBuilding CXX object CMakeFiles/quadruped_mujoco__rosidl_typesupport_fastrtps_cpp.dir/rosidl_typesupport_fastrtps_cpp/quadruped_mujoco/msg/detail/dds_fastrtps/contacts_stamped__type_support.cpp.o\x1b[0m\n'}
[3.306062] (-) TimerEvent: {}
[3.347625] (quadruped_mujoco) StdoutLine: {'line': b'[ 63%] \x1b[32mBuilding CXX object CMakeFiles/quadruped_mujoco__rosidl_typesupport_fastrtps_c.dir/rosidl_typesupport_fastrtps_c/quadruped_mujoco/msg/detail/pose__type_support_c.cpp.o\x1b[0m\n'}
[3.406175] (-) TimerEvent: {}
[3.407532] (quadruped_mujoco) StdoutLine: {'line': b'[ 64%] \x1b[32mBuilding CXX object CMakeFiles/quadruped_mujoco__rosidl_typesupport_fastrtps_c.dir/rosidl_typesupport_fastrtps_c/quadruped_mujoco/msg/detail/velocities__type_support_c.cpp.o\x1b[0m\n'}
[3.423913] (quadruped_mujoco) StdoutLine: {'line': b'[ 65%] \x1b[32mBuilding CXX object CMakeFiles/quadruped_mujoco__rosidl_typesupport_fastrtps_c.dir/rosidl_typesupport_fastrtps_c/quadruped_mujoco/msg/detail/contacts_stamped__type_support_c.cpp.o\x1b[0m\n'}
[3.467619] (quadruped_mujoco) StdoutLine: {'line': b'[ 67%] \x1b[32m\x1b[1mLinking CXX shared library libquadruped_mujoco__rosidl_typesupport_introspection_cpp.so\x1b[0m\n'}
[3.506294] (-) TimerEvent: {}
[3.566235] (quadruped_mujoco) StdoutLine: {'line': b'[ 67%] Built target quadruped_mujoco__rosidl_typesupport_introspection_cpp\n'}
[3.606398] (-) TimerEvent: {}
[3.689704] (quadruped_mujoco) StdoutLine: {'line': b'[ 68%] \x1b[32m\x1b[1mLinking CXX shared library libquadruped_mujoco__rosidl_typesupport_fastrtps_cpp.so\x1b[0m\n'}
[3.698071] (quadruped_mujoco) StdoutLine: {'line': b'[ 69%] \x1b[32m\x1b[1mLinking CXX shared library libquadruped_mujoco__rosidl_typesupport_fastrtps_c.so\x1b[0m\n'}
[3.706533] (-) TimerEvent: {}
[3.747833] (quadruped_mujoco) StdoutLine: {'line': b'[ 69%] Built target quadruped_mujoco__rosidl_typesupport_fastrtps_cpp\n'}
[3.758983] (quadruped_mujoco) StdoutLine: {'line': b'[ 69%] Built target quadruped_mujoco__rosidl_typesupport_fastrtps_c\n'}
[3.779038] (quadruped_mujoco) StdoutLine: {'line': b'[ 69%] Built target quadruped_mujoco\n'}
[3.793306] (quadruped_mujoco) StdoutLine: {'line': b'[ 72%] \x1b[32mBuilding CXX object CMakeFiles/turn_node.dir/src/nodes/turn_node.cpp.o\x1b[0m\n'}
[3.793512] (quadruped_mujoco) StdoutLine: {'line': b'[ 72%] \x1b[32mBuilding CXX object CMakeFiles/quadruped_controller_node.dir/src/nodes/quadruped_controller_node.cpp.o\x1b[0m\n'}
[3.794567] (quadruped_mujoco) StdoutLine: {'line': b'[ 73%] \x1b[34m\x1b[1mGenerating Python code for ROS interfaces\x1b[0m\n'}
[3.798103] (quadruped_mujoco) StdoutLine: {'line': b'[ 75%] \x1b[32mBuilding CXX object CMakeFiles/trot_node.dir/src/nodes/trot_node.cpp.o\x1b[0m\n'}
[3.802099] (quadruped_mujoco) StdoutLine: {'line': b'[ 76%] \x1b[32mBuilding CXX object CMakeFiles/waypoint_nav_node.dir/src/nodes/waypoint_nav_node.cpp.o\x1b[0m\n'}
[3.806618] (-) TimerEvent: {}
[3.906822] (-) TimerEvent: {}
[3.931300] (quadruped_mujoco) StderrLine: {'line': b'In file included from \x1b[01m\x1b[K/home/nisarg/Documents/repo/libchamp-imp/ros2_ws/src/quadruped_mujoco/include/quadruped_mujoco/controllers/quadruped_controller.hpp:12\x1b[m\x1b[K,\n'}
[3.931456] (quadruped_mujoco) StderrLine: {'line': b'                 from \x1b[01m\x1b[K/home/nisarg/Documents/repo/libchamp-imp/ros2_ws/src/quadruped_mujoco/src/nodes/quadruped_controller_node.cpp:2\x1b[m\x1b[K:\n'}
[3.931517] (quadruped_mujoco) StderrLine: {'line': b'\x1b[01m\x1b[K/home/nisarg/Documents/repo/libchamp-imp/ros2_ws/src/quadruped_mujoco/include/quadruped_mujoco/leg_controller/leg_controller.hpp:5:10:\x1b[m\x1b[K \x1b[01;31m\x1b[Kfatal error: \x1b[m\x1b[Kquadruped_mujoco/leg_controller/trajectory_planner.hpp: No such file or directory\n'}
[3.931570] (quadruped_mujoco) StderrLine: {'line': b'    5 | #include \x1b[01;31m\x1b[K"quadruped_mujoco/leg_controller/trajectory_planner.hpp"\x1b[m\x1b[K\n'}
[3.931619] (quadruped_mujoco) StderrLine: {'line': b'      |          \x1b[01;31m\x1b[K^~~~~~~~~~~~~~~~~~~~~~~~~~~~~~~~~~~~~~~~~~~~~~~~~~~~~~~~\x1b[m\x1b[K\n'}
[3.931666] (quadruped_mujoco) StderrLine: {'line': b'In file included from \x1b[01m\x1b[K/home/nisarg/Documents/repo/libchamp-imp/ros2_ws/src/quadruped_mujoco/include/quadruped_mujoco/controllers/quadruped_controller.hpp:12\x1b[m\x1b[K,\n'}
[3.931713] (quadruped_mujoco) StderrLine: {'line': b'                 from \x1b[01m\x1b[K/home/nisarg/Documents/repo/libchamp-imp/ros2_ws/src/quadruped_mujoco/include/quadruped_mujoco/controllers/turn_controller.hpp:4\x1b[m\x1b[K,\n'}
[3.931759] (quadruped_mujoco) StderrLine: {'line': b'                 from \x1b[01m\x1b[K/home/nisarg/Documents/repo/libchamp-imp/ros2_ws/src/quadruped_mujoco/src/nodes/turn_node.cpp:3\x1b[m\x1b[K:\n'}
[3.931814] (quadruped_mujoco) StderrLine: {'line': b'\x1b[01m\x1b[K/home/nisarg/Documents/repo/libchamp-imp/ros2_ws/src/quadruped_mujoco/include/quadruped_mujoco/leg_controller/leg_controller.hpp:5:10:\x1b[m\x1b[K \x1b[01;31m\x1b[Kfatal error: \x1b[m\x1b[Kquadruped_mujoco/leg_controller/trajectory_planner.hpp: No such file or directory\n'}
[3.931863] (quadruped_mujoco) StderrLine: {'line': b'    5 | #include \x1b[01;31m\x1b[K"quadruped_mujoco/leg_controller/trajectory_planner.hpp"\x1b[m\x1b[K\n'}
[3.931909] (quadruped_mujoco) StderrLine: {'line': b'      |          \x1b[01;31m\x1b[K^~~~~~~~~~~~~~~~~~~~~~~~~~~~~~~~~~~~~~~~~~~~~~~~~~~~~~~~\x1b[m\x1b[K\n'}
[3.931954] (quadruped_mujoco) StderrLine: {'line': b'compilation terminated.\n'}
[3.932002] (quadruped_mujoco) StderrLine: {'line': b'compilation terminated.\n'}
[3.933282] (quadruped_mujoco) StderrLine: {'line': b'gmake[2]: *** [CMakeFiles/turn_node.dir/build.make:76: CMakeFiles/turn_node.dir/src/nodes/turn_node.cpp.o] Error 1\n'}
[3.933486] (quadruped_mujoco) StderrLine: {'line': b'gmake[2]: *** [CMakeFiles/quadruped_controller_node.dir/build.make:76: CMakeFiles/quadruped_controller_node.dir/src/nodes/quadruped_controller_node.cpp.o] Error 1\n'}
[3.933587] (quadruped_mujoco) StderrLine: {'line': b'gmake[1]: *** [CMakeFiles/Makefile2:684: CMakeFiles/turn_node.dir/all] Error 2\n'}
[3.933667] (quadruped_mujoco) StderrLine: {'line': b'gmake[1]: *** Waiting for unfinished jobs....\n'}
[3.933741] (quadruped_mujoco) StderrLine: {'line': b'gmake[1]: *** [CMakeFiles/Makefile2:628: CMakeFiles/quadruped_controller_node.dir/all] Error 2\n'}
[3.935667] (quadruped_mujoco) StderrLine: {'line': b'In file included from \x1b[01m\x1b[K/home/nisarg/Documents/repo/libchamp-imp/ros2_ws/src/quadruped_mujoco/include/quadruped_mujoco/controllers/quadruped_controller.hpp:12\x1b[m\x1b[K,\n'}
[3.935793] (quadruped_mujoco) StderrLine: {'line': b'                 from \x1b[01m\x1b[K/home/nisarg/Documents/repo/libchamp-imp/ros2_ws/src/quadruped_mujoco/include/quadruped_mujoco/controllers/trot_controller.hpp:4\x1b[m\x1b[K,\n'}
[3.935844] (quadruped_mujoco) StderrLine: {'line': b'                 from \x1b[01m\x1b[K/home/nisarg/Documents/repo/libchamp-imp/ros2_ws/src/quadruped_mujoco/src/nodes/trot_node.cpp:3\x1b[m\x1b[K:\n'}
[3.935883] (quadruped_mujoco) StderrLine: {'line': b'\x1b[01m\x1b[K/home/nisarg/Documents/repo/libchamp-imp/ros2_ws/src/quadruped_mujoco/include/quadruped_mujoco/leg_controller/leg_controller.hpp:5:10:\x1b[m\x1b[K \x1b[01;31m\x1b[Kfatal error: \x1b[m\x1b[Kquadruped_mujoco/leg_controller/trajectory_planner.hpp: No such file or directory\n'}
[3.935925] (quadruped_mujoco) StderrLine: {'line': b'    5 | #include \x1b[01;31m\x1b[K"quadruped_mujoco/leg_controller/trajectory_planner.hpp"\x1b[m\x1b[K\n'}
[3.935966] (quadruped_mujoco) StderrLine: {'line': b'      |          \x1b[01;31m\x1b[K^~~~~~~~~~~~~~~~~~~~~~~~~~~~~~~~~~~~~~~~~~~~~~~~~~~~~~~~\x1b[m\x1b[K\n'}
[3.936004] (quadruped_mujoco) StderrLine: {'line': b'compilation terminated.\n'}
[3.937662] (quadruped_mujoco) StderrLine: {'line': b'gmake[2]: *** [CMakeFiles/trot_node.dir/build.make:76: CMakeFiles/trot_node.dir/src/nodes/trot_node.cpp.o] Error 1\n'}
[3.937765] (quadruped_mujoco) StderrLine: {'line': b'gmake[1]: *** [CMakeFiles/Makefile2:656: CMakeFiles/trot_node.dir/all] Error 2\n'}
[4.007008] (-) TimerEvent: {}
[4.011414] (quadruped_mujoco) StderrLine: {'line': b'In file included from \x1b[01m\x1b[K/home/nisarg/Documents/repo/libchamp-imp/ros2_ws/src/quadruped_mujoco/include/quadruped_mujoco/controllers/quadruped_controller.hpp:12\x1b[m\x1b[K,\n'}
[4.011535] (quadruped_mujoco) StderrLine: {'line': b'                 from \x1b[01m\x1b[K/home/nisarg/Documents/repo/libchamp-imp/ros2_ws/src/quadruped_mujoco/include/quadruped_mujoco/controllers/waypoint_controller.hpp:4\x1b[m\x1b[K,\n'}
[4.011576] (quadruped_mujoco) StderrLine: {'line': b'                 from \x1b[01m\x1b[K/home/nisarg/Documents/repo/libchamp-imp/ros2_ws/src/quadruped_mujoco/src/nodes/waypoint_nav_node.cpp:3\x1b[m\x1b[K:\n'}
[4.011611] (quadruped_mujoco) StderrLine: {'line': b'\x1b[01m\x1b[K/home/nisarg/Documents/repo/libchamp-imp/ros2_ws/src/quadruped_mujoco/include/quadruped_mujoco/leg_controller/leg_controller.hpp:5:10:\x1b[m\x1b[K \x1b[01;31m\x1b[Kfatal error: \x1b[m\x1b[Kquadruped_mujoco/leg_controller/trajectory_planner.hpp: No such file or directory\n'}
[4.011647] (quadruped_mujoco) StderrLine: {'line': b'    5 | #include \x1b[01;31m\x1b[K"quadruped_mujoco/leg_controller/trajectory_planner.hpp"\x1b[m\x1b[K\n'}
[4.011679] (quadruped_mujoco) StderrLine: {'line': b'      |          \x1b[01;31m\x1b[K^~~~~~~~~~~~~~~~~~~~~~~~~~~~~~~~~~~~~~~~~~~~~~~~~~~~~~~~\x1b[m\x1b[K\n'}
[4.011709] (quadruped_mujoco) StderrLine: {'line': b'compilation terminated.\n'}
[4.013511] (quadruped_mujoco) StderrLine: {'line': b'gmake[2]: *** [CMakeFiles/waypoint_nav_node.dir/build.make:76: CMakeFiles/waypoint_nav_node.dir/src/nodes/waypoint_nav_node.cpp.o] Error 1\n'}
[4.013639] (quadruped_mujoco) StderrLine: {'line': b'gmake[1]: *** [CMakeFiles/Makefile2:712: CMakeFiles/waypoint_nav_node.dir/all] Error 2\n'}
[4.107193] (-) TimerEvent: {}
[4.207519] (-) TimerEvent: {}
[4.282577] (quadruped_mujoco) StdoutLine: {'line': b'[ 76%] Built target quadruped_mujoco__py\n'}
[4.307719] (-) TimerEvent: {}
[4.408071] (-) TimerEvent: {}
[4.508422] (-) TimerEvent: {}
[4.608773] (-) TimerEvent: {}
[4.709113] (-) TimerEvent: {}
[4.809442] (-) TimerEvent: {}
[4.909793] (-) TimerEvent: {}
[5.010118] (-) TimerEvent: {}
[5.110435] (-) TimerEvent: {}
[5.210758] (-) TimerEvent: {}
[5.311008] (-) TimerEvent: {}
[5.411266] (-) TimerEvent: {}
[5.511502] (-) TimerEvent: {}
[5.568896] (quadruped_mujoco) StdoutLine: {'line': b'[ 78%] \x1b[32m\x1b[1mLinking CXX executable mujoco_interface_node\x1b[0m\n'}
[5.611698] (-) TimerEvent: {}
[5.712069] (-) TimerEvent: {}
[5.781378] (quadruped_mujoco) StdoutLine: {'line': b'[ 78%] Built target mujoco_interface_node\n'}
[5.782362] (quadruped_mujoco) StderrLine: {'line': b'gmake: *** [Makefile:146: all] Error 2\n'}
[5.784492] (quadruped_mujoco) CommandEnded: {'returncode': 2}
[5.789796] (quadruped_mujoco) JobEnded: {'identifier': 'quadruped_mujoco', 'rc': 2}
[5.800612] (-) EventReactorShutdown: {}
