[01m[K/home/nisarg/Documents/repo/libchamp-imp/ros2_ws/src/quadruped_mujoco/src/nodes/mujoco_sim_node.cpp:32:10:[m[K [01;31m[Kerror: [m[K‘[01m[Kvoid MujocoSimNode::loadModel()[m[K’ cannot be overloaded with ‘[01m[Kvoid MujocoSimNode::loadModel()[m[K’
   32 |     void [01;31m[KloadModel[m[K() {
      |          [01;31m[K^~~~~~~~~[m[K
[01m[K/home/nisarg/Documents/repo/libchamp-imp/ros2_ws/src/quadruped_mujoco/src/nodes/mujoco_sim_node.cpp:27:10:[m[K [01;36m[Knote: [m[Kprevious declaration ‘[01m[Kvoid MujocoSimNode::loadModel()[m[K’
   27 |     void [01;36m[KloadModel[m[K();
      |          [01;36m[K^~~~~~~~~[m[K
[01m[K/home/nisarg/Documents/repo/libchamp-imp/ros2_ws/src/quadruped_mujoco/src/nodes/mujoco_sim_node.cpp:70:10:[m[K [01;31m[Kerror: [m[K‘[01m[Kvoid MujocoSimNode::simulationStep()[m[K’ cannot be overloaded with ‘[01m[Kvoid MujocoSimNode::simulationStep()[m[K’
   70 |     void [01;31m[KsimulationStep[m[K() {
      |          [01;31m[K^~~~~~~~~~~~~~[m[K
[01m[K/home/nisarg/Documents/repo/libchamp-imp/ros2_ws/src/quadruped_mujoco/src/nodes/mujoco_sim_node.cpp:28:10:[m[K [01;36m[Knote: [m[Kprevious declaration ‘[01m[Kvoid MujocoSimNode::simulationStep()[m[K’
   28 |     void [01;36m[KsimulationStep[m[K();
      |          [01;36m[K^~~~~~~~~~~~~~[m[K
[01m[K/home/nisarg/Documents/repo/libchamp-imp/ros2_ws/src/quadruped_mujoco/src/nodes/mujoco_sim_node.cpp:103:10:[m[K [01;31m[Kerror: [m[K‘[01m[Kvoid MujocoSimNode::jointCommandCallback(sensor_msgs::msg::JointState_<std::allocator<void> >::SharedPtr)[m[K’ cannot be overloaded with ‘[01m[Kvoid MujocoSimNode::jointCommandCallback(sensor_msgs::msg::JointState_<std::allocator<void> >::SharedPtr)[m[K’
  103 |     void [01;31m[KjointCommandCallback[m[K(const sensor_msgs::msg::JointState::SharedPtr msg) {
      |          [01;31m[K^~~~~~~~~~~~~~~~~~~~[m[K
[01m[K/home/nisarg/Documents/repo/libchamp-imp/ros2_ws/src/quadruped_mujoco/src/nodes/mujoco_sim_node.cpp:29:10:[m[K [01;36m[Knote: [m[Kprevious declaration ‘[01m[Kvoid MujocoSimNode::jointCommandCallback(sensor_msgs::msg::JointState_<std::allocator<void> >::SharedPtr)[m[K’
   29 |     void [01;36m[KjointCommandCallback[m[K(const sensor_msgs::msg::JointState::SharedPtr msg);
      |          [01;36m[K^~~~~~~~~~~~~~~~~~~~[m[K
[01m[K/home/nisarg/Documents/repo/libchamp-imp/ros2_ws/src/quadruped_mujoco/src/nodes/mujoco_sim_node.cpp:121:10:[m[K [01;31m[Kerror: [m[K‘[01m[Kvoid MujocoSimNode::initializeJoints()[m[K’ cannot be overloaded with ‘[01m[Kvoid MujocoSimNode::initializeJoints()[m[K’
  121 |     void [01;31m[KinitializeJoints[m[K() {
      |          [01;31m[K^~~~~~~~~~~~~~~~[m[K
[01m[K/home/nisarg/Documents/repo/libchamp-imp/ros2_ws/src/quadruped_mujoco/src/nodes/mujoco_sim_node.cpp:30:10:[m[K [01;36m[Knote: [m[Kprevious declaration ‘[01m[Kvoid MujocoSimNode::initializeJoints()[m[K’
   30 |     void [01;36m[KinitializeJoints[m[K();
      |          [01;36m[K^~~~~~~~~~~~~~~~[m[K
gmake[2]: *** [CMakeFiles/mujoco_sim_node.dir/build.make:76: CMakeFiles/mujoco_sim_node.dir/src/nodes/mujoco_sim_node.cpp.o] Error 1
gmake[1]: *** [CMakeFiles/Makefile2:771: CMakeFiles/mujoco_sim_node.dir/all] Error 2
gmake: *** [Makefile:146: all] Error 2
