[0.008s] Invoking command in '/home/nisarg/Documents/repo/libchamp-imp/ros2_ws/build/quadruped_mujoco': CMAKE_PREFIX_PATH=${CMAKE_PREFIX_PATH}:/home/nisarg/Documents/repo/helium-quadruped-mjc/install/helium_quadruped_simulation:/home/nisarg/Documents/repo/helium-quadruped-mjc/install/helium_quadruped_description:/home/nisarg/Documents/repo/helium-quadruped-mjc/install/helium_quadruped_controller:/opt/ros/humble /usr/bin/cmake --build /home/nisarg/Documents/repo/libchamp-imp/ros2_ws/build/quadruped_mujoco -- -j12 -l12
[0.044s] [35m[1mConsolidate compiler generated dependencies of target mujoco_interface_node[0m
[0.046s] [35m[1mConsolidate compiler generated dependencies of target quadruped_mujoco__rosidl_generator_c[0m
[0.052s] [  1%] Built target quadruped_mujoco__cpp
[0.055s] [  3%] Built target mujoco_interface_node
[0.055s] [ 12%] Built target quadruped_mujoco__rosidl_generator_c
[0.058s] [ 12%] Built target ament_cmake_python_copy_quadruped_mujoco
[0.062s] [35m[1mConsolidate compiler generated dependencies of target quadruped_mujoco__rosidl_typesupport_fastrtps_cpp[0m
[0.062s] [35m[1mConsolidate compiler generated dependencies of target quadruped_mujoco__rosidl_typesupport_cpp[0m
[0.065s] [35m[1mConsolidate compiler generated dependencies of target quadruped_mujoco__rosidl_typesupport_c[0m
[0.065s] [35m[1mConsolidate compiler generated dependencies of target quadruped_mujoco__rosidl_typesupport_introspection_c[0m
[0.067s] [35m[1mConsolidate compiler generated dependencies of target quadruped_mujoco__rosidl_typesupport_introspection_cpp[0m
[0.070s] [35m[1mConsolidate compiler generated dependencies of target quadruped_mujoco__rosidl_typesupport_fastrtps_c[0m
[0.074s] [ 22%] Built target quadruped_mujoco__rosidl_typesupport_c
[0.075s] [ 31%] Built target quadruped_mujoco__rosidl_typesupport_introspection_c
[0.075s] [ 40%] Built target quadruped_mujoco__rosidl_typesupport_cpp
[0.075s] [ 49%] Built target quadruped_mujoco__rosidl_typesupport_fastrtps_cpp
[0.078s] [ 58%] Built target quadruped_mujoco__rosidl_typesupport_introspection_cpp
[0.085s] [ 67%] Built target quadruped_mujoco__rosidl_typesupport_fastrtps_c
[0.086s] [35m[1mConsolidate compiler generated dependencies of target quadruped_mujoco_lib[0m
[0.101s] [ 67%] Built target quadruped_mujoco
[0.101s] [ 70%] Built target quadruped_mujoco_lib
[0.109s] [35m[1mConsolidate compiler generated dependencies of target turn_node[0m
[0.111s] [35m[1mConsolidate compiler generated dependencies of target mujoco_sim_node[0m
[0.113s] [35m[1mConsolidate compiler generated dependencies of target trot_node[0m
[0.113s] [35m[1mConsolidate compiler generated dependencies of target quadruped_controller_node[0m
[0.114s] [35m[1mConsolidate compiler generated dependencies of target waypoint_nav_node[0m
[0.115s] [ 71%] Built target quadruped_mujoco__py
[0.123s] [35m[1mConsolidate compiler generated dependencies of target quadruped_mujoco__rosidl_generator_py[0m
[0.123s] [ 74%] Built target turn_node
[0.127s] [ 77%] Built target waypoint_nav_node
[0.127s] [ 77%] [32mBuilding CXX object CMakeFiles/mujoco_sim_node.dir/src/nodes/mujoco_sim_node.cpp.o[0m
[0.128s] [ 81%] Built target trot_node
[0.128s] [ 83%] Built target quadruped_controller_node
[0.133s] [ 90%] Built target quadruped_mujoco__rosidl_generator_py
[0.140s] [35m[1mConsolidate compiler generated dependencies of target quadruped_mujoco__rosidl_typesupport_fastrtps_c__pyext[0m
[0.145s] [35m[1mConsolidate compiler generated dependencies of target quadruped_mujoco__rosidl_typesupport_c__pyext[0m
[0.145s] [35m[1mConsolidate compiler generated dependencies of target quadruped_mujoco__rosidl_typesupport_introspection_c__pyext[0m
[0.150s] [ 93%] Built target quadruped_mujoco__rosidl_typesupport_fastrtps_c__pyext
[0.156s] [ 96%] Built target quadruped_mujoco__rosidl_typesupport_introspection_c__pyext
[0.158s] [ 98%] Built target quadruped_mujoco__rosidl_typesupport_c__pyext
[0.247s] running egg_info
[0.247s] writing quadruped_mujoco.egg-info/PKG-INFO
[0.247s] writing dependency_links to quadruped_mujoco.egg-info/dependency_links.txt
[0.247s] writing top-level names to quadruped_mujoco.egg-info/top_level.txt
[0.249s] reading manifest file 'quadruped_mujoco.egg-info/SOURCES.txt'
[0.249s] writing manifest file 'quadruped_mujoco.egg-info/SOURCES.txt'
[0.268s] [ 98%] Built target ament_cmake_python_build_quadruped_mujoco_egg
[1.604s] [01m[K/home/nisarg/Documents/repo/libchamp-imp/ros2_ws/src/quadruped_mujoco/src/nodes/mujoco_sim_node.cpp:32:10:[m[K [01;31m[Kerror: [m[K‘[01m[Kvoid MujocoSimNode::loadModel()[m[K’ cannot be overloaded with ‘[01m[Kvoid MujocoSimNode::loadModel()[m[K’
[1.604s]    32 |     void [01;31m[KloadModel[m[K() {
[1.604s]       |          [01;31m[K^~~~~~~~~[m[K
[1.604s] [01m[K/home/nisarg/Documents/repo/libchamp-imp/ros2_ws/src/quadruped_mujoco/src/nodes/mujoco_sim_node.cpp:27:10:[m[K [01;36m[Knote: [m[Kprevious declaration ‘[01m[Kvoid MujocoSimNode::loadModel()[m[K’
[1.604s]    27 |     void [01;36m[KloadModel[m[K();
[1.604s]       |          [01;36m[K^~~~~~~~~[m[K
[1.604s] [01m[K/home/nisarg/Documents/repo/libchamp-imp/ros2_ws/src/quadruped_mujoco/src/nodes/mujoco_sim_node.cpp:70:10:[m[K [01;31m[Kerror: [m[K‘[01m[Kvoid MujocoSimNode::simulationStep()[m[K’ cannot be overloaded with ‘[01m[Kvoid MujocoSimNode::simulationStep()[m[K’
[1.604s]    70 |     void [01;31m[KsimulationStep[m[K() {
[1.604s]       |          [01;31m[K^~~~~~~~~~~~~~[m[K
[1.604s] [01m[K/home/nisarg/Documents/repo/libchamp-imp/ros2_ws/src/quadruped_mujoco/src/nodes/mujoco_sim_node.cpp:28:10:[m[K [01;36m[Knote: [m[Kprevious declaration ‘[01m[Kvoid MujocoSimNode::simulationStep()[m[K’
[1.604s]    28 |     void [01;36m[KsimulationStep[m[K();
[1.604s]       |          [01;36m[K^~~~~~~~~~~~~~[m[K
[1.604s] [01m[K/home/nisarg/Documents/repo/libchamp-imp/ros2_ws/src/quadruped_mujoco/src/nodes/mujoco_sim_node.cpp:103:10:[m[K [01;31m[Kerror: [m[K‘[01m[Kvoid MujocoSimNode::jointCommandCallback(sensor_msgs::msg::JointState_<std::allocator<void> >::SharedPtr)[m[K’ cannot be overloaded with ‘[01m[Kvoid MujocoSimNode::jointCommandCallback(sensor_msgs::msg::JointState_<std::allocator<void> >::SharedPtr)[m[K’
[1.604s]   103 |     void [01;31m[KjointCommandCallback[m[K(const sensor_msgs::msg::JointState::SharedPtr msg) {
[1.605s]       |          [01;31m[K^~~~~~~~~~~~~~~~~~~~[m[K
[1.605s] [01m[K/home/nisarg/Documents/repo/libchamp-imp/ros2_ws/src/quadruped_mujoco/src/nodes/mujoco_sim_node.cpp:29:10:[m[K [01;36m[Knote: [m[Kprevious declaration ‘[01m[Kvoid MujocoSimNode::jointCommandCallback(sensor_msgs::msg::JointState_<std::allocator<void> >::SharedPtr)[m[K’
[1.605s]    29 |     void [01;36m[KjointCommandCallback[m[K(const sensor_msgs::msg::JointState::SharedPtr msg);
[1.605s]       |          [01;36m[K^~~~~~~~~~~~~~~~~~~~[m[K
[1.605s] [01m[K/home/nisarg/Documents/repo/libchamp-imp/ros2_ws/src/quadruped_mujoco/src/nodes/mujoco_sim_node.cpp:121:10:[m[K [01;31m[Kerror: [m[K‘[01m[Kvoid MujocoSimNode::initializeJoints()[m[K’ cannot be overloaded with ‘[01m[Kvoid MujocoSimNode::initializeJoints()[m[K’
[1.605s]   121 |     void [01;31m[KinitializeJoints[m[K() {
[1.605s]       |          [01;31m[K^~~~~~~~~~~~~~~~[m[K
[1.605s] [01m[K/home/nisarg/Documents/repo/libchamp-imp/ros2_ws/src/quadruped_mujoco/src/nodes/mujoco_sim_node.cpp:30:10:[m[K [01;36m[Knote: [m[Kprevious declaration ‘[01m[Kvoid MujocoSimNode::initializeJoints()[m[K’
[1.605s]    30 |     void [01;36m[KinitializeJoints[m[K();
[1.605s]       |          [01;36m[K^~~~~~~~~~~~~~~~[m[K
[3.188s] gmake[2]: *** [CMakeFiles/mujoco_sim_node.dir/build.make:76: CMakeFiles/mujoco_sim_node.dir/src/nodes/mujoco_sim_node.cpp.o] Error 1
[3.188s] gmake[1]: *** [CMakeFiles/Makefile2:771: CMakeFiles/mujoco_sim_node.dir/all] Error 2
[3.188s] gmake: *** [Makefile:146: all] Error 2
[3.190s] Invoked command in '/home/nisarg/Documents/repo/libchamp-imp/ros2_ws/build/quadruped_mujoco' returned '2': CMAKE_PREFIX_PATH=${CMAKE_PREFIX_PATH}:/home/nisarg/Documents/repo/helium-quadruped-mjc/install/helium_quadruped_simulation:/home/nisarg/Documents/repo/helium-quadruped-mjc/install/helium_quadruped_description:/home/nisarg/Documents/repo/helium-quadruped-mjc/install/helium_quadruped_controller:/opt/ros/humble /usr/bin/cmake --build /home/nisarg/Documents/repo/libchamp-imp/ros2_ws/build/quadruped_mujoco -- -j12 -l12
