[0.017s] Invoking command in '/home/nisarg/Documents/repo/libchamp-imp/build/champ_msgs': /usr/bin/cmake /home/nisarg/Documents/repo/libchamp-imp/champ/champ_msgs -DCATKIN_INSTALL_INTO_PREFIX_ROOT=0 -DCMAKE_INSTALL_PREFIX=/home/nisarg/Documents/repo/libchamp-imp/install/champ_msgs
[0.023s] [0mCMake Deprecation Warning at CMakeLists.txt:1 (cmake_minimum_required):
[0.023s]   Compatibility with CMake < 2.8.12 will be removed from a future version of
[0.023s]   CMake.
[0.023s] 
[0.023s]   Update the VERSION argument <min> value or use a ...<max> suffix to tell
[0.023s]   CMake that the project does not need compatibility with older versions.
[0.023s] 
[0.023s] [0m
[0.221s] -- The C compiler identification is GNU 11.4.0
[0.324s] -- The CXX compiler identification is GNU 11.4.0
[0.329s] -- Detecting C compiler ABI info
[0.389s] -- Detecting C compiler ABI info - done
[0.396s] -- Check for working C compiler: /usr/bin/cc - skipped
[0.397s] -- Detecting C compile features
[0.397s] -- Detecting C compile features - done
[0.400s] -- Detecting CXX compiler ABI info
[0.456s] -- Detecting CXX compiler ABI info - done
[0.462s] -- Check for working CXX compiler: /usr/bin/c++ - skipped
[0.462s] -- Detecting CXX compile features
[0.462s] -- Detecting CXX compile features - done
[0.472s] [31mCMake Error at CMakeLists.txt:4 (find_package):
[0.472s]   By not providing "Findcatkin.cmake" in CMAKE_MODULE_PATH this project has
[0.472s]   asked CMake to find a package configuration file provided by "catkin", but
[0.472s]   CMake did not find one.
[0.472s] 
[0.472s]   Could not find a package configuration file provided by "catkin" with any
[0.472s]   of the following names:
[0.472s] 
[0.472s]     catkinConfig.cmake
[0.472s]     catkin-config.cmake
[0.472s] 
[0.472s]   Add the installation prefix of "catkin" to CMAKE_PREFIX_PATH or set
[0.472s]   "catkin_DIR" to a directory containing one of the above files.  If "catkin"
[0.472s]   provides a separate development package or SDK, be sure it has been
[0.472s]   installed.
[0.472s] 
[0.472s] [0m
[0.472s] -- Configuring incomplete, errors occurred!
[0.472s] See also "/home/nisarg/Documents/repo/libchamp-imp/build/champ_msgs/CMakeFiles/CMakeOutput.log".
[0.475s] Invoked command in '/home/nisarg/Documents/repo/libchamp-imp/build/champ_msgs' returned '1': /usr/bin/cmake /home/nisarg/Documents/repo/libchamp-imp/champ/champ_msgs -DCATKIN_INSTALL_INTO_PREFIX_ROOT=0 -DCMAKE_INSTALL_PREFIX=/home/nisarg/Documents/repo/libchamp-imp/install/champ_msgs
